[2025-05-06T18:46:01.504-0500] {processor.py:161} INFO - Started process (PID=62941) to work on /Users/chakradharreddyvangala/venv/lib/python3.11/site-packages/airflow/example_dags/plugins/event_listener.py
[2025-05-06T18:46:01.505-0500] {processor.py:830} INFO - Processing file /Users/chakradharreddyvangala/venv/lib/python3.11/site-packages/airflow/example_dags/plugins/event_listener.py for tasks to queue
[2025-05-06T18:46:01.505-0500] {logging_mixin.py:188} INFO - [2025-05-06T18:46:01.505-0500] {dagbag.py:545} INFO - Filling up the DagBag from /Users/chakradharreddyvangala/venv/lib/python3.11/site-packages/airflow/example_dags/plugins/event_listener.py
[2025-05-06T18:46:01.505-0500] {processor.py:842} WARNING - No viable dags retrieved from /Users/chakradharreddyvangala/venv/lib/python3.11/site-packages/airflow/example_dags/plugins/event_listener.py
[2025-05-06T18:46:01.526-0500] {processor.py:183} INFO - Processing /Users/chakradharreddyvangala/venv/lib/python3.11/site-packages/airflow/example_dags/plugins/event_listener.py took 0.023 seconds
[2025-05-06T18:47:15.483-0500] {processor.py:161} INFO - Started process (PID=63012) to work on /Users/chakradharreddyvangala/venv/lib/python3.11/site-packages/airflow/example_dags/plugins/event_listener.py
[2025-05-06T18:47:15.483-0500] {processor.py:830} INFO - Processing file /Users/chakradharreddyvangala/venv/lib/python3.11/site-packages/airflow/example_dags/plugins/event_listener.py for tasks to queue
[2025-05-06T18:47:15.483-0500] {logging_mixin.py:188} INFO - [2025-05-06T18:47:15.483-0500] {dagbag.py:545} INFO - Filling up the DagBag from /Users/chakradharreddyvangala/venv/lib/python3.11/site-packages/airflow/example_dags/plugins/event_listener.py
[2025-05-06T18:47:15.484-0500] {processor.py:842} WARNING - No viable dags retrieved from /Users/chakradharreddyvangala/venv/lib/python3.11/site-packages/airflow/example_dags/plugins/event_listener.py
[2025-05-06T18:47:15.504-0500] {processor.py:183} INFO - Processing /Users/chakradharreddyvangala/venv/lib/python3.11/site-packages/airflow/example_dags/plugins/event_listener.py took 0.022 seconds
[2025-05-06T18:47:56.805-0500] {processor.py:161} INFO - Started process (PID=63057) to work on /Users/chakradharreddyvangala/venv/lib/python3.11/site-packages/airflow/example_dags/plugins/event_listener.py
[2025-05-06T18:47:56.805-0500] {processor.py:830} INFO - Processing file /Users/chakradharreddyvangala/venv/lib/python3.11/site-packages/airflow/example_dags/plugins/event_listener.py for tasks to queue
[2025-05-06T18:47:56.806-0500] {logging_mixin.py:188} INFO - [2025-05-06T18:47:56.806-0500] {dagbag.py:545} INFO - Filling up the DagBag from /Users/chakradharreddyvangala/venv/lib/python3.11/site-packages/airflow/example_dags/plugins/event_listener.py
[2025-05-06T18:47:56.806-0500] {processor.py:842} WARNING - No viable dags retrieved from /Users/chakradharreddyvangala/venv/lib/python3.11/site-packages/airflow/example_dags/plugins/event_listener.py
[2025-05-06T18:47:56.826-0500] {processor.py:183} INFO - Processing /Users/chakradharreddyvangala/venv/lib/python3.11/site-packages/airflow/example_dags/plugins/event_listener.py took 0.022 seconds
[2025-05-06T18:48:36.793-0500] {processor.py:161} INFO - Started process (PID=63096) to work on /Users/chakradharreddyvangala/venv/lib/python3.11/site-packages/airflow/example_dags/plugins/event_listener.py
[2025-05-06T18:48:36.794-0500] {processor.py:830} INFO - Processing file /Users/chakradharreddyvangala/venv/lib/python3.11/site-packages/airflow/example_dags/plugins/event_listener.py for tasks to queue
[2025-05-06T18:48:36.794-0500] {logging_mixin.py:188} INFO - [2025-05-06T18:48:36.794-0500] {dagbag.py:545} INFO - Filling up the DagBag from /Users/chakradharreddyvangala/venv/lib/python3.11/site-packages/airflow/example_dags/plugins/event_listener.py
[2025-05-06T18:48:36.795-0500] {processor.py:842} WARNING - No viable dags retrieved from /Users/chakradharreddyvangala/venv/lib/python3.11/site-packages/airflow/example_dags/plugins/event_listener.py
[2025-05-06T18:48:36.815-0500] {processor.py:183} INFO - Processing /Users/chakradharreddyvangala/venv/lib/python3.11/site-packages/airflow/example_dags/plugins/event_listener.py took 0.023 seconds
[2025-05-06T18:49:19.504-0500] {processor.py:161} INFO - Started process (PID=63135) to work on /Users/chakradharreddyvangala/venv/lib/python3.11/site-packages/airflow/example_dags/plugins/event_listener.py
[2025-05-06T18:49:19.505-0500] {processor.py:830} INFO - Processing file /Users/chakradharreddyvangala/venv/lib/python3.11/site-packages/airflow/example_dags/plugins/event_listener.py for tasks to queue
[2025-05-06T18:49:19.505-0500] {logging_mixin.py:188} INFO - [2025-05-06T18:49:19.505-0500] {dagbag.py:545} INFO - Filling up the DagBag from /Users/chakradharreddyvangala/venv/lib/python3.11/site-packages/airflow/example_dags/plugins/event_listener.py
[2025-05-06T18:49:19.506-0500] {processor.py:842} WARNING - No viable dags retrieved from /Users/chakradharreddyvangala/venv/lib/python3.11/site-packages/airflow/example_dags/plugins/event_listener.py
[2025-05-06T18:49:19.528-0500] {processor.py:183} INFO - Processing /Users/chakradharreddyvangala/venv/lib/python3.11/site-packages/airflow/example_dags/plugins/event_listener.py took 0.026 seconds
[2025-05-06T18:50:05.515-0500] {processor.py:161} INFO - Started process (PID=63200) to work on /Users/chakradharreddyvangala/venv/lib/python3.11/site-packages/airflow/example_dags/plugins/event_listener.py
[2025-05-06T18:50:05.516-0500] {processor.py:830} INFO - Processing file /Users/chakradharreddyvangala/venv/lib/python3.11/site-packages/airflow/example_dags/plugins/event_listener.py for tasks to queue
[2025-05-06T18:50:05.516-0500] {logging_mixin.py:188} INFO - [2025-05-06T18:50:05.516-0500] {dagbag.py:545} INFO - Filling up the DagBag from /Users/chakradharreddyvangala/venv/lib/python3.11/site-packages/airflow/example_dags/plugins/event_listener.py
[2025-05-06T18:50:05.516-0500] {processor.py:842} WARNING - No viable dags retrieved from /Users/chakradharreddyvangala/venv/lib/python3.11/site-packages/airflow/example_dags/plugins/event_listener.py
[2025-05-06T18:50:05.539-0500] {processor.py:183} INFO - Processing /Users/chakradharreddyvangala/venv/lib/python3.11/site-packages/airflow/example_dags/plugins/event_listener.py took 0.025 seconds
[2025-05-06T18:50:55.006-0500] {processor.py:161} INFO - Started process (PID=63264) to work on /Users/chakradharreddyvangala/venv/lib/python3.11/site-packages/airflow/example_dags/plugins/event_listener.py
[2025-05-06T18:50:55.007-0500] {processor.py:830} INFO - Processing file /Users/chakradharreddyvangala/venv/lib/python3.11/site-packages/airflow/example_dags/plugins/event_listener.py for tasks to queue
[2025-05-06T18:50:55.007-0500] {logging_mixin.py:188} INFO - [2025-05-06T18:50:55.007-0500] {dagbag.py:545} INFO - Filling up the DagBag from /Users/chakradharreddyvangala/venv/lib/python3.11/site-packages/airflow/example_dags/plugins/event_listener.py
[2025-05-06T18:50:55.008-0500] {processor.py:842} WARNING - No viable dags retrieved from /Users/chakradharreddyvangala/venv/lib/python3.11/site-packages/airflow/example_dags/plugins/event_listener.py
[2025-05-06T18:50:55.034-0500] {processor.py:183} INFO - Processing /Users/chakradharreddyvangala/venv/lib/python3.11/site-packages/airflow/example_dags/plugins/event_listener.py took 0.033 seconds
[2025-05-06T18:51:39.848-0500] {processor.py:161} INFO - Started process (PID=63301) to work on /Users/chakradharreddyvangala/venv/lib/python3.11/site-packages/airflow/example_dags/plugins/event_listener.py
[2025-05-06T18:51:39.849-0500] {processor.py:830} INFO - Processing file /Users/chakradharreddyvangala/venv/lib/python3.11/site-packages/airflow/example_dags/plugins/event_listener.py for tasks to queue
[2025-05-06T18:51:39.849-0500] {logging_mixin.py:188} INFO - [2025-05-06T18:51:39.849-0500] {dagbag.py:545} INFO - Filling up the DagBag from /Users/chakradharreddyvangala/venv/lib/python3.11/site-packages/airflow/example_dags/plugins/event_listener.py
[2025-05-06T18:51:39.850-0500] {processor.py:842} WARNING - No viable dags retrieved from /Users/chakradharreddyvangala/venv/lib/python3.11/site-packages/airflow/example_dags/plugins/event_listener.py
[2025-05-06T18:51:39.871-0500] {processor.py:183} INFO - Processing /Users/chakradharreddyvangala/venv/lib/python3.11/site-packages/airflow/example_dags/plugins/event_listener.py took 0.024 seconds
[2025-05-06T18:52:22.897-0500] {processor.py:161} INFO - Started process (PID=63359) to work on /Users/chakradharreddyvangala/venv/lib/python3.11/site-packages/airflow/example_dags/plugins/event_listener.py
[2025-05-06T18:52:22.898-0500] {processor.py:830} INFO - Processing file /Users/chakradharreddyvangala/venv/lib/python3.11/site-packages/airflow/example_dags/plugins/event_listener.py for tasks to queue
[2025-05-06T18:52:22.898-0500] {logging_mixin.py:188} INFO - [2025-05-06T18:52:22.898-0500] {dagbag.py:545} INFO - Filling up the DagBag from /Users/chakradharreddyvangala/venv/lib/python3.11/site-packages/airflow/example_dags/plugins/event_listener.py
[2025-05-06T18:52:22.898-0500] {processor.py:842} WARNING - No viable dags retrieved from /Users/chakradharreddyvangala/venv/lib/python3.11/site-packages/airflow/example_dags/plugins/event_listener.py
[2025-05-06T18:52:22.919-0500] {processor.py:183} INFO - Processing /Users/chakradharreddyvangala/venv/lib/python3.11/site-packages/airflow/example_dags/plugins/event_listener.py took 0.023 seconds
[2025-05-06T18:53:03.897-0500] {processor.py:161} INFO - Started process (PID=63414) to work on /Users/chakradharreddyvangala/venv/lib/python3.11/site-packages/airflow/example_dags/plugins/event_listener.py
[2025-05-06T18:53:03.898-0500] {processor.py:830} INFO - Processing file /Users/chakradharreddyvangala/venv/lib/python3.11/site-packages/airflow/example_dags/plugins/event_listener.py for tasks to queue
[2025-05-06T18:53:03.898-0500] {logging_mixin.py:188} INFO - [2025-05-06T18:53:03.898-0500] {dagbag.py:545} INFO - Filling up the DagBag from /Users/chakradharreddyvangala/venv/lib/python3.11/site-packages/airflow/example_dags/plugins/event_listener.py
[2025-05-06T18:53:03.898-0500] {processor.py:842} WARNING - No viable dags retrieved from /Users/chakradharreddyvangala/venv/lib/python3.11/site-packages/airflow/example_dags/plugins/event_listener.py
[2025-05-06T18:53:03.919-0500] {processor.py:183} INFO - Processing /Users/chakradharreddyvangala/venv/lib/python3.11/site-packages/airflow/example_dags/plugins/event_listener.py took 0.024 seconds
[2025-05-06T18:53:46.611-0500] {processor.py:161} INFO - Started process (PID=63452) to work on /Users/chakradharreddyvangala/venv/lib/python3.11/site-packages/airflow/example_dags/plugins/event_listener.py
[2025-05-06T18:53:46.612-0500] {processor.py:830} INFO - Processing file /Users/chakradharreddyvangala/venv/lib/python3.11/site-packages/airflow/example_dags/plugins/event_listener.py for tasks to queue
[2025-05-06T18:53:46.612-0500] {logging_mixin.py:188} INFO - [2025-05-06T18:53:46.612-0500] {dagbag.py:545} INFO - Filling up the DagBag from /Users/chakradharreddyvangala/venv/lib/python3.11/site-packages/airflow/example_dags/plugins/event_listener.py
[2025-05-06T18:53:46.612-0500] {processor.py:842} WARNING - No viable dags retrieved from /Users/chakradharreddyvangala/venv/lib/python3.11/site-packages/airflow/example_dags/plugins/event_listener.py
[2025-05-06T18:53:46.634-0500] {processor.py:183} INFO - Processing /Users/chakradharreddyvangala/venv/lib/python3.11/site-packages/airflow/example_dags/plugins/event_listener.py took 0.024 seconds
[2025-05-06T18:54:31.856-0500] {processor.py:161} INFO - Started process (PID=63511) to work on /Users/chakradharreddyvangala/venv/lib/python3.11/site-packages/airflow/example_dags/plugins/event_listener.py
[2025-05-06T18:54:31.857-0500] {processor.py:830} INFO - Processing file /Users/chakradharreddyvangala/venv/lib/python3.11/site-packages/airflow/example_dags/plugins/event_listener.py for tasks to queue
[2025-05-06T18:54:31.857-0500] {logging_mixin.py:188} INFO - [2025-05-06T18:54:31.857-0500] {dagbag.py:545} INFO - Filling up the DagBag from /Users/chakradharreddyvangala/venv/lib/python3.11/site-packages/airflow/example_dags/plugins/event_listener.py
[2025-05-06T18:54:31.857-0500] {processor.py:842} WARNING - No viable dags retrieved from /Users/chakradharreddyvangala/venv/lib/python3.11/site-packages/airflow/example_dags/plugins/event_listener.py
[2025-05-06T18:54:31.879-0500] {processor.py:183} INFO - Processing /Users/chakradharreddyvangala/venv/lib/python3.11/site-packages/airflow/example_dags/plugins/event_listener.py took 0.023 seconds
[2025-05-06T18:55:15.787-0500] {processor.py:161} INFO - Started process (PID=63550) to work on /Users/chakradharreddyvangala/venv/lib/python3.11/site-packages/airflow/example_dags/plugins/event_listener.py
[2025-05-06T18:55:15.788-0500] {processor.py:830} INFO - Processing file /Users/chakradharreddyvangala/venv/lib/python3.11/site-packages/airflow/example_dags/plugins/event_listener.py for tasks to queue
[2025-05-06T18:55:15.788-0500] {logging_mixin.py:188} INFO - [2025-05-06T18:55:15.788-0500] {dagbag.py:545} INFO - Filling up the DagBag from /Users/chakradharreddyvangala/venv/lib/python3.11/site-packages/airflow/example_dags/plugins/event_listener.py
[2025-05-06T18:55:15.788-0500] {processor.py:842} WARNING - No viable dags retrieved from /Users/chakradharreddyvangala/venv/lib/python3.11/site-packages/airflow/example_dags/plugins/event_listener.py
[2025-05-06T18:55:15.810-0500] {processor.py:183} INFO - Processing /Users/chakradharreddyvangala/venv/lib/python3.11/site-packages/airflow/example_dags/plugins/event_listener.py took 0.025 seconds
[2025-05-06T18:55:58.790-0500] {processor.py:161} INFO - Started process (PID=63591) to work on /Users/chakradharreddyvangala/venv/lib/python3.11/site-packages/airflow/example_dags/plugins/event_listener.py
[2025-05-06T18:55:58.792-0500] {processor.py:830} INFO - Processing file /Users/chakradharreddyvangala/venv/lib/python3.11/site-packages/airflow/example_dags/plugins/event_listener.py for tasks to queue
[2025-05-06T18:55:58.792-0500] {logging_mixin.py:188} INFO - [2025-05-06T18:55:58.792-0500] {dagbag.py:545} INFO - Filling up the DagBag from /Users/chakradharreddyvangala/venv/lib/python3.11/site-packages/airflow/example_dags/plugins/event_listener.py
[2025-05-06T18:55:58.792-0500] {processor.py:842} WARNING - No viable dags retrieved from /Users/chakradharreddyvangala/venv/lib/python3.11/site-packages/airflow/example_dags/plugins/event_listener.py
[2025-05-06T18:55:58.814-0500] {processor.py:183} INFO - Processing /Users/chakradharreddyvangala/venv/lib/python3.11/site-packages/airflow/example_dags/plugins/event_listener.py took 0.025 seconds
[2025-05-06T18:56:42.516-0500] {processor.py:161} INFO - Started process (PID=63641) to work on /Users/chakradharreddyvangala/venv/lib/python3.11/site-packages/airflow/example_dags/plugins/event_listener.py
[2025-05-06T18:56:42.517-0500] {processor.py:830} INFO - Processing file /Users/chakradharreddyvangala/venv/lib/python3.11/site-packages/airflow/example_dags/plugins/event_listener.py for tasks to queue
[2025-05-06T18:56:42.517-0500] {logging_mixin.py:188} INFO - [2025-05-06T18:56:42.517-0500] {dagbag.py:545} INFO - Filling up the DagBag from /Users/chakradharreddyvangala/venv/lib/python3.11/site-packages/airflow/example_dags/plugins/event_listener.py
[2025-05-06T18:56:42.518-0500] {processor.py:842} WARNING - No viable dags retrieved from /Users/chakradharreddyvangala/venv/lib/python3.11/site-packages/airflow/example_dags/plugins/event_listener.py
[2025-05-06T18:56:42.540-0500] {processor.py:183} INFO - Processing /Users/chakradharreddyvangala/venv/lib/python3.11/site-packages/airflow/example_dags/plugins/event_listener.py took 0.027 seconds
[2025-05-06T18:57:23.845-0500] {processor.py:161} INFO - Started process (PID=63692) to work on /Users/chakradharreddyvangala/venv/lib/python3.11/site-packages/airflow/example_dags/plugins/event_listener.py
[2025-05-06T18:57:23.846-0500] {processor.py:830} INFO - Processing file /Users/chakradharreddyvangala/venv/lib/python3.11/site-packages/airflow/example_dags/plugins/event_listener.py for tasks to queue
[2025-05-06T18:57:23.846-0500] {logging_mixin.py:188} INFO - [2025-05-06T18:57:23.846-0500] {dagbag.py:545} INFO - Filling up the DagBag from /Users/chakradharreddyvangala/venv/lib/python3.11/site-packages/airflow/example_dags/plugins/event_listener.py
[2025-05-06T18:57:23.847-0500] {processor.py:842} WARNING - No viable dags retrieved from /Users/chakradharreddyvangala/venv/lib/python3.11/site-packages/airflow/example_dags/plugins/event_listener.py
[2025-05-06T18:57:23.868-0500] {processor.py:183} INFO - Processing /Users/chakradharreddyvangala/venv/lib/python3.11/site-packages/airflow/example_dags/plugins/event_listener.py took 0.024 seconds
[2025-05-06T18:58:05.951-0500] {processor.py:161} INFO - Started process (PID=63728) to work on /Users/chakradharreddyvangala/venv/lib/python3.11/site-packages/airflow/example_dags/plugins/event_listener.py
[2025-05-06T18:58:05.952-0500] {processor.py:830} INFO - Processing file /Users/chakradharreddyvangala/venv/lib/python3.11/site-packages/airflow/example_dags/plugins/event_listener.py for tasks to queue
[2025-05-06T18:58:05.952-0500] {logging_mixin.py:188} INFO - [2025-05-06T18:58:05.952-0500] {dagbag.py:545} INFO - Filling up the DagBag from /Users/chakradharreddyvangala/venv/lib/python3.11/site-packages/airflow/example_dags/plugins/event_listener.py
[2025-05-06T18:58:05.952-0500] {processor.py:842} WARNING - No viable dags retrieved from /Users/chakradharreddyvangala/venv/lib/python3.11/site-packages/airflow/example_dags/plugins/event_listener.py
[2025-05-06T18:58:05.976-0500] {processor.py:183} INFO - Processing /Users/chakradharreddyvangala/venv/lib/python3.11/site-packages/airflow/example_dags/plugins/event_listener.py took 0.031 seconds
[2025-05-06T18:58:20.149-0500] {processor.py:161} INFO - Started process (PID=63748) to work on /Users/chakradharreddyvangala/venv/lib/python3.11/site-packages/airflow/example_dags/plugins/event_listener.py
[2025-05-06T18:58:20.149-0500] {processor.py:830} INFO - Processing file /Users/chakradharreddyvangala/venv/lib/python3.11/site-packages/airflow/example_dags/plugins/event_listener.py for tasks to queue
[2025-05-06T18:58:20.150-0500] {logging_mixin.py:188} INFO - [2025-05-06T18:58:20.149-0500] {dagbag.py:545} INFO - Filling up the DagBag from /Users/chakradharreddyvangala/venv/lib/python3.11/site-packages/airflow/example_dags/plugins/event_listener.py
[2025-05-06T18:58:20.150-0500] {processor.py:842} WARNING - No viable dags retrieved from /Users/chakradharreddyvangala/venv/lib/python3.11/site-packages/airflow/example_dags/plugins/event_listener.py
[2025-05-06T18:58:20.171-0500] {processor.py:183} INFO - Processing /Users/chakradharreddyvangala/venv/lib/python3.11/site-packages/airflow/example_dags/plugins/event_listener.py took 0.024 seconds
[2025-05-06T18:58:49.439-0500] {processor.py:161} INFO - Started process (PID=63806) to work on /Users/chakradharreddyvangala/venv/lib/python3.11/site-packages/airflow/example_dags/plugins/event_listener.py
[2025-05-06T18:58:49.440-0500] {processor.py:830} INFO - Processing file /Users/chakradharreddyvangala/venv/lib/python3.11/site-packages/airflow/example_dags/plugins/event_listener.py for tasks to queue
[2025-05-06T18:58:49.440-0500] {logging_mixin.py:188} INFO - [2025-05-06T18:58:49.440-0500] {dagbag.py:545} INFO - Filling up the DagBag from /Users/chakradharreddyvangala/venv/lib/python3.11/site-packages/airflow/example_dags/plugins/event_listener.py
[2025-05-06T18:58:49.440-0500] {processor.py:842} WARNING - No viable dags retrieved from /Users/chakradharreddyvangala/venv/lib/python3.11/site-packages/airflow/example_dags/plugins/event_listener.py
[2025-05-06T18:58:49.462-0500] {processor.py:183} INFO - Processing /Users/chakradharreddyvangala/venv/lib/python3.11/site-packages/airflow/example_dags/plugins/event_listener.py took 0.024 seconds
[2025-05-06T18:59:25.021-0500] {processor.py:161} INFO - Started process (PID=63847) to work on /Users/chakradharreddyvangala/venv/lib/python3.11/site-packages/airflow/example_dags/plugins/event_listener.py
[2025-05-06T18:59:25.021-0500] {processor.py:830} INFO - Processing file /Users/chakradharreddyvangala/venv/lib/python3.11/site-packages/airflow/example_dags/plugins/event_listener.py for tasks to queue
[2025-05-06T18:59:25.022-0500] {logging_mixin.py:188} INFO - [2025-05-06T18:59:25.022-0500] {dagbag.py:545} INFO - Filling up the DagBag from /Users/chakradharreddyvangala/venv/lib/python3.11/site-packages/airflow/example_dags/plugins/event_listener.py
[2025-05-06T18:59:25.022-0500] {processor.py:842} WARNING - No viable dags retrieved from /Users/chakradharreddyvangala/venv/lib/python3.11/site-packages/airflow/example_dags/plugins/event_listener.py
[2025-05-06T18:59:25.045-0500] {processor.py:183} INFO - Processing /Users/chakradharreddyvangala/venv/lib/python3.11/site-packages/airflow/example_dags/plugins/event_listener.py took 0.026 seconds
