[2025-05-06T18:46:00.448-0500] {processor.py:161} INFO - Started process (PID=62940) to work on /Users/chakradharreddyvangala/venv/lib/python3.11/site-packages/airflow/example_dags/plugins/listener_plugin.py
[2025-05-06T18:46:00.448-0500] {processor.py:830} INFO - Processing file /Users/chakradharreddyvangala/venv/lib/python3.11/site-packages/airflow/example_dags/plugins/listener_plugin.py for tasks to queue
[2025-05-06T18:46:00.448-0500] {logging_mixin.py:188} INFO - [2025-05-06T18:46:00.448-0500] {dagbag.py:545} INFO - Filling up the DagBag from /Users/chakradharreddyvangala/venv/lib/python3.11/site-packages/airflow/example_dags/plugins/listener_plugin.py
[2025-05-06T18:46:00.449-0500] {processor.py:842} WARNING - No viable dags retrieved from /Users/chakradharreddyvangala/venv/lib/python3.11/site-packages/airflow/example_dags/plugins/listener_plugin.py
[2025-05-06T18:46:00.469-0500] {processor.py:183} INFO - Processing /Users/chakradharreddyvangala/venv/lib/python3.11/site-packages/airflow/example_dags/plugins/listener_plugin.py took 0.023 seconds
[2025-05-06T18:47:13.882-0500] {processor.py:161} INFO - Started process (PID=63011) to work on /Users/chakradharreddyvangala/venv/lib/python3.11/site-packages/airflow/example_dags/plugins/listener_plugin.py
[2025-05-06T18:47:13.883-0500] {processor.py:830} INFO - Processing file /Users/chakradharreddyvangala/venv/lib/python3.11/site-packages/airflow/example_dags/plugins/listener_plugin.py for tasks to queue
[2025-05-06T18:47:13.883-0500] {logging_mixin.py:188} INFO - [2025-05-06T18:47:13.883-0500] {dagbag.py:545} INFO - Filling up the DagBag from /Users/chakradharreddyvangala/venv/lib/python3.11/site-packages/airflow/example_dags/plugins/listener_plugin.py
[2025-05-06T18:47:13.885-0500] {processor.py:842} WARNING - No viable dags retrieved from /Users/chakradharreddyvangala/venv/lib/python3.11/site-packages/airflow/example_dags/plugins/listener_plugin.py
[2025-05-06T18:47:13.907-0500] {processor.py:183} INFO - Processing /Users/chakradharreddyvangala/venv/lib/python3.11/site-packages/airflow/example_dags/plugins/listener_plugin.py took 0.026 seconds
[2025-05-06T18:47:56.015-0500] {processor.py:161} INFO - Started process (PID=63056) to work on /Users/chakradharreddyvangala/venv/lib/python3.11/site-packages/airflow/example_dags/plugins/listener_plugin.py
[2025-05-06T18:47:56.015-0500] {processor.py:830} INFO - Processing file /Users/chakradharreddyvangala/venv/lib/python3.11/site-packages/airflow/example_dags/plugins/listener_plugin.py for tasks to queue
[2025-05-06T18:47:56.015-0500] {logging_mixin.py:188} INFO - [2025-05-06T18:47:56.015-0500] {dagbag.py:545} INFO - Filling up the DagBag from /Users/chakradharreddyvangala/venv/lib/python3.11/site-packages/airflow/example_dags/plugins/listener_plugin.py
[2025-05-06T18:47:56.017-0500] {processor.py:842} WARNING - No viable dags retrieved from /Users/chakradharreddyvangala/venv/lib/python3.11/site-packages/airflow/example_dags/plugins/listener_plugin.py
[2025-05-06T18:47:56.037-0500] {processor.py:183} INFO - Processing /Users/chakradharreddyvangala/venv/lib/python3.11/site-packages/airflow/example_dags/plugins/listener_plugin.py took 0.023 seconds
[2025-05-06T18:48:36.179-0500] {processor.py:161} INFO - Started process (PID=63095) to work on /Users/chakradharreddyvangala/venv/lib/python3.11/site-packages/airflow/example_dags/plugins/listener_plugin.py
[2025-05-06T18:48:36.180-0500] {processor.py:830} INFO - Processing file /Users/chakradharreddyvangala/venv/lib/python3.11/site-packages/airflow/example_dags/plugins/listener_plugin.py for tasks to queue
[2025-05-06T18:48:36.180-0500] {logging_mixin.py:188} INFO - [2025-05-06T18:48:36.180-0500] {dagbag.py:545} INFO - Filling up the DagBag from /Users/chakradharreddyvangala/venv/lib/python3.11/site-packages/airflow/example_dags/plugins/listener_plugin.py
[2025-05-06T18:48:36.181-0500] {processor.py:842} WARNING - No viable dags retrieved from /Users/chakradharreddyvangala/venv/lib/python3.11/site-packages/airflow/example_dags/plugins/listener_plugin.py
[2025-05-06T18:48:36.201-0500] {processor.py:183} INFO - Processing /Users/chakradharreddyvangala/venv/lib/python3.11/site-packages/airflow/example_dags/plugins/listener_plugin.py took 0.023 seconds
[2025-05-06T18:49:17.962-0500] {processor.py:161} INFO - Started process (PID=63133) to work on /Users/chakradharreddyvangala/venv/lib/python3.11/site-packages/airflow/example_dags/plugins/listener_plugin.py
[2025-05-06T18:49:17.963-0500] {processor.py:830} INFO - Processing file /Users/chakradharreddyvangala/venv/lib/python3.11/site-packages/airflow/example_dags/plugins/listener_plugin.py for tasks to queue
[2025-05-06T18:49:17.964-0500] {logging_mixin.py:188} INFO - [2025-05-06T18:49:17.963-0500] {dagbag.py:545} INFO - Filling up the DagBag from /Users/chakradharreddyvangala/venv/lib/python3.11/site-packages/airflow/example_dags/plugins/listener_plugin.py
[2025-05-06T18:49:17.965-0500] {processor.py:842} WARNING - No viable dags retrieved from /Users/chakradharreddyvangala/venv/lib/python3.11/site-packages/airflow/example_dags/plugins/listener_plugin.py
[2025-05-06T18:49:17.985-0500] {processor.py:183} INFO - Processing /Users/chakradharreddyvangala/venv/lib/python3.11/site-packages/airflow/example_dags/plugins/listener_plugin.py took 0.024 seconds
[2025-05-06T18:50:04.750-0500] {processor.py:161} INFO - Started process (PID=63199) to work on /Users/chakradharreddyvangala/venv/lib/python3.11/site-packages/airflow/example_dags/plugins/listener_plugin.py
[2025-05-06T18:50:04.750-0500] {processor.py:830} INFO - Processing file /Users/chakradharreddyvangala/venv/lib/python3.11/site-packages/airflow/example_dags/plugins/listener_plugin.py for tasks to queue
[2025-05-06T18:50:04.751-0500] {logging_mixin.py:188} INFO - [2025-05-06T18:50:04.751-0500] {dagbag.py:545} INFO - Filling up the DagBag from /Users/chakradharreddyvangala/venv/lib/python3.11/site-packages/airflow/example_dags/plugins/listener_plugin.py
[2025-05-06T18:50:04.752-0500] {processor.py:842} WARNING - No viable dags retrieved from /Users/chakradharreddyvangala/venv/lib/python3.11/site-packages/airflow/example_dags/plugins/listener_plugin.py
[2025-05-06T18:50:04.773-0500] {processor.py:183} INFO - Processing /Users/chakradharreddyvangala/venv/lib/python3.11/site-packages/airflow/example_dags/plugins/listener_plugin.py took 0.024 seconds
[2025-05-06T18:50:53.424-0500] {processor.py:161} INFO - Started process (PID=63262) to work on /Users/chakradharreddyvangala/venv/lib/python3.11/site-packages/airflow/example_dags/plugins/listener_plugin.py
[2025-05-06T18:50:53.425-0500] {processor.py:830} INFO - Processing file /Users/chakradharreddyvangala/venv/lib/python3.11/site-packages/airflow/example_dags/plugins/listener_plugin.py for tasks to queue
[2025-05-06T18:50:53.425-0500] {logging_mixin.py:188} INFO - [2025-05-06T18:50:53.425-0500] {dagbag.py:545} INFO - Filling up the DagBag from /Users/chakradharreddyvangala/venv/lib/python3.11/site-packages/airflow/example_dags/plugins/listener_plugin.py
[2025-05-06T18:50:53.427-0500] {processor.py:842} WARNING - No viable dags retrieved from /Users/chakradharreddyvangala/venv/lib/python3.11/site-packages/airflow/example_dags/plugins/listener_plugin.py
[2025-05-06T18:50:53.448-0500] {processor.py:183} INFO - Processing /Users/chakradharreddyvangala/venv/lib/python3.11/site-packages/airflow/example_dags/plugins/listener_plugin.py took 0.026 seconds
[2025-05-06T18:51:38.547-0500] {processor.py:161} INFO - Started process (PID=63300) to work on /Users/chakradharreddyvangala/venv/lib/python3.11/site-packages/airflow/example_dags/plugins/listener_plugin.py
[2025-05-06T18:51:38.548-0500] {processor.py:830} INFO - Processing file /Users/chakradharreddyvangala/venv/lib/python3.11/site-packages/airflow/example_dags/plugins/listener_plugin.py for tasks to queue
[2025-05-06T18:51:38.548-0500] {logging_mixin.py:188} INFO - [2025-05-06T18:51:38.548-0500] {dagbag.py:545} INFO - Filling up the DagBag from /Users/chakradharreddyvangala/venv/lib/python3.11/site-packages/airflow/example_dags/plugins/listener_plugin.py
[2025-05-06T18:51:38.549-0500] {processor.py:842} WARNING - No viable dags retrieved from /Users/chakradharreddyvangala/venv/lib/python3.11/site-packages/airflow/example_dags/plugins/listener_plugin.py
[2025-05-06T18:51:38.572-0500] {processor.py:183} INFO - Processing /Users/chakradharreddyvangala/venv/lib/python3.11/site-packages/airflow/example_dags/plugins/listener_plugin.py took 0.026 seconds
[2025-05-06T18:52:22.350-0500] {processor.py:161} INFO - Started process (PID=63358) to work on /Users/chakradharreddyvangala/venv/lib/python3.11/site-packages/airflow/example_dags/plugins/listener_plugin.py
[2025-05-06T18:52:22.351-0500] {processor.py:830} INFO - Processing file /Users/chakradharreddyvangala/venv/lib/python3.11/site-packages/airflow/example_dags/plugins/listener_plugin.py for tasks to queue
[2025-05-06T18:52:22.351-0500] {logging_mixin.py:188} INFO - [2025-05-06T18:52:22.351-0500] {dagbag.py:545} INFO - Filling up the DagBag from /Users/chakradharreddyvangala/venv/lib/python3.11/site-packages/airflow/example_dags/plugins/listener_plugin.py
[2025-05-06T18:52:22.353-0500] {processor.py:842} WARNING - No viable dags retrieved from /Users/chakradharreddyvangala/venv/lib/python3.11/site-packages/airflow/example_dags/plugins/listener_plugin.py
[2025-05-06T18:52:22.375-0500] {processor.py:183} INFO - Processing /Users/chakradharreddyvangala/venv/lib/python3.11/site-packages/airflow/example_dags/plugins/listener_plugin.py took 0.026 seconds
[2025-05-06T18:53:02.472-0500] {processor.py:161} INFO - Started process (PID=63413) to work on /Users/chakradharreddyvangala/venv/lib/python3.11/site-packages/airflow/example_dags/plugins/listener_plugin.py
[2025-05-06T18:53:02.473-0500] {processor.py:830} INFO - Processing file /Users/chakradharreddyvangala/venv/lib/python3.11/site-packages/airflow/example_dags/plugins/listener_plugin.py for tasks to queue
[2025-05-06T18:53:02.474-0500] {logging_mixin.py:188} INFO - [2025-05-06T18:53:02.473-0500] {dagbag.py:545} INFO - Filling up the DagBag from /Users/chakradharreddyvangala/venv/lib/python3.11/site-packages/airflow/example_dags/plugins/listener_plugin.py
[2025-05-06T18:53:02.477-0500] {processor.py:842} WARNING - No viable dags retrieved from /Users/chakradharreddyvangala/venv/lib/python3.11/site-packages/airflow/example_dags/plugins/listener_plugin.py
[2025-05-06T18:53:02.499-0500] {processor.py:183} INFO - Processing /Users/chakradharreddyvangala/venv/lib/python3.11/site-packages/airflow/example_dags/plugins/listener_plugin.py took 0.028 seconds
[2025-05-06T18:53:45.970-0500] {processor.py:161} INFO - Started process (PID=63451) to work on /Users/chakradharreddyvangala/venv/lib/python3.11/site-packages/airflow/example_dags/plugins/listener_plugin.py
[2025-05-06T18:53:45.971-0500] {processor.py:830} INFO - Processing file /Users/chakradharreddyvangala/venv/lib/python3.11/site-packages/airflow/example_dags/plugins/listener_plugin.py for tasks to queue
[2025-05-06T18:53:45.971-0500] {logging_mixin.py:188} INFO - [2025-05-06T18:53:45.971-0500] {dagbag.py:545} INFO - Filling up the DagBag from /Users/chakradharreddyvangala/venv/lib/python3.11/site-packages/airflow/example_dags/plugins/listener_plugin.py
[2025-05-06T18:53:45.972-0500] {processor.py:842} WARNING - No viable dags retrieved from /Users/chakradharreddyvangala/venv/lib/python3.11/site-packages/airflow/example_dags/plugins/listener_plugin.py
[2025-05-06T18:53:45.996-0500] {processor.py:183} INFO - Processing /Users/chakradharreddyvangala/venv/lib/python3.11/site-packages/airflow/example_dags/plugins/listener_plugin.py took 0.027 seconds
[2025-05-06T18:54:30.296-0500] {processor.py:161} INFO - Started process (PID=63510) to work on /Users/chakradharreddyvangala/venv/lib/python3.11/site-packages/airflow/example_dags/plugins/listener_plugin.py
[2025-05-06T18:54:30.296-0500] {processor.py:830} INFO - Processing file /Users/chakradharreddyvangala/venv/lib/python3.11/site-packages/airflow/example_dags/plugins/listener_plugin.py for tasks to queue
[2025-05-06T18:54:30.297-0500] {logging_mixin.py:188} INFO - [2025-05-06T18:54:30.296-0500] {dagbag.py:545} INFO - Filling up the DagBag from /Users/chakradharreddyvangala/venv/lib/python3.11/site-packages/airflow/example_dags/plugins/listener_plugin.py
[2025-05-06T18:54:30.298-0500] {processor.py:842} WARNING - No viable dags retrieved from /Users/chakradharreddyvangala/venv/lib/python3.11/site-packages/airflow/example_dags/plugins/listener_plugin.py
[2025-05-06T18:54:30.320-0500] {processor.py:183} INFO - Processing /Users/chakradharreddyvangala/venv/lib/python3.11/site-packages/airflow/example_dags/plugins/listener_plugin.py took 0.026 seconds
[2025-05-06T18:55:14.158-0500] {processor.py:161} INFO - Started process (PID=63549) to work on /Users/chakradharreddyvangala/venv/lib/python3.11/site-packages/airflow/example_dags/plugins/listener_plugin.py
[2025-05-06T18:55:14.158-0500] {processor.py:830} INFO - Processing file /Users/chakradharreddyvangala/venv/lib/python3.11/site-packages/airflow/example_dags/plugins/listener_plugin.py for tasks to queue
[2025-05-06T18:55:14.159-0500] {logging_mixin.py:188} INFO - [2025-05-06T18:55:14.159-0500] {dagbag.py:545} INFO - Filling up the DagBag from /Users/chakradharreddyvangala/venv/lib/python3.11/site-packages/airflow/example_dags/plugins/listener_plugin.py
[2025-05-06T18:55:14.160-0500] {processor.py:842} WARNING - No viable dags retrieved from /Users/chakradharreddyvangala/venv/lib/python3.11/site-packages/airflow/example_dags/plugins/listener_plugin.py
[2025-05-06T18:55:14.189-0500] {processor.py:183} INFO - Processing /Users/chakradharreddyvangala/venv/lib/python3.11/site-packages/airflow/example_dags/plugins/listener_plugin.py took 0.033 seconds
[2025-05-06T18:55:57.179-0500] {processor.py:161} INFO - Started process (PID=63589) to work on /Users/chakradharreddyvangala/venv/lib/python3.11/site-packages/airflow/example_dags/plugins/listener_plugin.py
[2025-05-06T18:55:57.180-0500] {processor.py:830} INFO - Processing file /Users/chakradharreddyvangala/venv/lib/python3.11/site-packages/airflow/example_dags/plugins/listener_plugin.py for tasks to queue
[2025-05-06T18:55:57.181-0500] {logging_mixin.py:188} INFO - [2025-05-06T18:55:57.180-0500] {dagbag.py:545} INFO - Filling up the DagBag from /Users/chakradharreddyvangala/venv/lib/python3.11/site-packages/airflow/example_dags/plugins/listener_plugin.py
[2025-05-06T18:55:57.182-0500] {processor.py:842} WARNING - No viable dags retrieved from /Users/chakradharreddyvangala/venv/lib/python3.11/site-packages/airflow/example_dags/plugins/listener_plugin.py
[2025-05-06T18:55:57.205-0500] {processor.py:183} INFO - Processing /Users/chakradharreddyvangala/venv/lib/python3.11/site-packages/airflow/example_dags/plugins/listener_plugin.py took 0.028 seconds
[2025-05-06T18:56:40.890-0500] {processor.py:161} INFO - Started process (PID=63639) to work on /Users/chakradharreddyvangala/venv/lib/python3.11/site-packages/airflow/example_dags/plugins/listener_plugin.py
[2025-05-06T18:56:40.892-0500] {processor.py:830} INFO - Processing file /Users/chakradharreddyvangala/venv/lib/python3.11/site-packages/airflow/example_dags/plugins/listener_plugin.py for tasks to queue
[2025-05-06T18:56:40.892-0500] {logging_mixin.py:188} INFO - [2025-05-06T18:56:40.892-0500] {dagbag.py:545} INFO - Filling up the DagBag from /Users/chakradharreddyvangala/venv/lib/python3.11/site-packages/airflow/example_dags/plugins/listener_plugin.py
[2025-05-06T18:56:40.893-0500] {processor.py:842} WARNING - No viable dags retrieved from /Users/chakradharreddyvangala/venv/lib/python3.11/site-packages/airflow/example_dags/plugins/listener_plugin.py
[2025-05-06T18:56:40.915-0500] {processor.py:183} INFO - Processing /Users/chakradharreddyvangala/venv/lib/python3.11/site-packages/airflow/example_dags/plugins/listener_plugin.py took 0.027 seconds
[2025-05-06T18:57:22.303-0500] {processor.py:161} INFO - Started process (PID=63691) to work on /Users/chakradharreddyvangala/venv/lib/python3.11/site-packages/airflow/example_dags/plugins/listener_plugin.py
[2025-05-06T18:57:22.304-0500] {processor.py:830} INFO - Processing file /Users/chakradharreddyvangala/venv/lib/python3.11/site-packages/airflow/example_dags/plugins/listener_plugin.py for tasks to queue
[2025-05-06T18:57:22.304-0500] {logging_mixin.py:188} INFO - [2025-05-06T18:57:22.304-0500] {dagbag.py:545} INFO - Filling up the DagBag from /Users/chakradharreddyvangala/venv/lib/python3.11/site-packages/airflow/example_dags/plugins/listener_plugin.py
[2025-05-06T18:57:22.306-0500] {processor.py:842} WARNING - No viable dags retrieved from /Users/chakradharreddyvangala/venv/lib/python3.11/site-packages/airflow/example_dags/plugins/listener_plugin.py
[2025-05-06T18:57:22.327-0500] {processor.py:183} INFO - Processing /Users/chakradharreddyvangala/venv/lib/python3.11/site-packages/airflow/example_dags/plugins/listener_plugin.py took 0.026 seconds
[2025-05-06T18:58:04.370-0500] {processor.py:161} INFO - Started process (PID=63727) to work on /Users/chakradharreddyvangala/venv/lib/python3.11/site-packages/airflow/example_dags/plugins/listener_plugin.py
[2025-05-06T18:58:04.371-0500] {processor.py:830} INFO - Processing file /Users/chakradharreddyvangala/venv/lib/python3.11/site-packages/airflow/example_dags/plugins/listener_plugin.py for tasks to queue
[2025-05-06T18:58:04.371-0500] {logging_mixin.py:188} INFO - [2025-05-06T18:58:04.371-0500] {dagbag.py:545} INFO - Filling up the DagBag from /Users/chakradharreddyvangala/venv/lib/python3.11/site-packages/airflow/example_dags/plugins/listener_plugin.py
[2025-05-06T18:58:04.373-0500] {processor.py:842} WARNING - No viable dags retrieved from /Users/chakradharreddyvangala/venv/lib/python3.11/site-packages/airflow/example_dags/plugins/listener_plugin.py
[2025-05-06T18:58:04.394-0500] {processor.py:183} INFO - Processing /Users/chakradharreddyvangala/venv/lib/python3.11/site-packages/airflow/example_dags/plugins/listener_plugin.py took 0.025 seconds
[2025-05-06T18:58:19.209-0500] {processor.py:161} INFO - Started process (PID=63745) to work on /Users/chakradharreddyvangala/venv/lib/python3.11/site-packages/airflow/example_dags/plugins/listener_plugin.py
[2025-05-06T18:58:19.209-0500] {processor.py:830} INFO - Processing file /Users/chakradharreddyvangala/venv/lib/python3.11/site-packages/airflow/example_dags/plugins/listener_plugin.py for tasks to queue
[2025-05-06T18:58:19.209-0500] {logging_mixin.py:188} INFO - [2025-05-06T18:58:19.209-0500] {dagbag.py:545} INFO - Filling up the DagBag from /Users/chakradharreddyvangala/venv/lib/python3.11/site-packages/airflow/example_dags/plugins/listener_plugin.py
[2025-05-06T18:58:19.210-0500] {processor.py:842} WARNING - No viable dags retrieved from /Users/chakradharreddyvangala/venv/lib/python3.11/site-packages/airflow/example_dags/plugins/listener_plugin.py
[2025-05-06T18:58:19.232-0500] {processor.py:183} INFO - Processing /Users/chakradharreddyvangala/venv/lib/python3.11/site-packages/airflow/example_dags/plugins/listener_plugin.py took 0.025 seconds
[2025-05-06T18:58:47.874-0500] {processor.py:161} INFO - Started process (PID=63804) to work on /Users/chakradharreddyvangala/venv/lib/python3.11/site-packages/airflow/example_dags/plugins/listener_plugin.py
[2025-05-06T18:58:47.874-0500] {processor.py:830} INFO - Processing file /Users/chakradharreddyvangala/venv/lib/python3.11/site-packages/airflow/example_dags/plugins/listener_plugin.py for tasks to queue
[2025-05-06T18:58:47.875-0500] {logging_mixin.py:188} INFO - [2025-05-06T18:58:47.874-0500] {dagbag.py:545} INFO - Filling up the DagBag from /Users/chakradharreddyvangala/venv/lib/python3.11/site-packages/airflow/example_dags/plugins/listener_plugin.py
[2025-05-06T18:58:47.876-0500] {processor.py:842} WARNING - No viable dags retrieved from /Users/chakradharreddyvangala/venv/lib/python3.11/site-packages/airflow/example_dags/plugins/listener_plugin.py
[2025-05-06T18:58:47.897-0500] {processor.py:183} INFO - Processing /Users/chakradharreddyvangala/venv/lib/python3.11/site-packages/airflow/example_dags/plugins/listener_plugin.py took 0.024 seconds
[2025-05-06T18:59:23.717-0500] {processor.py:161} INFO - Started process (PID=63845) to work on /Users/chakradharreddyvangala/venv/lib/python3.11/site-packages/airflow/example_dags/plugins/listener_plugin.py
[2025-05-06T18:59:23.718-0500] {processor.py:830} INFO - Processing file /Users/chakradharreddyvangala/venv/lib/python3.11/site-packages/airflow/example_dags/plugins/listener_plugin.py for tasks to queue
[2025-05-06T18:59:23.718-0500] {logging_mixin.py:188} INFO - [2025-05-06T18:59:23.718-0500] {dagbag.py:545} INFO - Filling up the DagBag from /Users/chakradharreddyvangala/venv/lib/python3.11/site-packages/airflow/example_dags/plugins/listener_plugin.py
[2025-05-06T18:59:23.719-0500] {processor.py:842} WARNING - No viable dags retrieved from /Users/chakradharreddyvangala/venv/lib/python3.11/site-packages/airflow/example_dags/plugins/listener_plugin.py
[2025-05-06T18:59:23.740-0500] {processor.py:183} INFO - Processing /Users/chakradharreddyvangala/venv/lib/python3.11/site-packages/airflow/example_dags/plugins/listener_plugin.py took 0.025 seconds
