[2025-05-06T18:45:58.522-0500] {processor.py:161} INFO - Started process (PID=62939) to work on /Users/chakradharreddyvangala/venv/lib/python3.11/site-packages/airflow/example_dags/plugins/workday.py
[2025-05-06T18:45:58.522-0500] {processor.py:830} INFO - Processing file /Users/chakradharreddyvangala/venv/lib/python3.11/site-packages/airflow/example_dags/plugins/workday.py for tasks to queue
[2025-05-06T18:45:58.523-0500] {logging_mixin.py:188} INFO - [2025-05-06T18:45:58.523-0500] {dagbag.py:545} INFO - Filling up the DagBag from /Users/chakradharreddyvangala/venv/lib/python3.11/site-packages/airflow/example_dags/plugins/workday.py
[2025-05-06T18:45:58.889-0500] {processor.py:842} WARNING - No viable dags retrieved from /Users/chakradharreddyvangala/venv/lib/python3.11/site-packages/airflow/example_dags/plugins/workday.py
[2025-05-06T18:45:58.910-0500] {processor.py:183} INFO - Processing /Users/chakradharreddyvangala/venv/lib/python3.11/site-packages/airflow/example_dags/plugins/workday.py took 0.390 seconds
[2025-05-06T18:47:11.935-0500] {processor.py:161} INFO - Started process (PID=63009) to work on /Users/chakradharreddyvangala/venv/lib/python3.11/site-packages/airflow/example_dags/plugins/workday.py
[2025-05-06T18:47:11.936-0500] {processor.py:830} INFO - Processing file /Users/chakradharreddyvangala/venv/lib/python3.11/site-packages/airflow/example_dags/plugins/workday.py for tasks to queue
[2025-05-06T18:47:11.936-0500] {logging_mixin.py:188} INFO - [2025-05-06T18:47:11.936-0500] {dagbag.py:545} INFO - Filling up the DagBag from /Users/chakradharreddyvangala/venv/lib/python3.11/site-packages/airflow/example_dags/plugins/workday.py
[2025-05-06T18:47:12.297-0500] {processor.py:842} WARNING - No viable dags retrieved from /Users/chakradharreddyvangala/venv/lib/python3.11/site-packages/airflow/example_dags/plugins/workday.py
[2025-05-06T18:47:12.317-0500] {processor.py:183} INFO - Processing /Users/chakradharreddyvangala/venv/lib/python3.11/site-packages/airflow/example_dags/plugins/workday.py took 0.383 seconds
[2025-05-06T18:47:54.171-0500] {processor.py:161} INFO - Started process (PID=63054) to work on /Users/chakradharreddyvangala/venv/lib/python3.11/site-packages/airflow/example_dags/plugins/workday.py
[2025-05-06T18:47:54.172-0500] {processor.py:830} INFO - Processing file /Users/chakradharreddyvangala/venv/lib/python3.11/site-packages/airflow/example_dags/plugins/workday.py for tasks to queue
[2025-05-06T18:47:54.172-0500] {logging_mixin.py:188} INFO - [2025-05-06T18:47:54.172-0500] {dagbag.py:545} INFO - Filling up the DagBag from /Users/chakradharreddyvangala/venv/lib/python3.11/site-packages/airflow/example_dags/plugins/workday.py
[2025-05-06T18:47:54.482-0500] {processor.py:842} WARNING - No viable dags retrieved from /Users/chakradharreddyvangala/venv/lib/python3.11/site-packages/airflow/example_dags/plugins/workday.py
[2025-05-06T18:47:54.505-0500] {processor.py:183} INFO - Processing /Users/chakradharreddyvangala/venv/lib/python3.11/site-packages/airflow/example_dags/plugins/workday.py took 0.335 seconds
[2025-05-06T18:48:34.350-0500] {processor.py:161} INFO - Started process (PID=63094) to work on /Users/chakradharreddyvangala/venv/lib/python3.11/site-packages/airflow/example_dags/plugins/workday.py
[2025-05-06T18:48:34.351-0500] {processor.py:830} INFO - Processing file /Users/chakradharreddyvangala/venv/lib/python3.11/site-packages/airflow/example_dags/plugins/workday.py for tasks to queue
[2025-05-06T18:48:34.351-0500] {logging_mixin.py:188} INFO - [2025-05-06T18:48:34.351-0500] {dagbag.py:545} INFO - Filling up the DagBag from /Users/chakradharreddyvangala/venv/lib/python3.11/site-packages/airflow/example_dags/plugins/workday.py
[2025-05-06T18:48:34.599-0500] {processor.py:842} WARNING - No viable dags retrieved from /Users/chakradharreddyvangala/venv/lib/python3.11/site-packages/airflow/example_dags/plugins/workday.py
[2025-05-06T18:48:34.630-0500] {processor.py:183} INFO - Processing /Users/chakradharreddyvangala/venv/lib/python3.11/site-packages/airflow/example_dags/plugins/workday.py took 0.281 seconds
[2025-05-06T18:49:16.965-0500] {processor.py:161} INFO - Started process (PID=63132) to work on /Users/chakradharreddyvangala/venv/lib/python3.11/site-packages/airflow/example_dags/plugins/workday.py
[2025-05-06T18:49:16.965-0500] {processor.py:830} INFO - Processing file /Users/chakradharreddyvangala/venv/lib/python3.11/site-packages/airflow/example_dags/plugins/workday.py for tasks to queue
[2025-05-06T18:49:16.966-0500] {logging_mixin.py:188} INFO - [2025-05-06T18:49:16.966-0500] {dagbag.py:545} INFO - Filling up the DagBag from /Users/chakradharreddyvangala/venv/lib/python3.11/site-packages/airflow/example_dags/plugins/workday.py
[2025-05-06T18:49:17.215-0500] {processor.py:842} WARNING - No viable dags retrieved from /Users/chakradharreddyvangala/venv/lib/python3.11/site-packages/airflow/example_dags/plugins/workday.py
[2025-05-06T18:49:17.249-0500] {processor.py:183} INFO - Processing /Users/chakradharreddyvangala/venv/lib/python3.11/site-packages/airflow/example_dags/plugins/workday.py took 0.286 seconds
[2025-05-06T18:50:03.661-0500] {processor.py:161} INFO - Started process (PID=63198) to work on /Users/chakradharreddyvangala/venv/lib/python3.11/site-packages/airflow/example_dags/plugins/workday.py
[2025-05-06T18:50:03.661-0500] {processor.py:830} INFO - Processing file /Users/chakradharreddyvangala/venv/lib/python3.11/site-packages/airflow/example_dags/plugins/workday.py for tasks to queue
[2025-05-06T18:50:03.661-0500] {logging_mixin.py:188} INFO - [2025-05-06T18:50:03.661-0500] {dagbag.py:545} INFO - Filling up the DagBag from /Users/chakradharreddyvangala/venv/lib/python3.11/site-packages/airflow/example_dags/plugins/workday.py
[2025-05-06T18:50:04.054-0500] {processor.py:842} WARNING - No viable dags retrieved from /Users/chakradharreddyvangala/venv/lib/python3.11/site-packages/airflow/example_dags/plugins/workday.py
[2025-05-06T18:50:04.075-0500] {processor.py:183} INFO - Processing /Users/chakradharreddyvangala/venv/lib/python3.11/site-packages/airflow/example_dags/plugins/workday.py took 0.417 seconds
[2025-05-06T18:50:51.462-0500] {processor.py:161} INFO - Started process (PID=63259) to work on /Users/chakradharreddyvangala/venv/lib/python3.11/site-packages/airflow/example_dags/plugins/workday.py
[2025-05-06T18:50:51.462-0500] {processor.py:830} INFO - Processing file /Users/chakradharreddyvangala/venv/lib/python3.11/site-packages/airflow/example_dags/plugins/workday.py for tasks to queue
[2025-05-06T18:50:51.463-0500] {logging_mixin.py:188} INFO - [2025-05-06T18:50:51.463-0500] {dagbag.py:545} INFO - Filling up the DagBag from /Users/chakradharreddyvangala/venv/lib/python3.11/site-packages/airflow/example_dags/plugins/workday.py
[2025-05-06T18:50:51.845-0500] {processor.py:842} WARNING - No viable dags retrieved from /Users/chakradharreddyvangala/venv/lib/python3.11/site-packages/airflow/example_dags/plugins/workday.py
[2025-05-06T18:50:51.868-0500] {processor.py:183} INFO - Processing /Users/chakradharreddyvangala/venv/lib/python3.11/site-packages/airflow/example_dags/plugins/workday.py took 0.408 seconds
[2025-05-06T18:51:37.487-0500] {processor.py:161} INFO - Started process (PID=63299) to work on /Users/chakradharreddyvangala/venv/lib/python3.11/site-packages/airflow/example_dags/plugins/workday.py
[2025-05-06T18:51:37.488-0500] {processor.py:830} INFO - Processing file /Users/chakradharreddyvangala/venv/lib/python3.11/site-packages/airflow/example_dags/plugins/workday.py for tasks to queue
[2025-05-06T18:51:37.488-0500] {logging_mixin.py:188} INFO - [2025-05-06T18:51:37.488-0500] {dagbag.py:545} INFO - Filling up the DagBag from /Users/chakradharreddyvangala/venv/lib/python3.11/site-packages/airflow/example_dags/plugins/workday.py
[2025-05-06T18:51:37.753-0500] {processor.py:842} WARNING - No viable dags retrieved from /Users/chakradharreddyvangala/venv/lib/python3.11/site-packages/airflow/example_dags/plugins/workday.py
[2025-05-06T18:51:37.775-0500] {processor.py:183} INFO - Processing /Users/chakradharreddyvangala/venv/lib/python3.11/site-packages/airflow/example_dags/plugins/workday.py took 0.291 seconds
[2025-05-06T18:52:20.336-0500] {processor.py:161} INFO - Started process (PID=63342) to work on /Users/chakradharreddyvangala/venv/lib/python3.11/site-packages/airflow/example_dags/plugins/workday.py
[2025-05-06T18:52:20.336-0500] {processor.py:830} INFO - Processing file /Users/chakradharreddyvangala/venv/lib/python3.11/site-packages/airflow/example_dags/plugins/workday.py for tasks to queue
[2025-05-06T18:52:20.337-0500] {logging_mixin.py:188} INFO - [2025-05-06T18:52:20.337-0500] {dagbag.py:545} INFO - Filling up the DagBag from /Users/chakradharreddyvangala/venv/lib/python3.11/site-packages/airflow/example_dags/plugins/workday.py
[2025-05-06T18:52:20.698-0500] {processor.py:842} WARNING - No viable dags retrieved from /Users/chakradharreddyvangala/venv/lib/python3.11/site-packages/airflow/example_dags/plugins/workday.py
[2025-05-06T18:52:20.721-0500] {processor.py:183} INFO - Processing /Users/chakradharreddyvangala/venv/lib/python3.11/site-packages/airflow/example_dags/plugins/workday.py took 0.386 seconds
[2025-05-06T18:53:00.453-0500] {processor.py:161} INFO - Started process (PID=63412) to work on /Users/chakradharreddyvangala/venv/lib/python3.11/site-packages/airflow/example_dags/plugins/workday.py
[2025-05-06T18:53:00.454-0500] {processor.py:830} INFO - Processing file /Users/chakradharreddyvangala/venv/lib/python3.11/site-packages/airflow/example_dags/plugins/workday.py for tasks to queue
[2025-05-06T18:53:00.454-0500] {logging_mixin.py:188} INFO - [2025-05-06T18:53:00.454-0500] {dagbag.py:545} INFO - Filling up the DagBag from /Users/chakradharreddyvangala/venv/lib/python3.11/site-packages/airflow/example_dags/plugins/workday.py
[2025-05-06T18:53:00.847-0500] {processor.py:842} WARNING - No viable dags retrieved from /Users/chakradharreddyvangala/venv/lib/python3.11/site-packages/airflow/example_dags/plugins/workday.py
[2025-05-06T18:53:00.869-0500] {processor.py:183} INFO - Processing /Users/chakradharreddyvangala/venv/lib/python3.11/site-packages/airflow/example_dags/plugins/workday.py took 0.417 seconds
[2025-05-06T18:53:43.929-0500] {processor.py:161} INFO - Started process (PID=63450) to work on /Users/chakradharreddyvangala/venv/lib/python3.11/site-packages/airflow/example_dags/plugins/workday.py
[2025-05-06T18:53:43.930-0500] {processor.py:830} INFO - Processing file /Users/chakradharreddyvangala/venv/lib/python3.11/site-packages/airflow/example_dags/plugins/workday.py for tasks to queue
[2025-05-06T18:53:43.930-0500] {logging_mixin.py:188} INFO - [2025-05-06T18:53:43.930-0500] {dagbag.py:545} INFO - Filling up the DagBag from /Users/chakradharreddyvangala/venv/lib/python3.11/site-packages/airflow/example_dags/plugins/workday.py
[2025-05-06T18:53:44.361-0500] {processor.py:842} WARNING - No viable dags retrieved from /Users/chakradharreddyvangala/venv/lib/python3.11/site-packages/airflow/example_dags/plugins/workday.py
[2025-05-06T18:53:44.382-0500] {processor.py:183} INFO - Processing /Users/chakradharreddyvangala/venv/lib/python3.11/site-packages/airflow/example_dags/plugins/workday.py took 0.454 seconds
[2025-05-06T18:54:28.579-0500] {processor.py:161} INFO - Started process (PID=63509) to work on /Users/chakradharreddyvangala/venv/lib/python3.11/site-packages/airflow/example_dags/plugins/workday.py
[2025-05-06T18:54:28.580-0500] {processor.py:830} INFO - Processing file /Users/chakradharreddyvangala/venv/lib/python3.11/site-packages/airflow/example_dags/plugins/workday.py for tasks to queue
[2025-05-06T18:54:28.580-0500] {logging_mixin.py:188} INFO - [2025-05-06T18:54:28.580-0500] {dagbag.py:545} INFO - Filling up the DagBag from /Users/chakradharreddyvangala/venv/lib/python3.11/site-packages/airflow/example_dags/plugins/workday.py
[2025-05-06T18:54:29.090-0500] {processor.py:842} WARNING - No viable dags retrieved from /Users/chakradharreddyvangala/venv/lib/python3.11/site-packages/airflow/example_dags/plugins/workday.py
[2025-05-06T18:54:29.111-0500] {processor.py:183} INFO - Processing /Users/chakradharreddyvangala/venv/lib/python3.11/site-packages/airflow/example_dags/plugins/workday.py took 0.533 seconds
[2025-05-06T18:55:12.118-0500] {processor.py:161} INFO - Started process (PID=63547) to work on /Users/chakradharreddyvangala/venv/lib/python3.11/site-packages/airflow/example_dags/plugins/workday.py
[2025-05-06T18:55:12.119-0500] {processor.py:830} INFO - Processing file /Users/chakradharreddyvangala/venv/lib/python3.11/site-packages/airflow/example_dags/plugins/workday.py for tasks to queue
[2025-05-06T18:55:12.119-0500] {logging_mixin.py:188} INFO - [2025-05-06T18:55:12.119-0500] {dagbag.py:545} INFO - Filling up the DagBag from /Users/chakradharreddyvangala/venv/lib/python3.11/site-packages/airflow/example_dags/plugins/workday.py
[2025-05-06T18:55:12.484-0500] {processor.py:842} WARNING - No viable dags retrieved from /Users/chakradharreddyvangala/venv/lib/python3.11/site-packages/airflow/example_dags/plugins/workday.py
[2025-05-06T18:55:12.507-0500] {processor.py:183} INFO - Processing /Users/chakradharreddyvangala/venv/lib/python3.11/site-packages/airflow/example_dags/plugins/workday.py took 0.389 seconds
[2025-05-06T18:55:56.029-0500] {processor.py:161} INFO - Started process (PID=63587) to work on /Users/chakradharreddyvangala/venv/lib/python3.11/site-packages/airflow/example_dags/plugins/workday.py
[2025-05-06T18:55:56.030-0500] {processor.py:830} INFO - Processing file /Users/chakradharreddyvangala/venv/lib/python3.11/site-packages/airflow/example_dags/plugins/workday.py for tasks to queue
[2025-05-06T18:55:56.030-0500] {logging_mixin.py:188} INFO - [2025-05-06T18:55:56.030-0500] {dagbag.py:545} INFO - Filling up the DagBag from /Users/chakradharreddyvangala/venv/lib/python3.11/site-packages/airflow/example_dags/plugins/workday.py
[2025-05-06T18:55:56.469-0500] {processor.py:842} WARNING - No viable dags retrieved from /Users/chakradharreddyvangala/venv/lib/python3.11/site-packages/airflow/example_dags/plugins/workday.py
[2025-05-06T18:55:56.491-0500] {processor.py:183} INFO - Processing /Users/chakradharreddyvangala/venv/lib/python3.11/site-packages/airflow/example_dags/plugins/workday.py took 0.463 seconds
[2025-05-06T18:56:38.876-0500] {processor.py:161} INFO - Started process (PID=63637) to work on /Users/chakradharreddyvangala/venv/lib/python3.11/site-packages/airflow/example_dags/plugins/workday.py
[2025-05-06T18:56:38.877-0500] {processor.py:830} INFO - Processing file /Users/chakradharreddyvangala/venv/lib/python3.11/site-packages/airflow/example_dags/plugins/workday.py for tasks to queue
[2025-05-06T18:56:38.878-0500] {logging_mixin.py:188} INFO - [2025-05-06T18:56:38.878-0500] {dagbag.py:545} INFO - Filling up the DagBag from /Users/chakradharreddyvangala/venv/lib/python3.11/site-packages/airflow/example_dags/plugins/workday.py
[2025-05-06T18:56:39.240-0500] {processor.py:842} WARNING - No viable dags retrieved from /Users/chakradharreddyvangala/venv/lib/python3.11/site-packages/airflow/example_dags/plugins/workday.py
[2025-05-06T18:56:39.261-0500] {processor.py:183} INFO - Processing /Users/chakradharreddyvangala/venv/lib/python3.11/site-packages/airflow/example_dags/plugins/workday.py took 0.385 seconds
[2025-05-06T18:57:20.272-0500] {processor.py:161} INFO - Started process (PID=63690) to work on /Users/chakradharreddyvangala/venv/lib/python3.11/site-packages/airflow/example_dags/plugins/workday.py
[2025-05-06T18:57:20.273-0500] {processor.py:830} INFO - Processing file /Users/chakradharreddyvangala/venv/lib/python3.11/site-packages/airflow/example_dags/plugins/workday.py for tasks to queue
[2025-05-06T18:57:20.273-0500] {logging_mixin.py:188} INFO - [2025-05-06T18:57:20.273-0500] {dagbag.py:545} INFO - Filling up the DagBag from /Users/chakradharreddyvangala/venv/lib/python3.11/site-packages/airflow/example_dags/plugins/workday.py
[2025-05-06T18:57:20.690-0500] {processor.py:842} WARNING - No viable dags retrieved from /Users/chakradharreddyvangala/venv/lib/python3.11/site-packages/airflow/example_dags/plugins/workday.py
[2025-05-06T18:57:20.713-0500] {processor.py:183} INFO - Processing /Users/chakradharreddyvangala/venv/lib/python3.11/site-packages/airflow/example_dags/plugins/workday.py took 0.442 seconds
[2025-05-06T18:58:02.440-0500] {processor.py:161} INFO - Started process (PID=63726) to work on /Users/chakradharreddyvangala/venv/lib/python3.11/site-packages/airflow/example_dags/plugins/workday.py
[2025-05-06T18:58:02.441-0500] {processor.py:830} INFO - Processing file /Users/chakradharreddyvangala/venv/lib/python3.11/site-packages/airflow/example_dags/plugins/workday.py for tasks to queue
[2025-05-06T18:58:02.442-0500] {logging_mixin.py:188} INFO - [2025-05-06T18:58:02.442-0500] {dagbag.py:545} INFO - Filling up the DagBag from /Users/chakradharreddyvangala/venv/lib/python3.11/site-packages/airflow/example_dags/plugins/workday.py
[2025-05-06T18:58:02.815-0500] {processor.py:842} WARNING - No viable dags retrieved from /Users/chakradharreddyvangala/venv/lib/python3.11/site-packages/airflow/example_dags/plugins/workday.py
[2025-05-06T18:58:02.837-0500] {processor.py:183} INFO - Processing /Users/chakradharreddyvangala/venv/lib/python3.11/site-packages/airflow/example_dags/plugins/workday.py took 0.397 seconds
[2025-05-06T18:58:17.177-0500] {processor.py:161} INFO - Started process (PID=63743) to work on /Users/chakradharreddyvangala/venv/lib/python3.11/site-packages/airflow/example_dags/plugins/workday.py
[2025-05-06T18:58:17.178-0500] {processor.py:830} INFO - Processing file /Users/chakradharreddyvangala/venv/lib/python3.11/site-packages/airflow/example_dags/plugins/workday.py for tasks to queue
[2025-05-06T18:58:17.178-0500] {logging_mixin.py:188} INFO - [2025-05-06T18:58:17.178-0500] {dagbag.py:545} INFO - Filling up the DagBag from /Users/chakradharreddyvangala/venv/lib/python3.11/site-packages/airflow/example_dags/plugins/workday.py
[2025-05-06T18:58:17.550-0500] {processor.py:842} WARNING - No viable dags retrieved from /Users/chakradharreddyvangala/venv/lib/python3.11/site-packages/airflow/example_dags/plugins/workday.py
[2025-05-06T18:58:17.571-0500] {processor.py:183} INFO - Processing /Users/chakradharreddyvangala/venv/lib/python3.11/site-packages/airflow/example_dags/plugins/workday.py took 0.395 seconds
[2025-05-06T18:58:45.868-0500] {processor.py:161} INFO - Started process (PID=63798) to work on /Users/chakradharreddyvangala/venv/lib/python3.11/site-packages/airflow/example_dags/plugins/workday.py
[2025-05-06T18:58:45.869-0500] {processor.py:830} INFO - Processing file /Users/chakradharreddyvangala/venv/lib/python3.11/site-packages/airflow/example_dags/plugins/workday.py for tasks to queue
[2025-05-06T18:58:45.869-0500] {logging_mixin.py:188} INFO - [2025-05-06T18:58:45.869-0500] {dagbag.py:545} INFO - Filling up the DagBag from /Users/chakradharreddyvangala/venv/lib/python3.11/site-packages/airflow/example_dags/plugins/workday.py
[2025-05-06T18:58:46.286-0500] {processor.py:842} WARNING - No viable dags retrieved from /Users/chakradharreddyvangala/venv/lib/python3.11/site-packages/airflow/example_dags/plugins/workday.py
[2025-05-06T18:58:46.307-0500] {processor.py:183} INFO - Processing /Users/chakradharreddyvangala/venv/lib/python3.11/site-packages/airflow/example_dags/plugins/workday.py took 0.442 seconds
[2025-05-06T18:59:21.772-0500] {processor.py:161} INFO - Started process (PID=63844) to work on /Users/chakradharreddyvangala/venv/lib/python3.11/site-packages/airflow/example_dags/plugins/workday.py
[2025-05-06T18:59:21.773-0500] {processor.py:830} INFO - Processing file /Users/chakradharreddyvangala/venv/lib/python3.11/site-packages/airflow/example_dags/plugins/workday.py for tasks to queue
[2025-05-06T18:59:21.773-0500] {logging_mixin.py:188} INFO - [2025-05-06T18:59:21.773-0500] {dagbag.py:545} INFO - Filling up the DagBag from /Users/chakradharreddyvangala/venv/lib/python3.11/site-packages/airflow/example_dags/plugins/workday.py
[2025-05-06T18:59:22.167-0500] {processor.py:842} WARNING - No viable dags retrieved from /Users/chakradharreddyvangala/venv/lib/python3.11/site-packages/airflow/example_dags/plugins/workday.py
[2025-05-06T18:59:22.188-0500] {processor.py:183} INFO - Processing /Users/chakradharreddyvangala/venv/lib/python3.11/site-packages/airflow/example_dags/plugins/workday.py took 0.417 seconds
