[2025-05-06T18:45:56.968-0500] {processor.py:161} INFO - Started process (PID=62935) to work on /Users/chakradharreddyvangala/venv/lib/python3.11/site-packages/airflow/example_dags/subdags/subdag.py
[2025-05-06T18:45:56.969-0500] {processor.py:830} INFO - Processing file /Users/chakradharreddyvangala/venv/lib/python3.11/site-packages/airflow/example_dags/subdags/subdag.py for tasks to queue
[2025-05-06T18:45:56.969-0500] {logging_mixin.py:188} INFO - [2025-05-06T18:45:56.969-0500] {dagbag.py:545} INFO - Filling up the DagBag from /Users/chakradharreddyvangala/venv/lib/python3.11/site-packages/airflow/example_dags/subdags/subdag.py
[2025-05-06T18:45:56.970-0500] {processor.py:842} WARNING - No viable dags retrieved from /Users/chakradharreddyvangala/venv/lib/python3.11/site-packages/airflow/example_dags/subdags/subdag.py
[2025-05-06T18:45:56.990-0500] {processor.py:183} INFO - Processing /Users/chakradharreddyvangala/venv/lib/python3.11/site-packages/airflow/example_dags/subdags/subdag.py took 0.022 seconds
[2025-05-06T18:47:10.392-0500] {processor.py:161} INFO - Started process (PID=63008) to work on /Users/chakradharreddyvangala/venv/lib/python3.11/site-packages/airflow/example_dags/subdags/subdag.py
[2025-05-06T18:47:10.392-0500] {processor.py:830} INFO - Processing file /Users/chakradharreddyvangala/venv/lib/python3.11/site-packages/airflow/example_dags/subdags/subdag.py for tasks to queue
[2025-05-06T18:47:10.392-0500] {logging_mixin.py:188} INFO - [2025-05-06T18:47:10.392-0500] {dagbag.py:545} INFO - Filling up the DagBag from /Users/chakradharreddyvangala/venv/lib/python3.11/site-packages/airflow/example_dags/subdags/subdag.py
[2025-05-06T18:47:10.393-0500] {processor.py:842} WARNING - No viable dags retrieved from /Users/chakradharreddyvangala/venv/lib/python3.11/site-packages/airflow/example_dags/subdags/subdag.py
[2025-05-06T18:47:10.418-0500] {processor.py:183} INFO - Processing /Users/chakradharreddyvangala/venv/lib/python3.11/site-packages/airflow/example_dags/subdags/subdag.py took 0.028 seconds
[2025-05-06T18:47:52.671-0500] {processor.py:161} INFO - Started process (PID=63053) to work on /Users/chakradharreddyvangala/venv/lib/python3.11/site-packages/airflow/example_dags/subdags/subdag.py
[2025-05-06T18:47:52.672-0500] {processor.py:830} INFO - Processing file /Users/chakradharreddyvangala/venv/lib/python3.11/site-packages/airflow/example_dags/subdags/subdag.py for tasks to queue
[2025-05-06T18:47:52.672-0500] {logging_mixin.py:188} INFO - [2025-05-06T18:47:52.672-0500] {dagbag.py:545} INFO - Filling up the DagBag from /Users/chakradharreddyvangala/venv/lib/python3.11/site-packages/airflow/example_dags/subdags/subdag.py
[2025-05-06T18:47:52.673-0500] {processor.py:842} WARNING - No viable dags retrieved from /Users/chakradharreddyvangala/venv/lib/python3.11/site-packages/airflow/example_dags/subdags/subdag.py
[2025-05-06T18:47:52.693-0500] {processor.py:183} INFO - Processing /Users/chakradharreddyvangala/venv/lib/python3.11/site-packages/airflow/example_dags/subdags/subdag.py took 0.023 seconds
[2025-05-06T18:48:32.820-0500] {processor.py:161} INFO - Started process (PID=63092) to work on /Users/chakradharreddyvangala/venv/lib/python3.11/site-packages/airflow/example_dags/subdags/subdag.py
[2025-05-06T18:48:32.821-0500] {processor.py:830} INFO - Processing file /Users/chakradharreddyvangala/venv/lib/python3.11/site-packages/airflow/example_dags/subdags/subdag.py for tasks to queue
[2025-05-06T18:48:32.821-0500] {logging_mixin.py:188} INFO - [2025-05-06T18:48:32.821-0500] {dagbag.py:545} INFO - Filling up the DagBag from /Users/chakradharreddyvangala/venv/lib/python3.11/site-packages/airflow/example_dags/subdags/subdag.py
[2025-05-06T18:48:32.822-0500] {processor.py:842} WARNING - No viable dags retrieved from /Users/chakradharreddyvangala/venv/lib/python3.11/site-packages/airflow/example_dags/subdags/subdag.py
[2025-05-06T18:48:32.844-0500] {processor.py:183} INFO - Processing /Users/chakradharreddyvangala/venv/lib/python3.11/site-packages/airflow/example_dags/subdags/subdag.py took 0.025 seconds
[2025-05-06T18:49:15.387-0500] {processor.py:161} INFO - Started process (PID=63131) to work on /Users/chakradharreddyvangala/venv/lib/python3.11/site-packages/airflow/example_dags/subdags/subdag.py
[2025-05-06T18:49:15.387-0500] {processor.py:830} INFO - Processing file /Users/chakradharreddyvangala/venv/lib/python3.11/site-packages/airflow/example_dags/subdags/subdag.py for tasks to queue
[2025-05-06T18:49:15.388-0500] {logging_mixin.py:188} INFO - [2025-05-06T18:49:15.387-0500] {dagbag.py:545} INFO - Filling up the DagBag from /Users/chakradharreddyvangala/venv/lib/python3.11/site-packages/airflow/example_dags/subdags/subdag.py
[2025-05-06T18:49:15.389-0500] {processor.py:842} WARNING - No viable dags retrieved from /Users/chakradharreddyvangala/venv/lib/python3.11/site-packages/airflow/example_dags/subdags/subdag.py
[2025-05-06T18:49:15.410-0500] {processor.py:183} INFO - Processing /Users/chakradharreddyvangala/venv/lib/python3.11/site-packages/airflow/example_dags/subdags/subdag.py took 0.025 seconds
[2025-05-06T18:50:01.954-0500] {processor.py:161} INFO - Started process (PID=63197) to work on /Users/chakradharreddyvangala/venv/lib/python3.11/site-packages/airflow/example_dags/subdags/subdag.py
[2025-05-06T18:50:01.954-0500] {processor.py:830} INFO - Processing file /Users/chakradharreddyvangala/venv/lib/python3.11/site-packages/airflow/example_dags/subdags/subdag.py for tasks to queue
[2025-05-06T18:50:01.955-0500] {logging_mixin.py:188} INFO - [2025-05-06T18:50:01.955-0500] {dagbag.py:545} INFO - Filling up the DagBag from /Users/chakradharreddyvangala/venv/lib/python3.11/site-packages/airflow/example_dags/subdags/subdag.py
[2025-05-06T18:50:01.956-0500] {processor.py:842} WARNING - No viable dags retrieved from /Users/chakradharreddyvangala/venv/lib/python3.11/site-packages/airflow/example_dags/subdags/subdag.py
[2025-05-06T18:50:02.045-0500] {processor.py:183} INFO - Processing /Users/chakradharreddyvangala/venv/lib/python3.11/site-packages/airflow/example_dags/subdags/subdag.py took 0.093 seconds
[2025-05-06T18:50:50.091-0500] {processor.py:161} INFO - Started process (PID=63257) to work on /Users/chakradharreddyvangala/venv/lib/python3.11/site-packages/airflow/example_dags/subdags/subdag.py
[2025-05-06T18:50:50.092-0500] {processor.py:830} INFO - Processing file /Users/chakradharreddyvangala/venv/lib/python3.11/site-packages/airflow/example_dags/subdags/subdag.py for tasks to queue
[2025-05-06T18:50:50.092-0500] {logging_mixin.py:188} INFO - [2025-05-06T18:50:50.092-0500] {dagbag.py:545} INFO - Filling up the DagBag from /Users/chakradharreddyvangala/venv/lib/python3.11/site-packages/airflow/example_dags/subdags/subdag.py
[2025-05-06T18:50:50.093-0500] {processor.py:842} WARNING - No viable dags retrieved from /Users/chakradharreddyvangala/venv/lib/python3.11/site-packages/airflow/example_dags/subdags/subdag.py
[2025-05-06T18:50:50.115-0500] {processor.py:183} INFO - Processing /Users/chakradharreddyvangala/venv/lib/python3.11/site-packages/airflow/example_dags/subdags/subdag.py took 0.025 seconds
[2025-05-06T18:51:35.839-0500] {processor.py:161} INFO - Started process (PID=63298) to work on /Users/chakradharreddyvangala/venv/lib/python3.11/site-packages/airflow/example_dags/subdags/subdag.py
[2025-05-06T18:51:35.840-0500] {processor.py:830} INFO - Processing file /Users/chakradharreddyvangala/venv/lib/python3.11/site-packages/airflow/example_dags/subdags/subdag.py for tasks to queue
[2025-05-06T18:51:35.840-0500] {logging_mixin.py:188} INFO - [2025-05-06T18:51:35.840-0500] {dagbag.py:545} INFO - Filling up the DagBag from /Users/chakradharreddyvangala/venv/lib/python3.11/site-packages/airflow/example_dags/subdags/subdag.py
[2025-05-06T18:51:35.841-0500] {processor.py:842} WARNING - No viable dags retrieved from /Users/chakradharreddyvangala/venv/lib/python3.11/site-packages/airflow/example_dags/subdags/subdag.py
[2025-05-06T18:51:35.862-0500] {processor.py:183} INFO - Processing /Users/chakradharreddyvangala/venv/lib/python3.11/site-packages/airflow/example_dags/subdags/subdag.py took 0.024 seconds
[2025-05-06T18:52:18.747-0500] {processor.py:161} INFO - Started process (PID=63341) to work on /Users/chakradharreddyvangala/venv/lib/python3.11/site-packages/airflow/example_dags/subdags/subdag.py
[2025-05-06T18:52:18.749-0500] {processor.py:830} INFO - Processing file /Users/chakradharreddyvangala/venv/lib/python3.11/site-packages/airflow/example_dags/subdags/subdag.py for tasks to queue
[2025-05-06T18:52:18.750-0500] {logging_mixin.py:188} INFO - [2025-05-06T18:52:18.750-0500] {dagbag.py:545} INFO - Filling up the DagBag from /Users/chakradharreddyvangala/venv/lib/python3.11/site-packages/airflow/example_dags/subdags/subdag.py
[2025-05-06T18:52:18.752-0500] {processor.py:842} WARNING - No viable dags retrieved from /Users/chakradharreddyvangala/venv/lib/python3.11/site-packages/airflow/example_dags/subdags/subdag.py
[2025-05-06T18:52:18.775-0500] {processor.py:183} INFO - Processing /Users/chakradharreddyvangala/venv/lib/python3.11/site-packages/airflow/example_dags/subdags/subdag.py took 0.031 seconds
[2025-05-06T18:52:59.764-0500] {processor.py:161} INFO - Started process (PID=63411) to work on /Users/chakradharreddyvangala/venv/lib/python3.11/site-packages/airflow/example_dags/subdags/subdag.py
[2025-05-06T18:52:59.765-0500] {processor.py:830} INFO - Processing file /Users/chakradharreddyvangala/venv/lib/python3.11/site-packages/airflow/example_dags/subdags/subdag.py for tasks to queue
[2025-05-06T18:52:59.765-0500] {logging_mixin.py:188} INFO - [2025-05-06T18:52:59.765-0500] {dagbag.py:545} INFO - Filling up the DagBag from /Users/chakradharreddyvangala/venv/lib/python3.11/site-packages/airflow/example_dags/subdags/subdag.py
[2025-05-06T18:52:59.766-0500] {processor.py:842} WARNING - No viable dags retrieved from /Users/chakradharreddyvangala/venv/lib/python3.11/site-packages/airflow/example_dags/subdags/subdag.py
[2025-05-06T18:52:59.789-0500] {processor.py:183} INFO - Processing /Users/chakradharreddyvangala/venv/lib/python3.11/site-packages/airflow/example_dags/subdags/subdag.py took 0.027 seconds
[2025-05-06T18:53:42.565-0500] {processor.py:161} INFO - Started process (PID=63449) to work on /Users/chakradharreddyvangala/venv/lib/python3.11/site-packages/airflow/example_dags/subdags/subdag.py
[2025-05-06T18:53:42.565-0500] {processor.py:830} INFO - Processing file /Users/chakradharreddyvangala/venv/lib/python3.11/site-packages/airflow/example_dags/subdags/subdag.py for tasks to queue
[2025-05-06T18:53:42.566-0500] {logging_mixin.py:188} INFO - [2025-05-06T18:53:42.565-0500] {dagbag.py:545} INFO - Filling up the DagBag from /Users/chakradharreddyvangala/venv/lib/python3.11/site-packages/airflow/example_dags/subdags/subdag.py
[2025-05-06T18:53:42.566-0500] {processor.py:842} WARNING - No viable dags retrieved from /Users/chakradharreddyvangala/venv/lib/python3.11/site-packages/airflow/example_dags/subdags/subdag.py
[2025-05-06T18:53:42.592-0500] {processor.py:183} INFO - Processing /Users/chakradharreddyvangala/venv/lib/python3.11/site-packages/airflow/example_dags/subdags/subdag.py took 0.029 seconds
[2025-05-06T18:54:27.560-0500] {processor.py:161} INFO - Started process (PID=63508) to work on /Users/chakradharreddyvangala/venv/lib/python3.11/site-packages/airflow/example_dags/subdags/subdag.py
[2025-05-06T18:54:27.560-0500] {processor.py:830} INFO - Processing file /Users/chakradharreddyvangala/venv/lib/python3.11/site-packages/airflow/example_dags/subdags/subdag.py for tasks to queue
[2025-05-06T18:54:27.560-0500] {logging_mixin.py:188} INFO - [2025-05-06T18:54:27.560-0500] {dagbag.py:545} INFO - Filling up the DagBag from /Users/chakradharreddyvangala/venv/lib/python3.11/site-packages/airflow/example_dags/subdags/subdag.py
[2025-05-06T18:54:27.561-0500] {processor.py:842} WARNING - No viable dags retrieved from /Users/chakradharreddyvangala/venv/lib/python3.11/site-packages/airflow/example_dags/subdags/subdag.py
[2025-05-06T18:54:27.584-0500] {processor.py:183} INFO - Processing /Users/chakradharreddyvangala/venv/lib/python3.11/site-packages/airflow/example_dags/subdags/subdag.py took 0.026 seconds
[2025-05-06T18:55:10.745-0500] {processor.py:161} INFO - Started process (PID=63546) to work on /Users/chakradharreddyvangala/venv/lib/python3.11/site-packages/airflow/example_dags/subdags/subdag.py
[2025-05-06T18:55:10.746-0500] {processor.py:830} INFO - Processing file /Users/chakradharreddyvangala/venv/lib/python3.11/site-packages/airflow/example_dags/subdags/subdag.py for tasks to queue
[2025-05-06T18:55:10.746-0500] {logging_mixin.py:188} INFO - [2025-05-06T18:55:10.746-0500] {dagbag.py:545} INFO - Filling up the DagBag from /Users/chakradharreddyvangala/venv/lib/python3.11/site-packages/airflow/example_dags/subdags/subdag.py
[2025-05-06T18:55:10.747-0500] {processor.py:842} WARNING - No viable dags retrieved from /Users/chakradharreddyvangala/venv/lib/python3.11/site-packages/airflow/example_dags/subdags/subdag.py
[2025-05-06T18:55:10.769-0500] {processor.py:183} INFO - Processing /Users/chakradharreddyvangala/venv/lib/python3.11/site-packages/airflow/example_dags/subdags/subdag.py took 0.024 seconds
[2025-05-06T18:55:54.404-0500] {processor.py:161} INFO - Started process (PID=63585) to work on /Users/chakradharreddyvangala/venv/lib/python3.11/site-packages/airflow/example_dags/subdags/subdag.py
[2025-05-06T18:55:54.405-0500] {processor.py:830} INFO - Processing file /Users/chakradharreddyvangala/venv/lib/python3.11/site-packages/airflow/example_dags/subdags/subdag.py for tasks to queue
[2025-05-06T18:55:54.405-0500] {logging_mixin.py:188} INFO - [2025-05-06T18:55:54.405-0500] {dagbag.py:545} INFO - Filling up the DagBag from /Users/chakradharreddyvangala/venv/lib/python3.11/site-packages/airflow/example_dags/subdags/subdag.py
[2025-05-06T18:55:54.406-0500] {processor.py:842} WARNING - No viable dags retrieved from /Users/chakradharreddyvangala/venv/lib/python3.11/site-packages/airflow/example_dags/subdags/subdag.py
[2025-05-06T18:55:54.427-0500] {processor.py:183} INFO - Processing /Users/chakradharreddyvangala/venv/lib/python3.11/site-packages/airflow/example_dags/subdags/subdag.py took 0.025 seconds
[2025-05-06T18:56:37.231-0500] {processor.py:161} INFO - Started process (PID=63636) to work on /Users/chakradharreddyvangala/venv/lib/python3.11/site-packages/airflow/example_dags/subdags/subdag.py
[2025-05-06T18:56:37.231-0500] {processor.py:830} INFO - Processing file /Users/chakradharreddyvangala/venv/lib/python3.11/site-packages/airflow/example_dags/subdags/subdag.py for tasks to queue
[2025-05-06T18:56:37.231-0500] {logging_mixin.py:188} INFO - [2025-05-06T18:56:37.231-0500] {dagbag.py:545} INFO - Filling up the DagBag from /Users/chakradharreddyvangala/venv/lib/python3.11/site-packages/airflow/example_dags/subdags/subdag.py
[2025-05-06T18:56:37.232-0500] {processor.py:842} WARNING - No viable dags retrieved from /Users/chakradharreddyvangala/venv/lib/python3.11/site-packages/airflow/example_dags/subdags/subdag.py
[2025-05-06T18:56:37.254-0500] {processor.py:183} INFO - Processing /Users/chakradharreddyvangala/venv/lib/python3.11/site-packages/airflow/example_dags/subdags/subdag.py took 0.025 seconds
[2025-05-06T18:57:19.380-0500] {processor.py:161} INFO - Started process (PID=63689) to work on /Users/chakradharreddyvangala/venv/lib/python3.11/site-packages/airflow/example_dags/subdags/subdag.py
[2025-05-06T18:57:19.380-0500] {processor.py:830} INFO - Processing file /Users/chakradharreddyvangala/venv/lib/python3.11/site-packages/airflow/example_dags/subdags/subdag.py for tasks to queue
[2025-05-06T18:57:19.380-0500] {logging_mixin.py:188} INFO - [2025-05-06T18:57:19.380-0500] {dagbag.py:545} INFO - Filling up the DagBag from /Users/chakradharreddyvangala/venv/lib/python3.11/site-packages/airflow/example_dags/subdags/subdag.py
[2025-05-06T18:57:19.382-0500] {processor.py:842} WARNING - No viable dags retrieved from /Users/chakradharreddyvangala/venv/lib/python3.11/site-packages/airflow/example_dags/subdags/subdag.py
[2025-05-06T18:57:19.404-0500] {processor.py:183} INFO - Processing /Users/chakradharreddyvangala/venv/lib/python3.11/site-packages/airflow/example_dags/subdags/subdag.py took 0.025 seconds
[2025-05-06T18:58:00.894-0500] {processor.py:161} INFO - Started process (PID=63725) to work on /Users/chakradharreddyvangala/venv/lib/python3.11/site-packages/airflow/example_dags/subdags/subdag.py
[2025-05-06T18:58:00.894-0500] {processor.py:830} INFO - Processing file /Users/chakradharreddyvangala/venv/lib/python3.11/site-packages/airflow/example_dags/subdags/subdag.py for tasks to queue
[2025-05-06T18:58:00.894-0500] {logging_mixin.py:188} INFO - [2025-05-06T18:58:00.894-0500] {dagbag.py:545} INFO - Filling up the DagBag from /Users/chakradharreddyvangala/venv/lib/python3.11/site-packages/airflow/example_dags/subdags/subdag.py
[2025-05-06T18:58:00.895-0500] {processor.py:842} WARNING - No viable dags retrieved from /Users/chakradharreddyvangala/venv/lib/python3.11/site-packages/airflow/example_dags/subdags/subdag.py
[2025-05-06T18:58:00.917-0500] {processor.py:183} INFO - Processing /Users/chakradharreddyvangala/venv/lib/python3.11/site-packages/airflow/example_dags/subdags/subdag.py took 0.025 seconds
[2025-05-06T18:58:15.632-0500] {processor.py:161} INFO - Started process (PID=63741) to work on /Users/chakradharreddyvangala/venv/lib/python3.11/site-packages/airflow/example_dags/subdags/subdag.py
[2025-05-06T18:58:15.633-0500] {processor.py:830} INFO - Processing file /Users/chakradharreddyvangala/venv/lib/python3.11/site-packages/airflow/example_dags/subdags/subdag.py for tasks to queue
[2025-05-06T18:58:15.633-0500] {logging_mixin.py:188} INFO - [2025-05-06T18:58:15.633-0500] {dagbag.py:545} INFO - Filling up the DagBag from /Users/chakradharreddyvangala/venv/lib/python3.11/site-packages/airflow/example_dags/subdags/subdag.py
[2025-05-06T18:58:15.634-0500] {processor.py:842} WARNING - No viable dags retrieved from /Users/chakradharreddyvangala/venv/lib/python3.11/site-packages/airflow/example_dags/subdags/subdag.py
[2025-05-06T18:58:15.655-0500] {processor.py:183} INFO - Processing /Users/chakradharreddyvangala/venv/lib/python3.11/site-packages/airflow/example_dags/subdags/subdag.py took 0.024 seconds
[2025-05-06T18:58:44.132-0500] {processor.py:161} INFO - Started process (PID=63797) to work on /Users/chakradharreddyvangala/venv/lib/python3.11/site-packages/airflow/example_dags/subdags/subdag.py
[2025-05-06T18:58:44.133-0500] {processor.py:830} INFO - Processing file /Users/chakradharreddyvangala/venv/lib/python3.11/site-packages/airflow/example_dags/subdags/subdag.py for tasks to queue
[2025-05-06T18:58:44.133-0500] {logging_mixin.py:188} INFO - [2025-05-06T18:58:44.133-0500] {dagbag.py:545} INFO - Filling up the DagBag from /Users/chakradharreddyvangala/venv/lib/python3.11/site-packages/airflow/example_dags/subdags/subdag.py
[2025-05-06T18:58:44.134-0500] {processor.py:842} WARNING - No viable dags retrieved from /Users/chakradharreddyvangala/venv/lib/python3.11/site-packages/airflow/example_dags/subdags/subdag.py
[2025-05-06T18:58:44.163-0500] {processor.py:183} INFO - Processing /Users/chakradharreddyvangala/venv/lib/python3.11/site-packages/airflow/example_dags/subdags/subdag.py took 0.032 seconds
[2025-05-06T18:59:20.210-0500] {processor.py:161} INFO - Started process (PID=63843) to work on /Users/chakradharreddyvangala/venv/lib/python3.11/site-packages/airflow/example_dags/subdags/subdag.py
[2025-05-06T18:59:20.211-0500] {processor.py:830} INFO - Processing file /Users/chakradharreddyvangala/venv/lib/python3.11/site-packages/airflow/example_dags/subdags/subdag.py for tasks to queue
[2025-05-06T18:59:20.211-0500] {logging_mixin.py:188} INFO - [2025-05-06T18:59:20.211-0500] {dagbag.py:545} INFO - Filling up the DagBag from /Users/chakradharreddyvangala/venv/lib/python3.11/site-packages/airflow/example_dags/subdags/subdag.py
[2025-05-06T18:59:20.212-0500] {processor.py:842} WARNING - No viable dags retrieved from /Users/chakradharreddyvangala/venv/lib/python3.11/site-packages/airflow/example_dags/subdags/subdag.py
[2025-05-06T18:59:20.233-0500] {processor.py:183} INFO - Processing /Users/chakradharreddyvangala/venv/lib/python3.11/site-packages/airflow/example_dags/subdags/subdag.py took 0.024 seconds
