[2025-05-06T18:47:06.389-0500] {processor.py:161} INFO - Started process (PID=63005) to work on /Users/chakradharreddyvangala/venv/lib/python3.11/site-packages/airflow/example_dags/example_branch_datetime_operator.py
[2025-05-06T18:47:06.390-0500] {processor.py:830} INFO - Processing file /Users/chakradharreddyvangala/venv/lib/python3.11/site-packages/airflow/example_dags/example_branch_datetime_operator.py for tasks to queue
[2025-05-06T18:47:06.391-0500] {logging_mixin.py:188} INFO - [2025-05-06T18:47:06.391-0500] {dagbag.py:545} INFO - Filling up the DagBag from /Users/chakradharreddyvangala/venv/lib/python3.11/site-packages/airflow/example_dags/example_branch_datetime_operator.py
[2025-05-06T18:47:06.395-0500] {processor.py:840} INFO - DAG(s) 'example_branch_datetime_operator_2', 'example_branch_datetime_operator_3', 'example_branch_datetime_operator' retrieved from /Users/chakradharreddyvangala/venv/lib/python3.11/site-packages/airflow/example_dags/example_branch_datetime_operator.py
[2025-05-06T18:47:06.444-0500] {logging_mixin.py:188} INFO - [2025-05-06T18:47:06.444-0500] {override.py:1829} INFO - Created Permission View: can delete on DAG:example_branch_datetime_operator_2
[2025-05-06T18:47:06.447-0500] {logging_mixin.py:188} INFO - [2025-05-06T18:47:06.447-0500] {override.py:1829} INFO - Created Permission View: can read on DAG:example_branch_datetime_operator_2
[2025-05-06T18:47:06.448-0500] {logging_mixin.py:188} INFO - [2025-05-06T18:47:06.448-0500] {override.py:1829} INFO - Created Permission View: can edit on DAG:example_branch_datetime_operator_2
[2025-05-06T18:47:06.451-0500] {logging_mixin.py:188} INFO - [2025-05-06T18:47:06.451-0500] {override.py:1829} INFO - Created Permission View: can delete on DAG:example_branch_datetime_operator_3
[2025-05-06T18:47:06.452-0500] {logging_mixin.py:188} INFO - [2025-05-06T18:47:06.452-0500] {override.py:1829} INFO - Created Permission View: can read on DAG:example_branch_datetime_operator_3
[2025-05-06T18:47:06.454-0500] {logging_mixin.py:188} INFO - [2025-05-06T18:47:06.454-0500] {override.py:1829} INFO - Created Permission View: can edit on DAG:example_branch_datetime_operator_3
[2025-05-06T18:47:06.456-0500] {logging_mixin.py:188} INFO - [2025-05-06T18:47:06.456-0500] {override.py:1829} INFO - Created Permission View: can delete on DAG:example_branch_datetime_operator
[2025-05-06T18:47:06.458-0500] {logging_mixin.py:188} INFO - [2025-05-06T18:47:06.458-0500] {override.py:1829} INFO - Created Permission View: can read on DAG:example_branch_datetime_operator
[2025-05-06T18:47:06.459-0500] {logging_mixin.py:188} INFO - [2025-05-06T18:47:06.459-0500] {override.py:1829} INFO - Created Permission View: can edit on DAG:example_branch_datetime_operator
[2025-05-06T18:47:06.459-0500] {logging_mixin.py:188} INFO - [2025-05-06T18:47:06.459-0500] {dag.py:3096} INFO - Sync 3 DAGs
[2025-05-06T18:47:06.462-0500] {logging_mixin.py:188} INFO - [2025-05-06T18:47:06.461-0500] {dag.py:3118} INFO - Creating ORM DAG for example_branch_datetime_operator_2
[2025-05-06T18:47:06.462-0500] {logging_mixin.py:188} INFO - [2025-05-06T18:47:06.462-0500] {dag.py:3118} INFO - Creating ORM DAG for example_branch_datetime_operator
[2025-05-06T18:47:06.462-0500] {logging_mixin.py:188} INFO - [2025-05-06T18:47:06.462-0500] {dag.py:3118} INFO - Creating ORM DAG for example_branch_datetime_operator_3
[2025-05-06T18:47:06.464-0500] {logging_mixin.py:188} INFO - [2025-05-06T18:47:06.464-0500] {dag.py:3954} INFO - Setting next_dagrun for example_branch_datetime_operator to 2025-05-05 00:00:00+00:00, run_after=2025-05-06 00:00:00+00:00
[2025-05-06T18:47:06.465-0500] {logging_mixin.py:188} INFO - [2025-05-06T18:47:06.465-0500] {dag.py:3954} INFO - Setting next_dagrun for example_branch_datetime_operator_2 to 2025-05-05 00:00:00+00:00, run_after=2025-05-06 00:00:00+00:00
[2025-05-06T18:47:06.465-0500] {logging_mixin.py:188} INFO - [2025-05-06T18:47:06.465-0500] {dag.py:3954} INFO - Setting next_dagrun for example_branch_datetime_operator_3 to 2025-05-05 00:00:00+00:00, run_after=2025-05-06 00:00:00+00:00
[2025-05-06T18:47:06.470-0500] {processor.py:183} INFO - Processing /Users/chakradharreddyvangala/venv/lib/python3.11/site-packages/airflow/example_dags/example_branch_datetime_operator.py took 0.082 seconds
[2025-05-06T18:48:28.796-0500] {processor.py:161} INFO - Started process (PID=63089) to work on /Users/chakradharreddyvangala/venv/lib/python3.11/site-packages/airflow/example_dags/example_branch_datetime_operator.py
[2025-05-06T18:48:28.796-0500] {processor.py:830} INFO - Processing file /Users/chakradharreddyvangala/venv/lib/python3.11/site-packages/airflow/example_dags/example_branch_datetime_operator.py for tasks to queue
[2025-05-06T18:48:28.797-0500] {logging_mixin.py:188} INFO - [2025-05-06T18:48:28.796-0500] {dagbag.py:545} INFO - Filling up the DagBag from /Users/chakradharreddyvangala/venv/lib/python3.11/site-packages/airflow/example_dags/example_branch_datetime_operator.py
[2025-05-06T18:48:28.800-0500] {processor.py:840} INFO - DAG(s) 'example_branch_datetime_operator_2', 'example_branch_datetime_operator_3', 'example_branch_datetime_operator' retrieved from /Users/chakradharreddyvangala/venv/lib/python3.11/site-packages/airflow/example_dags/example_branch_datetime_operator.py
[2025-05-06T18:48:28.826-0500] {logging_mixin.py:188} INFO - [2025-05-06T18:48:28.826-0500] {dag.py:3096} INFO - Sync 3 DAGs
[2025-05-06T18:48:28.831-0500] {logging_mixin.py:188} INFO - [2025-05-06T18:48:28.831-0500] {dag.py:3954} INFO - Setting next_dagrun for example_branch_datetime_operator to 2025-05-05 00:00:00+00:00, run_after=2025-05-06 00:00:00+00:00
[2025-05-06T18:48:28.832-0500] {logging_mixin.py:188} INFO - [2025-05-06T18:48:28.832-0500] {dag.py:3954} INFO - Setting next_dagrun for example_branch_datetime_operator_2 to 2025-05-05 00:00:00+00:00, run_after=2025-05-06 00:00:00+00:00
[2025-05-06T18:48:28.833-0500] {logging_mixin.py:188} INFO - [2025-05-06T18:48:28.833-0500] {dag.py:3954} INFO - Setting next_dagrun for example_branch_datetime_operator_3 to 2025-05-05 00:00:00+00:00, run_after=2025-05-06 00:00:00+00:00
[2025-05-06T18:48:28.837-0500] {processor.py:183} INFO - Processing /Users/chakradharreddyvangala/venv/lib/python3.11/site-packages/airflow/example_dags/example_branch_datetime_operator.py took 0.043 seconds
[2025-05-06T18:49:56.814-0500] {processor.py:161} INFO - Started process (PID=63190) to work on /Users/chakradharreddyvangala/venv/lib/python3.11/site-packages/airflow/example_dags/example_branch_datetime_operator.py
[2025-05-06T18:49:56.815-0500] {processor.py:830} INFO - Processing file /Users/chakradharreddyvangala/venv/lib/python3.11/site-packages/airflow/example_dags/example_branch_datetime_operator.py for tasks to queue
[2025-05-06T18:49:56.815-0500] {logging_mixin.py:188} INFO - [2025-05-06T18:49:56.815-0500] {dagbag.py:545} INFO - Filling up the DagBag from /Users/chakradharreddyvangala/venv/lib/python3.11/site-packages/airflow/example_dags/example_branch_datetime_operator.py
[2025-05-06T18:49:56.819-0500] {processor.py:840} INFO - DAG(s) 'example_branch_datetime_operator_3', 'example_branch_datetime_operator', 'example_branch_datetime_operator_2' retrieved from /Users/chakradharreddyvangala/venv/lib/python3.11/site-packages/airflow/example_dags/example_branch_datetime_operator.py
[2025-05-06T18:49:56.891-0500] {logging_mixin.py:188} INFO - [2025-05-06T18:49:56.891-0500] {dag.py:3096} INFO - Sync 3 DAGs
[2025-05-06T18:49:56.897-0500] {logging_mixin.py:188} INFO - [2025-05-06T18:49:56.897-0500] {dag.py:3954} INFO - Setting next_dagrun for example_branch_datetime_operator to 2025-05-05 00:00:00+00:00, run_after=2025-05-06 00:00:00+00:00
[2025-05-06T18:49:56.899-0500] {logging_mixin.py:188} INFO - [2025-05-06T18:49:56.899-0500] {dag.py:3954} INFO - Setting next_dagrun for example_branch_datetime_operator_2 to 2025-05-05 00:00:00+00:00, run_after=2025-05-06 00:00:00+00:00
[2025-05-06T18:49:56.899-0500] {logging_mixin.py:188} INFO - [2025-05-06T18:49:56.899-0500] {dag.py:3954} INFO - Setting next_dagrun for example_branch_datetime_operator_3 to 2025-05-05 00:00:00+00:00, run_after=2025-05-06 00:00:00+00:00
[2025-05-06T18:49:56.904-0500] {processor.py:183} INFO - Processing /Users/chakradharreddyvangala/venv/lib/python3.11/site-packages/airflow/example_dags/example_branch_datetime_operator.py took 0.092 seconds
[2025-05-06T18:51:31.817-0500] {processor.py:161} INFO - Started process (PID=63294) to work on /Users/chakradharreddyvangala/venv/lib/python3.11/site-packages/airflow/example_dags/example_branch_datetime_operator.py
[2025-05-06T18:51:31.818-0500] {processor.py:830} INFO - Processing file /Users/chakradharreddyvangala/venv/lib/python3.11/site-packages/airflow/example_dags/example_branch_datetime_operator.py for tasks to queue
[2025-05-06T18:51:31.819-0500] {logging_mixin.py:188} INFO - [2025-05-06T18:51:31.818-0500] {dagbag.py:545} INFO - Filling up the DagBag from /Users/chakradharreddyvangala/venv/lib/python3.11/site-packages/airflow/example_dags/example_branch_datetime_operator.py
[2025-05-06T18:51:31.823-0500] {processor.py:840} INFO - DAG(s) 'example_branch_datetime_operator_3', 'example_branch_datetime_operator_2', 'example_branch_datetime_operator' retrieved from /Users/chakradharreddyvangala/venv/lib/python3.11/site-packages/airflow/example_dags/example_branch_datetime_operator.py
[2025-05-06T18:51:31.850-0500] {logging_mixin.py:188} INFO - [2025-05-06T18:51:31.850-0500] {dag.py:3096} INFO - Sync 3 DAGs
[2025-05-06T18:51:31.855-0500] {logging_mixin.py:188} INFO - [2025-05-06T18:51:31.855-0500] {dag.py:3954} INFO - Setting next_dagrun for example_branch_datetime_operator to 2025-05-05 00:00:00+00:00, run_after=2025-05-06 00:00:00+00:00
[2025-05-06T18:51:31.856-0500] {logging_mixin.py:188} INFO - [2025-05-06T18:51:31.856-0500] {dag.py:3954} INFO - Setting next_dagrun for example_branch_datetime_operator_2 to 2025-05-05 00:00:00+00:00, run_after=2025-05-06 00:00:00+00:00
[2025-05-06T18:51:31.857-0500] {logging_mixin.py:188} INFO - [2025-05-06T18:51:31.857-0500] {dag.py:3954} INFO - Setting next_dagrun for example_branch_datetime_operator_3 to 2025-05-05 00:00:00+00:00, run_after=2025-05-06 00:00:00+00:00
[2025-05-06T18:51:31.861-0500] {processor.py:183} INFO - Processing /Users/chakradharreddyvangala/venv/lib/python3.11/site-packages/airflow/example_dags/example_branch_datetime_operator.py took 0.046 seconds
[2025-05-06T18:52:55.563-0500] {processor.py:161} INFO - Started process (PID=63407) to work on /Users/chakradharreddyvangala/venv/lib/python3.11/site-packages/airflow/example_dags/example_branch_datetime_operator.py
[2025-05-06T18:52:55.564-0500] {processor.py:830} INFO - Processing file /Users/chakradharreddyvangala/venv/lib/python3.11/site-packages/airflow/example_dags/example_branch_datetime_operator.py for tasks to queue
[2025-05-06T18:52:55.564-0500] {logging_mixin.py:188} INFO - [2025-05-06T18:52:55.564-0500] {dagbag.py:545} INFO - Filling up the DagBag from /Users/chakradharreddyvangala/venv/lib/python3.11/site-packages/airflow/example_dags/example_branch_datetime_operator.py
[2025-05-06T18:52:55.569-0500] {processor.py:840} INFO - DAG(s) 'example_branch_datetime_operator_3', 'example_branch_datetime_operator', 'example_branch_datetime_operator_2' retrieved from /Users/chakradharreddyvangala/venv/lib/python3.11/site-packages/airflow/example_dags/example_branch_datetime_operator.py
[2025-05-06T18:52:55.596-0500] {logging_mixin.py:188} INFO - [2025-05-06T18:52:55.596-0500] {dag.py:3096} INFO - Sync 3 DAGs
[2025-05-06T18:52:55.602-0500] {logging_mixin.py:188} INFO - [2025-05-06T18:52:55.602-0500] {dag.py:3954} INFO - Setting next_dagrun for example_branch_datetime_operator to 2025-05-05 00:00:00+00:00, run_after=2025-05-06 00:00:00+00:00
[2025-05-06T18:52:55.603-0500] {logging_mixin.py:188} INFO - [2025-05-06T18:52:55.603-0500] {dag.py:3954} INFO - Setting next_dagrun for example_branch_datetime_operator_2 to 2025-05-05 00:00:00+00:00, run_after=2025-05-06 00:00:00+00:00
[2025-05-06T18:52:55.603-0500] {logging_mixin.py:188} INFO - [2025-05-06T18:52:55.603-0500] {dag.py:3954} INFO - Setting next_dagrun for example_branch_datetime_operator_3 to 2025-05-05 00:00:00+00:00, run_after=2025-05-06 00:00:00+00:00
[2025-05-06T18:52:55.608-0500] {processor.py:183} INFO - Processing /Users/chakradharreddyvangala/venv/lib/python3.11/site-packages/airflow/example_dags/example_branch_datetime_operator.py took 0.046 seconds
[2025-05-06T18:54:23.546-0500] {processor.py:161} INFO - Started process (PID=63504) to work on /Users/chakradharreddyvangala/venv/lib/python3.11/site-packages/airflow/example_dags/example_branch_datetime_operator.py
[2025-05-06T18:54:23.546-0500] {processor.py:830} INFO - Processing file /Users/chakradharreddyvangala/venv/lib/python3.11/site-packages/airflow/example_dags/example_branch_datetime_operator.py for tasks to queue
[2025-05-06T18:54:23.546-0500] {logging_mixin.py:188} INFO - [2025-05-06T18:54:23.546-0500] {dagbag.py:545} INFO - Filling up the DagBag from /Users/chakradharreddyvangala/venv/lib/python3.11/site-packages/airflow/example_dags/example_branch_datetime_operator.py
[2025-05-06T18:54:23.550-0500] {processor.py:840} INFO - DAG(s) 'example_branch_datetime_operator_3', 'example_branch_datetime_operator_2', 'example_branch_datetime_operator' retrieved from /Users/chakradharreddyvangala/venv/lib/python3.11/site-packages/airflow/example_dags/example_branch_datetime_operator.py
[2025-05-06T18:54:23.601-0500] {logging_mixin.py:188} INFO - [2025-05-06T18:54:23.601-0500] {dag.py:3096} INFO - Sync 3 DAGs
[2025-05-06T18:54:23.606-0500] {logging_mixin.py:188} INFO - [2025-05-06T18:54:23.606-0500] {dag.py:3954} INFO - Setting next_dagrun for example_branch_datetime_operator to 2025-05-05 00:00:00+00:00, run_after=2025-05-06 00:00:00+00:00
[2025-05-06T18:54:23.607-0500] {logging_mixin.py:188} INFO - [2025-05-06T18:54:23.607-0500] {dag.py:3954} INFO - Setting next_dagrun for example_branch_datetime_operator_2 to 2025-05-05 00:00:00+00:00, run_after=2025-05-06 00:00:00+00:00
[2025-05-06T18:54:23.607-0500] {logging_mixin.py:188} INFO - [2025-05-06T18:54:23.607-0500] {dag.py:3954} INFO - Setting next_dagrun for example_branch_datetime_operator_3 to 2025-05-05 00:00:00+00:00, run_after=2025-05-06 00:00:00+00:00
[2025-05-06T18:54:23.612-0500] {processor.py:183} INFO - Processing /Users/chakradharreddyvangala/venv/lib/python3.11/site-packages/airflow/example_dags/example_branch_datetime_operator.py took 0.067 seconds
[2025-05-06T18:55:50.024-0500] {processor.py:161} INFO - Started process (PID=63582) to work on /Users/chakradharreddyvangala/venv/lib/python3.11/site-packages/airflow/example_dags/example_branch_datetime_operator.py
[2025-05-06T18:55:50.025-0500] {processor.py:830} INFO - Processing file /Users/chakradharreddyvangala/venv/lib/python3.11/site-packages/airflow/example_dags/example_branch_datetime_operator.py for tasks to queue
[2025-05-06T18:55:50.025-0500] {logging_mixin.py:188} INFO - [2025-05-06T18:55:50.025-0500] {dagbag.py:545} INFO - Filling up the DagBag from /Users/chakradharreddyvangala/venv/lib/python3.11/site-packages/airflow/example_dags/example_branch_datetime_operator.py
[2025-05-06T18:55:50.029-0500] {processor.py:840} INFO - DAG(s) 'example_branch_datetime_operator', 'example_branch_datetime_operator_3', 'example_branch_datetime_operator_2' retrieved from /Users/chakradharreddyvangala/venv/lib/python3.11/site-packages/airflow/example_dags/example_branch_datetime_operator.py
[2025-05-06T18:55:50.059-0500] {logging_mixin.py:188} INFO - [2025-05-06T18:55:50.059-0500] {dag.py:3096} INFO - Sync 3 DAGs
[2025-05-06T18:55:50.065-0500] {logging_mixin.py:188} INFO - [2025-05-06T18:55:50.065-0500] {dag.py:3954} INFO - Setting next_dagrun for example_branch_datetime_operator to 2025-05-05 00:00:00+00:00, run_after=2025-05-06 00:00:00+00:00
[2025-05-06T18:55:50.067-0500] {logging_mixin.py:188} INFO - [2025-05-06T18:55:50.066-0500] {dag.py:3954} INFO - Setting next_dagrun for example_branch_datetime_operator_2 to 2025-05-05 00:00:00+00:00, run_after=2025-05-06 00:00:00+00:00
[2025-05-06T18:55:50.067-0500] {logging_mixin.py:188} INFO - [2025-05-06T18:55:50.067-0500] {dag.py:3954} INFO - Setting next_dagrun for example_branch_datetime_operator_3 to 2025-05-05 00:00:00+00:00, run_after=2025-05-06 00:00:00+00:00
[2025-05-06T18:55:50.071-0500] {processor.py:183} INFO - Processing /Users/chakradharreddyvangala/venv/lib/python3.11/site-packages/airflow/example_dags/example_branch_datetime_operator.py took 0.049 seconds
[2025-05-06T18:57:14.563-0500] {processor.py:161} INFO - Started process (PID=63685) to work on /Users/chakradharreddyvangala/venv/lib/python3.11/site-packages/airflow/example_dags/example_branch_datetime_operator.py
[2025-05-06T18:57:14.564-0500] {processor.py:830} INFO - Processing file /Users/chakradharreddyvangala/venv/lib/python3.11/site-packages/airflow/example_dags/example_branch_datetime_operator.py for tasks to queue
[2025-05-06T18:57:14.564-0500] {logging_mixin.py:188} INFO - [2025-05-06T18:57:14.564-0500] {dagbag.py:545} INFO - Filling up the DagBag from /Users/chakradharreddyvangala/venv/lib/python3.11/site-packages/airflow/example_dags/example_branch_datetime_operator.py
[2025-05-06T18:57:14.568-0500] {processor.py:840} INFO - DAG(s) 'example_branch_datetime_operator', 'example_branch_datetime_operator_2', 'example_branch_datetime_operator_3' retrieved from /Users/chakradharreddyvangala/venv/lib/python3.11/site-packages/airflow/example_dags/example_branch_datetime_operator.py
[2025-05-06T18:57:14.596-0500] {logging_mixin.py:188} INFO - [2025-05-06T18:57:14.596-0500] {dag.py:3096} INFO - Sync 3 DAGs
[2025-05-06T18:57:14.601-0500] {logging_mixin.py:188} INFO - [2025-05-06T18:57:14.601-0500] {dag.py:3954} INFO - Setting next_dagrun for example_branch_datetime_operator to 2025-05-05 00:00:00+00:00, run_after=2025-05-06 00:00:00+00:00
[2025-05-06T18:57:14.602-0500] {logging_mixin.py:188} INFO - [2025-05-06T18:57:14.602-0500] {dag.py:3954} INFO - Setting next_dagrun for example_branch_datetime_operator_2 to 2025-05-05 00:00:00+00:00, run_after=2025-05-06 00:00:00+00:00
[2025-05-06T18:57:14.603-0500] {logging_mixin.py:188} INFO - [2025-05-06T18:57:14.603-0500] {dag.py:3954} INFO - Setting next_dagrun for example_branch_datetime_operator_3 to 2025-05-05 00:00:00+00:00, run_after=2025-05-06 00:00:00+00:00
[2025-05-06T18:57:14.607-0500] {processor.py:183} INFO - Processing /Users/chakradharreddyvangala/venv/lib/python3.11/site-packages/airflow/example_dags/example_branch_datetime_operator.py took 0.045 seconds
[2025-05-06T18:58:38.649-0500] {processor.py:161} INFO - Started process (PID=63783) to work on /Users/chakradharreddyvangala/venv/lib/python3.11/site-packages/airflow/example_dags/example_branch_datetime_operator.py
[2025-05-06T18:58:38.650-0500] {processor.py:830} INFO - Processing file /Users/chakradharreddyvangala/venv/lib/python3.11/site-packages/airflow/example_dags/example_branch_datetime_operator.py for tasks to queue
[2025-05-06T18:58:38.650-0500] {logging_mixin.py:188} INFO - [2025-05-06T18:58:38.650-0500] {dagbag.py:545} INFO - Filling up the DagBag from /Users/chakradharreddyvangala/venv/lib/python3.11/site-packages/airflow/example_dags/example_branch_datetime_operator.py
[2025-05-06T18:58:38.655-0500] {processor.py:840} INFO - DAG(s) 'example_branch_datetime_operator_2', 'example_branch_datetime_operator', 'example_branch_datetime_operator_3' retrieved from /Users/chakradharreddyvangala/venv/lib/python3.11/site-packages/airflow/example_dags/example_branch_datetime_operator.py
[2025-05-06T18:58:38.697-0500] {logging_mixin.py:188} INFO - [2025-05-06T18:58:38.696-0500] {dag.py:3096} INFO - Sync 3 DAGs
[2025-05-06T18:58:38.705-0500] {logging_mixin.py:188} INFO - [2025-05-06T18:58:38.704-0500] {dag.py:3954} INFO - Setting next_dagrun for example_branch_datetime_operator to 2025-05-05 00:00:00+00:00, run_after=2025-05-06 00:00:00+00:00
[2025-05-06T18:58:38.706-0500] {logging_mixin.py:188} INFO - [2025-05-06T18:58:38.706-0500] {dag.py:3954} INFO - Setting next_dagrun for example_branch_datetime_operator_2 to 2025-05-05 00:00:00+00:00, run_after=2025-05-06 00:00:00+00:00
[2025-05-06T18:58:38.707-0500] {logging_mixin.py:188} INFO - [2025-05-06T18:58:38.707-0500] {dag.py:3954} INFO - Setting next_dagrun for example_branch_datetime_operator_3 to 2025-05-05 00:00:00+00:00, run_after=2025-05-06 00:00:00+00:00
[2025-05-06T18:58:38.731-0500] {processor.py:183} INFO - Processing /Users/chakradharreddyvangala/venv/lib/python3.11/site-packages/airflow/example_dags/example_branch_datetime_operator.py took 0.084 seconds
