[2025-05-06T18:46:23.962-0500] {processor.py:161} INFO - Started process (PID=62963) to work on /Users/chakradharreddyvangala/venv/lib/python3.11/site-packages/airflow/example_dags/example_skip_dag.py
[2025-05-06T18:46:23.963-0500] {processor.py:830} INFO - Processing file /Users/chakradharreddyvangala/venv/lib/python3.11/site-packages/airflow/example_dags/example_skip_dag.py for tasks to queue
[2025-05-06T18:46:23.963-0500] {logging_mixin.py:188} INFO - [2025-05-06T18:46:23.963-0500] {dagbag.py:545} INFO - Filling up the DagBag from /Users/chakradharreddyvangala/venv/lib/python3.11/site-packages/airflow/example_dags/example_skip_dag.py
[2025-05-06T18:46:23.968-0500] {processor.py:840} INFO - DAG(s) 'example_skip_dag' retrieved from /Users/chakradharreddyvangala/venv/lib/python3.11/site-packages/airflow/example_dags/example_skip_dag.py
[2025-05-06T18:46:24.080-0500] {logging_mixin.py:188} INFO - [2025-05-06T18:46:24.080-0500] {override.py:1829} INFO - Created Permission View: can edit on DAG:example_skip_dag
[2025-05-06T18:46:24.082-0500] {logging_mixin.py:188} INFO - [2025-05-06T18:46:24.082-0500] {override.py:1829} INFO - Created Permission View: can delete on DAG:example_skip_dag
[2025-05-06T18:46:24.084-0500] {logging_mixin.py:188} INFO - [2025-05-06T18:46:24.084-0500] {override.py:1829} INFO - Created Permission View: can read on DAG:example_skip_dag
[2025-05-06T18:46:24.084-0500] {logging_mixin.py:188} INFO - [2025-05-06T18:46:24.084-0500] {dag.py:3096} INFO - Sync 1 DAGs
[2025-05-06T18:46:24.087-0500] {logging_mixin.py:188} INFO - [2025-05-06T18:46:24.087-0500] {dag.py:3118} INFO - Creating ORM DAG for example_skip_dag
[2025-05-06T18:46:24.094-0500] {logging_mixin.py:188} INFO - [2025-05-06T18:46:24.093-0500] {dag.py:3954} INFO - Setting next_dagrun for example_skip_dag to 2025-05-05 00:00:00+00:00, run_after=2025-05-06 00:00:00+00:00
[2025-05-06T18:46:24.101-0500] {processor.py:183} INFO - Processing /Users/chakradharreddyvangala/venv/lib/python3.11/site-packages/airflow/example_dags/example_skip_dag.py took 0.140 seconds
[2025-05-06T18:47:37.606-0500] {processor.py:161} INFO - Started process (PID=63032) to work on /Users/chakradharreddyvangala/venv/lib/python3.11/site-packages/airflow/example_dags/example_skip_dag.py
[2025-05-06T18:47:37.607-0500] {processor.py:830} INFO - Processing file /Users/chakradharreddyvangala/venv/lib/python3.11/site-packages/airflow/example_dags/example_skip_dag.py for tasks to queue
[2025-05-06T18:47:37.607-0500] {logging_mixin.py:188} INFO - [2025-05-06T18:47:37.607-0500] {dagbag.py:545} INFO - Filling up the DagBag from /Users/chakradharreddyvangala/venv/lib/python3.11/site-packages/airflow/example_dags/example_skip_dag.py
[2025-05-06T18:47:37.610-0500] {processor.py:840} INFO - DAG(s) 'example_skip_dag' retrieved from /Users/chakradharreddyvangala/venv/lib/python3.11/site-packages/airflow/example_dags/example_skip_dag.py
[2025-05-06T18:47:37.634-0500] {logging_mixin.py:188} INFO - [2025-05-06T18:47:37.634-0500] {dag.py:3096} INFO - Sync 1 DAGs
[2025-05-06T18:47:37.639-0500] {logging_mixin.py:188} INFO - [2025-05-06T18:47:37.639-0500] {dag.py:3954} INFO - Setting next_dagrun for example_skip_dag to 2025-05-05 00:00:00+00:00, run_after=2025-05-06 00:00:00+00:00
[2025-05-06T18:47:37.643-0500] {processor.py:183} INFO - Processing /Users/chakradharreddyvangala/venv/lib/python3.11/site-packages/airflow/example_dags/example_skip_dag.py took 0.038 seconds
[2025-05-06T18:48:59.146-0500] {processor.py:161} INFO - Started process (PID=63118) to work on /Users/chakradharreddyvangala/venv/lib/python3.11/site-packages/airflow/example_dags/example_skip_dag.py
[2025-05-06T18:48:59.147-0500] {processor.py:830} INFO - Processing file /Users/chakradharreddyvangala/venv/lib/python3.11/site-packages/airflow/example_dags/example_skip_dag.py for tasks to queue
[2025-05-06T18:48:59.147-0500] {logging_mixin.py:188} INFO - [2025-05-06T18:48:59.147-0500] {dagbag.py:545} INFO - Filling up the DagBag from /Users/chakradharreddyvangala/venv/lib/python3.11/site-packages/airflow/example_dags/example_skip_dag.py
[2025-05-06T18:48:59.151-0500] {processor.py:840} INFO - DAG(s) 'example_skip_dag' retrieved from /Users/chakradharreddyvangala/venv/lib/python3.11/site-packages/airflow/example_dags/example_skip_dag.py
[2025-05-06T18:48:59.179-0500] {logging_mixin.py:188} INFO - [2025-05-06T18:48:59.179-0500] {dag.py:3096} INFO - Sync 1 DAGs
[2025-05-06T18:48:59.183-0500] {logging_mixin.py:188} INFO - [2025-05-06T18:48:59.183-0500] {dag.py:3954} INFO - Setting next_dagrun for example_skip_dag to 2025-05-05 00:00:00+00:00, run_after=2025-05-06 00:00:00+00:00
[2025-05-06T18:48:59.189-0500] {processor.py:183} INFO - Processing /Users/chakradharreddyvangala/venv/lib/python3.11/site-packages/airflow/example_dags/example_skip_dag.py took 0.047 seconds
[2025-05-06T18:50:30.941-0500] {processor.py:161} INFO - Started process (PID=63235) to work on /Users/chakradharreddyvangala/venv/lib/python3.11/site-packages/airflow/example_dags/example_skip_dag.py
[2025-05-06T18:50:30.942-0500] {processor.py:830} INFO - Processing file /Users/chakradharreddyvangala/venv/lib/python3.11/site-packages/airflow/example_dags/example_skip_dag.py for tasks to queue
[2025-05-06T18:50:30.942-0500] {logging_mixin.py:188} INFO - [2025-05-06T18:50:30.942-0500] {dagbag.py:545} INFO - Filling up the DagBag from /Users/chakradharreddyvangala/venv/lib/python3.11/site-packages/airflow/example_dags/example_skip_dag.py
[2025-05-06T18:50:30.944-0500] {processor.py:840} INFO - DAG(s) 'example_skip_dag' retrieved from /Users/chakradharreddyvangala/venv/lib/python3.11/site-packages/airflow/example_dags/example_skip_dag.py
[2025-05-06T18:50:30.970-0500] {logging_mixin.py:188} INFO - [2025-05-06T18:50:30.970-0500] {dag.py:3096} INFO - Sync 1 DAGs
[2025-05-06T18:50:30.975-0500] {logging_mixin.py:188} INFO - [2025-05-06T18:50:30.975-0500] {dag.py:3954} INFO - Setting next_dagrun for example_skip_dag to 2025-05-05 00:00:00+00:00, run_after=2025-05-06 00:00:00+00:00
[2025-05-06T18:50:30.980-0500] {processor.py:183} INFO - Processing /Users/chakradharreddyvangala/venv/lib/python3.11/site-packages/airflow/example_dags/example_skip_dag.py took 0.040 seconds
[2025-05-06T18:51:59.876-0500] {processor.py:161} INFO - Started process (PID=63324) to work on /Users/chakradharreddyvangala/venv/lib/python3.11/site-packages/airflow/example_dags/example_skip_dag.py
[2025-05-06T18:51:59.877-0500] {processor.py:830} INFO - Processing file /Users/chakradharreddyvangala/venv/lib/python3.11/site-packages/airflow/example_dags/example_skip_dag.py for tasks to queue
[2025-05-06T18:51:59.877-0500] {logging_mixin.py:188} INFO - [2025-05-06T18:51:59.877-0500] {dagbag.py:545} INFO - Filling up the DagBag from /Users/chakradharreddyvangala/venv/lib/python3.11/site-packages/airflow/example_dags/example_skip_dag.py
[2025-05-06T18:51:59.880-0500] {processor.py:840} INFO - DAG(s) 'example_skip_dag' retrieved from /Users/chakradharreddyvangala/venv/lib/python3.11/site-packages/airflow/example_dags/example_skip_dag.py
[2025-05-06T18:51:59.906-0500] {logging_mixin.py:188} INFO - [2025-05-06T18:51:59.906-0500] {dag.py:3096} INFO - Sync 1 DAGs
[2025-05-06T18:51:59.911-0500] {logging_mixin.py:188} INFO - [2025-05-06T18:51:59.911-0500] {dag.py:3954} INFO - Setting next_dagrun for example_skip_dag to 2025-05-05 00:00:00+00:00, run_after=2025-05-06 00:00:00+00:00
[2025-05-06T18:51:59.916-0500] {processor.py:183} INFO - Processing /Users/chakradharreddyvangala/venv/lib/python3.11/site-packages/airflow/example_dags/example_skip_dag.py took 0.041 seconds
[2025-05-06T18:53:23.708-0500] {processor.py:161} INFO - Started process (PID=63431) to work on /Users/chakradharreddyvangala/venv/lib/python3.11/site-packages/airflow/example_dags/example_skip_dag.py
[2025-05-06T18:53:23.709-0500] {processor.py:830} INFO - Processing file /Users/chakradharreddyvangala/venv/lib/python3.11/site-packages/airflow/example_dags/example_skip_dag.py for tasks to queue
[2025-05-06T18:53:23.709-0500] {logging_mixin.py:188} INFO - [2025-05-06T18:53:23.709-0500] {dagbag.py:545} INFO - Filling up the DagBag from /Users/chakradharreddyvangala/venv/lib/python3.11/site-packages/airflow/example_dags/example_skip_dag.py
[2025-05-06T18:53:23.711-0500] {processor.py:840} INFO - DAG(s) 'example_skip_dag' retrieved from /Users/chakradharreddyvangala/venv/lib/python3.11/site-packages/airflow/example_dags/example_skip_dag.py
[2025-05-06T18:53:23.746-0500] {logging_mixin.py:188} INFO - [2025-05-06T18:53:23.746-0500] {dag.py:3096} INFO - Sync 1 DAGs
[2025-05-06T18:53:23.750-0500] {logging_mixin.py:188} INFO - [2025-05-06T18:53:23.750-0500] {dag.py:3954} INFO - Setting next_dagrun for example_skip_dag to 2025-05-05 00:00:00+00:00, run_after=2025-05-06 00:00:00+00:00
[2025-05-06T18:53:23.756-0500] {processor.py:183} INFO - Processing /Users/chakradharreddyvangala/venv/lib/python3.11/site-packages/airflow/example_dags/example_skip_dag.py took 0.048 seconds
[2025-05-06T18:54:51.615-0500] {processor.py:161} INFO - Started process (PID=63531) to work on /Users/chakradharreddyvangala/venv/lib/python3.11/site-packages/airflow/example_dags/example_skip_dag.py
[2025-05-06T18:54:51.616-0500] {processor.py:830} INFO - Processing file /Users/chakradharreddyvangala/venv/lib/python3.11/site-packages/airflow/example_dags/example_skip_dag.py for tasks to queue
[2025-05-06T18:54:51.616-0500] {logging_mixin.py:188} INFO - [2025-05-06T18:54:51.616-0500] {dagbag.py:545} INFO - Filling up the DagBag from /Users/chakradharreddyvangala/venv/lib/python3.11/site-packages/airflow/example_dags/example_skip_dag.py
[2025-05-06T18:54:51.618-0500] {processor.py:840} INFO - DAG(s) 'example_skip_dag' retrieved from /Users/chakradharreddyvangala/venv/lib/python3.11/site-packages/airflow/example_dags/example_skip_dag.py
[2025-05-06T18:54:51.666-0500] {logging_mixin.py:188} INFO - [2025-05-06T18:54:51.666-0500] {dag.py:3096} INFO - Sync 1 DAGs
[2025-05-06T18:54:51.670-0500] {logging_mixin.py:188} INFO - [2025-05-06T18:54:51.670-0500] {dag.py:3954} INFO - Setting next_dagrun for example_skip_dag to 2025-05-05 00:00:00+00:00, run_after=2025-05-06 00:00:00+00:00
[2025-05-06T18:54:51.677-0500] {processor.py:183} INFO - Processing /Users/chakradharreddyvangala/venv/lib/python3.11/site-packages/airflow/example_dags/example_skip_dag.py took 0.063 seconds
[2025-05-06T18:56:18.872-0500] {processor.py:161} INFO - Started process (PID=63618) to work on /Users/chakradharreddyvangala/venv/lib/python3.11/site-packages/airflow/example_dags/example_skip_dag.py
[2025-05-06T18:56:18.873-0500] {processor.py:830} INFO - Processing file /Users/chakradharreddyvangala/venv/lib/python3.11/site-packages/airflow/example_dags/example_skip_dag.py for tasks to queue
[2025-05-06T18:56:18.873-0500] {logging_mixin.py:188} INFO - [2025-05-06T18:56:18.873-0500] {dagbag.py:545} INFO - Filling up the DagBag from /Users/chakradharreddyvangala/venv/lib/python3.11/site-packages/airflow/example_dags/example_skip_dag.py
[2025-05-06T18:56:18.875-0500] {processor.py:840} INFO - DAG(s) 'example_skip_dag' retrieved from /Users/chakradharreddyvangala/venv/lib/python3.11/site-packages/airflow/example_dags/example_skip_dag.py
[2025-05-06T18:56:18.901-0500] {logging_mixin.py:188} INFO - [2025-05-06T18:56:18.901-0500] {dag.py:3096} INFO - Sync 1 DAGs
[2025-05-06T18:56:18.906-0500] {logging_mixin.py:188} INFO - [2025-05-06T18:56:18.906-0500] {dag.py:3954} INFO - Setting next_dagrun for example_skip_dag to 2025-05-05 00:00:00+00:00, run_after=2025-05-06 00:00:00+00:00
[2025-05-06T18:56:18.911-0500] {processor.py:183} INFO - Processing /Users/chakradharreddyvangala/venv/lib/python3.11/site-packages/airflow/example_dags/example_skip_dag.py took 0.040 seconds
[2025-05-06T18:57:43.030-0500] {processor.py:161} INFO - Started process (PID=63709) to work on /Users/chakradharreddyvangala/venv/lib/python3.11/site-packages/airflow/example_dags/example_skip_dag.py
[2025-05-06T18:57:43.031-0500] {processor.py:830} INFO - Processing file /Users/chakradharreddyvangala/venv/lib/python3.11/site-packages/airflow/example_dags/example_skip_dag.py for tasks to queue
[2025-05-06T18:57:43.031-0500] {logging_mixin.py:188} INFO - [2025-05-06T18:57:43.031-0500] {dagbag.py:545} INFO - Filling up the DagBag from /Users/chakradharreddyvangala/venv/lib/python3.11/site-packages/airflow/example_dags/example_skip_dag.py
[2025-05-06T18:57:43.033-0500] {processor.py:840} INFO - DAG(s) 'example_skip_dag' retrieved from /Users/chakradharreddyvangala/venv/lib/python3.11/site-packages/airflow/example_dags/example_skip_dag.py
[2025-05-06T18:57:43.059-0500] {logging_mixin.py:188} INFO - [2025-05-06T18:57:43.059-0500] {dag.py:3096} INFO - Sync 1 DAGs
[2025-05-06T18:57:43.064-0500] {logging_mixin.py:188} INFO - [2025-05-06T18:57:43.064-0500] {dag.py:3954} INFO - Setting next_dagrun for example_skip_dag to 2025-05-05 00:00:00+00:00, run_after=2025-05-06 00:00:00+00:00
[2025-05-06T18:57:43.069-0500] {processor.py:183} INFO - Processing /Users/chakradharreddyvangala/venv/lib/python3.11/site-packages/airflow/example_dags/example_skip_dag.py took 0.040 seconds
[2025-05-06T18:58:44.132-0500] {processor.py:161} INFO - Started process (PID=63796) to work on /Users/chakradharreddyvangala/venv/lib/python3.11/site-packages/airflow/example_dags/example_skip_dag.py
[2025-05-06T18:58:44.133-0500] {processor.py:830} INFO - Processing file /Users/chakradharreddyvangala/venv/lib/python3.11/site-packages/airflow/example_dags/example_skip_dag.py for tasks to queue
[2025-05-06T18:58:44.133-0500] {logging_mixin.py:188} INFO - [2025-05-06T18:58:44.133-0500] {dagbag.py:545} INFO - Filling up the DagBag from /Users/chakradharreddyvangala/venv/lib/python3.11/site-packages/airflow/example_dags/example_skip_dag.py
[2025-05-06T18:58:44.138-0500] {processor.py:840} INFO - DAG(s) 'example_skip_dag' retrieved from /Users/chakradharreddyvangala/venv/lib/python3.11/site-packages/airflow/example_dags/example_skip_dag.py
[2025-05-06T18:58:44.174-0500] {logging_mixin.py:188} INFO - [2025-05-06T18:58:44.174-0500] {dag.py:3096} INFO - Sync 1 DAGs
[2025-05-06T18:58:44.180-0500] {logging_mixin.py:188} INFO - [2025-05-06T18:58:44.180-0500] {dag.py:3954} INFO - Setting next_dagrun for example_skip_dag to 2025-05-05 00:00:00+00:00, run_after=2025-05-06 00:00:00+00:00
[2025-05-06T18:58:44.187-0500] {processor.py:183} INFO - Processing /Users/chakradharreddyvangala/venv/lib/python3.11/site-packages/airflow/example_dags/example_skip_dag.py took 0.057 seconds
