[2025-05-06T18:46:44.474-0500] {processor.py:161} INFO - Started process (PID=62987) to work on /Users/chakradharreddyvangala/venv/lib/python3.11/site-packages/airflow/example_dags/example_latest_only_with_trigger.py
[2025-05-06T18:46:44.474-0500] {processor.py:830} INFO - Processing file /Users/chakradharreddyvangala/venv/lib/python3.11/site-packages/airflow/example_dags/example_latest_only_with_trigger.py for tasks to queue
[2025-05-06T18:46:44.474-0500] {logging_mixin.py:188} INFO - [2025-05-06T18:46:44.474-0500] {dagbag.py:545} INFO - Filling up the DagBag from /Users/chakradharreddyvangala/venv/lib/python3.11/site-packages/airflow/example_dags/example_latest_only_with_trigger.py
[2025-05-06T18:46:44.477-0500] {processor.py:840} INFO - DAG(s) 'latest_only_with_trigger' retrieved from /Users/chakradharreddyvangala/venv/lib/python3.11/site-packages/airflow/example_dags/example_latest_only_with_trigger.py
[2025-05-06T18:46:44.527-0500] {logging_mixin.py:188} INFO - [2025-05-06T18:46:44.527-0500] {override.py:1829} INFO - Created Permission View: can edit on DAG:latest_only_with_trigger
[2025-05-06T18:46:44.530-0500] {logging_mixin.py:188} INFO - [2025-05-06T18:46:44.529-0500] {override.py:1829} INFO - Created Permission View: can read on DAG:latest_only_with_trigger
[2025-05-06T18:46:44.531-0500] {logging_mixin.py:188} INFO - [2025-05-06T18:46:44.531-0500] {override.py:1829} INFO - Created Permission View: can delete on DAG:latest_only_with_trigger
[2025-05-06T18:46:44.531-0500] {logging_mixin.py:188} INFO - [2025-05-06T18:46:44.531-0500] {dag.py:3096} INFO - Sync 1 DAGs
[2025-05-06T18:46:44.534-0500] {logging_mixin.py:188} INFO - [2025-05-06T18:46:44.534-0500] {dag.py:3118} INFO - Creating ORM DAG for latest_only_with_trigger
[2025-05-06T18:46:44.536-0500] {logging_mixin.py:188} INFO - [2025-05-06T18:46:44.536-0500] {dag.py:3954} INFO - Setting next_dagrun for latest_only_with_trigger to 2025-05-06 16:00:00+00:00, run_after=2025-05-06 20:00:00+00:00
[2025-05-06T18:46:44.541-0500] {processor.py:183} INFO - Processing /Users/chakradharreddyvangala/venv/lib/python3.11/site-packages/airflow/example_dags/example_latest_only_with_trigger.py took 0.069 seconds
[2025-05-06T18:48:08.069-0500] {processor.py:161} INFO - Started process (PID=63066) to work on /Users/chakradharreddyvangala/venv/lib/python3.11/site-packages/airflow/example_dags/example_latest_only_with_trigger.py
[2025-05-06T18:48:08.070-0500] {processor.py:830} INFO - Processing file /Users/chakradharreddyvangala/venv/lib/python3.11/site-packages/airflow/example_dags/example_latest_only_with_trigger.py for tasks to queue
[2025-05-06T18:48:08.070-0500] {logging_mixin.py:188} INFO - [2025-05-06T18:48:08.070-0500] {dagbag.py:545} INFO - Filling up the DagBag from /Users/chakradharreddyvangala/venv/lib/python3.11/site-packages/airflow/example_dags/example_latest_only_with_trigger.py
[2025-05-06T18:48:08.073-0500] {processor.py:840} INFO - DAG(s) 'latest_only_with_trigger' retrieved from /Users/chakradharreddyvangala/venv/lib/python3.11/site-packages/airflow/example_dags/example_latest_only_with_trigger.py
[2025-05-06T18:48:08.098-0500] {logging_mixin.py:188} INFO - [2025-05-06T18:48:08.098-0500] {dag.py:3096} INFO - Sync 1 DAGs
[2025-05-06T18:48:08.102-0500] {logging_mixin.py:188} INFO - [2025-05-06T18:48:08.102-0500] {dag.py:3954} INFO - Setting next_dagrun for latest_only_with_trigger to 2025-05-06 16:00:00+00:00, run_after=2025-05-06 20:00:00+00:00
[2025-05-06T18:48:08.108-0500] {processor.py:183} INFO - Processing /Users/chakradharreddyvangala/venv/lib/python3.11/site-packages/airflow/example_dags/example_latest_only_with_trigger.py took 0.042 seconds
[2025-05-06T18:49:32.346-0500] {processor.py:161} INFO - Started process (PID=63146) to work on /Users/chakradharreddyvangala/venv/lib/python3.11/site-packages/airflow/example_dags/example_latest_only_with_trigger.py
[2025-05-06T18:49:32.346-0500] {processor.py:830} INFO - Processing file /Users/chakradharreddyvangala/venv/lib/python3.11/site-packages/airflow/example_dags/example_latest_only_with_trigger.py for tasks to queue
[2025-05-06T18:49:32.347-0500] {logging_mixin.py:188} INFO - [2025-05-06T18:49:32.347-0500] {dagbag.py:545} INFO - Filling up the DagBag from /Users/chakradharreddyvangala/venv/lib/python3.11/site-packages/airflow/example_dags/example_latest_only_with_trigger.py
[2025-05-06T18:49:32.350-0500] {processor.py:840} INFO - DAG(s) 'latest_only_with_trigger' retrieved from /Users/chakradharreddyvangala/venv/lib/python3.11/site-packages/airflow/example_dags/example_latest_only_with_trigger.py
[2025-05-06T18:49:32.376-0500] {logging_mixin.py:188} INFO - [2025-05-06T18:49:32.376-0500] {dag.py:3096} INFO - Sync 1 DAGs
[2025-05-06T18:49:32.381-0500] {logging_mixin.py:188} INFO - [2025-05-06T18:49:32.381-0500] {dag.py:3954} INFO - Setting next_dagrun for latest_only_with_trigger to 2025-05-06 16:00:00+00:00, run_after=2025-05-06 20:00:00+00:00
[2025-05-06T18:49:32.386-0500] {processor.py:183} INFO - Processing /Users/chakradharreddyvangala/venv/lib/python3.11/site-packages/airflow/example_dags/example_latest_only_with_trigger.py took 0.041 seconds
[2025-05-06T18:51:09.073-0500] {processor.py:161} INFO - Started process (PID=63276) to work on /Users/chakradharreddyvangala/venv/lib/python3.11/site-packages/airflow/example_dags/example_latest_only_with_trigger.py
[2025-05-06T18:51:09.073-0500] {processor.py:830} INFO - Processing file /Users/chakradharreddyvangala/venv/lib/python3.11/site-packages/airflow/example_dags/example_latest_only_with_trigger.py for tasks to queue
[2025-05-06T18:51:09.073-0500] {logging_mixin.py:188} INFO - [2025-05-06T18:51:09.073-0500] {dagbag.py:545} INFO - Filling up the DagBag from /Users/chakradharreddyvangala/venv/lib/python3.11/site-packages/airflow/example_dags/example_latest_only_with_trigger.py
[2025-05-06T18:51:09.081-0500] {processor.py:840} INFO - DAG(s) 'latest_only_with_trigger' retrieved from /Users/chakradharreddyvangala/venv/lib/python3.11/site-packages/airflow/example_dags/example_latest_only_with_trigger.py
[2025-05-06T18:51:09.113-0500] {logging_mixin.py:188} INFO - [2025-05-06T18:51:09.113-0500] {dag.py:3096} INFO - Sync 1 DAGs
[2025-05-06T18:51:09.120-0500] {logging_mixin.py:188} INFO - [2025-05-06T18:51:09.120-0500] {dag.py:3954} INFO - Setting next_dagrun for latest_only_with_trigger to 2025-05-06 16:00:00+00:00, run_after=2025-05-06 20:00:00+00:00
[2025-05-06T18:51:09.126-0500] {processor.py:183} INFO - Processing /Users/chakradharreddyvangala/venv/lib/python3.11/site-packages/airflow/example_dags/example_latest_only_with_trigger.py took 0.057 seconds
[2025-05-06T18:52:34.592-0500] {processor.py:161} INFO - Started process (PID=63370) to work on /Users/chakradharreddyvangala/venv/lib/python3.11/site-packages/airflow/example_dags/example_latest_only_with_trigger.py
[2025-05-06T18:52:34.592-0500] {processor.py:830} INFO - Processing file /Users/chakradharreddyvangala/venv/lib/python3.11/site-packages/airflow/example_dags/example_latest_only_with_trigger.py for tasks to queue
[2025-05-06T18:52:34.593-0500] {logging_mixin.py:188} INFO - [2025-05-06T18:52:34.593-0500] {dagbag.py:545} INFO - Filling up the DagBag from /Users/chakradharreddyvangala/venv/lib/python3.11/site-packages/airflow/example_dags/example_latest_only_with_trigger.py
[2025-05-06T18:52:34.596-0500] {processor.py:840} INFO - DAG(s) 'latest_only_with_trigger' retrieved from /Users/chakradharreddyvangala/venv/lib/python3.11/site-packages/airflow/example_dags/example_latest_only_with_trigger.py
[2025-05-06T18:52:34.622-0500] {logging_mixin.py:188} INFO - [2025-05-06T18:52:34.622-0500] {dag.py:3096} INFO - Sync 1 DAGs
[2025-05-06T18:52:34.627-0500] {logging_mixin.py:188} INFO - [2025-05-06T18:52:34.627-0500] {dag.py:3954} INFO - Setting next_dagrun for latest_only_with_trigger to 2025-05-06 16:00:00+00:00, run_after=2025-05-06 20:00:00+00:00
[2025-05-06T18:52:34.632-0500] {processor.py:183} INFO - Processing /Users/chakradharreddyvangala/venv/lib/python3.11/site-packages/airflow/example_dags/example_latest_only_with_trigger.py took 0.042 seconds
[2025-05-06T18:54:01.097-0500] {processor.py:161} INFO - Started process (PID=63486) to work on /Users/chakradharreddyvangala/venv/lib/python3.11/site-packages/airflow/example_dags/example_latest_only_with_trigger.py
[2025-05-06T18:54:01.099-0500] {processor.py:830} INFO - Processing file /Users/chakradharreddyvangala/venv/lib/python3.11/site-packages/airflow/example_dags/example_latest_only_with_trigger.py for tasks to queue
[2025-05-06T18:54:01.099-0500] {logging_mixin.py:188} INFO - [2025-05-06T18:54:01.099-0500] {dagbag.py:545} INFO - Filling up the DagBag from /Users/chakradharreddyvangala/venv/lib/python3.11/site-packages/airflow/example_dags/example_latest_only_with_trigger.py
[2025-05-06T18:54:01.103-0500] {processor.py:840} INFO - DAG(s) 'latest_only_with_trigger' retrieved from /Users/chakradharreddyvangala/venv/lib/python3.11/site-packages/airflow/example_dags/example_latest_only_with_trigger.py
[2025-05-06T18:54:01.150-0500] {logging_mixin.py:188} INFO - [2025-05-06T18:54:01.150-0500] {dag.py:3096} INFO - Sync 1 DAGs
[2025-05-06T18:54:01.154-0500] {logging_mixin.py:188} INFO - [2025-05-06T18:54:01.154-0500] {dag.py:3954} INFO - Setting next_dagrun for latest_only_with_trigger to 2025-05-06 16:00:00+00:00, run_after=2025-05-06 20:00:00+00:00
[2025-05-06T18:54:01.161-0500] {processor.py:183} INFO - Processing /Users/chakradharreddyvangala/venv/lib/python3.11/site-packages/airflow/example_dags/example_latest_only_with_trigger.py took 0.065 seconds
[2025-05-06T18:55:29.234-0500] {processor.py:161} INFO - Started process (PID=63564) to work on /Users/chakradharreddyvangala/venv/lib/python3.11/site-packages/airflow/example_dags/example_latest_only_with_trigger.py
[2025-05-06T18:55:29.235-0500] {processor.py:830} INFO - Processing file /Users/chakradharreddyvangala/venv/lib/python3.11/site-packages/airflow/example_dags/example_latest_only_with_trigger.py for tasks to queue
[2025-05-06T18:55:29.236-0500] {logging_mixin.py:188} INFO - [2025-05-06T18:55:29.235-0500] {dagbag.py:545} INFO - Filling up the DagBag from /Users/chakradharreddyvangala/venv/lib/python3.11/site-packages/airflow/example_dags/example_latest_only_with_trigger.py
[2025-05-06T18:55:29.238-0500] {processor.py:840} INFO - DAG(s) 'latest_only_with_trigger' retrieved from /Users/chakradharreddyvangala/venv/lib/python3.11/site-packages/airflow/example_dags/example_latest_only_with_trigger.py
[2025-05-06T18:55:29.264-0500] {logging_mixin.py:188} INFO - [2025-05-06T18:55:29.264-0500] {dag.py:3096} INFO - Sync 1 DAGs
[2025-05-06T18:55:29.269-0500] {logging_mixin.py:188} INFO - [2025-05-06T18:55:29.269-0500] {dag.py:3954} INFO - Setting next_dagrun for latest_only_with_trigger to 2025-05-06 16:00:00+00:00, run_after=2025-05-06 20:00:00+00:00
[2025-05-06T18:55:29.273-0500] {processor.py:183} INFO - Processing /Users/chakradharreddyvangala/venv/lib/python3.11/site-packages/airflow/example_dags/example_latest_only_with_trigger.py took 0.040 seconds
[2025-05-06T18:56:53.847-0500] {processor.py:161} INFO - Started process (PID=63667) to work on /Users/chakradharreddyvangala/venv/lib/python3.11/site-packages/airflow/example_dags/example_latest_only_with_trigger.py
[2025-05-06T18:56:53.848-0500] {processor.py:830} INFO - Processing file /Users/chakradharreddyvangala/venv/lib/python3.11/site-packages/airflow/example_dags/example_latest_only_with_trigger.py for tasks to queue
[2025-05-06T18:56:53.848-0500] {logging_mixin.py:188} INFO - [2025-05-06T18:56:53.848-0500] {dagbag.py:545} INFO - Filling up the DagBag from /Users/chakradharreddyvangala/venv/lib/python3.11/site-packages/airflow/example_dags/example_latest_only_with_trigger.py
[2025-05-06T18:56:53.851-0500] {processor.py:840} INFO - DAG(s) 'latest_only_with_trigger' retrieved from /Users/chakradharreddyvangala/venv/lib/python3.11/site-packages/airflow/example_dags/example_latest_only_with_trigger.py
[2025-05-06T18:56:53.878-0500] {logging_mixin.py:188} INFO - [2025-05-06T18:56:53.878-0500] {dag.py:3096} INFO - Sync 1 DAGs
[2025-05-06T18:56:53.883-0500] {logging_mixin.py:188} INFO - [2025-05-06T18:56:53.883-0500] {dag.py:3954} INFO - Setting next_dagrun for latest_only_with_trigger to 2025-05-06 16:00:00+00:00, run_after=2025-05-06 20:00:00+00:00
[2025-05-06T18:56:53.889-0500] {processor.py:183} INFO - Processing /Users/chakradharreddyvangala/venv/lib/python3.11/site-packages/airflow/example_dags/example_latest_only_with_trigger.py took 0.044 seconds
[2025-05-06T18:58:18.014-0500] {processor.py:161} INFO - Started process (PID=63744) to work on /Users/chakradharreddyvangala/venv/lib/python3.11/site-packages/airflow/example_dags/example_latest_only_with_trigger.py
[2025-05-06T18:58:18.015-0500] {processor.py:830} INFO - Processing file /Users/chakradharreddyvangala/venv/lib/python3.11/site-packages/airflow/example_dags/example_latest_only_with_trigger.py for tasks to queue
[2025-05-06T18:58:18.015-0500] {logging_mixin.py:188} INFO - [2025-05-06T18:58:18.015-0500] {dagbag.py:545} INFO - Filling up the DagBag from /Users/chakradharreddyvangala/venv/lib/python3.11/site-packages/airflow/example_dags/example_latest_only_with_trigger.py
[2025-05-06T18:58:18.018-0500] {processor.py:840} INFO - DAG(s) 'latest_only_with_trigger' retrieved from /Users/chakradharreddyvangala/venv/lib/python3.11/site-packages/airflow/example_dags/example_latest_only_with_trigger.py
[2025-05-06T18:58:18.044-0500] {logging_mixin.py:188} INFO - [2025-05-06T18:58:18.043-0500] {dag.py:3096} INFO - Sync 1 DAGs
[2025-05-06T18:58:18.049-0500] {logging_mixin.py:188} INFO - [2025-05-06T18:58:18.048-0500] {dag.py:3954} INFO - Setting next_dagrun for latest_only_with_trigger to 2025-05-06 16:00:00+00:00, run_after=2025-05-06 20:00:00+00:00
[2025-05-06T18:58:18.053-0500] {processor.py:183} INFO - Processing /Users/chakradharreddyvangala/venv/lib/python3.11/site-packages/airflow/example_dags/example_latest_only_with_trigger.py took 0.041 seconds
[2025-05-06T18:59:05.355-0500] {processor.py:161} INFO - Started process (PID=63828) to work on /Users/chakradharreddyvangala/venv/lib/python3.11/site-packages/airflow/example_dags/example_latest_only_with_trigger.py
[2025-05-06T18:59:05.357-0500] {processor.py:830} INFO - Processing file /Users/chakradharreddyvangala/venv/lib/python3.11/site-packages/airflow/example_dags/example_latest_only_with_trigger.py for tasks to queue
[2025-05-06T18:59:05.357-0500] {logging_mixin.py:188} INFO - [2025-05-06T18:59:05.357-0500] {dagbag.py:545} INFO - Filling up the DagBag from /Users/chakradharreddyvangala/venv/lib/python3.11/site-packages/airflow/example_dags/example_latest_only_with_trigger.py
[2025-05-06T18:59:05.359-0500] {processor.py:840} INFO - DAG(s) 'latest_only_with_trigger' retrieved from /Users/chakradharreddyvangala/venv/lib/python3.11/site-packages/airflow/example_dags/example_latest_only_with_trigger.py
[2025-05-06T18:59:05.385-0500] {logging_mixin.py:188} INFO - [2025-05-06T18:59:05.385-0500] {dag.py:3096} INFO - Sync 1 DAGs
[2025-05-06T18:59:05.390-0500] {logging_mixin.py:188} INFO - [2025-05-06T18:59:05.390-0500] {dag.py:3954} INFO - Setting next_dagrun for latest_only_with_trigger to 2025-05-06 16:00:00+00:00, run_after=2025-05-06 20:00:00+00:00
[2025-05-06T18:59:05.395-0500] {processor.py:183} INFO - Processing /Users/chakradharreddyvangala/venv/lib/python3.11/site-packages/airflow/example_dags/example_latest_only_with_trigger.py took 0.040 seconds
