[2025-05-06T18:46:41.495-0500] {processor.py:161} INFO - Started process (PID=62984) to work on /Users/chakradharreddyvangala/venv/lib/python3.11/site-packages/airflow/example_dags/example_nested_branch_dag.py
[2025-05-06T18:46:41.496-0500] {processor.py:830} INFO - Processing file /Users/chakradharreddyvangala/venv/lib/python3.11/site-packages/airflow/example_dags/example_nested_branch_dag.py for tasks to queue
[2025-05-06T18:46:41.496-0500] {logging_mixin.py:188} INFO - [2025-05-06T18:46:41.496-0500] {dagbag.py:545} INFO - Filling up the DagBag from /Users/chakradharreddyvangala/venv/lib/python3.11/site-packages/airflow/example_dags/example_nested_branch_dag.py
[2025-05-06T18:46:41.508-0500] {processor.py:840} INFO - DAG(s) 'example_nested_branch_dag' retrieved from /Users/chakradharreddyvangala/venv/lib/python3.11/site-packages/airflow/example_dags/example_nested_branch_dag.py
[2025-05-06T18:46:41.554-0500] {logging_mixin.py:188} INFO - [2025-05-06T18:46:41.553-0500] {override.py:1829} INFO - Created Permission View: can read on DAG:example_nested_branch_dag
[2025-05-06T18:46:41.556-0500] {logging_mixin.py:188} INFO - [2025-05-06T18:46:41.556-0500] {override.py:1829} INFO - Created Permission View: can edit on DAG:example_nested_branch_dag
[2025-05-06T18:46:41.557-0500] {logging_mixin.py:188} INFO - [2025-05-06T18:46:41.557-0500] {override.py:1829} INFO - Created Permission View: can delete on DAG:example_nested_branch_dag
[2025-05-06T18:46:41.557-0500] {logging_mixin.py:188} INFO - [2025-05-06T18:46:41.557-0500] {dag.py:3096} INFO - Sync 1 DAGs
[2025-05-06T18:46:41.581-0500] {logging_mixin.py:188} INFO - [2025-05-06T18:46:41.581-0500] {dag.py:3118} INFO - Creating ORM DAG for example_nested_branch_dag
[2025-05-06T18:46:41.584-0500] {logging_mixin.py:188} INFO - [2025-05-06T18:46:41.583-0500] {dag.py:3954} INFO - Setting next_dagrun for example_nested_branch_dag to 2025-05-05 00:00:00+00:00, run_after=2025-05-06 00:00:00+00:00
[2025-05-06T18:46:41.588-0500] {processor.py:183} INFO - Processing /Users/chakradharreddyvangala/venv/lib/python3.11/site-packages/airflow/example_dags/example_nested_branch_dag.py took 0.096 seconds
[2025-05-06T18:48:04.986-0500] {processor.py:161} INFO - Started process (PID=63064) to work on /Users/chakradharreddyvangala/venv/lib/python3.11/site-packages/airflow/example_dags/example_nested_branch_dag.py
[2025-05-06T18:48:04.986-0500] {processor.py:830} INFO - Processing file /Users/chakradharreddyvangala/venv/lib/python3.11/site-packages/airflow/example_dags/example_nested_branch_dag.py for tasks to queue
[2025-05-06T18:48:04.987-0500] {logging_mixin.py:188} INFO - [2025-05-06T18:48:04.987-0500] {dagbag.py:545} INFO - Filling up the DagBag from /Users/chakradharreddyvangala/venv/lib/python3.11/site-packages/airflow/example_dags/example_nested_branch_dag.py
[2025-05-06T18:48:04.999-0500] {processor.py:840} INFO - DAG(s) 'example_nested_branch_dag' retrieved from /Users/chakradharreddyvangala/venv/lib/python3.11/site-packages/airflow/example_dags/example_nested_branch_dag.py
[2025-05-06T18:48:05.023-0500] {logging_mixin.py:188} INFO - [2025-05-06T18:48:05.023-0500] {dag.py:3096} INFO - Sync 1 DAGs
[2025-05-06T18:48:05.028-0500] {logging_mixin.py:188} INFO - [2025-05-06T18:48:05.028-0500] {dag.py:3954} INFO - Setting next_dagrun for example_nested_branch_dag to 2025-05-05 00:00:00+00:00, run_after=2025-05-06 00:00:00+00:00
[2025-05-06T18:48:05.033-0500] {processor.py:183} INFO - Processing /Users/chakradharreddyvangala/venv/lib/python3.11/site-packages/airflow/example_dags/example_nested_branch_dag.py took 0.048 seconds
[2025-05-06T18:49:29.862-0500] {processor.py:161} INFO - Started process (PID=63144) to work on /Users/chakradharreddyvangala/venv/lib/python3.11/site-packages/airflow/example_dags/example_nested_branch_dag.py
[2025-05-06T18:49:29.863-0500] {processor.py:830} INFO - Processing file /Users/chakradharreddyvangala/venv/lib/python3.11/site-packages/airflow/example_dags/example_nested_branch_dag.py for tasks to queue
[2025-05-06T18:49:29.863-0500] {logging_mixin.py:188} INFO - [2025-05-06T18:49:29.863-0500] {dagbag.py:545} INFO - Filling up the DagBag from /Users/chakradharreddyvangala/venv/lib/python3.11/site-packages/airflow/example_dags/example_nested_branch_dag.py
[2025-05-06T18:49:29.877-0500] {processor.py:840} INFO - DAG(s) 'example_nested_branch_dag' retrieved from /Users/chakradharreddyvangala/venv/lib/python3.11/site-packages/airflow/example_dags/example_nested_branch_dag.py
[2025-05-06T18:49:29.902-0500] {logging_mixin.py:188} INFO - [2025-05-06T18:49:29.902-0500] {dag.py:3096} INFO - Sync 1 DAGs
[2025-05-06T18:49:29.907-0500] {logging_mixin.py:188} INFO - [2025-05-06T18:49:29.907-0500] {dag.py:3954} INFO - Setting next_dagrun for example_nested_branch_dag to 2025-05-05 00:00:00+00:00, run_after=2025-05-06 00:00:00+00:00
[2025-05-06T18:49:29.913-0500] {processor.py:183} INFO - Processing /Users/chakradharreddyvangala/venv/lib/python3.11/site-packages/airflow/example_dags/example_nested_branch_dag.py took 0.052 seconds
[2025-05-06T18:50:49.546-0500] {processor.py:161} INFO - Started process (PID=63256) to work on /Users/chakradharreddyvangala/venv/lib/python3.11/site-packages/airflow/example_dags/example_nested_branch_dag.py
[2025-05-06T18:50:49.547-0500] {processor.py:830} INFO - Processing file /Users/chakradharreddyvangala/venv/lib/python3.11/site-packages/airflow/example_dags/example_nested_branch_dag.py for tasks to queue
[2025-05-06T18:50:49.547-0500] {logging_mixin.py:188} INFO - [2025-05-06T18:50:49.547-0500] {dagbag.py:545} INFO - Filling up the DagBag from /Users/chakradharreddyvangala/venv/lib/python3.11/site-packages/airflow/example_dags/example_nested_branch_dag.py
[2025-05-06T18:50:49.562-0500] {processor.py:840} INFO - DAG(s) 'example_nested_branch_dag' retrieved from /Users/chakradharreddyvangala/venv/lib/python3.11/site-packages/airflow/example_dags/example_nested_branch_dag.py
[2025-05-06T18:50:49.588-0500] {logging_mixin.py:188} INFO - [2025-05-06T18:50:49.588-0500] {dag.py:3096} INFO - Sync 1 DAGs
[2025-05-06T18:50:49.593-0500] {logging_mixin.py:188} INFO - [2025-05-06T18:50:49.593-0500] {dag.py:3954} INFO - Setting next_dagrun for example_nested_branch_dag to 2025-05-05 00:00:00+00:00, run_after=2025-05-06 00:00:00+00:00
[2025-05-06T18:50:49.597-0500] {processor.py:183} INFO - Processing /Users/chakradharreddyvangala/venv/lib/python3.11/site-packages/airflow/example_dags/example_nested_branch_dag.py took 0.053 seconds
[2025-05-06T18:52:17.164-0500] {processor.py:161} INFO - Started process (PID=63339) to work on /Users/chakradharreddyvangala/venv/lib/python3.11/site-packages/airflow/example_dags/example_nested_branch_dag.py
[2025-05-06T18:52:17.165-0500] {processor.py:830} INFO - Processing file /Users/chakradharreddyvangala/venv/lib/python3.11/site-packages/airflow/example_dags/example_nested_branch_dag.py for tasks to queue
[2025-05-06T18:52:17.165-0500] {logging_mixin.py:188} INFO - [2025-05-06T18:52:17.165-0500] {dagbag.py:545} INFO - Filling up the DagBag from /Users/chakradharreddyvangala/venv/lib/python3.11/site-packages/airflow/example_dags/example_nested_branch_dag.py
[2025-05-06T18:52:17.178-0500] {processor.py:840} INFO - DAG(s) 'example_nested_branch_dag' retrieved from /Users/chakradharreddyvangala/venv/lib/python3.11/site-packages/airflow/example_dags/example_nested_branch_dag.py
[2025-05-06T18:52:17.205-0500] {logging_mixin.py:188} INFO - [2025-05-06T18:52:17.205-0500] {dag.py:3096} INFO - Sync 1 DAGs
[2025-05-06T18:52:17.210-0500] {logging_mixin.py:188} INFO - [2025-05-06T18:52:17.210-0500] {dag.py:3954} INFO - Setting next_dagrun for example_nested_branch_dag to 2025-05-05 00:00:00+00:00, run_after=2025-05-06 00:00:00+00:00
[2025-05-06T18:52:17.215-0500] {processor.py:183} INFO - Processing /Users/chakradharreddyvangala/venv/lib/python3.11/site-packages/airflow/example_dags/example_nested_branch_dag.py took 0.052 seconds
[2025-05-06T18:53:41.662-0500] {processor.py:161} INFO - Started process (PID=63447) to work on /Users/chakradharreddyvangala/venv/lib/python3.11/site-packages/airflow/example_dags/example_nested_branch_dag.py
[2025-05-06T18:53:41.662-0500] {processor.py:830} INFO - Processing file /Users/chakradharreddyvangala/venv/lib/python3.11/site-packages/airflow/example_dags/example_nested_branch_dag.py for tasks to queue
[2025-05-06T18:53:41.662-0500] {logging_mixin.py:188} INFO - [2025-05-06T18:53:41.662-0500] {dagbag.py:545} INFO - Filling up the DagBag from /Users/chakradharreddyvangala/venv/lib/python3.11/site-packages/airflow/example_dags/example_nested_branch_dag.py
[2025-05-06T18:53:41.674-0500] {processor.py:840} INFO - DAG(s) 'example_nested_branch_dag' retrieved from /Users/chakradharreddyvangala/venv/lib/python3.11/site-packages/airflow/example_dags/example_nested_branch_dag.py
[2025-05-06T18:53:41.676-0500] {logging_mixin.py:188} INFO - [2025-05-06T18:53:41.676-0500] {dag.py:3096} INFO - Sync 1 DAGs
[2025-05-06T18:53:41.699-0500] {logging_mixin.py:188} INFO - [2025-05-06T18:53:41.699-0500] {dag.py:3954} INFO - Setting next_dagrun for example_nested_branch_dag to 2025-05-05 00:00:00+00:00, run_after=2025-05-06 00:00:00+00:00
[2025-05-06T18:53:41.704-0500] {processor.py:183} INFO - Processing /Users/chakradharreddyvangala/venv/lib/python3.11/site-packages/airflow/example_dags/example_nested_branch_dag.py took 0.043 seconds
[2025-05-06T18:55:09.751-0500] {processor.py:161} INFO - Started process (PID=63545) to work on /Users/chakradharreddyvangala/venv/lib/python3.11/site-packages/airflow/example_dags/example_nested_branch_dag.py
[2025-05-06T18:55:09.752-0500] {processor.py:830} INFO - Processing file /Users/chakradharreddyvangala/venv/lib/python3.11/site-packages/airflow/example_dags/example_nested_branch_dag.py for tasks to queue
[2025-05-06T18:55:09.752-0500] {logging_mixin.py:188} INFO - [2025-05-06T18:55:09.752-0500] {dagbag.py:545} INFO - Filling up the DagBag from /Users/chakradharreddyvangala/venv/lib/python3.11/site-packages/airflow/example_dags/example_nested_branch_dag.py
[2025-05-06T18:55:09.764-0500] {processor.py:840} INFO - DAG(s) 'example_nested_branch_dag' retrieved from /Users/chakradharreddyvangala/venv/lib/python3.11/site-packages/airflow/example_dags/example_nested_branch_dag.py
[2025-05-06T18:55:09.814-0500] {logging_mixin.py:188} INFO - [2025-05-06T18:55:09.813-0500] {dag.py:3096} INFO - Sync 1 DAGs
[2025-05-06T18:55:09.840-0500] {logging_mixin.py:188} INFO - [2025-05-06T18:55:09.840-0500] {dag.py:3954} INFO - Setting next_dagrun for example_nested_branch_dag to 2025-05-05 00:00:00+00:00, run_after=2025-05-06 00:00:00+00:00
[2025-05-06T18:55:09.845-0500] {processor.py:183} INFO - Processing /Users/chakradharreddyvangala/venv/lib/python3.11/site-packages/airflow/example_dags/example_nested_branch_dag.py took 0.095 seconds
[2025-05-06T18:56:35.591-0500] {processor.py:161} INFO - Started process (PID=63635) to work on /Users/chakradharreddyvangala/venv/lib/python3.11/site-packages/airflow/example_dags/example_nested_branch_dag.py
[2025-05-06T18:56:35.593-0500] {processor.py:830} INFO - Processing file /Users/chakradharreddyvangala/venv/lib/python3.11/site-packages/airflow/example_dags/example_nested_branch_dag.py for tasks to queue
[2025-05-06T18:56:35.593-0500] {logging_mixin.py:188} INFO - [2025-05-06T18:56:35.593-0500] {dagbag.py:545} INFO - Filling up the DagBag from /Users/chakradharreddyvangala/venv/lib/python3.11/site-packages/airflow/example_dags/example_nested_branch_dag.py
[2025-05-06T18:56:35.605-0500] {processor.py:840} INFO - DAG(s) 'example_nested_branch_dag' retrieved from /Users/chakradharreddyvangala/venv/lib/python3.11/site-packages/airflow/example_dags/example_nested_branch_dag.py
[2025-05-06T18:56:35.630-0500] {logging_mixin.py:188} INFO - [2025-05-06T18:56:35.630-0500] {dag.py:3096} INFO - Sync 1 DAGs
[2025-05-06T18:56:35.635-0500] {logging_mixin.py:188} INFO - [2025-05-06T18:56:35.635-0500] {dag.py:3954} INFO - Setting next_dagrun for example_nested_branch_dag to 2025-05-05 00:00:00+00:00, run_after=2025-05-06 00:00:00+00:00
[2025-05-06T18:56:35.640-0500] {processor.py:183} INFO - Processing /Users/chakradharreddyvangala/venv/lib/python3.11/site-packages/airflow/example_dags/example_nested_branch_dag.py took 0.052 seconds
[2025-05-06T18:57:59.332-0500] {processor.py:161} INFO - Started process (PID=63724) to work on /Users/chakradharreddyvangala/venv/lib/python3.11/site-packages/airflow/example_dags/example_nested_branch_dag.py
[2025-05-06T18:57:59.332-0500] {processor.py:830} INFO - Processing file /Users/chakradharreddyvangala/venv/lib/python3.11/site-packages/airflow/example_dags/example_nested_branch_dag.py for tasks to queue
[2025-05-06T18:57:59.332-0500] {logging_mixin.py:188} INFO - [2025-05-06T18:57:59.332-0500] {dagbag.py:545} INFO - Filling up the DagBag from /Users/chakradharreddyvangala/venv/lib/python3.11/site-packages/airflow/example_dags/example_nested_branch_dag.py
[2025-05-06T18:57:59.344-0500] {processor.py:840} INFO - DAG(s) 'example_nested_branch_dag' retrieved from /Users/chakradharreddyvangala/venv/lib/python3.11/site-packages/airflow/example_dags/example_nested_branch_dag.py
[2025-05-06T18:57:59.368-0500] {logging_mixin.py:188} INFO - [2025-05-06T18:57:59.368-0500] {dag.py:3096} INFO - Sync 1 DAGs
[2025-05-06T18:57:59.373-0500] {logging_mixin.py:188} INFO - [2025-05-06T18:57:59.373-0500] {dag.py:3954} INFO - Setting next_dagrun for example_nested_branch_dag to 2025-05-05 00:00:00+00:00, run_after=2025-05-06 00:00:00+00:00
[2025-05-06T18:57:59.378-0500] {processor.py:183} INFO - Processing /Users/chakradharreddyvangala/venv/lib/python3.11/site-packages/airflow/example_dags/example_nested_branch_dag.py took 0.049 seconds
[2025-05-06T18:59:03.030-0500] {processor.py:161} INFO - Started process (PID=63826) to work on /Users/chakradharreddyvangala/venv/lib/python3.11/site-packages/airflow/example_dags/example_nested_branch_dag.py
[2025-05-06T18:59:03.031-0500] {processor.py:830} INFO - Processing file /Users/chakradharreddyvangala/venv/lib/python3.11/site-packages/airflow/example_dags/example_nested_branch_dag.py for tasks to queue
[2025-05-06T18:59:03.032-0500] {logging_mixin.py:188} INFO - [2025-05-06T18:59:03.032-0500] {dagbag.py:545} INFO - Filling up the DagBag from /Users/chakradharreddyvangala/venv/lib/python3.11/site-packages/airflow/example_dags/example_nested_branch_dag.py
[2025-05-06T18:59:03.045-0500] {processor.py:840} INFO - DAG(s) 'example_nested_branch_dag' retrieved from /Users/chakradharreddyvangala/venv/lib/python3.11/site-packages/airflow/example_dags/example_nested_branch_dag.py
[2025-05-06T18:59:03.071-0500] {logging_mixin.py:188} INFO - [2025-05-06T18:59:03.071-0500] {dag.py:3096} INFO - Sync 1 DAGs
[2025-05-06T18:59:03.076-0500] {logging_mixin.py:188} INFO - [2025-05-06T18:59:03.076-0500] {dag.py:3954} INFO - Setting next_dagrun for example_nested_branch_dag to 2025-05-05 00:00:00+00:00, run_after=2025-05-06 00:00:00+00:00
[2025-05-06T18:59:03.081-0500] {processor.py:183} INFO - Processing /Users/chakradharreddyvangala/venv/lib/python3.11/site-packages/airflow/example_dags/example_nested_branch_dag.py took 0.052 seconds
