[2025-05-06T18:46:18.280-0500] {processor.py:161} INFO - Started process (PID=62957) to work on /Users/chakradharreddyvangala/venv/lib/python3.11/site-packages/airflow/example_dags/example_task_group_decorator.py
[2025-05-06T18:46:18.280-0500] {processor.py:830} INFO - Processing file /Users/chakradharreddyvangala/venv/lib/python3.11/site-packages/airflow/example_dags/example_task_group_decorator.py for tasks to queue
[2025-05-06T18:46:18.280-0500] {logging_mixin.py:188} INFO - [2025-05-06T18:46:18.280-0500] {dagbag.py:545} INFO - Filling up the DagBag from /Users/chakradharreddyvangala/venv/lib/python3.11/site-packages/airflow/example_dags/example_task_group_decorator.py
[2025-05-06T18:46:18.292-0500] {processor.py:840} INFO - DAG(s) 'example_task_group_decorator' retrieved from /Users/chakradharreddyvangala/venv/lib/python3.11/site-packages/airflow/example_dags/example_task_group_decorator.py
[2025-05-06T18:46:18.338-0500] {logging_mixin.py:188} INFO - [2025-05-06T18:46:18.338-0500] {override.py:1829} INFO - Created Permission View: can edit on DAG:example_task_group_decorator
[2025-05-06T18:46:18.340-0500] {logging_mixin.py:188} INFO - [2025-05-06T18:46:18.340-0500] {override.py:1829} INFO - Created Permission View: can read on DAG:example_task_group_decorator
[2025-05-06T18:46:18.341-0500] {logging_mixin.py:188} INFO - [2025-05-06T18:46:18.341-0500] {override.py:1829} INFO - Created Permission View: can delete on DAG:example_task_group_decorator
[2025-05-06T18:46:18.341-0500] {logging_mixin.py:188} INFO - [2025-05-06T18:46:18.341-0500] {dag.py:3096} INFO - Sync 1 DAGs
[2025-05-06T18:46:18.365-0500] {logging_mixin.py:188} INFO - [2025-05-06T18:46:18.365-0500] {dag.py:3118} INFO - Creating ORM DAG for example_task_group_decorator
[2025-05-06T18:46:18.367-0500] {logging_mixin.py:188} INFO - [2025-05-06T18:46:18.367-0500] {dag.py:3954} INFO - Setting next_dagrun for example_task_group_decorator to 2025-05-05 00:00:00+00:00, run_after=2025-05-06 00:00:00+00:00
[2025-05-06T18:46:18.372-0500] {processor.py:183} INFO - Processing /Users/chakradharreddyvangala/venv/lib/python3.11/site-packages/airflow/example_dags/example_task_group_decorator.py took 0.093 seconds
[2025-05-06T18:47:32.084-0500] {processor.py:161} INFO - Started process (PID=63028) to work on /Users/chakradharreddyvangala/venv/lib/python3.11/site-packages/airflow/example_dags/example_task_group_decorator.py
[2025-05-06T18:47:32.084-0500] {processor.py:830} INFO - Processing file /Users/chakradharreddyvangala/venv/lib/python3.11/site-packages/airflow/example_dags/example_task_group_decorator.py for tasks to queue
[2025-05-06T18:47:32.085-0500] {logging_mixin.py:188} INFO - [2025-05-06T18:47:32.084-0500] {dagbag.py:545} INFO - Filling up the DagBag from /Users/chakradharreddyvangala/venv/lib/python3.11/site-packages/airflow/example_dags/example_task_group_decorator.py
[2025-05-06T18:47:32.097-0500] {processor.py:840} INFO - DAG(s) 'example_task_group_decorator' retrieved from /Users/chakradharreddyvangala/venv/lib/python3.11/site-packages/airflow/example_dags/example_task_group_decorator.py
[2025-05-06T18:47:32.122-0500] {logging_mixin.py:188} INFO - [2025-05-06T18:47:32.122-0500] {dag.py:3096} INFO - Sync 1 DAGs
[2025-05-06T18:47:32.127-0500] {logging_mixin.py:188} INFO - [2025-05-06T18:47:32.127-0500] {dag.py:3954} INFO - Setting next_dagrun for example_task_group_decorator to 2025-05-05 00:00:00+00:00, run_after=2025-05-06 00:00:00+00:00
[2025-05-06T18:47:32.131-0500] {processor.py:183} INFO - Processing /Users/chakradharreddyvangala/venv/lib/python3.11/site-packages/airflow/example_dags/example_task_group_decorator.py took 0.048 seconds
[2025-05-06T18:48:53.464-0500] {processor.py:161} INFO - Started process (PID=63110) to work on /Users/chakradharreddyvangala/venv/lib/python3.11/site-packages/airflow/example_dags/example_task_group_decorator.py
[2025-05-06T18:48:53.464-0500] {processor.py:830} INFO - Processing file /Users/chakradharreddyvangala/venv/lib/python3.11/site-packages/airflow/example_dags/example_task_group_decorator.py for tasks to queue
[2025-05-06T18:48:53.465-0500] {logging_mixin.py:188} INFO - [2025-05-06T18:48:53.465-0500] {dagbag.py:545} INFO - Filling up the DagBag from /Users/chakradharreddyvangala/venv/lib/python3.11/site-packages/airflow/example_dags/example_task_group_decorator.py
[2025-05-06T18:48:53.477-0500] {processor.py:840} INFO - DAG(s) 'example_task_group_decorator' retrieved from /Users/chakradharreddyvangala/venv/lib/python3.11/site-packages/airflow/example_dags/example_task_group_decorator.py
[2025-05-06T18:48:53.502-0500] {logging_mixin.py:188} INFO - [2025-05-06T18:48:53.502-0500] {dag.py:3096} INFO - Sync 1 DAGs
[2025-05-06T18:48:53.507-0500] {logging_mixin.py:188} INFO - [2025-05-06T18:48:53.507-0500] {dag.py:3954} INFO - Setting next_dagrun for example_task_group_decorator to 2025-05-05 00:00:00+00:00, run_after=2025-05-06 00:00:00+00:00
[2025-05-06T18:48:53.511-0500] {processor.py:183} INFO - Processing /Users/chakradharreddyvangala/venv/lib/python3.11/site-packages/airflow/example_dags/example_task_group_decorator.py took 0.049 seconds
[2025-05-06T18:50:25.445-0500] {processor.py:161} INFO - Started process (PID=63230) to work on /Users/chakradharreddyvangala/venv/lib/python3.11/site-packages/airflow/example_dags/example_task_group_decorator.py
[2025-05-06T18:50:25.446-0500] {processor.py:830} INFO - Processing file /Users/chakradharreddyvangala/venv/lib/python3.11/site-packages/airflow/example_dags/example_task_group_decorator.py for tasks to queue
[2025-05-06T18:50:25.446-0500] {logging_mixin.py:188} INFO - [2025-05-06T18:50:25.446-0500] {dagbag.py:545} INFO - Filling up the DagBag from /Users/chakradharreddyvangala/venv/lib/python3.11/site-packages/airflow/example_dags/example_task_group_decorator.py
[2025-05-06T18:50:25.461-0500] {processor.py:840} INFO - DAG(s) 'example_task_group_decorator' retrieved from /Users/chakradharreddyvangala/venv/lib/python3.11/site-packages/airflow/example_dags/example_task_group_decorator.py
[2025-05-06T18:50:25.490-0500] {logging_mixin.py:188} INFO - [2025-05-06T18:50:25.490-0500] {dag.py:3096} INFO - Sync 1 DAGs
[2025-05-06T18:50:25.496-0500] {logging_mixin.py:188} INFO - [2025-05-06T18:50:25.496-0500] {dag.py:3954} INFO - Setting next_dagrun for example_task_group_decorator to 2025-05-05 00:00:00+00:00, run_after=2025-05-06 00:00:00+00:00
[2025-05-06T18:50:25.502-0500] {processor.py:183} INFO - Processing /Users/chakradharreddyvangala/venv/lib/python3.11/site-packages/airflow/example_dags/example_task_group_decorator.py took 0.058 seconds
[2025-05-06T18:51:55.683-0500] {processor.py:161} INFO - Started process (PID=63319) to work on /Users/chakradharreddyvangala/venv/lib/python3.11/site-packages/airflow/example_dags/example_task_group_decorator.py
[2025-05-06T18:51:55.683-0500] {processor.py:830} INFO - Processing file /Users/chakradharreddyvangala/venv/lib/python3.11/site-packages/airflow/example_dags/example_task_group_decorator.py for tasks to queue
[2025-05-06T18:51:55.684-0500] {logging_mixin.py:188} INFO - [2025-05-06T18:51:55.684-0500] {dagbag.py:545} INFO - Filling up the DagBag from /Users/chakradharreddyvangala/venv/lib/python3.11/site-packages/airflow/example_dags/example_task_group_decorator.py
[2025-05-06T18:51:55.696-0500] {processor.py:840} INFO - DAG(s) 'example_task_group_decorator' retrieved from /Users/chakradharreddyvangala/venv/lib/python3.11/site-packages/airflow/example_dags/example_task_group_decorator.py
[2025-05-06T18:51:55.722-0500] {logging_mixin.py:188} INFO - [2025-05-06T18:51:55.722-0500] {dag.py:3096} INFO - Sync 1 DAGs
[2025-05-06T18:51:55.727-0500] {logging_mixin.py:188} INFO - [2025-05-06T18:51:55.727-0500] {dag.py:3954} INFO - Setting next_dagrun for example_task_group_decorator to 2025-05-05 00:00:00+00:00, run_after=2025-05-06 00:00:00+00:00
[2025-05-06T18:51:55.731-0500] {processor.py:183} INFO - Processing /Users/chakradharreddyvangala/venv/lib/python3.11/site-packages/airflow/example_dags/example_task_group_decorator.py took 0.049 seconds
[2025-05-06T18:53:18.055-0500] {processor.py:161} INFO - Started process (PID=63426) to work on /Users/chakradharreddyvangala/venv/lib/python3.11/site-packages/airflow/example_dags/example_task_group_decorator.py
[2025-05-06T18:53:18.056-0500] {processor.py:830} INFO - Processing file /Users/chakradharreddyvangala/venv/lib/python3.11/site-packages/airflow/example_dags/example_task_group_decorator.py for tasks to queue
[2025-05-06T18:53:18.056-0500] {logging_mixin.py:188} INFO - [2025-05-06T18:53:18.056-0500] {dagbag.py:545} INFO - Filling up the DagBag from /Users/chakradharreddyvangala/venv/lib/python3.11/site-packages/airflow/example_dags/example_task_group_decorator.py
[2025-05-06T18:53:18.075-0500] {processor.py:840} INFO - DAG(s) 'example_task_group_decorator' retrieved from /Users/chakradharreddyvangala/venv/lib/python3.11/site-packages/airflow/example_dags/example_task_group_decorator.py
[2025-05-06T18:53:18.102-0500] {logging_mixin.py:188} INFO - [2025-05-06T18:53:18.102-0500] {dag.py:3096} INFO - Sync 1 DAGs
[2025-05-06T18:53:18.107-0500] {logging_mixin.py:188} INFO - [2025-05-06T18:53:18.107-0500] {dag.py:3954} INFO - Setting next_dagrun for example_task_group_decorator to 2025-05-05 00:00:00+00:00, run_after=2025-05-06 00:00:00+00:00
[2025-05-06T18:53:18.112-0500] {processor.py:183} INFO - Processing /Users/chakradharreddyvangala/venv/lib/python3.11/site-packages/airflow/example_dags/example_task_group_decorator.py took 0.058 seconds
[2025-05-06T18:54:45.870-0500] {processor.py:161} INFO - Started process (PID=63523) to work on /Users/chakradharreddyvangala/venv/lib/python3.11/site-packages/airflow/example_dags/example_task_group_decorator.py
[2025-05-06T18:54:45.871-0500] {processor.py:830} INFO - Processing file /Users/chakradharreddyvangala/venv/lib/python3.11/site-packages/airflow/example_dags/example_task_group_decorator.py for tasks to queue
[2025-05-06T18:54:45.872-0500] {logging_mixin.py:188} INFO - [2025-05-06T18:54:45.872-0500] {dagbag.py:545} INFO - Filling up the DagBag from /Users/chakradharreddyvangala/venv/lib/python3.11/site-packages/airflow/example_dags/example_task_group_decorator.py
[2025-05-06T18:54:45.884-0500] {processor.py:840} INFO - DAG(s) 'example_task_group_decorator' retrieved from /Users/chakradharreddyvangala/venv/lib/python3.11/site-packages/airflow/example_dags/example_task_group_decorator.py
[2025-05-06T18:54:45.933-0500] {logging_mixin.py:188} INFO - [2025-05-06T18:54:45.933-0500] {dag.py:3096} INFO - Sync 1 DAGs
[2025-05-06T18:54:45.960-0500] {logging_mixin.py:188} INFO - [2025-05-06T18:54:45.960-0500] {dag.py:3954} INFO - Setting next_dagrun for example_task_group_decorator to 2025-05-05 00:00:00+00:00, run_after=2025-05-06 00:00:00+00:00
[2025-05-06T18:54:45.966-0500] {processor.py:183} INFO - Processing /Users/chakradharreddyvangala/venv/lib/python3.11/site-packages/airflow/example_dags/example_task_group_decorator.py took 0.097 seconds
[2025-05-06T18:56:13.309-0500] {processor.py:161} INFO - Started process (PID=63612) to work on /Users/chakradharreddyvangala/venv/lib/python3.11/site-packages/airflow/example_dags/example_task_group_decorator.py
[2025-05-06T18:56:13.310-0500] {processor.py:830} INFO - Processing file /Users/chakradharreddyvangala/venv/lib/python3.11/site-packages/airflow/example_dags/example_task_group_decorator.py for tasks to queue
[2025-05-06T18:56:13.310-0500] {logging_mixin.py:188} INFO - [2025-05-06T18:56:13.310-0500] {dagbag.py:545} INFO - Filling up the DagBag from /Users/chakradharreddyvangala/venv/lib/python3.11/site-packages/airflow/example_dags/example_task_group_decorator.py
[2025-05-06T18:56:13.323-0500] {processor.py:840} INFO - DAG(s) 'example_task_group_decorator' retrieved from /Users/chakradharreddyvangala/venv/lib/python3.11/site-packages/airflow/example_dags/example_task_group_decorator.py
[2025-05-06T18:56:13.349-0500] {logging_mixin.py:188} INFO - [2025-05-06T18:56:13.349-0500] {dag.py:3096} INFO - Sync 1 DAGs
[2025-05-06T18:56:13.354-0500] {logging_mixin.py:188} INFO - [2025-05-06T18:56:13.354-0500] {dag.py:3954} INFO - Setting next_dagrun for example_task_group_decorator to 2025-05-05 00:00:00+00:00, run_after=2025-05-06 00:00:00+00:00
[2025-05-06T18:56:13.358-0500] {processor.py:183} INFO - Processing /Users/chakradharreddyvangala/venv/lib/python3.11/site-packages/airflow/example_dags/example_task_group_decorator.py took 0.052 seconds
[2025-05-06T18:57:37.467-0500] {processor.py:161} INFO - Started process (PID=63703) to work on /Users/chakradharreddyvangala/venv/lib/python3.11/site-packages/airflow/example_dags/example_task_group_decorator.py
[2025-05-06T18:57:37.467-0500] {processor.py:830} INFO - Processing file /Users/chakradharreddyvangala/venv/lib/python3.11/site-packages/airflow/example_dags/example_task_group_decorator.py for tasks to queue
[2025-05-06T18:57:37.468-0500] {logging_mixin.py:188} INFO - [2025-05-06T18:57:37.468-0500] {dagbag.py:545} INFO - Filling up the DagBag from /Users/chakradharreddyvangala/venv/lib/python3.11/site-packages/airflow/example_dags/example_task_group_decorator.py
[2025-05-06T18:57:37.480-0500] {processor.py:840} INFO - DAG(s) 'example_task_group_decorator' retrieved from /Users/chakradharreddyvangala/venv/lib/python3.11/site-packages/airflow/example_dags/example_task_group_decorator.py
[2025-05-06T18:57:37.506-0500] {logging_mixin.py:188} INFO - [2025-05-06T18:57:37.506-0500] {dag.py:3096} INFO - Sync 1 DAGs
[2025-05-06T18:57:37.511-0500] {logging_mixin.py:188} INFO - [2025-05-06T18:57:37.511-0500] {dag.py:3954} INFO - Setting next_dagrun for example_task_group_decorator to 2025-05-05 00:00:00+00:00, run_after=2025-05-06 00:00:00+00:00
[2025-05-06T18:57:37.515-0500] {processor.py:183} INFO - Processing /Users/chakradharreddyvangala/venv/lib/python3.11/site-packages/airflow/example_dags/example_task_group_decorator.py took 0.049 seconds
[2025-05-06T18:58:37.036-0500] {processor.py:161} INFO - Started process (PID=63776) to work on /Users/chakradharreddyvangala/venv/lib/python3.11/site-packages/airflow/example_dags/example_task_group_decorator.py
[2025-05-06T18:58:37.037-0500] {processor.py:830} INFO - Processing file /Users/chakradharreddyvangala/venv/lib/python3.11/site-packages/airflow/example_dags/example_task_group_decorator.py for tasks to queue
[2025-05-06T18:58:37.038-0500] {logging_mixin.py:188} INFO - [2025-05-06T18:58:37.038-0500] {dagbag.py:545} INFO - Filling up the DagBag from /Users/chakradharreddyvangala/venv/lib/python3.11/site-packages/airflow/example_dags/example_task_group_decorator.py
[2025-05-06T18:58:37.053-0500] {processor.py:840} INFO - DAG(s) 'example_task_group_decorator' retrieved from /Users/chakradharreddyvangala/venv/lib/python3.11/site-packages/airflow/example_dags/example_task_group_decorator.py
[2025-05-06T18:58:37.083-0500] {logging_mixin.py:188} INFO - [2025-05-06T18:58:37.082-0500] {dag.py:3096} INFO - Sync 1 DAGs
[2025-05-06T18:58:37.088-0500] {logging_mixin.py:188} INFO - [2025-05-06T18:58:37.088-0500] {dag.py:3954} INFO - Setting next_dagrun for example_task_group_decorator to 2025-05-05 00:00:00+00:00, run_after=2025-05-06 00:00:00+00:00
[2025-05-06T18:58:37.093-0500] {processor.py:183} INFO - Processing /Users/chakradharreddyvangala/venv/lib/python3.11/site-packages/airflow/example_dags/example_task_group_decorator.py took 0.060 seconds
