[2025-05-06T18:46:58.414-0500] {processor.py:161} INFO - Started process (PID=62998) to work on /Users/chakradharreddyvangala/venv/lib/python3.11/site-packages/airflow/example_dags/example_branch_python_dop_operator_3.py
[2025-05-06T18:46:58.415-0500] {processor.py:830} INFO - Processing file /Users/chakradharreddyvangala/venv/lib/python3.11/site-packages/airflow/example_dags/example_branch_python_dop_operator_3.py for tasks to queue
[2025-05-06T18:46:58.415-0500] {logging_mixin.py:188} INFO - [2025-05-06T18:46:58.415-0500] {dagbag.py:545} INFO - Filling up the DagBag from /Users/chakradharreddyvangala/venv/lib/python3.11/site-packages/airflow/example_dags/example_branch_python_dop_operator_3.py
[2025-05-06T18:46:58.426-0500] {processor.py:840} INFO - DAG(s) 'example_branch_dop_operator_v3' retrieved from /Users/chakradharreddyvangala/venv/lib/python3.11/site-packages/airflow/example_dags/example_branch_python_dop_operator_3.py
[2025-05-06T18:46:58.471-0500] {logging_mixin.py:188} INFO - [2025-05-06T18:46:58.470-0500] {override.py:1829} INFO - Created Permission View: can read on DAG:example_branch_dop_operator_v3
[2025-05-06T18:46:58.473-0500] {logging_mixin.py:188} INFO - [2025-05-06T18:46:58.473-0500] {override.py:1829} INFO - Created Permission View: can delete on DAG:example_branch_dop_operator_v3
[2025-05-06T18:46:58.474-0500] {logging_mixin.py:188} INFO - [2025-05-06T18:46:58.474-0500] {override.py:1829} INFO - Created Permission View: can edit on DAG:example_branch_dop_operator_v3
[2025-05-06T18:46:58.474-0500] {logging_mixin.py:188} INFO - [2025-05-06T18:46:58.474-0500] {dag.py:3096} INFO - Sync 1 DAGs
[2025-05-06T18:46:58.496-0500] {logging_mixin.py:188} INFO - [2025-05-06T18:46:58.496-0500] {dag.py:3118} INFO - Creating ORM DAG for example_branch_dop_operator_v3
[2025-05-06T18:46:58.499-0500] {logging_mixin.py:188} INFO - [2025-05-06T18:46:58.499-0500] {dag.py:3954} INFO - Setting next_dagrun for example_branch_dop_operator_v3 to 2025-05-06 23:45:00+00:00, run_after=2025-05-06 23:46:00+00:00
[2025-05-06T18:46:58.504-0500] {processor.py:183} INFO - Processing /Users/chakradharreddyvangala/venv/lib/python3.11/site-packages/airflow/example_dags/example_branch_python_dop_operator_3.py took 0.091 seconds
[2025-05-06T18:48:21.075-0500] {processor.py:161} INFO - Started process (PID=63082) to work on /Users/chakradharreddyvangala/venv/lib/python3.11/site-packages/airflow/example_dags/example_branch_python_dop_operator_3.py
[2025-05-06T18:48:21.076-0500] {processor.py:830} INFO - Processing file /Users/chakradharreddyvangala/venv/lib/python3.11/site-packages/airflow/example_dags/example_branch_python_dop_operator_3.py for tasks to queue
[2025-05-06T18:48:21.077-0500] {logging_mixin.py:188} INFO - [2025-05-06T18:48:21.077-0500] {dagbag.py:545} INFO - Filling up the DagBag from /Users/chakradharreddyvangala/venv/lib/python3.11/site-packages/airflow/example_dags/example_branch_python_dop_operator_3.py
[2025-05-06T18:48:21.090-0500] {processor.py:840} INFO - DAG(s) 'example_branch_dop_operator_v3' retrieved from /Users/chakradharreddyvangala/venv/lib/python3.11/site-packages/airflow/example_dags/example_branch_python_dop_operator_3.py
[2025-05-06T18:48:21.114-0500] {logging_mixin.py:188} INFO - [2025-05-06T18:48:21.114-0500] {dag.py:3096} INFO - Sync 1 DAGs
[2025-05-06T18:48:21.119-0500] {logging_mixin.py:188} INFO - [2025-05-06T18:48:21.119-0500] {dag.py:3954} INFO - Setting next_dagrun for example_branch_dop_operator_v3 to 2025-05-06 23:47:00+00:00, run_after=2025-05-06 23:48:00+00:00
[2025-05-06T18:48:21.124-0500] {processor.py:183} INFO - Processing /Users/chakradharreddyvangala/venv/lib/python3.11/site-packages/airflow/example_dags/example_branch_python_dop_operator_3.py took 0.050 seconds
[2025-05-06T18:49:49.033-0500] {processor.py:161} INFO - Started process (PID=63181) to work on /Users/chakradharreddyvangala/venv/lib/python3.11/site-packages/airflow/example_dags/example_branch_python_dop_operator_3.py
[2025-05-06T18:49:49.037-0500] {processor.py:830} INFO - Processing file /Users/chakradharreddyvangala/venv/lib/python3.11/site-packages/airflow/example_dags/example_branch_python_dop_operator_3.py for tasks to queue
[2025-05-06T18:49:49.052-0500] {logging_mixin.py:188} INFO - [2025-05-06T18:49:49.052-0500] {dagbag.py:545} INFO - Filling up the DagBag from /Users/chakradharreddyvangala/venv/lib/python3.11/site-packages/airflow/example_dags/example_branch_python_dop_operator_3.py
[2025-05-06T18:49:49.104-0500] {processor.py:840} INFO - DAG(s) 'example_branch_dop_operator_v3' retrieved from /Users/chakradharreddyvangala/venv/lib/python3.11/site-packages/airflow/example_dags/example_branch_python_dop_operator_3.py
[2025-05-06T18:49:49.205-0500] {logging_mixin.py:188} INFO - [2025-05-06T18:49:49.205-0500] {dag.py:3096} INFO - Sync 1 DAGs
[2025-05-06T18:49:49.215-0500] {logging_mixin.py:188} INFO - [2025-05-06T18:49:49.214-0500] {dag.py:3954} INFO - Setting next_dagrun for example_branch_dop_operator_v3 to 2025-05-06 23:48:00+00:00, run_after=2025-05-06 23:49:00+00:00
[2025-05-06T18:49:49.223-0500] {processor.py:183} INFO - Processing /Users/chakradharreddyvangala/venv/lib/python3.11/site-packages/airflow/example_dags/example_branch_python_dop_operator_3.py took 0.246 seconds
[2025-05-06T18:51:24.528-0500] {processor.py:161} INFO - Started process (PID=63288) to work on /Users/chakradharreddyvangala/venv/lib/python3.11/site-packages/airflow/example_dags/example_branch_python_dop_operator_3.py
[2025-05-06T18:51:24.528-0500] {processor.py:830} INFO - Processing file /Users/chakradharreddyvangala/venv/lib/python3.11/site-packages/airflow/example_dags/example_branch_python_dop_operator_3.py for tasks to queue
[2025-05-06T18:51:24.529-0500] {logging_mixin.py:188} INFO - [2025-05-06T18:51:24.529-0500] {dagbag.py:545} INFO - Filling up the DagBag from /Users/chakradharreddyvangala/venv/lib/python3.11/site-packages/airflow/example_dags/example_branch_python_dop_operator_3.py
[2025-05-06T18:51:24.540-0500] {processor.py:840} INFO - DAG(s) 'example_branch_dop_operator_v3' retrieved from /Users/chakradharreddyvangala/venv/lib/python3.11/site-packages/airflow/example_dags/example_branch_python_dop_operator_3.py
[2025-05-06T18:51:24.565-0500] {logging_mixin.py:188} INFO - [2025-05-06T18:51:24.565-0500] {dag.py:3096} INFO - Sync 1 DAGs
[2025-05-06T18:51:24.571-0500] {logging_mixin.py:188} INFO - [2025-05-06T18:51:24.571-0500] {dag.py:3954} INFO - Setting next_dagrun for example_branch_dop_operator_v3 to 2025-05-06 23:50:00+00:00, run_after=2025-05-06 23:51:00+00:00
[2025-05-06T18:51:24.576-0500] {processor.py:183} INFO - Processing /Users/chakradharreddyvangala/venv/lib/python3.11/site-packages/airflow/example_dags/example_branch_python_dop_operator_3.py took 0.049 seconds
[2025-05-06T18:52:48.249-0500] {processor.py:161} INFO - Started process (PID=63401) to work on /Users/chakradharreddyvangala/venv/lib/python3.11/site-packages/airflow/example_dags/example_branch_python_dop_operator_3.py
[2025-05-06T18:52:48.251-0500] {processor.py:830} INFO - Processing file /Users/chakradharreddyvangala/venv/lib/python3.11/site-packages/airflow/example_dags/example_branch_python_dop_operator_3.py for tasks to queue
[2025-05-06T18:52:48.251-0500] {logging_mixin.py:188} INFO - [2025-05-06T18:52:48.251-0500] {dagbag.py:545} INFO - Filling up the DagBag from /Users/chakradharreddyvangala/venv/lib/python3.11/site-packages/airflow/example_dags/example_branch_python_dop_operator_3.py
[2025-05-06T18:52:48.263-0500] {processor.py:840} INFO - DAG(s) 'example_branch_dop_operator_v3' retrieved from /Users/chakradharreddyvangala/venv/lib/python3.11/site-packages/airflow/example_dags/example_branch_python_dop_operator_3.py
[2025-05-06T18:52:48.288-0500] {logging_mixin.py:188} INFO - [2025-05-06T18:52:48.288-0500] {dag.py:3096} INFO - Sync 1 DAGs
[2025-05-06T18:52:48.293-0500] {logging_mixin.py:188} INFO - [2025-05-06T18:52:48.293-0500] {dag.py:3954} INFO - Setting next_dagrun for example_branch_dop_operator_v3 to 2025-05-06 23:51:00+00:00, run_after=2025-05-06 23:52:00+00:00
[2025-05-06T18:52:48.298-0500] {processor.py:183} INFO - Processing /Users/chakradharreddyvangala/venv/lib/python3.11/site-packages/airflow/example_dags/example_branch_python_dop_operator_3.py took 0.051 seconds
[2025-05-06T18:54:16.315-0500] {processor.py:161} INFO - Started process (PID=63498) to work on /Users/chakradharreddyvangala/venv/lib/python3.11/site-packages/airflow/example_dags/example_branch_python_dop_operator_3.py
[2025-05-06T18:54:16.315-0500] {processor.py:830} INFO - Processing file /Users/chakradharreddyvangala/venv/lib/python3.11/site-packages/airflow/example_dags/example_branch_python_dop_operator_3.py for tasks to queue
[2025-05-06T18:54:16.315-0500] {logging_mixin.py:188} INFO - [2025-05-06T18:54:16.315-0500] {dagbag.py:545} INFO - Filling up the DagBag from /Users/chakradharreddyvangala/venv/lib/python3.11/site-packages/airflow/example_dags/example_branch_python_dop_operator_3.py
[2025-05-06T18:54:16.328-0500] {processor.py:840} INFO - DAG(s) 'example_branch_dop_operator_v3' retrieved from /Users/chakradharreddyvangala/venv/lib/python3.11/site-packages/airflow/example_dags/example_branch_python_dop_operator_3.py
[2025-05-06T18:54:16.380-0500] {logging_mixin.py:188} INFO - [2025-05-06T18:54:16.380-0500] {dag.py:3096} INFO - Sync 1 DAGs
[2025-05-06T18:54:16.411-0500] {logging_mixin.py:188} INFO - [2025-05-06T18:54:16.411-0500] {dag.py:3954} INFO - Setting next_dagrun for example_branch_dop_operator_v3 to 2025-05-06 23:53:00+00:00, run_after=2025-05-06 23:54:00+00:00
[2025-05-06T18:54:16.417-0500] {processor.py:183} INFO - Processing /Users/chakradharreddyvangala/venv/lib/python3.11/site-packages/airflow/example_dags/example_branch_python_dop_operator_3.py took 0.104 seconds
[2025-05-06T18:55:42.384-0500] {processor.py:161} INFO - Started process (PID=63576) to work on /Users/chakradharreddyvangala/venv/lib/python3.11/site-packages/airflow/example_dags/example_branch_python_dop_operator_3.py
[2025-05-06T18:55:42.384-0500] {processor.py:830} INFO - Processing file /Users/chakradharreddyvangala/venv/lib/python3.11/site-packages/airflow/example_dags/example_branch_python_dop_operator_3.py for tasks to queue
[2025-05-06T18:55:42.384-0500] {logging_mixin.py:188} INFO - [2025-05-06T18:55:42.384-0500] {dagbag.py:545} INFO - Filling up the DagBag from /Users/chakradharreddyvangala/venv/lib/python3.11/site-packages/airflow/example_dags/example_branch_python_dop_operator_3.py
[2025-05-06T18:55:42.396-0500] {processor.py:840} INFO - DAG(s) 'example_branch_dop_operator_v3' retrieved from /Users/chakradharreddyvangala/venv/lib/python3.11/site-packages/airflow/example_dags/example_branch_python_dop_operator_3.py
[2025-05-06T18:55:42.420-0500] {logging_mixin.py:188} INFO - [2025-05-06T18:55:42.420-0500] {dag.py:3096} INFO - Sync 1 DAGs
[2025-05-06T18:55:42.426-0500] {logging_mixin.py:188} INFO - [2025-05-06T18:55:42.426-0500] {dag.py:3954} INFO - Setting next_dagrun for example_branch_dop_operator_v3 to 2025-05-06 23:54:00+00:00, run_after=2025-05-06 23:55:00+00:00
[2025-05-06T18:55:42.430-0500] {processor.py:183} INFO - Processing /Users/chakradharreddyvangala/venv/lib/python3.11/site-packages/airflow/example_dags/example_branch_python_dop_operator_3.py took 0.048 seconds
[2025-05-06T18:57:07.668-0500] {processor.py:161} INFO - Started process (PID=63678) to work on /Users/chakradharreddyvangala/venv/lib/python3.11/site-packages/airflow/example_dags/example_branch_python_dop_operator_3.py
[2025-05-06T18:57:07.669-0500] {processor.py:830} INFO - Processing file /Users/chakradharreddyvangala/venv/lib/python3.11/site-packages/airflow/example_dags/example_branch_python_dop_operator_3.py for tasks to queue
[2025-05-06T18:57:07.669-0500] {logging_mixin.py:188} INFO - [2025-05-06T18:57:07.669-0500] {dagbag.py:545} INFO - Filling up the DagBag from /Users/chakradharreddyvangala/venv/lib/python3.11/site-packages/airflow/example_dags/example_branch_python_dop_operator_3.py
[2025-05-06T18:57:07.681-0500] {processor.py:840} INFO - DAG(s) 'example_branch_dop_operator_v3' retrieved from /Users/chakradharreddyvangala/venv/lib/python3.11/site-packages/airflow/example_dags/example_branch_python_dop_operator_3.py
[2025-05-06T18:57:07.705-0500] {logging_mixin.py:188} INFO - [2025-05-06T18:57:07.705-0500] {dag.py:3096} INFO - Sync 1 DAGs
[2025-05-06T18:57:07.710-0500] {logging_mixin.py:188} INFO - [2025-05-06T18:57:07.710-0500] {dag.py:3954} INFO - Setting next_dagrun for example_branch_dop_operator_v3 to 2025-05-06 23:56:00+00:00, run_after=2025-05-06 23:57:00+00:00
[2025-05-06T18:57:07.715-0500] {processor.py:183} INFO - Processing /Users/chakradharreddyvangala/venv/lib/python3.11/site-packages/airflow/example_dags/example_branch_python_dop_operator_3.py took 0.048 seconds
[2025-05-06T18:58:31.710-0500] {processor.py:161} INFO - Started process (PID=63766) to work on /Users/chakradharreddyvangala/venv/lib/python3.11/site-packages/airflow/example_dags/example_branch_python_dop_operator_3.py
[2025-05-06T18:58:31.710-0500] {processor.py:830} INFO - Processing file /Users/chakradharreddyvangala/venv/lib/python3.11/site-packages/airflow/example_dags/example_branch_python_dop_operator_3.py for tasks to queue
[2025-05-06T18:58:31.711-0500] {logging_mixin.py:188} INFO - [2025-05-06T18:58:31.710-0500] {dagbag.py:545} INFO - Filling up the DagBag from /Users/chakradharreddyvangala/venv/lib/python3.11/site-packages/airflow/example_dags/example_branch_python_dop_operator_3.py
[2025-05-06T18:58:31.722-0500] {processor.py:840} INFO - DAG(s) 'example_branch_dop_operator_v3' retrieved from /Users/chakradharreddyvangala/venv/lib/python3.11/site-packages/airflow/example_dags/example_branch_python_dop_operator_3.py
[2025-05-06T18:58:31.746-0500] {logging_mixin.py:188} INFO - [2025-05-06T18:58:31.746-0500] {dag.py:3096} INFO - Sync 1 DAGs
[2025-05-06T18:58:31.752-0500] {logging_mixin.py:188} INFO - [2025-05-06T18:58:31.752-0500] {dag.py:3954} INFO - Setting next_dagrun for example_branch_dop_operator_v3 to 2025-05-06 23:57:00+00:00, run_after=2025-05-06 23:58:00+00:00
[2025-05-06T18:58:31.757-0500] {processor.py:183} INFO - Processing /Users/chakradharreddyvangala/venv/lib/python3.11/site-packages/airflow/example_dags/example_branch_python_dop_operator_3.py took 0.048 seconds
