[2025-05-06T18:47:08.019-0500] {processor.py:161} INFO - Started process (PID=63006) to work on /Users/chakradharreddyvangala/venv/lib/python3.11/site-packages/airflow/example_dags/example_bash_operator.py
[2025-05-06T18:47:08.019-0500] {processor.py:830} INFO - Processing file /Users/chakradharreddyvangala/venv/lib/python3.11/site-packages/airflow/example_dags/example_bash_operator.py for tasks to queue
[2025-05-06T18:47:08.019-0500] {logging_mixin.py:188} INFO - [2025-05-06T18:47:08.019-0500] {dagbag.py:545} INFO - Filling up the DagBag from /Users/chakradharreddyvangala/venv/lib/python3.11/site-packages/airflow/example_dags/example_bash_operator.py
[2025-05-06T18:47:08.023-0500] {processor.py:840} INFO - DAG(s) 'example_bash_operator' retrieved from /Users/chakradharreddyvangala/venv/lib/python3.11/site-packages/airflow/example_dags/example_bash_operator.py
[2025-05-06T18:47:08.076-0500] {logging_mixin.py:188} INFO - [2025-05-06T18:47:08.076-0500] {override.py:1829} INFO - Created Permission View: can delete on DAG:example_bash_operator
[2025-05-06T18:47:08.078-0500] {logging_mixin.py:188} INFO - [2025-05-06T18:47:08.078-0500] {override.py:1829} INFO - Created Permission View: can edit on DAG:example_bash_operator
[2025-05-06T18:47:08.079-0500] {logging_mixin.py:188} INFO - [2025-05-06T18:47:08.079-0500] {override.py:1829} INFO - Created Permission View: can read on DAG:example_bash_operator
[2025-05-06T18:47:08.079-0500] {logging_mixin.py:188} INFO - [2025-05-06T18:47:08.079-0500] {dag.py:3096} INFO - Sync 1 DAGs
[2025-05-06T18:47:08.082-0500] {logging_mixin.py:188} INFO - [2025-05-06T18:47:08.082-0500] {dag.py:3118} INFO - Creating ORM DAG for example_bash_operator
[2025-05-06T18:47:08.084-0500] {logging_mixin.py:188} INFO - [2025-05-06T18:47:08.084-0500] {dag.py:3954} INFO - Setting next_dagrun for example_bash_operator to 2025-05-05 00:00:00+00:00, run_after=2025-05-06 00:00:00+00:00
[2025-05-06T18:47:08.088-0500] {processor.py:183} INFO - Processing /Users/chakradharreddyvangala/venv/lib/python3.11/site-packages/airflow/example_dags/example_bash_operator.py took 0.070 seconds
[2025-05-06T18:48:30.337-0500] {processor.py:161} INFO - Started process (PID=63090) to work on /Users/chakradharreddyvangala/venv/lib/python3.11/site-packages/airflow/example_dags/example_bash_operator.py
[2025-05-06T18:48:30.338-0500] {processor.py:830} INFO - Processing file /Users/chakradharreddyvangala/venv/lib/python3.11/site-packages/airflow/example_dags/example_bash_operator.py for tasks to queue
[2025-05-06T18:48:30.338-0500] {logging_mixin.py:188} INFO - [2025-05-06T18:48:30.338-0500] {dagbag.py:545} INFO - Filling up the DagBag from /Users/chakradharreddyvangala/venv/lib/python3.11/site-packages/airflow/example_dags/example_bash_operator.py
[2025-05-06T18:48:30.342-0500] {processor.py:840} INFO - DAG(s) 'example_bash_operator' retrieved from /Users/chakradharreddyvangala/venv/lib/python3.11/site-packages/airflow/example_dags/example_bash_operator.py
[2025-05-06T18:48:30.368-0500] {logging_mixin.py:188} INFO - [2025-05-06T18:48:30.368-0500] {dag.py:3096} INFO - Sync 1 DAGs
[2025-05-06T18:48:30.372-0500] {logging_mixin.py:188} INFO - [2025-05-06T18:48:30.372-0500] {dag.py:3954} INFO - Setting next_dagrun for example_bash_operator to 2025-05-05 00:00:00+00:00, run_after=2025-05-06 00:00:00+00:00
[2025-05-06T18:48:30.377-0500] {processor.py:183} INFO - Processing /Users/chakradharreddyvangala/venv/lib/python3.11/site-packages/airflow/example_dags/example_bash_operator.py took 0.041 seconds
[2025-05-06T18:49:58.232-0500] {processor.py:161} INFO - Started process (PID=63192) to work on /Users/chakradharreddyvangala/venv/lib/python3.11/site-packages/airflow/example_dags/example_bash_operator.py
[2025-05-06T18:49:58.233-0500] {processor.py:830} INFO - Processing file /Users/chakradharreddyvangala/venv/lib/python3.11/site-packages/airflow/example_dags/example_bash_operator.py for tasks to queue
[2025-05-06T18:49:58.233-0500] {logging_mixin.py:188} INFO - [2025-05-06T18:49:58.233-0500] {dagbag.py:545} INFO - Filling up the DagBag from /Users/chakradharreddyvangala/venv/lib/python3.11/site-packages/airflow/example_dags/example_bash_operator.py
[2025-05-06T18:49:58.241-0500] {processor.py:840} INFO - DAG(s) 'example_bash_operator' retrieved from /Users/chakradharreddyvangala/venv/lib/python3.11/site-packages/airflow/example_dags/example_bash_operator.py
[2025-05-06T18:49:58.326-0500] {logging_mixin.py:188} INFO - [2025-05-06T18:49:58.326-0500] {dag.py:3096} INFO - Sync 1 DAGs
[2025-05-06T18:49:58.333-0500] {logging_mixin.py:188} INFO - [2025-05-06T18:49:58.333-0500] {dag.py:3954} INFO - Setting next_dagrun for example_bash_operator to 2025-05-05 00:00:00+00:00, run_after=2025-05-06 00:00:00+00:00
[2025-05-06T18:49:58.338-0500] {processor.py:183} INFO - Processing /Users/chakradharreddyvangala/venv/lib/python3.11/site-packages/airflow/example_dags/example_bash_operator.py took 0.112 seconds
[2025-05-06T18:51:33.404-0500] {processor.py:161} INFO - Started process (PID=63296) to work on /Users/chakradharreddyvangala/venv/lib/python3.11/site-packages/airflow/example_dags/example_bash_operator.py
[2025-05-06T18:51:33.405-0500] {processor.py:830} INFO - Processing file /Users/chakradharreddyvangala/venv/lib/python3.11/site-packages/airflow/example_dags/example_bash_operator.py for tasks to queue
[2025-05-06T18:51:33.406-0500] {logging_mixin.py:188} INFO - [2025-05-06T18:51:33.405-0500] {dagbag.py:545} INFO - Filling up the DagBag from /Users/chakradharreddyvangala/venv/lib/python3.11/site-packages/airflow/example_dags/example_bash_operator.py
[2025-05-06T18:51:33.417-0500] {processor.py:840} INFO - DAG(s) 'example_bash_operator' retrieved from /Users/chakradharreddyvangala/venv/lib/python3.11/site-packages/airflow/example_dags/example_bash_operator.py
[2025-05-06T18:51:33.445-0500] {logging_mixin.py:188} INFO - [2025-05-06T18:51:33.445-0500] {dag.py:3096} INFO - Sync 1 DAGs
[2025-05-06T18:51:33.450-0500] {logging_mixin.py:188} INFO - [2025-05-06T18:51:33.450-0500] {dag.py:3954} INFO - Setting next_dagrun for example_bash_operator to 2025-05-05 00:00:00+00:00, run_after=2025-05-06 00:00:00+00:00
[2025-05-06T18:51:33.455-0500] {processor.py:183} INFO - Processing /Users/chakradharreddyvangala/venv/lib/python3.11/site-packages/airflow/example_dags/example_bash_operator.py took 0.052 seconds
[2025-05-06T18:52:56.660-0500] {processor.py:161} INFO - Started process (PID=63408) to work on /Users/chakradharreddyvangala/venv/lib/python3.11/site-packages/airflow/example_dags/example_bash_operator.py
[2025-05-06T18:52:56.661-0500] {processor.py:830} INFO - Processing file /Users/chakradharreddyvangala/venv/lib/python3.11/site-packages/airflow/example_dags/example_bash_operator.py for tasks to queue
[2025-05-06T18:52:56.662-0500] {logging_mixin.py:188} INFO - [2025-05-06T18:52:56.662-0500] {dagbag.py:545} INFO - Filling up the DagBag from /Users/chakradharreddyvangala/venv/lib/python3.11/site-packages/airflow/example_dags/example_bash_operator.py
[2025-05-06T18:52:56.667-0500] {processor.py:840} INFO - DAG(s) 'example_bash_operator' retrieved from /Users/chakradharreddyvangala/venv/lib/python3.11/site-packages/airflow/example_dags/example_bash_operator.py
[2025-05-06T18:52:56.701-0500] {logging_mixin.py:188} INFO - [2025-05-06T18:52:56.701-0500] {dag.py:3096} INFO - Sync 1 DAGs
[2025-05-06T18:52:56.707-0500] {logging_mixin.py:188} INFO - [2025-05-06T18:52:56.707-0500] {dag.py:3954} INFO - Setting next_dagrun for example_bash_operator to 2025-05-05 00:00:00+00:00, run_after=2025-05-06 00:00:00+00:00
[2025-05-06T18:52:56.713-0500] {processor.py:183} INFO - Processing /Users/chakradharreddyvangala/venv/lib/python3.11/site-packages/airflow/example_dags/example_bash_operator.py took 0.054 seconds
[2025-05-06T18:54:25.144-0500] {processor.py:161} INFO - Started process (PID=63505) to work on /Users/chakradharreddyvangala/venv/lib/python3.11/site-packages/airflow/example_dags/example_bash_operator.py
[2025-05-06T18:54:25.145-0500] {processor.py:830} INFO - Processing file /Users/chakradharreddyvangala/venv/lib/python3.11/site-packages/airflow/example_dags/example_bash_operator.py for tasks to queue
[2025-05-06T18:54:25.145-0500] {logging_mixin.py:188} INFO - [2025-05-06T18:54:25.145-0500] {dagbag.py:545} INFO - Filling up the DagBag from /Users/chakradharreddyvangala/venv/lib/python3.11/site-packages/airflow/example_dags/example_bash_operator.py
[2025-05-06T18:54:25.148-0500] {processor.py:840} INFO - DAG(s) 'example_bash_operator' retrieved from /Users/chakradharreddyvangala/venv/lib/python3.11/site-packages/airflow/example_dags/example_bash_operator.py
[2025-05-06T18:54:25.198-0500] {logging_mixin.py:188} INFO - [2025-05-06T18:54:25.198-0500] {dag.py:3096} INFO - Sync 1 DAGs
[2025-05-06T18:54:25.202-0500] {logging_mixin.py:188} INFO - [2025-05-06T18:54:25.202-0500] {dag.py:3954} INFO - Setting next_dagrun for example_bash_operator to 2025-05-05 00:00:00+00:00, run_after=2025-05-06 00:00:00+00:00
[2025-05-06T18:54:25.209-0500] {processor.py:183} INFO - Processing /Users/chakradharreddyvangala/venv/lib/python3.11/site-packages/airflow/example_dags/example_bash_operator.py took 0.065 seconds
[2025-05-06T18:55:51.149-0500] {processor.py:161} INFO - Started process (PID=63583) to work on /Users/chakradharreddyvangala/venv/lib/python3.11/site-packages/airflow/example_dags/example_bash_operator.py
[2025-05-06T18:55:51.150-0500] {processor.py:830} INFO - Processing file /Users/chakradharreddyvangala/venv/lib/python3.11/site-packages/airflow/example_dags/example_bash_operator.py for tasks to queue
[2025-05-06T18:55:51.150-0500] {logging_mixin.py:188} INFO - [2025-05-06T18:55:51.150-0500] {dagbag.py:545} INFO - Filling up the DagBag from /Users/chakradharreddyvangala/venv/lib/python3.11/site-packages/airflow/example_dags/example_bash_operator.py
[2025-05-06T18:55:51.155-0500] {processor.py:840} INFO - DAG(s) 'example_bash_operator' retrieved from /Users/chakradharreddyvangala/venv/lib/python3.11/site-packages/airflow/example_dags/example_bash_operator.py
[2025-05-06T18:55:51.185-0500] {logging_mixin.py:188} INFO - [2025-05-06T18:55:51.185-0500] {dag.py:3096} INFO - Sync 1 DAGs
[2025-05-06T18:55:51.190-0500] {logging_mixin.py:188} INFO - [2025-05-06T18:55:51.190-0500] {dag.py:3954} INFO - Setting next_dagrun for example_bash_operator to 2025-05-05 00:00:00+00:00, run_after=2025-05-06 00:00:00+00:00
[2025-05-06T18:55:51.195-0500] {processor.py:183} INFO - Processing /Users/chakradharreddyvangala/venv/lib/python3.11/site-packages/airflow/example_dags/example_bash_operator.py took 0.049 seconds
[2025-05-06T18:57:16.127-0500] {processor.py:161} INFO - Started process (PID=63686) to work on /Users/chakradharreddyvangala/venv/lib/python3.11/site-packages/airflow/example_dags/example_bash_operator.py
[2025-05-06T18:57:16.128-0500] {processor.py:830} INFO - Processing file /Users/chakradharreddyvangala/venv/lib/python3.11/site-packages/airflow/example_dags/example_bash_operator.py for tasks to queue
[2025-05-06T18:57:16.128-0500] {logging_mixin.py:188} INFO - [2025-05-06T18:57:16.128-0500] {dagbag.py:545} INFO - Filling up the DagBag from /Users/chakradharreddyvangala/venv/lib/python3.11/site-packages/airflow/example_dags/example_bash_operator.py
[2025-05-06T18:57:16.131-0500] {processor.py:840} INFO - DAG(s) 'example_bash_operator' retrieved from /Users/chakradharreddyvangala/venv/lib/python3.11/site-packages/airflow/example_dags/example_bash_operator.py
[2025-05-06T18:57:16.158-0500] {logging_mixin.py:188} INFO - [2025-05-06T18:57:16.158-0500] {dag.py:3096} INFO - Sync 1 DAGs
[2025-05-06T18:57:16.163-0500] {logging_mixin.py:188} INFO - [2025-05-06T18:57:16.163-0500] {dag.py:3954} INFO - Setting next_dagrun for example_bash_operator to 2025-05-05 00:00:00+00:00, run_after=2025-05-06 00:00:00+00:00
[2025-05-06T18:57:16.168-0500] {processor.py:183} INFO - Processing /Users/chakradharreddyvangala/venv/lib/python3.11/site-packages/airflow/example_dags/example_bash_operator.py took 0.042 seconds
[2025-05-06T18:58:40.414-0500] {processor.py:161} INFO - Started process (PID=63789) to work on /Users/chakradharreddyvangala/venv/lib/python3.11/site-packages/airflow/example_dags/example_bash_operator.py
[2025-05-06T18:58:40.415-0500] {processor.py:830} INFO - Processing file /Users/chakradharreddyvangala/venv/lib/python3.11/site-packages/airflow/example_dags/example_bash_operator.py for tasks to queue
[2025-05-06T18:58:40.416-0500] {logging_mixin.py:188} INFO - [2025-05-06T18:58:40.416-0500] {dagbag.py:545} INFO - Filling up the DagBag from /Users/chakradharreddyvangala/venv/lib/python3.11/site-packages/airflow/example_dags/example_bash_operator.py
[2025-05-06T18:58:40.424-0500] {processor.py:840} INFO - DAG(s) 'example_bash_operator' retrieved from /Users/chakradharreddyvangala/venv/lib/python3.11/site-packages/airflow/example_dags/example_bash_operator.py
[2025-05-06T18:58:40.460-0500] {logging_mixin.py:188} INFO - [2025-05-06T18:58:40.460-0500] {dag.py:3096} INFO - Sync 1 DAGs
[2025-05-06T18:58:40.466-0500] {logging_mixin.py:188} INFO - [2025-05-06T18:58:40.466-0500] {dag.py:3954} INFO - Setting next_dagrun for example_bash_operator to 2025-05-05 00:00:00+00:00, run_after=2025-05-06 00:00:00+00:00
[2025-05-06T18:58:40.473-0500] {processor.py:183} INFO - Processing /Users/chakradharreddyvangala/venv/lib/python3.11/site-packages/airflow/example_dags/example_bash_operator.py took 0.060 seconds
