[2025-05-06T18:46:54.320-0500] {processor.py:161} INFO - Started process (PID=62994) to work on /Users/chakradharreddyvangala/venv/lib/python3.11/site-packages/airflow/example_dags/example_datasets.py
[2025-05-06T18:46:54.321-0500] {processor.py:830} INFO - Processing file /Users/chakradharreddyvangala/venv/lib/python3.11/site-packages/airflow/example_dags/example_datasets.py for tasks to queue
[2025-05-06T18:46:54.321-0500] {logging_mixin.py:188} INFO - [2025-05-06T18:46:54.321-0500] {dagbag.py:545} INFO - Filling up the DagBag from /Users/chakradharreddyvangala/venv/lib/python3.11/site-packages/airflow/example_dags/example_datasets.py
[2025-05-06T18:46:54.429-0500] {processor.py:840} INFO - DAG(s) 'dataset_consumes_1_and_2', 'dataset_consumes_1', 'dataset_produces_2', 'conditional_dataset_and_time_based_timetable', 'dataset_consumes_1_never_scheduled', 'dataset_consumes_unknown_never_scheduled', 'consume_1_and_2_with_dataset_expressions', 'dataset_produces_1', 'consume_1_or_2_with_dataset_expressions', 'consume_1_or_both_2_and_3_with_dataset_expressions' retrieved from /Users/chakradharreddyvangala/venv/lib/python3.11/site-packages/airflow/example_dags/example_datasets.py
[2025-05-06T18:46:54.499-0500] {logging_mixin.py:188} INFO - [2025-05-06T18:46:54.499-0500] {override.py:1829} INFO - Created Permission View: can delete on DAG:dataset_consumes_1_and_2
[2025-05-06T18:46:54.502-0500] {logging_mixin.py:188} INFO - [2025-05-06T18:46:54.501-0500] {override.py:1829} INFO - Created Permission View: can edit on DAG:dataset_consumes_1_and_2
[2025-05-06T18:46:54.503-0500] {logging_mixin.py:188} INFO - [2025-05-06T18:46:54.503-0500] {override.py:1829} INFO - Created Permission View: can read on DAG:dataset_consumes_1_and_2
[2025-05-06T18:46:54.505-0500] {logging_mixin.py:188} INFO - [2025-05-06T18:46:54.505-0500] {override.py:1829} INFO - Created Permission View: can delete on DAG:dataset_consumes_1
[2025-05-06T18:46:54.507-0500] {logging_mixin.py:188} INFO - [2025-05-06T18:46:54.506-0500] {override.py:1829} INFO - Created Permission View: can edit on DAG:dataset_consumes_1
[2025-05-06T18:46:54.508-0500] {logging_mixin.py:188} INFO - [2025-05-06T18:46:54.508-0500] {override.py:1829} INFO - Created Permission View: can read on DAG:dataset_consumes_1
[2025-05-06T18:46:54.510-0500] {logging_mixin.py:188} INFO - [2025-05-06T18:46:54.510-0500] {override.py:1829} INFO - Created Permission View: can delete on DAG:dataset_produces_2
[2025-05-06T18:46:54.511-0500] {logging_mixin.py:188} INFO - [2025-05-06T18:46:54.511-0500] {override.py:1829} INFO - Created Permission View: can edit on DAG:dataset_produces_2
[2025-05-06T18:46:54.512-0500] {logging_mixin.py:188} INFO - [2025-05-06T18:46:54.512-0500] {override.py:1829} INFO - Created Permission View: can read on DAG:dataset_produces_2
[2025-05-06T18:46:54.515-0500] {logging_mixin.py:188} INFO - [2025-05-06T18:46:54.515-0500] {override.py:1829} INFO - Created Permission View: can delete on DAG:conditional_dataset_and_time_based_timetable
[2025-05-06T18:46:54.516-0500] {logging_mixin.py:188} INFO - [2025-05-06T18:46:54.516-0500] {override.py:1829} INFO - Created Permission View: can edit on DAG:conditional_dataset_and_time_based_timetable
[2025-05-06T18:46:54.517-0500] {logging_mixin.py:188} INFO - [2025-05-06T18:46:54.517-0500] {override.py:1829} INFO - Created Permission View: can read on DAG:conditional_dataset_and_time_based_timetable
[2025-05-06T18:46:54.520-0500] {logging_mixin.py:188} INFO - [2025-05-06T18:46:54.520-0500] {override.py:1829} INFO - Created Permission View: can delete on DAG:dataset_consumes_1_never_scheduled
[2025-05-06T18:46:54.521-0500] {logging_mixin.py:188} INFO - [2025-05-06T18:46:54.521-0500] {override.py:1829} INFO - Created Permission View: can edit on DAG:dataset_consumes_1_never_scheduled
[2025-05-06T18:46:54.522-0500] {logging_mixin.py:188} INFO - [2025-05-06T18:46:54.522-0500] {override.py:1829} INFO - Created Permission View: can read on DAG:dataset_consumes_1_never_scheduled
[2025-05-06T18:46:54.524-0500] {logging_mixin.py:188} INFO - [2025-05-06T18:46:54.524-0500] {override.py:1829} INFO - Created Permission View: can delete on DAG:dataset_consumes_unknown_never_scheduled
[2025-05-06T18:46:54.525-0500] {logging_mixin.py:188} INFO - [2025-05-06T18:46:54.525-0500] {override.py:1829} INFO - Created Permission View: can edit on DAG:dataset_consumes_unknown_never_scheduled
[2025-05-06T18:46:54.526-0500] {logging_mixin.py:188} INFO - [2025-05-06T18:46:54.526-0500] {override.py:1829} INFO - Created Permission View: can read on DAG:dataset_consumes_unknown_never_scheduled
[2025-05-06T18:46:54.529-0500] {logging_mixin.py:188} INFO - [2025-05-06T18:46:54.529-0500] {override.py:1829} INFO - Created Permission View: can delete on DAG:consume_1_and_2_with_dataset_expressions
[2025-05-06T18:46:54.530-0500] {logging_mixin.py:188} INFO - [2025-05-06T18:46:54.530-0500] {override.py:1829} INFO - Created Permission View: can edit on DAG:consume_1_and_2_with_dataset_expressions
[2025-05-06T18:46:54.531-0500] {logging_mixin.py:188} INFO - [2025-05-06T18:46:54.531-0500] {override.py:1829} INFO - Created Permission View: can read on DAG:consume_1_and_2_with_dataset_expressions
[2025-05-06T18:46:54.533-0500] {logging_mixin.py:188} INFO - [2025-05-06T18:46:54.533-0500] {override.py:1829} INFO - Created Permission View: can delete on DAG:dataset_produces_1
[2025-05-06T18:46:54.534-0500] {logging_mixin.py:188} INFO - [2025-05-06T18:46:54.534-0500] {override.py:1829} INFO - Created Permission View: can edit on DAG:dataset_produces_1
[2025-05-06T18:46:54.535-0500] {logging_mixin.py:188} INFO - [2025-05-06T18:46:54.535-0500] {override.py:1829} INFO - Created Permission View: can read on DAG:dataset_produces_1
[2025-05-06T18:46:54.537-0500] {logging_mixin.py:188} INFO - [2025-05-06T18:46:54.537-0500] {override.py:1829} INFO - Created Permission View: can delete on DAG:consume_1_or_2_with_dataset_expressions
[2025-05-06T18:46:54.538-0500] {logging_mixin.py:188} INFO - [2025-05-06T18:46:54.538-0500] {override.py:1829} INFO - Created Permission View: can edit on DAG:consume_1_or_2_with_dataset_expressions
[2025-05-06T18:46:54.539-0500] {logging_mixin.py:188} INFO - [2025-05-06T18:46:54.539-0500] {override.py:1829} INFO - Created Permission View: can read on DAG:consume_1_or_2_with_dataset_expressions
[2025-05-06T18:46:54.541-0500] {logging_mixin.py:188} INFO - [2025-05-06T18:46:54.541-0500] {override.py:1829} INFO - Created Permission View: can delete on DAG:consume_1_or_both_2_and_3_with_dataset_expressions
[2025-05-06T18:46:54.542-0500] {logging_mixin.py:188} INFO - [2025-05-06T18:46:54.542-0500] {override.py:1829} INFO - Created Permission View: can edit on DAG:consume_1_or_both_2_and_3_with_dataset_expressions
[2025-05-06T18:46:54.544-0500] {logging_mixin.py:188} INFO - [2025-05-06T18:46:54.544-0500] {override.py:1829} INFO - Created Permission View: can read on DAG:consume_1_or_both_2_and_3_with_dataset_expressions
[2025-05-06T18:46:54.544-0500] {logging_mixin.py:188} INFO - [2025-05-06T18:46:54.544-0500] {dag.py:3096} INFO - Sync 10 DAGs
[2025-05-06T18:46:54.546-0500] {logging_mixin.py:188} INFO - [2025-05-06T18:46:54.546-0500] {dag.py:3118} INFO - Creating ORM DAG for consume_1_or_2_with_dataset_expressions
[2025-05-06T18:46:54.547-0500] {logging_mixin.py:188} INFO - [2025-05-06T18:46:54.547-0500] {dag.py:3118} INFO - Creating ORM DAG for consume_1_or_both_2_and_3_with_dataset_expressions
[2025-05-06T18:46:54.547-0500] {logging_mixin.py:188} INFO - [2025-05-06T18:46:54.547-0500] {dag.py:3118} INFO - Creating ORM DAG for dataset_produces_2
[2025-05-06T18:46:54.547-0500] {logging_mixin.py:188} INFO - [2025-05-06T18:46:54.547-0500] {dag.py:3118} INFO - Creating ORM DAG for conditional_dataset_and_time_based_timetable
[2025-05-06T18:46:54.547-0500] {logging_mixin.py:188} INFO - [2025-05-06T18:46:54.547-0500] {dag.py:3118} INFO - Creating ORM DAG for dataset_consumes_unknown_never_scheduled
[2025-05-06T18:46:54.547-0500] {logging_mixin.py:188} INFO - [2025-05-06T18:46:54.547-0500] {dag.py:3118} INFO - Creating ORM DAG for dataset_consumes_1
[2025-05-06T18:46:54.547-0500] {logging_mixin.py:188} INFO - [2025-05-06T18:46:54.547-0500] {dag.py:3118} INFO - Creating ORM DAG for consume_1_and_2_with_dataset_expressions
[2025-05-06T18:46:54.547-0500] {logging_mixin.py:188} INFO - [2025-05-06T18:46:54.547-0500] {dag.py:3118} INFO - Creating ORM DAG for dataset_consumes_1_never_scheduled
[2025-05-06T18:46:54.547-0500] {logging_mixin.py:188} INFO - [2025-05-06T18:46:54.547-0500] {dag.py:3118} INFO - Creating ORM DAG for dataset_consumes_1_and_2
[2025-05-06T18:46:54.547-0500] {logging_mixin.py:188} INFO - [2025-05-06T18:46:54.547-0500] {dag.py:3118} INFO - Creating ORM DAG for dataset_produces_1
[2025-05-06T18:46:54.550-0500] {logging_mixin.py:188} INFO - [2025-05-06T18:46:54.550-0500] {dag.py:3954} INFO - Setting next_dagrun for conditional_dataset_and_time_based_timetable to 2025-04-30 01:00:00+00:00, run_after=2025-04-30 01:00:00+00:00
[2025-05-06T18:46:54.550-0500] {logging_mixin.py:188} INFO - [2025-05-06T18:46:54.550-0500] {dag.py:3954} INFO - Setting next_dagrun for consume_1_and_2_with_dataset_expressions to None, run_after=None
[2025-05-06T18:46:54.550-0500] {logging_mixin.py:188} INFO - [2025-05-06T18:46:54.550-0500] {dag.py:3954} INFO - Setting next_dagrun for consume_1_or_2_with_dataset_expressions to None, run_after=None
[2025-05-06T18:46:54.550-0500] {logging_mixin.py:188} INFO - [2025-05-06T18:46:54.550-0500] {dag.py:3954} INFO - Setting next_dagrun for consume_1_or_both_2_and_3_with_dataset_expressions to None, run_after=None
[2025-05-06T18:46:54.550-0500] {logging_mixin.py:188} INFO - [2025-05-06T18:46:54.550-0500] {dag.py:3954} INFO - Setting next_dagrun for dataset_consumes_1 to None, run_after=None
[2025-05-06T18:46:54.550-0500] {logging_mixin.py:188} INFO - [2025-05-06T18:46:54.550-0500] {dag.py:3954} INFO - Setting next_dagrun for dataset_consumes_1_and_2 to None, run_after=None
[2025-05-06T18:46:54.550-0500] {logging_mixin.py:188} INFO - [2025-05-06T18:46:54.550-0500] {dag.py:3954} INFO - Setting next_dagrun for dataset_consumes_1_never_scheduled to None, run_after=None
[2025-05-06T18:46:54.550-0500] {logging_mixin.py:188} INFO - [2025-05-06T18:46:54.550-0500] {dag.py:3954} INFO - Setting next_dagrun for dataset_consumes_unknown_never_scheduled to None, run_after=None
[2025-05-06T18:46:54.551-0500] {logging_mixin.py:188} INFO - [2025-05-06T18:46:54.551-0500] {dag.py:3954} INFO - Setting next_dagrun for dataset_produces_1 to 2025-05-05 00:00:00+00:00, run_after=2025-05-06 00:00:00+00:00
[2025-05-06T18:46:54.551-0500] {logging_mixin.py:188} INFO - [2025-05-06T18:46:54.551-0500] {dag.py:3954} INFO - Setting next_dagrun for dataset_produces_2 to None, run_after=None
[2025-05-06T18:46:54.559-0500] {processor.py:183} INFO - Processing /Users/chakradharreddyvangala/venv/lib/python3.11/site-packages/airflow/example_dags/example_datasets.py took 0.240 seconds
[2025-05-06T18:48:17.391-0500] {processor.py:161} INFO - Started process (PID=63077) to work on /Users/chakradharreddyvangala/venv/lib/python3.11/site-packages/airflow/example_dags/example_datasets.py
[2025-05-06T18:48:17.391-0500] {processor.py:830} INFO - Processing file /Users/chakradharreddyvangala/venv/lib/python3.11/site-packages/airflow/example_dags/example_datasets.py for tasks to queue
[2025-05-06T18:48:17.392-0500] {logging_mixin.py:188} INFO - [2025-05-06T18:48:17.392-0500] {dagbag.py:545} INFO - Filling up the DagBag from /Users/chakradharreddyvangala/venv/lib/python3.11/site-packages/airflow/example_dags/example_datasets.py
[2025-05-06T18:48:17.490-0500] {processor.py:840} INFO - DAG(s) 'consume_1_or_2_with_dataset_expressions', 'dataset_consumes_1_and_2', 'consume_1_and_2_with_dataset_expressions', 'dataset_produces_2', 'dataset_consumes_1_never_scheduled', 'dataset_consumes_unknown_never_scheduled', 'consume_1_or_both_2_and_3_with_dataset_expressions', 'dataset_produces_1', 'dataset_consumes_1', 'conditional_dataset_and_time_based_timetable' retrieved from /Users/chakradharreddyvangala/venv/lib/python3.11/site-packages/airflow/example_dags/example_datasets.py
[2025-05-06T18:48:17.538-0500] {logging_mixin.py:188} INFO - [2025-05-06T18:48:17.538-0500] {dag.py:3096} INFO - Sync 10 DAGs
[2025-05-06T18:48:17.543-0500] {logging_mixin.py:188} INFO - [2025-05-06T18:48:17.543-0500] {dag.py:3954} INFO - Setting next_dagrun for conditional_dataset_and_time_based_timetable to 2025-04-30 01:00:00+00:00, run_after=2025-04-30 01:00:00+00:00
[2025-05-06T18:48:17.544-0500] {logging_mixin.py:188} INFO - [2025-05-06T18:48:17.544-0500] {dag.py:3954} INFO - Setting next_dagrun for consume_1_and_2_with_dataset_expressions to None, run_after=None
[2025-05-06T18:48:17.544-0500] {logging_mixin.py:188} INFO - [2025-05-06T18:48:17.544-0500] {dag.py:3954} INFO - Setting next_dagrun for consume_1_or_2_with_dataset_expressions to None, run_after=None
[2025-05-06T18:48:17.544-0500] {logging_mixin.py:188} INFO - [2025-05-06T18:48:17.544-0500] {dag.py:3954} INFO - Setting next_dagrun for consume_1_or_both_2_and_3_with_dataset_expressions to None, run_after=None
[2025-05-06T18:48:17.545-0500] {logging_mixin.py:188} INFO - [2025-05-06T18:48:17.545-0500] {dag.py:3954} INFO - Setting next_dagrun for dataset_consumes_1 to None, run_after=None
[2025-05-06T18:48:17.545-0500] {logging_mixin.py:188} INFO - [2025-05-06T18:48:17.545-0500] {dag.py:3954} INFO - Setting next_dagrun for dataset_consumes_1_and_2 to None, run_after=None
[2025-05-06T18:48:17.545-0500] {logging_mixin.py:188} INFO - [2025-05-06T18:48:17.545-0500] {dag.py:3954} INFO - Setting next_dagrun for dataset_consumes_1_never_scheduled to None, run_after=None
[2025-05-06T18:48:17.545-0500] {logging_mixin.py:188} INFO - [2025-05-06T18:48:17.545-0500] {dag.py:3954} INFO - Setting next_dagrun for dataset_consumes_unknown_never_scheduled to None, run_after=None
[2025-05-06T18:48:17.546-0500] {logging_mixin.py:188} INFO - [2025-05-06T18:48:17.546-0500] {dag.py:3954} INFO - Setting next_dagrun for dataset_produces_1 to 2025-05-05 00:00:00+00:00, run_after=2025-05-06 00:00:00+00:00
[2025-05-06T18:48:17.546-0500] {logging_mixin.py:188} INFO - [2025-05-06T18:48:17.546-0500] {dag.py:3954} INFO - Setting next_dagrun for dataset_produces_2 to None, run_after=None
[2025-05-06T18:48:17.553-0500] {processor.py:183} INFO - Processing /Users/chakradharreddyvangala/venv/lib/python3.11/site-packages/airflow/example_dags/example_datasets.py took 0.164 seconds
[2025-05-06T18:49:43.578-0500] {processor.py:161} INFO - Started process (PID=63173) to work on /Users/chakradharreddyvangala/venv/lib/python3.11/site-packages/airflow/example_dags/example_datasets.py
[2025-05-06T18:49:43.579-0500] {processor.py:830} INFO - Processing file /Users/chakradharreddyvangala/venv/lib/python3.11/site-packages/airflow/example_dags/example_datasets.py for tasks to queue
[2025-05-06T18:49:43.579-0500] {logging_mixin.py:188} INFO - [2025-05-06T18:49:43.579-0500] {dagbag.py:545} INFO - Filling up the DagBag from /Users/chakradharreddyvangala/venv/lib/python3.11/site-packages/airflow/example_dags/example_datasets.py
[2025-05-06T18:49:43.691-0500] {processor.py:840} INFO - DAG(s) 'dataset_consumes_1', 'consume_1_and_2_with_dataset_expressions', 'dataset_consumes_1_and_2', 'consume_1_or_2_with_dataset_expressions', 'dataset_produces_2', 'conditional_dataset_and_time_based_timetable', 'dataset_consumes_1_never_scheduled', 'consume_1_or_both_2_and_3_with_dataset_expressions', 'dataset_produces_1', 'dataset_consumes_unknown_never_scheduled' retrieved from /Users/chakradharreddyvangala/venv/lib/python3.11/site-packages/airflow/example_dags/example_datasets.py
[2025-05-06T18:49:43.748-0500] {logging_mixin.py:188} INFO - [2025-05-06T18:49:43.748-0500] {dag.py:3096} INFO - Sync 10 DAGs
[2025-05-06T18:49:43.754-0500] {logging_mixin.py:188} INFO - [2025-05-06T18:49:43.754-0500] {dag.py:3954} INFO - Setting next_dagrun for conditional_dataset_and_time_based_timetable to 2025-04-30 01:00:00+00:00, run_after=2025-04-30 01:00:00+00:00
[2025-05-06T18:49:43.755-0500] {logging_mixin.py:188} INFO - [2025-05-06T18:49:43.755-0500] {dag.py:3954} INFO - Setting next_dagrun for consume_1_and_2_with_dataset_expressions to None, run_after=None
[2025-05-06T18:49:43.755-0500] {logging_mixin.py:188} INFO - [2025-05-06T18:49:43.755-0500] {dag.py:3954} INFO - Setting next_dagrun for consume_1_or_2_with_dataset_expressions to None, run_after=None
[2025-05-06T18:49:43.755-0500] {logging_mixin.py:188} INFO - [2025-05-06T18:49:43.755-0500] {dag.py:3954} INFO - Setting next_dagrun for consume_1_or_both_2_and_3_with_dataset_expressions to None, run_after=None
[2025-05-06T18:49:43.756-0500] {logging_mixin.py:188} INFO - [2025-05-06T18:49:43.756-0500] {dag.py:3954} INFO - Setting next_dagrun for dataset_consumes_1 to None, run_after=None
[2025-05-06T18:49:43.756-0500] {logging_mixin.py:188} INFO - [2025-05-06T18:49:43.756-0500] {dag.py:3954} INFO - Setting next_dagrun for dataset_consumes_1_and_2 to None, run_after=None
[2025-05-06T18:49:43.756-0500] {logging_mixin.py:188} INFO - [2025-05-06T18:49:43.756-0500] {dag.py:3954} INFO - Setting next_dagrun for dataset_consumes_1_never_scheduled to None, run_after=None
[2025-05-06T18:49:43.756-0500] {logging_mixin.py:188} INFO - [2025-05-06T18:49:43.756-0500] {dag.py:3954} INFO - Setting next_dagrun for dataset_consumes_unknown_never_scheduled to None, run_after=None
[2025-05-06T18:49:43.757-0500] {logging_mixin.py:188} INFO - [2025-05-06T18:49:43.757-0500] {dag.py:3954} INFO - Setting next_dagrun for dataset_produces_1 to 2025-05-05 00:00:00+00:00, run_after=2025-05-06 00:00:00+00:00
[2025-05-06T18:49:43.757-0500] {logging_mixin.py:188} INFO - [2025-05-06T18:49:43.757-0500] {dag.py:3954} INFO - Setting next_dagrun for dataset_produces_2 to None, run_after=None
[2025-05-06T18:49:43.765-0500] {processor.py:183} INFO - Processing /Users/chakradharreddyvangala/venv/lib/python3.11/site-packages/airflow/example_dags/example_datasets.py took 0.188 seconds
[2025-05-06T18:51:19.699-0500] {processor.py:161} INFO - Started process (PID=63285) to work on /Users/chakradharreddyvangala/venv/lib/python3.11/site-packages/airflow/example_dags/example_datasets.py
[2025-05-06T18:51:19.700-0500] {processor.py:830} INFO - Processing file /Users/chakradharreddyvangala/venv/lib/python3.11/site-packages/airflow/example_dags/example_datasets.py for tasks to queue
[2025-05-06T18:51:19.700-0500] {logging_mixin.py:188} INFO - [2025-05-06T18:51:19.700-0500] {dagbag.py:545} INFO - Filling up the DagBag from /Users/chakradharreddyvangala/venv/lib/python3.11/site-packages/airflow/example_dags/example_datasets.py
[2025-05-06T18:51:19.803-0500] {processor.py:840} INFO - DAG(s) 'consume_1_or_both_2_and_3_with_dataset_expressions', 'dataset_consumes_1_never_scheduled', 'dataset_consumes_unknown_never_scheduled', 'consume_1_or_2_with_dataset_expressions', 'conditional_dataset_and_time_based_timetable', 'dataset_produces_1', 'dataset_produces_2', 'dataset_consumes_1', 'dataset_consumes_1_and_2', 'consume_1_and_2_with_dataset_expressions' retrieved from /Users/chakradharreddyvangala/venv/lib/python3.11/site-packages/airflow/example_dags/example_datasets.py
[2025-05-06T18:51:19.862-0500] {logging_mixin.py:188} INFO - [2025-05-06T18:51:19.862-0500] {dag.py:3096} INFO - Sync 10 DAGs
[2025-05-06T18:51:19.867-0500] {logging_mixin.py:188} INFO - [2025-05-06T18:51:19.867-0500] {dag.py:3954} INFO - Setting next_dagrun for conditional_dataset_and_time_based_timetable to 2025-04-30 01:00:00+00:00, run_after=2025-04-30 01:00:00+00:00
[2025-05-06T18:51:19.868-0500] {logging_mixin.py:188} INFO - [2025-05-06T18:51:19.868-0500] {dag.py:3954} INFO - Setting next_dagrun for consume_1_and_2_with_dataset_expressions to None, run_after=None
[2025-05-06T18:51:19.868-0500] {logging_mixin.py:188} INFO - [2025-05-06T18:51:19.868-0500] {dag.py:3954} INFO - Setting next_dagrun for consume_1_or_2_with_dataset_expressions to None, run_after=None
[2025-05-06T18:51:19.869-0500] {logging_mixin.py:188} INFO - [2025-05-06T18:51:19.869-0500] {dag.py:3954} INFO - Setting next_dagrun for consume_1_or_both_2_and_3_with_dataset_expressions to None, run_after=None
[2025-05-06T18:51:19.869-0500] {logging_mixin.py:188} INFO - [2025-05-06T18:51:19.869-0500] {dag.py:3954} INFO - Setting next_dagrun for dataset_consumes_1 to None, run_after=None
[2025-05-06T18:51:19.869-0500] {logging_mixin.py:188} INFO - [2025-05-06T18:51:19.869-0500] {dag.py:3954} INFO - Setting next_dagrun for dataset_consumes_1_and_2 to None, run_after=None
[2025-05-06T18:51:19.869-0500] {logging_mixin.py:188} INFO - [2025-05-06T18:51:19.869-0500] {dag.py:3954} INFO - Setting next_dagrun for dataset_consumes_1_never_scheduled to None, run_after=None
[2025-05-06T18:51:19.869-0500] {logging_mixin.py:188} INFO - [2025-05-06T18:51:19.869-0500] {dag.py:3954} INFO - Setting next_dagrun for dataset_consumes_unknown_never_scheduled to None, run_after=None
[2025-05-06T18:51:19.870-0500] {logging_mixin.py:188} INFO - [2025-05-06T18:51:19.870-0500] {dag.py:3954} INFO - Setting next_dagrun for dataset_produces_1 to 2025-05-05 00:00:00+00:00, run_after=2025-05-06 00:00:00+00:00
[2025-05-06T18:51:19.870-0500] {logging_mixin.py:188} INFO - [2025-05-06T18:51:19.870-0500] {dag.py:3954} INFO - Setting next_dagrun for dataset_produces_2 to None, run_after=None
[2025-05-06T18:51:19.878-0500] {processor.py:183} INFO - Processing /Users/chakradharreddyvangala/venv/lib/python3.11/site-packages/airflow/example_dags/example_datasets.py took 0.180 seconds
[2025-05-06T18:52:43.611-0500] {processor.py:161} INFO - Started process (PID=63398) to work on /Users/chakradharreddyvangala/venv/lib/python3.11/site-packages/airflow/example_dags/example_datasets.py
[2025-05-06T18:52:43.612-0500] {processor.py:830} INFO - Processing file /Users/chakradharreddyvangala/venv/lib/python3.11/site-packages/airflow/example_dags/example_datasets.py for tasks to queue
[2025-05-06T18:52:43.612-0500] {logging_mixin.py:188} INFO - [2025-05-06T18:52:43.612-0500] {dagbag.py:545} INFO - Filling up the DagBag from /Users/chakradharreddyvangala/venv/lib/python3.11/site-packages/airflow/example_dags/example_datasets.py
[2025-05-06T18:52:43.716-0500] {processor.py:840} INFO - DAG(s) 'dataset_consumes_1', 'conditional_dataset_and_time_based_timetable', 'consume_1_or_both_2_and_3_with_dataset_expressions', 'dataset_consumes_unknown_never_scheduled', 'consume_1_or_2_with_dataset_expressions', 'dataset_produces_2', 'dataset_consumes_1_never_scheduled', 'consume_1_and_2_with_dataset_expressions', 'dataset_produces_1', 'dataset_consumes_1_and_2' retrieved from /Users/chakradharreddyvangala/venv/lib/python3.11/site-packages/airflow/example_dags/example_datasets.py
[2025-05-06T18:52:43.766-0500] {logging_mixin.py:188} INFO - [2025-05-06T18:52:43.766-0500] {dag.py:3096} INFO - Sync 10 DAGs
[2025-05-06T18:52:43.771-0500] {logging_mixin.py:188} INFO - [2025-05-06T18:52:43.771-0500] {dag.py:3954} INFO - Setting next_dagrun for conditional_dataset_and_time_based_timetable to 2025-04-30 01:00:00+00:00, run_after=2025-04-30 01:00:00+00:00
[2025-05-06T18:52:43.772-0500] {logging_mixin.py:188} INFO - [2025-05-06T18:52:43.772-0500] {dag.py:3954} INFO - Setting next_dagrun for consume_1_and_2_with_dataset_expressions to None, run_after=None
[2025-05-06T18:52:43.772-0500] {logging_mixin.py:188} INFO - [2025-05-06T18:52:43.772-0500] {dag.py:3954} INFO - Setting next_dagrun for consume_1_or_2_with_dataset_expressions to None, run_after=None
[2025-05-06T18:52:43.773-0500] {logging_mixin.py:188} INFO - [2025-05-06T18:52:43.773-0500] {dag.py:3954} INFO - Setting next_dagrun for consume_1_or_both_2_and_3_with_dataset_expressions to None, run_after=None
[2025-05-06T18:52:43.773-0500] {logging_mixin.py:188} INFO - [2025-05-06T18:52:43.773-0500] {dag.py:3954} INFO - Setting next_dagrun for dataset_consumes_1 to None, run_after=None
[2025-05-06T18:52:43.773-0500] {logging_mixin.py:188} INFO - [2025-05-06T18:52:43.773-0500] {dag.py:3954} INFO - Setting next_dagrun for dataset_consumes_1_and_2 to None, run_after=None
[2025-05-06T18:52:43.773-0500] {logging_mixin.py:188} INFO - [2025-05-06T18:52:43.773-0500] {dag.py:3954} INFO - Setting next_dagrun for dataset_consumes_1_never_scheduled to None, run_after=None
[2025-05-06T18:52:43.773-0500] {logging_mixin.py:188} INFO - [2025-05-06T18:52:43.773-0500] {dag.py:3954} INFO - Setting next_dagrun for dataset_consumes_unknown_never_scheduled to None, run_after=None
[2025-05-06T18:52:43.774-0500] {logging_mixin.py:188} INFO - [2025-05-06T18:52:43.774-0500] {dag.py:3954} INFO - Setting next_dagrun for dataset_produces_1 to 2025-05-05 00:00:00+00:00, run_after=2025-05-06 00:00:00+00:00
[2025-05-06T18:52:43.774-0500] {logging_mixin.py:188} INFO - [2025-05-06T18:52:43.774-0500] {dag.py:3954} INFO - Setting next_dagrun for dataset_produces_2 to None, run_after=None
[2025-05-06T18:52:43.782-0500] {processor.py:183} INFO - Processing /Users/chakradharreddyvangala/venv/lib/python3.11/site-packages/airflow/example_dags/example_datasets.py took 0.171 seconds
[2025-05-06T18:54:10.809-0500] {processor.py:161} INFO - Started process (PID=63494) to work on /Users/chakradharreddyvangala/venv/lib/python3.11/site-packages/airflow/example_dags/example_datasets.py
[2025-05-06T18:54:10.809-0500] {processor.py:830} INFO - Processing file /Users/chakradharreddyvangala/venv/lib/python3.11/site-packages/airflow/example_dags/example_datasets.py for tasks to queue
[2025-05-06T18:54:10.810-0500] {logging_mixin.py:188} INFO - [2025-05-06T18:54:10.810-0500] {dagbag.py:545} INFO - Filling up the DagBag from /Users/chakradharreddyvangala/venv/lib/python3.11/site-packages/airflow/example_dags/example_datasets.py
[2025-05-06T18:54:10.911-0500] {processor.py:840} INFO - DAG(s) 'dataset_produces_2', 'dataset_produces_1', 'consume_1_and_2_with_dataset_expressions', 'dataset_consumes_unknown_never_scheduled', 'dataset_consumes_1', 'conditional_dataset_and_time_based_timetable', 'dataset_consumes_1_never_scheduled', 'consume_1_or_2_with_dataset_expressions', 'dataset_consumes_1_and_2', 'consume_1_or_both_2_and_3_with_dataset_expressions' retrieved from /Users/chakradharreddyvangala/venv/lib/python3.11/site-packages/airflow/example_dags/example_datasets.py
[2025-05-06T18:54:10.996-0500] {logging_mixin.py:188} INFO - [2025-05-06T18:54:10.996-0500] {dag.py:3096} INFO - Sync 10 DAGs
[2025-05-06T18:54:11.001-0500] {logging_mixin.py:188} INFO - [2025-05-06T18:54:11.001-0500] {dag.py:3954} INFO - Setting next_dagrun for conditional_dataset_and_time_based_timetable to 2025-04-30 01:00:00+00:00, run_after=2025-04-30 01:00:00+00:00
[2025-05-06T18:54:11.002-0500] {logging_mixin.py:188} INFO - [2025-05-06T18:54:11.002-0500] {dag.py:3954} INFO - Setting next_dagrun for consume_1_and_2_with_dataset_expressions to None, run_after=None
[2025-05-06T18:54:11.002-0500] {logging_mixin.py:188} INFO - [2025-05-06T18:54:11.002-0500] {dag.py:3954} INFO - Setting next_dagrun for consume_1_or_2_with_dataset_expressions to None, run_after=None
[2025-05-06T18:54:11.003-0500] {logging_mixin.py:188} INFO - [2025-05-06T18:54:11.003-0500] {dag.py:3954} INFO - Setting next_dagrun for consume_1_or_both_2_and_3_with_dataset_expressions to None, run_after=None
[2025-05-06T18:54:11.003-0500] {logging_mixin.py:188} INFO - [2025-05-06T18:54:11.003-0500] {dag.py:3954} INFO - Setting next_dagrun for dataset_consumes_1 to None, run_after=None
[2025-05-06T18:54:11.003-0500] {logging_mixin.py:188} INFO - [2025-05-06T18:54:11.003-0500] {dag.py:3954} INFO - Setting next_dagrun for dataset_consumes_1_and_2 to None, run_after=None
[2025-05-06T18:54:11.003-0500] {logging_mixin.py:188} INFO - [2025-05-06T18:54:11.003-0500] {dag.py:3954} INFO - Setting next_dagrun for dataset_consumes_1_never_scheduled to None, run_after=None
[2025-05-06T18:54:11.003-0500] {logging_mixin.py:188} INFO - [2025-05-06T18:54:11.003-0500] {dag.py:3954} INFO - Setting next_dagrun for dataset_consumes_unknown_never_scheduled to None, run_after=None
[2025-05-06T18:54:11.004-0500] {logging_mixin.py:188} INFO - [2025-05-06T18:54:11.004-0500] {dag.py:3954} INFO - Setting next_dagrun for dataset_produces_1 to 2025-05-05 00:00:00+00:00, run_after=2025-05-06 00:00:00+00:00
[2025-05-06T18:54:11.004-0500] {logging_mixin.py:188} INFO - [2025-05-06T18:54:11.004-0500] {dag.py:3954} INFO - Setting next_dagrun for dataset_produces_2 to None, run_after=None
[2025-05-06T18:54:11.014-0500] {processor.py:183} INFO - Processing /Users/chakradharreddyvangala/venv/lib/python3.11/site-packages/airflow/example_dags/example_datasets.py took 0.207 seconds
[2025-05-06T18:55:39.148-0500] {processor.py:161} INFO - Started process (PID=63572) to work on /Users/chakradharreddyvangala/venv/lib/python3.11/site-packages/airflow/example_dags/example_datasets.py
[2025-05-06T18:55:39.149-0500] {processor.py:830} INFO - Processing file /Users/chakradharreddyvangala/venv/lib/python3.11/site-packages/airflow/example_dags/example_datasets.py for tasks to queue
[2025-05-06T18:55:39.149-0500] {logging_mixin.py:188} INFO - [2025-05-06T18:55:39.149-0500] {dagbag.py:545} INFO - Filling up the DagBag from /Users/chakradharreddyvangala/venv/lib/python3.11/site-packages/airflow/example_dags/example_datasets.py
[2025-05-06T18:55:39.247-0500] {processor.py:840} INFO - DAG(s) 'dataset_consumes_unknown_never_scheduled', 'dataset_produces_1', 'consume_1_or_both_2_and_3_with_dataset_expressions', 'dataset_consumes_1_never_scheduled', 'consume_1_or_2_with_dataset_expressions', 'dataset_consumes_1_and_2', 'dataset_produces_2', 'dataset_consumes_1', 'conditional_dataset_and_time_based_timetable', 'consume_1_and_2_with_dataset_expressions' retrieved from /Users/chakradharreddyvangala/venv/lib/python3.11/site-packages/airflow/example_dags/example_datasets.py
[2025-05-06T18:55:39.296-0500] {logging_mixin.py:188} INFO - [2025-05-06T18:55:39.296-0500] {dag.py:3096} INFO - Sync 10 DAGs
[2025-05-06T18:55:39.301-0500] {logging_mixin.py:188} INFO - [2025-05-06T18:55:39.301-0500] {dag.py:3954} INFO - Setting next_dagrun for conditional_dataset_and_time_based_timetable to 2025-04-30 01:00:00+00:00, run_after=2025-04-30 01:00:00+00:00
[2025-05-06T18:55:39.302-0500] {logging_mixin.py:188} INFO - [2025-05-06T18:55:39.302-0500] {dag.py:3954} INFO - Setting next_dagrun for consume_1_and_2_with_dataset_expressions to None, run_after=None
[2025-05-06T18:55:39.302-0500] {logging_mixin.py:188} INFO - [2025-05-06T18:55:39.302-0500] {dag.py:3954} INFO - Setting next_dagrun for consume_1_or_2_with_dataset_expressions to None, run_after=None
[2025-05-06T18:55:39.302-0500] {logging_mixin.py:188} INFO - [2025-05-06T18:55:39.302-0500] {dag.py:3954} INFO - Setting next_dagrun for consume_1_or_both_2_and_3_with_dataset_expressions to None, run_after=None
[2025-05-06T18:55:39.303-0500] {logging_mixin.py:188} INFO - [2025-05-06T18:55:39.303-0500] {dag.py:3954} INFO - Setting next_dagrun for dataset_consumes_1 to None, run_after=None
[2025-05-06T18:55:39.303-0500] {logging_mixin.py:188} INFO - [2025-05-06T18:55:39.303-0500] {dag.py:3954} INFO - Setting next_dagrun for dataset_consumes_1_and_2 to None, run_after=None
[2025-05-06T18:55:39.303-0500] {logging_mixin.py:188} INFO - [2025-05-06T18:55:39.303-0500] {dag.py:3954} INFO - Setting next_dagrun for dataset_consumes_1_never_scheduled to None, run_after=None
[2025-05-06T18:55:39.303-0500] {logging_mixin.py:188} INFO - [2025-05-06T18:55:39.303-0500] {dag.py:3954} INFO - Setting next_dagrun for dataset_consumes_unknown_never_scheduled to None, run_after=None
[2025-05-06T18:55:39.304-0500] {logging_mixin.py:188} INFO - [2025-05-06T18:55:39.304-0500] {dag.py:3954} INFO - Setting next_dagrun for dataset_produces_1 to 2025-05-05 00:00:00+00:00, run_after=2025-05-06 00:00:00+00:00
[2025-05-06T18:55:39.304-0500] {logging_mixin.py:188} INFO - [2025-05-06T18:55:39.304-0500] {dag.py:3954} INFO - Setting next_dagrun for dataset_produces_2 to None, run_after=None
[2025-05-06T18:55:39.311-0500] {processor.py:183} INFO - Processing /Users/chakradharreddyvangala/venv/lib/python3.11/site-packages/airflow/example_dags/example_datasets.py took 0.164 seconds
[2025-05-06T18:57:03.240-0500] {processor.py:161} INFO - Started process (PID=63675) to work on /Users/chakradharreddyvangala/venv/lib/python3.11/site-packages/airflow/example_dags/example_datasets.py
[2025-05-06T18:57:03.241-0500] {processor.py:830} INFO - Processing file /Users/chakradharreddyvangala/venv/lib/python3.11/site-packages/airflow/example_dags/example_datasets.py for tasks to queue
[2025-05-06T18:57:03.241-0500] {logging_mixin.py:188} INFO - [2025-05-06T18:57:03.241-0500] {dagbag.py:545} INFO - Filling up the DagBag from /Users/chakradharreddyvangala/venv/lib/python3.11/site-packages/airflow/example_dags/example_datasets.py
[2025-05-06T18:57:03.348-0500] {processor.py:840} INFO - DAG(s) 'dataset_consumes_unknown_never_scheduled', 'dataset_produces_1', 'consume_1_or_both_2_and_3_with_dataset_expressions', 'conditional_dataset_and_time_based_timetable', 'dataset_produces_2', 'dataset_consumes_1', 'dataset_consumes_1_never_scheduled', 'consume_1_and_2_with_dataset_expressions', 'consume_1_or_2_with_dataset_expressions', 'dataset_consumes_1_and_2' retrieved from /Users/chakradharreddyvangala/venv/lib/python3.11/site-packages/airflow/example_dags/example_datasets.py
[2025-05-06T18:57:03.414-0500] {logging_mixin.py:188} INFO - [2025-05-06T18:57:03.414-0500] {dag.py:3096} INFO - Sync 10 DAGs
[2025-05-06T18:57:03.423-0500] {logging_mixin.py:188} INFO - [2025-05-06T18:57:03.423-0500] {dag.py:3954} INFO - Setting next_dagrun for conditional_dataset_and_time_based_timetable to 2025-04-30 01:00:00+00:00, run_after=2025-04-30 01:00:00+00:00
[2025-05-06T18:57:03.424-0500] {logging_mixin.py:188} INFO - [2025-05-06T18:57:03.424-0500] {dag.py:3954} INFO - Setting next_dagrun for consume_1_and_2_with_dataset_expressions to None, run_after=None
[2025-05-06T18:57:03.424-0500] {logging_mixin.py:188} INFO - [2025-05-06T18:57:03.424-0500] {dag.py:3954} INFO - Setting next_dagrun for consume_1_or_2_with_dataset_expressions to None, run_after=None
[2025-05-06T18:57:03.424-0500] {logging_mixin.py:188} INFO - [2025-05-06T18:57:03.424-0500] {dag.py:3954} INFO - Setting next_dagrun for consume_1_or_both_2_and_3_with_dataset_expressions to None, run_after=None
[2025-05-06T18:57:03.425-0500] {logging_mixin.py:188} INFO - [2025-05-06T18:57:03.424-0500] {dag.py:3954} INFO - Setting next_dagrun for dataset_consumes_1 to None, run_after=None
[2025-05-06T18:57:03.425-0500] {logging_mixin.py:188} INFO - [2025-05-06T18:57:03.425-0500] {dag.py:3954} INFO - Setting next_dagrun for dataset_consumes_1_and_2 to None, run_after=None
[2025-05-06T18:57:03.425-0500] {logging_mixin.py:188} INFO - [2025-05-06T18:57:03.425-0500] {dag.py:3954} INFO - Setting next_dagrun for dataset_consumes_1_never_scheduled to None, run_after=None
[2025-05-06T18:57:03.425-0500] {logging_mixin.py:188} INFO - [2025-05-06T18:57:03.425-0500] {dag.py:3954} INFO - Setting next_dagrun for dataset_consumes_unknown_never_scheduled to None, run_after=None
[2025-05-06T18:57:03.426-0500] {logging_mixin.py:188} INFO - [2025-05-06T18:57:03.426-0500] {dag.py:3954} INFO - Setting next_dagrun for dataset_produces_1 to 2025-05-05 00:00:00+00:00, run_after=2025-05-06 00:00:00+00:00
[2025-05-06T18:57:03.426-0500] {logging_mixin.py:188} INFO - [2025-05-06T18:57:03.426-0500] {dag.py:3954} INFO - Setting next_dagrun for dataset_produces_2 to None, run_after=None
[2025-05-06T18:57:03.434-0500] {processor.py:183} INFO - Processing /Users/chakradharreddyvangala/venv/lib/python3.11/site-packages/airflow/example_dags/example_datasets.py took 0.195 seconds
[2025-05-06T18:58:27.698-0500] {processor.py:161} INFO - Started process (PID=63760) to work on /Users/chakradharreddyvangala/venv/lib/python3.11/site-packages/airflow/example_dags/example_datasets.py
[2025-05-06T18:58:27.699-0500] {processor.py:830} INFO - Processing file /Users/chakradharreddyvangala/venv/lib/python3.11/site-packages/airflow/example_dags/example_datasets.py for tasks to queue
[2025-05-06T18:58:27.699-0500] {logging_mixin.py:188} INFO - [2025-05-06T18:58:27.699-0500] {dagbag.py:545} INFO - Filling up the DagBag from /Users/chakradharreddyvangala/venv/lib/python3.11/site-packages/airflow/example_dags/example_datasets.py
[2025-05-06T18:58:27.799-0500] {processor.py:840} INFO - DAG(s) 'conditional_dataset_and_time_based_timetable', 'dataset_consumes_1_and_2', 'dataset_produces_1', 'consume_1_or_2_with_dataset_expressions', 'dataset_consumes_unknown_never_scheduled', 'consume_1_or_both_2_and_3_with_dataset_expressions', 'dataset_consumes_1', 'dataset_consumes_1_never_scheduled', 'consume_1_and_2_with_dataset_expressions', 'dataset_produces_2' retrieved from /Users/chakradharreddyvangala/venv/lib/python3.11/site-packages/airflow/example_dags/example_datasets.py
[2025-05-06T18:58:27.846-0500] {logging_mixin.py:188} INFO - [2025-05-06T18:58:27.846-0500] {dag.py:3096} INFO - Sync 10 DAGs
[2025-05-06T18:58:27.851-0500] {logging_mixin.py:188} INFO - [2025-05-06T18:58:27.851-0500] {dag.py:3954} INFO - Setting next_dagrun for conditional_dataset_and_time_based_timetable to 2025-04-30 01:00:00+00:00, run_after=2025-04-30 01:00:00+00:00
[2025-05-06T18:58:27.852-0500] {logging_mixin.py:188} INFO - [2025-05-06T18:58:27.852-0500] {dag.py:3954} INFO - Setting next_dagrun for consume_1_and_2_with_dataset_expressions to None, run_after=None
[2025-05-06T18:58:27.853-0500] {logging_mixin.py:188} INFO - [2025-05-06T18:58:27.852-0500] {dag.py:3954} INFO - Setting next_dagrun for consume_1_or_2_with_dataset_expressions to None, run_after=None
[2025-05-06T18:58:27.853-0500] {logging_mixin.py:188} INFO - [2025-05-06T18:58:27.853-0500] {dag.py:3954} INFO - Setting next_dagrun for consume_1_or_both_2_and_3_with_dataset_expressions to None, run_after=None
[2025-05-06T18:58:27.853-0500] {logging_mixin.py:188} INFO - [2025-05-06T18:58:27.853-0500] {dag.py:3954} INFO - Setting next_dagrun for dataset_consumes_1 to None, run_after=None
[2025-05-06T18:58:27.853-0500] {logging_mixin.py:188} INFO - [2025-05-06T18:58:27.853-0500] {dag.py:3954} INFO - Setting next_dagrun for dataset_consumes_1_and_2 to None, run_after=None
[2025-05-06T18:58:27.853-0500] {logging_mixin.py:188} INFO - [2025-05-06T18:58:27.853-0500] {dag.py:3954} INFO - Setting next_dagrun for dataset_consumes_1_never_scheduled to None, run_after=None
[2025-05-06T18:58:27.854-0500] {logging_mixin.py:188} INFO - [2025-05-06T18:58:27.853-0500] {dag.py:3954} INFO - Setting next_dagrun for dataset_consumes_unknown_never_scheduled to None, run_after=None
[2025-05-06T18:58:27.854-0500] {logging_mixin.py:188} INFO - [2025-05-06T18:58:27.854-0500] {dag.py:3954} INFO - Setting next_dagrun for dataset_produces_1 to 2025-05-05 00:00:00+00:00, run_after=2025-05-06 00:00:00+00:00
[2025-05-06T18:58:27.854-0500] {logging_mixin.py:188} INFO - [2025-05-06T18:58:27.854-0500] {dag.py:3954} INFO - Setting next_dagrun for dataset_produces_2 to None, run_after=None
[2025-05-06T18:58:27.861-0500] {processor.py:183} INFO - Processing /Users/chakradharreddyvangala/venv/lib/python3.11/site-packages/airflow/example_dags/example_datasets.py took 0.165 seconds
[2025-05-06T18:59:14.992-0500] {processor.py:161} INFO - Started process (PID=63837) to work on /Users/chakradharreddyvangala/venv/lib/python3.11/site-packages/airflow/example_dags/example_datasets.py
[2025-05-06T18:59:14.992-0500] {processor.py:830} INFO - Processing file /Users/chakradharreddyvangala/venv/lib/python3.11/site-packages/airflow/example_dags/example_datasets.py for tasks to queue
[2025-05-06T18:59:14.992-0500] {logging_mixin.py:188} INFO - [2025-05-06T18:59:14.992-0500] {dagbag.py:545} INFO - Filling up the DagBag from /Users/chakradharreddyvangala/venv/lib/python3.11/site-packages/airflow/example_dags/example_datasets.py
[2025-05-06T18:59:15.094-0500] {processor.py:840} INFO - DAG(s) 'consume_1_or_2_with_dataset_expressions', 'dataset_produces_2', 'dataset_consumes_1_and_2', 'conditional_dataset_and_time_based_timetable', 'dataset_consumes_1_never_scheduled', 'dataset_consumes_1', 'consume_1_and_2_with_dataset_expressions', 'dataset_produces_1', 'dataset_consumes_unknown_never_scheduled', 'consume_1_or_both_2_and_3_with_dataset_expressions' retrieved from /Users/chakradharreddyvangala/venv/lib/python3.11/site-packages/airflow/example_dags/example_datasets.py
[2025-05-06T18:59:15.144-0500] {logging_mixin.py:188} INFO - [2025-05-06T18:59:15.144-0500] {dag.py:3096} INFO - Sync 10 DAGs
[2025-05-06T18:59:15.150-0500] {logging_mixin.py:188} INFO - [2025-05-06T18:59:15.149-0500] {dag.py:3954} INFO - Setting next_dagrun for conditional_dataset_and_time_based_timetable to 2025-04-30 01:00:00+00:00, run_after=2025-04-30 01:00:00+00:00
[2025-05-06T18:59:15.150-0500] {logging_mixin.py:188} INFO - [2025-05-06T18:59:15.150-0500] {dag.py:3954} INFO - Setting next_dagrun for consume_1_and_2_with_dataset_expressions to None, run_after=None
[2025-05-06T18:59:15.151-0500] {logging_mixin.py:188} INFO - [2025-05-06T18:59:15.151-0500] {dag.py:3954} INFO - Setting next_dagrun for consume_1_or_2_with_dataset_expressions to None, run_after=None
[2025-05-06T18:59:15.151-0500] {logging_mixin.py:188} INFO - [2025-05-06T18:59:15.151-0500] {dag.py:3954} INFO - Setting next_dagrun for consume_1_or_both_2_and_3_with_dataset_expressions to None, run_after=None
[2025-05-06T18:59:15.151-0500] {logging_mixin.py:188} INFO - [2025-05-06T18:59:15.151-0500] {dag.py:3954} INFO - Setting next_dagrun for dataset_consumes_1 to None, run_after=None
[2025-05-06T18:59:15.151-0500] {logging_mixin.py:188} INFO - [2025-05-06T18:59:15.151-0500] {dag.py:3954} INFO - Setting next_dagrun for dataset_consumes_1_and_2 to None, run_after=None
[2025-05-06T18:59:15.152-0500] {logging_mixin.py:188} INFO - [2025-05-06T18:59:15.151-0500] {dag.py:3954} INFO - Setting next_dagrun for dataset_consumes_1_never_scheduled to None, run_after=None
[2025-05-06T18:59:15.152-0500] {logging_mixin.py:188} INFO - [2025-05-06T18:59:15.152-0500] {dag.py:3954} INFO - Setting next_dagrun for dataset_consumes_unknown_never_scheduled to None, run_after=None
[2025-05-06T18:59:15.152-0500] {logging_mixin.py:188} INFO - [2025-05-06T18:59:15.152-0500] {dag.py:3954} INFO - Setting next_dagrun for dataset_produces_1 to 2025-05-05 00:00:00+00:00, run_after=2025-05-06 00:00:00+00:00
[2025-05-06T18:59:15.152-0500] {logging_mixin.py:188} INFO - [2025-05-06T18:59:15.152-0500] {dag.py:3954} INFO - Setting next_dagrun for dataset_produces_2 to None, run_after=None
[2025-05-06T18:59:15.160-0500] {processor.py:183} INFO - Processing /Users/chakradharreddyvangala/venv/lib/python3.11/site-packages/airflow/example_dags/example_datasets.py took 0.170 seconds
