[2025-05-06T18:46:46.091-0500] {processor.py:161} INFO - Started process (PID=62988) to work on /Users/chakradharreddyvangala/venv/lib/python3.11/site-packages/airflow/example_dags/example_latest_only.py
[2025-05-06T18:46:46.091-0500] {processor.py:830} INFO - Processing file /Users/chakradharreddyvangala/venv/lib/python3.11/site-packages/airflow/example_dags/example_latest_only.py for tasks to queue
[2025-05-06T18:46:46.091-0500] {logging_mixin.py:188} INFO - [2025-05-06T18:46:46.091-0500] {dagbag.py:545} INFO - Filling up the DagBag from /Users/chakradharreddyvangala/venv/lib/python3.11/site-packages/airflow/example_dags/example_latest_only.py
[2025-05-06T18:46:46.094-0500] {processor.py:840} INFO - DAG(s) 'latest_only' retrieved from /Users/chakradharreddyvangala/venv/lib/python3.11/site-packages/airflow/example_dags/example_latest_only.py
[2025-05-06T18:46:46.147-0500] {logging_mixin.py:188} INFO - [2025-05-06T18:46:46.147-0500] {override.py:1829} INFO - Created Permission View: can edit on DAG:latest_only
[2025-05-06T18:46:46.149-0500] {logging_mixin.py:188} INFO - [2025-05-06T18:46:46.149-0500] {override.py:1829} INFO - Created Permission View: can delete on DAG:latest_only
[2025-05-06T18:46:46.150-0500] {logging_mixin.py:188} INFO - [2025-05-06T18:46:46.150-0500] {override.py:1829} INFO - Created Permission View: can read on DAG:latest_only
[2025-05-06T18:46:46.151-0500] {logging_mixin.py:188} INFO - [2025-05-06T18:46:46.150-0500] {dag.py:3096} INFO - Sync 1 DAGs
[2025-05-06T18:46:46.153-0500] {logging_mixin.py:188} INFO - [2025-05-06T18:46:46.153-0500] {dag.py:3118} INFO - Creating ORM DAG for latest_only
[2025-05-06T18:46:46.155-0500] {logging_mixin.py:188} INFO - [2025-05-06T18:46:46.155-0500] {dag.py:3954} INFO - Setting next_dagrun for latest_only to 2025-05-06 16:00:00+00:00, run_after=2025-05-06 20:00:00+00:00
[2025-05-06T18:46:46.159-0500] {processor.py:183} INFO - Processing /Users/chakradharreddyvangala/venv/lib/python3.11/site-packages/airflow/example_dags/example_latest_only.py took 0.079 seconds
[2025-05-06T18:48:08.978-0500] {processor.py:161} INFO - Started process (PID=63067) to work on /Users/chakradharreddyvangala/venv/lib/python3.11/site-packages/airflow/example_dags/example_latest_only.py
[2025-05-06T18:48:08.979-0500] {processor.py:830} INFO - Processing file /Users/chakradharreddyvangala/venv/lib/python3.11/site-packages/airflow/example_dags/example_latest_only.py for tasks to queue
[2025-05-06T18:48:08.979-0500] {logging_mixin.py:188} INFO - [2025-05-06T18:48:08.979-0500] {dagbag.py:545} INFO - Filling up the DagBag from /Users/chakradharreddyvangala/venv/lib/python3.11/site-packages/airflow/example_dags/example_latest_only.py
[2025-05-06T18:48:08.982-0500] {processor.py:840} INFO - DAG(s) 'latest_only' retrieved from /Users/chakradharreddyvangala/venv/lib/python3.11/site-packages/airflow/example_dags/example_latest_only.py
[2025-05-06T18:48:09.006-0500] {logging_mixin.py:188} INFO - [2025-05-06T18:48:09.005-0500] {dag.py:3096} INFO - Sync 1 DAGs
[2025-05-06T18:48:09.010-0500] {logging_mixin.py:188} INFO - [2025-05-06T18:48:09.010-0500] {dag.py:3954} INFO - Setting next_dagrun for latest_only to 2025-05-06 16:00:00+00:00, run_after=2025-05-06 20:00:00+00:00
[2025-05-06T18:48:09.015-0500] {processor.py:183} INFO - Processing /Users/chakradharreddyvangala/venv/lib/python3.11/site-packages/airflow/example_dags/example_latest_only.py took 0.037 seconds
[2025-05-06T18:49:33.524-0500] {processor.py:161} INFO - Started process (PID=63148) to work on /Users/chakradharreddyvangala/venv/lib/python3.11/site-packages/airflow/example_dags/example_latest_only.py
[2025-05-06T18:49:33.525-0500] {processor.py:830} INFO - Processing file /Users/chakradharreddyvangala/venv/lib/python3.11/site-packages/airflow/example_dags/example_latest_only.py for tasks to queue
[2025-05-06T18:49:33.525-0500] {logging_mixin.py:188} INFO - [2025-05-06T18:49:33.525-0500] {dagbag.py:545} INFO - Filling up the DagBag from /Users/chakradharreddyvangala/venv/lib/python3.11/site-packages/airflow/example_dags/example_latest_only.py
[2025-05-06T18:49:33.528-0500] {processor.py:840} INFO - DAG(s) 'latest_only' retrieved from /Users/chakradharreddyvangala/venv/lib/python3.11/site-packages/airflow/example_dags/example_latest_only.py
[2025-05-06T18:49:33.553-0500] {logging_mixin.py:188} INFO - [2025-05-06T18:49:33.553-0500] {dag.py:3096} INFO - Sync 1 DAGs
[2025-05-06T18:49:33.558-0500] {logging_mixin.py:188} INFO - [2025-05-06T18:49:33.558-0500] {dag.py:3954} INFO - Setting next_dagrun for latest_only to 2025-05-06 16:00:00+00:00, run_after=2025-05-06 20:00:00+00:00
[2025-05-06T18:49:33.563-0500] {processor.py:183} INFO - Processing /Users/chakradharreddyvangala/venv/lib/python3.11/site-packages/airflow/example_dags/example_latest_only.py took 0.040 seconds
[2025-05-06T18:51:10.778-0500] {processor.py:161} INFO - Started process (PID=63277) to work on /Users/chakradharreddyvangala/venv/lib/python3.11/site-packages/airflow/example_dags/example_latest_only.py
[2025-05-06T18:51:10.778-0500] {processor.py:830} INFO - Processing file /Users/chakradharreddyvangala/venv/lib/python3.11/site-packages/airflow/example_dags/example_latest_only.py for tasks to queue
[2025-05-06T18:51:10.779-0500] {logging_mixin.py:188} INFO - [2025-05-06T18:51:10.779-0500] {dagbag.py:545} INFO - Filling up the DagBag from /Users/chakradharreddyvangala/venv/lib/python3.11/site-packages/airflow/example_dags/example_latest_only.py
[2025-05-06T18:51:10.782-0500] {processor.py:840} INFO - DAG(s) 'latest_only' retrieved from /Users/chakradharreddyvangala/venv/lib/python3.11/site-packages/airflow/example_dags/example_latest_only.py
[2025-05-06T18:51:10.812-0500] {logging_mixin.py:188} INFO - [2025-05-06T18:51:10.812-0500] {dag.py:3096} INFO - Sync 1 DAGs
[2025-05-06T18:51:10.817-0500] {logging_mixin.py:188} INFO - [2025-05-06T18:51:10.817-0500] {dag.py:3954} INFO - Setting next_dagrun for latest_only to 2025-05-06 16:00:00+00:00, run_after=2025-05-06 20:00:00+00:00
[2025-05-06T18:51:10.824-0500] {processor.py:183} INFO - Processing /Users/chakradharreddyvangala/venv/lib/python3.11/site-packages/airflow/example_dags/example_latest_only.py took 0.047 seconds
[2025-05-06T18:52:35.431-0500] {processor.py:161} INFO - Started process (PID=63372) to work on /Users/chakradharreddyvangala/venv/lib/python3.11/site-packages/airflow/example_dags/example_latest_only.py
[2025-05-06T18:52:35.432-0500] {processor.py:830} INFO - Processing file /Users/chakradharreddyvangala/venv/lib/python3.11/site-packages/airflow/example_dags/example_latest_only.py for tasks to queue
[2025-05-06T18:52:35.432-0500] {logging_mixin.py:188} INFO - [2025-05-06T18:52:35.432-0500] {dagbag.py:545} INFO - Filling up the DagBag from /Users/chakradharreddyvangala/venv/lib/python3.11/site-packages/airflow/example_dags/example_latest_only.py
[2025-05-06T18:52:35.434-0500] {processor.py:840} INFO - DAG(s) 'latest_only' retrieved from /Users/chakradharreddyvangala/venv/lib/python3.11/site-packages/airflow/example_dags/example_latest_only.py
[2025-05-06T18:52:35.460-0500] {logging_mixin.py:188} INFO - [2025-05-06T18:52:35.460-0500] {dag.py:3096} INFO - Sync 1 DAGs
[2025-05-06T18:52:35.465-0500] {logging_mixin.py:188} INFO - [2025-05-06T18:52:35.464-0500] {dag.py:3954} INFO - Setting next_dagrun for latest_only to 2025-05-06 16:00:00+00:00, run_after=2025-05-06 20:00:00+00:00
[2025-05-06T18:52:35.469-0500] {processor.py:183} INFO - Processing /Users/chakradharreddyvangala/venv/lib/python3.11/site-packages/airflow/example_dags/example_latest_only.py took 0.040 seconds
[2025-05-06T18:54:02.712-0500] {processor.py:161} INFO - Started process (PID=63487) to work on /Users/chakradharreddyvangala/venv/lib/python3.11/site-packages/airflow/example_dags/example_latest_only.py
[2025-05-06T18:54:02.713-0500] {processor.py:830} INFO - Processing file /Users/chakradharreddyvangala/venv/lib/python3.11/site-packages/airflow/example_dags/example_latest_only.py for tasks to queue
[2025-05-06T18:54:02.713-0500] {logging_mixin.py:188} INFO - [2025-05-06T18:54:02.713-0500] {dagbag.py:545} INFO - Filling up the DagBag from /Users/chakradharreddyvangala/venv/lib/python3.11/site-packages/airflow/example_dags/example_latest_only.py
[2025-05-06T18:54:02.716-0500] {processor.py:840} INFO - DAG(s) 'latest_only' retrieved from /Users/chakradharreddyvangala/venv/lib/python3.11/site-packages/airflow/example_dags/example_latest_only.py
[2025-05-06T18:54:02.770-0500] {logging_mixin.py:188} INFO - [2025-05-06T18:54:02.770-0500] {dag.py:3096} INFO - Sync 1 DAGs
[2025-05-06T18:54:02.775-0500] {logging_mixin.py:188} INFO - [2025-05-06T18:54:02.775-0500] {dag.py:3954} INFO - Setting next_dagrun for latest_only to 2025-05-06 16:00:00+00:00, run_after=2025-05-06 20:00:00+00:00
[2025-05-06T18:54:02.780-0500] {processor.py:183} INFO - Processing /Users/chakradharreddyvangala/venv/lib/python3.11/site-packages/airflow/example_dags/example_latest_only.py took 0.070 seconds
[2025-05-06T18:55:30.837-0500] {processor.py:161} INFO - Started process (PID=63565) to work on /Users/chakradharreddyvangala/venv/lib/python3.11/site-packages/airflow/example_dags/example_latest_only.py
[2025-05-06T18:55:30.837-0500] {processor.py:830} INFO - Processing file /Users/chakradharreddyvangala/venv/lib/python3.11/site-packages/airflow/example_dags/example_latest_only.py for tasks to queue
[2025-05-06T18:55:30.837-0500] {logging_mixin.py:188} INFO - [2025-05-06T18:55:30.837-0500] {dagbag.py:545} INFO - Filling up the DagBag from /Users/chakradharreddyvangala/venv/lib/python3.11/site-packages/airflow/example_dags/example_latest_only.py
[2025-05-06T18:55:30.840-0500] {processor.py:840} INFO - DAG(s) 'latest_only' retrieved from /Users/chakradharreddyvangala/venv/lib/python3.11/site-packages/airflow/example_dags/example_latest_only.py
[2025-05-06T18:55:30.867-0500] {logging_mixin.py:188} INFO - [2025-05-06T18:55:30.867-0500] {dag.py:3096} INFO - Sync 1 DAGs
[2025-05-06T18:55:30.872-0500] {logging_mixin.py:188} INFO - [2025-05-06T18:55:30.872-0500] {dag.py:3954} INFO - Setting next_dagrun for latest_only to 2025-05-06 16:00:00+00:00, run_after=2025-05-06 20:00:00+00:00
[2025-05-06T18:55:30.877-0500] {processor.py:183} INFO - Processing /Users/chakradharreddyvangala/venv/lib/python3.11/site-packages/airflow/example_dags/example_latest_only.py took 0.042 seconds
[2025-05-06T18:56:55.411-0500] {processor.py:161} INFO - Started process (PID=63668) to work on /Users/chakradharreddyvangala/venv/lib/python3.11/site-packages/airflow/example_dags/example_latest_only.py
[2025-05-06T18:56:55.412-0500] {processor.py:830} INFO - Processing file /Users/chakradharreddyvangala/venv/lib/python3.11/site-packages/airflow/example_dags/example_latest_only.py for tasks to queue
[2025-05-06T18:56:55.412-0500] {logging_mixin.py:188} INFO - [2025-05-06T18:56:55.412-0500] {dagbag.py:545} INFO - Filling up the DagBag from /Users/chakradharreddyvangala/venv/lib/python3.11/site-packages/airflow/example_dags/example_latest_only.py
[2025-05-06T18:56:55.415-0500] {processor.py:840} INFO - DAG(s) 'latest_only' retrieved from /Users/chakradharreddyvangala/venv/lib/python3.11/site-packages/airflow/example_dags/example_latest_only.py
[2025-05-06T18:56:55.440-0500] {logging_mixin.py:188} INFO - [2025-05-06T18:56:55.440-0500] {dag.py:3096} INFO - Sync 1 DAGs
[2025-05-06T18:56:55.445-0500] {logging_mixin.py:188} INFO - [2025-05-06T18:56:55.445-0500] {dag.py:3954} INFO - Setting next_dagrun for latest_only to 2025-05-06 16:00:00+00:00, run_after=2025-05-06 20:00:00+00:00
[2025-05-06T18:56:55.450-0500] {processor.py:183} INFO - Processing /Users/chakradharreddyvangala/venv/lib/python3.11/site-packages/airflow/example_dags/example_latest_only.py took 0.040 seconds
[2025-05-06T18:58:19.576-0500] {processor.py:161} INFO - Started process (PID=63747) to work on /Users/chakradharreddyvangala/venv/lib/python3.11/site-packages/airflow/example_dags/example_latest_only.py
[2025-05-06T18:58:19.576-0500] {processor.py:830} INFO - Processing file /Users/chakradharreddyvangala/venv/lib/python3.11/site-packages/airflow/example_dags/example_latest_only.py for tasks to queue
[2025-05-06T18:58:19.576-0500] {logging_mixin.py:188} INFO - [2025-05-06T18:58:19.576-0500] {dagbag.py:545} INFO - Filling up the DagBag from /Users/chakradharreddyvangala/venv/lib/python3.11/site-packages/airflow/example_dags/example_latest_only.py
[2025-05-06T18:58:19.578-0500] {processor.py:840} INFO - DAG(s) 'latest_only' retrieved from /Users/chakradharreddyvangala/venv/lib/python3.11/site-packages/airflow/example_dags/example_latest_only.py
[2025-05-06T18:58:19.603-0500] {logging_mixin.py:188} INFO - [2025-05-06T18:58:19.603-0500] {dag.py:3096} INFO - Sync 1 DAGs
[2025-05-06T18:58:19.608-0500] {logging_mixin.py:188} INFO - [2025-05-06T18:58:19.608-0500] {dag.py:3954} INFO - Setting next_dagrun for latest_only to 2025-05-06 16:00:00+00:00, run_after=2025-05-06 20:00:00+00:00
[2025-05-06T18:58:19.613-0500] {processor.py:183} INFO - Processing /Users/chakradharreddyvangala/venv/lib/python3.11/site-packages/airflow/example_dags/example_latest_only.py took 0.038 seconds
[2025-05-06T18:59:06.610-0500] {processor.py:161} INFO - Started process (PID=63829) to work on /Users/chakradharreddyvangala/venv/lib/python3.11/site-packages/airflow/example_dags/example_latest_only.py
[2025-05-06T18:59:06.610-0500] {processor.py:830} INFO - Processing file /Users/chakradharreddyvangala/venv/lib/python3.11/site-packages/airflow/example_dags/example_latest_only.py for tasks to queue
[2025-05-06T18:59:06.610-0500] {logging_mixin.py:188} INFO - [2025-05-06T18:59:06.610-0500] {dagbag.py:545} INFO - Filling up the DagBag from /Users/chakradharreddyvangala/venv/lib/python3.11/site-packages/airflow/example_dags/example_latest_only.py
[2025-05-06T18:59:06.613-0500] {processor.py:840} INFO - DAG(s) 'latest_only' retrieved from /Users/chakradharreddyvangala/venv/lib/python3.11/site-packages/airflow/example_dags/example_latest_only.py
[2025-05-06T18:59:06.637-0500] {logging_mixin.py:188} INFO - [2025-05-06T18:59:06.637-0500] {dag.py:3096} INFO - Sync 1 DAGs
[2025-05-06T18:59:06.642-0500] {logging_mixin.py:188} INFO - [2025-05-06T18:59:06.642-0500] {dag.py:3954} INFO - Setting next_dagrun for latest_only to 2025-05-06 16:00:00+00:00, run_after=2025-05-06 20:00:00+00:00
[2025-05-06T18:59:06.647-0500] {processor.py:183} INFO - Processing /Users/chakradharreddyvangala/venv/lib/python3.11/site-packages/airflow/example_dags/example_latest_only.py took 0.039 seconds
