[2025-05-06T18:46:42.897-0500] {processor.py:161} INFO - Started process (PID=62986) to work on /Users/chakradharreddyvangala/venv/lib/python3.11/site-packages/airflow/example_dags/example_local_kubernetes_executor.py
[2025-05-06T18:46:42.897-0500] {processor.py:830} INFO - Processing file /Users/chakradharreddyvangala/venv/lib/python3.11/site-packages/airflow/example_dags/example_local_kubernetes_executor.py for tasks to queue
[2025-05-06T18:46:42.897-0500] {logging_mixin.py:188} INFO - [2025-05-06T18:46:42.897-0500] {dagbag.py:545} INFO - Filling up the DagBag from /Users/chakradharreddyvangala/venv/lib/python3.11/site-packages/airflow/example_dags/example_local_kubernetes_executor.py
[2025-05-06T18:46:42.909-0500] {logging_mixin.py:188} INFO - [2025-05-06T18:46:42.909-0500] {example_local_kubernetes_executor.py:40} WARNING - Could not import DAGs in example_local_kubernetes_executor.py
Traceback (most recent call last):
  File "/Users/chakradharreddyvangala/venv/lib/python3.11/site-packages/airflow/example_dags/example_local_kubernetes_executor.py", line 38, in <module>
    from kubernetes.client import models as k8s
ModuleNotFoundError: No module named 'kubernetes'
[2025-05-06T18:46:42.909-0500] {logging_mixin.py:188} INFO - [2025-05-06T18:46:42.909-0500] {example_local_kubernetes_executor.py:41} WARNING - Install Kubernetes dependencies with: pip install apache-airflow[cncf.kubernetes]
[2025-05-06T18:46:42.909-0500] {processor.py:842} WARNING - No viable dags retrieved from /Users/chakradharreddyvangala/venv/lib/python3.11/site-packages/airflow/example_dags/example_local_kubernetes_executor.py
[2025-05-06T18:46:42.933-0500] {processor.py:183} INFO - Processing /Users/chakradharreddyvangala/venv/lib/python3.11/site-packages/airflow/example_dags/example_local_kubernetes_executor.py took 0.039 seconds
[2025-05-06T18:48:06.522-0500] {processor.py:161} INFO - Started process (PID=63065) to work on /Users/chakradharreddyvangala/venv/lib/python3.11/site-packages/airflow/example_dags/example_local_kubernetes_executor.py
[2025-05-06T18:48:06.522-0500] {processor.py:830} INFO - Processing file /Users/chakradharreddyvangala/venv/lib/python3.11/site-packages/airflow/example_dags/example_local_kubernetes_executor.py for tasks to queue
[2025-05-06T18:48:06.523-0500] {logging_mixin.py:188} INFO - [2025-05-06T18:48:06.523-0500] {dagbag.py:545} INFO - Filling up the DagBag from /Users/chakradharreddyvangala/venv/lib/python3.11/site-packages/airflow/example_dags/example_local_kubernetes_executor.py
[2025-05-06T18:48:06.533-0500] {logging_mixin.py:188} INFO - [2025-05-06T18:48:06.533-0500] {example_local_kubernetes_executor.py:40} WARNING - Could not import DAGs in example_local_kubernetes_executor.py
Traceback (most recent call last):
  File "/Users/chakradharreddyvangala/venv/lib/python3.11/site-packages/airflow/example_dags/example_local_kubernetes_executor.py", line 38, in <module>
    from kubernetes.client import models as k8s
ModuleNotFoundError: No module named 'kubernetes'
[2025-05-06T18:48:06.533-0500] {logging_mixin.py:188} INFO - [2025-05-06T18:48:06.533-0500] {example_local_kubernetes_executor.py:41} WARNING - Install Kubernetes dependencies with: pip install apache-airflow[cncf.kubernetes]
[2025-05-06T18:48:06.533-0500] {processor.py:842} WARNING - No viable dags retrieved from /Users/chakradharreddyvangala/venv/lib/python3.11/site-packages/airflow/example_dags/example_local_kubernetes_executor.py
[2025-05-06T18:48:06.552-0500] {processor.py:183} INFO - Processing /Users/chakradharreddyvangala/venv/lib/python3.11/site-packages/airflow/example_dags/example_local_kubernetes_executor.py took 0.032 seconds
[2025-05-06T18:49:31.515-0500] {processor.py:161} INFO - Started process (PID=63145) to work on /Users/chakradharreddyvangala/venv/lib/python3.11/site-packages/airflow/example_dags/example_local_kubernetes_executor.py
[2025-05-06T18:49:31.516-0500] {processor.py:830} INFO - Processing file /Users/chakradharreddyvangala/venv/lib/python3.11/site-packages/airflow/example_dags/example_local_kubernetes_executor.py for tasks to queue
[2025-05-06T18:49:31.516-0500] {logging_mixin.py:188} INFO - [2025-05-06T18:49:31.516-0500] {dagbag.py:545} INFO - Filling up the DagBag from /Users/chakradharreddyvangala/venv/lib/python3.11/site-packages/airflow/example_dags/example_local_kubernetes_executor.py
[2025-05-06T18:49:31.527-0500] {logging_mixin.py:188} INFO - [2025-05-06T18:49:31.527-0500] {example_local_kubernetes_executor.py:40} WARNING - Could not import DAGs in example_local_kubernetes_executor.py
Traceback (most recent call last):
  File "/Users/chakradharreddyvangala/venv/lib/python3.11/site-packages/airflow/example_dags/example_local_kubernetes_executor.py", line 38, in <module>
    from kubernetes.client import models as k8s
ModuleNotFoundError: No module named 'kubernetes'
[2025-05-06T18:49:31.528-0500] {logging_mixin.py:188} INFO - [2025-05-06T18:49:31.528-0500] {example_local_kubernetes_executor.py:41} WARNING - Install Kubernetes dependencies with: pip install apache-airflow[cncf.kubernetes]
[2025-05-06T18:49:31.528-0500] {processor.py:842} WARNING - No viable dags retrieved from /Users/chakradharreddyvangala/venv/lib/python3.11/site-packages/airflow/example_dags/example_local_kubernetes_executor.py
[2025-05-06T18:49:31.549-0500] {processor.py:183} INFO - Processing /Users/chakradharreddyvangala/venv/lib/python3.11/site-packages/airflow/example_dags/example_local_kubernetes_executor.py took 0.035 seconds
[2025-05-06T18:51:07.501-0500] {processor.py:161} INFO - Started process (PID=63275) to work on /Users/chakradharreddyvangala/venv/lib/python3.11/site-packages/airflow/example_dags/example_local_kubernetes_executor.py
[2025-05-06T18:51:07.502-0500] {processor.py:830} INFO - Processing file /Users/chakradharreddyvangala/venv/lib/python3.11/site-packages/airflow/example_dags/example_local_kubernetes_executor.py for tasks to queue
[2025-05-06T18:51:07.502-0500] {logging_mixin.py:188} INFO - [2025-05-06T18:51:07.502-0500] {dagbag.py:545} INFO - Filling up the DagBag from /Users/chakradharreddyvangala/venv/lib/python3.11/site-packages/airflow/example_dags/example_local_kubernetes_executor.py
[2025-05-06T18:51:07.514-0500] {logging_mixin.py:188} INFO - [2025-05-06T18:51:07.514-0500] {example_local_kubernetes_executor.py:40} WARNING - Could not import DAGs in example_local_kubernetes_executor.py
Traceback (most recent call last):
  File "/Users/chakradharreddyvangala/venv/lib/python3.11/site-packages/airflow/example_dags/example_local_kubernetes_executor.py", line 38, in <module>
    from kubernetes.client import models as k8s
ModuleNotFoundError: No module named 'kubernetes'
[2025-05-06T18:51:07.514-0500] {logging_mixin.py:188} INFO - [2025-05-06T18:51:07.514-0500] {example_local_kubernetes_executor.py:41} WARNING - Install Kubernetes dependencies with: pip install apache-airflow[cncf.kubernetes]
[2025-05-06T18:51:07.514-0500] {processor.py:842} WARNING - No viable dags retrieved from /Users/chakradharreddyvangala/venv/lib/python3.11/site-packages/airflow/example_dags/example_local_kubernetes_executor.py
[2025-05-06T18:51:07.535-0500] {processor.py:183} INFO - Processing /Users/chakradharreddyvangala/venv/lib/python3.11/site-packages/airflow/example_dags/example_local_kubernetes_executor.py took 0.036 seconds
[2025-05-06T18:52:33.035-0500] {processor.py:161} INFO - Started process (PID=63369) to work on /Users/chakradharreddyvangala/venv/lib/python3.11/site-packages/airflow/example_dags/example_local_kubernetes_executor.py
[2025-05-06T18:52:33.035-0500] {processor.py:830} INFO - Processing file /Users/chakradharreddyvangala/venv/lib/python3.11/site-packages/airflow/example_dags/example_local_kubernetes_executor.py for tasks to queue
[2025-05-06T18:52:33.036-0500] {logging_mixin.py:188} INFO - [2025-05-06T18:52:33.035-0500] {dagbag.py:545} INFO - Filling up the DagBag from /Users/chakradharreddyvangala/venv/lib/python3.11/site-packages/airflow/example_dags/example_local_kubernetes_executor.py
[2025-05-06T18:52:33.047-0500] {logging_mixin.py:188} INFO - [2025-05-06T18:52:33.047-0500] {example_local_kubernetes_executor.py:40} WARNING - Could not import DAGs in example_local_kubernetes_executor.py
Traceback (most recent call last):
  File "/Users/chakradharreddyvangala/venv/lib/python3.11/site-packages/airflow/example_dags/example_local_kubernetes_executor.py", line 38, in <module>
    from kubernetes.client import models as k8s
ModuleNotFoundError: No module named 'kubernetes'
[2025-05-06T18:52:33.047-0500] {logging_mixin.py:188} INFO - [2025-05-06T18:52:33.047-0500] {example_local_kubernetes_executor.py:41} WARNING - Install Kubernetes dependencies with: pip install apache-airflow[cncf.kubernetes]
[2025-05-06T18:52:33.047-0500] {processor.py:842} WARNING - No viable dags retrieved from /Users/chakradharreddyvangala/venv/lib/python3.11/site-packages/airflow/example_dags/example_local_kubernetes_executor.py
[2025-05-06T18:52:33.069-0500] {processor.py:183} INFO - Processing /Users/chakradharreddyvangala/venv/lib/python3.11/site-packages/airflow/example_dags/example_local_kubernetes_executor.py took 0.035 seconds
[2025-05-06T18:53:59.487-0500] {processor.py:161} INFO - Started process (PID=63485) to work on /Users/chakradharreddyvangala/venv/lib/python3.11/site-packages/airflow/example_dags/example_local_kubernetes_executor.py
[2025-05-06T18:53:59.487-0500] {processor.py:830} INFO - Processing file /Users/chakradharreddyvangala/venv/lib/python3.11/site-packages/airflow/example_dags/example_local_kubernetes_executor.py for tasks to queue
[2025-05-06T18:53:59.488-0500] {logging_mixin.py:188} INFO - [2025-05-06T18:53:59.488-0500] {dagbag.py:545} INFO - Filling up the DagBag from /Users/chakradharreddyvangala/venv/lib/python3.11/site-packages/airflow/example_dags/example_local_kubernetes_executor.py
[2025-05-06T18:53:59.502-0500] {logging_mixin.py:188} INFO - [2025-05-06T18:53:59.501-0500] {example_local_kubernetes_executor.py:40} WARNING - Could not import DAGs in example_local_kubernetes_executor.py
Traceback (most recent call last):
  File "/Users/chakradharreddyvangala/venv/lib/python3.11/site-packages/airflow/example_dags/example_local_kubernetes_executor.py", line 38, in <module>
    from kubernetes.client import models as k8s
ModuleNotFoundError: No module named 'kubernetes'
[2025-05-06T18:53:59.502-0500] {logging_mixin.py:188} INFO - [2025-05-06T18:53:59.502-0500] {example_local_kubernetes_executor.py:41} WARNING - Install Kubernetes dependencies with: pip install apache-airflow[cncf.kubernetes]
[2025-05-06T18:53:59.502-0500] {processor.py:842} WARNING - No viable dags retrieved from /Users/chakradharreddyvangala/venv/lib/python3.11/site-packages/airflow/example_dags/example_local_kubernetes_executor.py
[2025-05-06T18:53:59.526-0500] {processor.py:183} INFO - Processing /Users/chakradharreddyvangala/venv/lib/python3.11/site-packages/airflow/example_dags/example_local_kubernetes_executor.py took 0.040 seconds
[2025-05-06T18:55:28.382-0500] {processor.py:161} INFO - Started process (PID=63563) to work on /Users/chakradharreddyvangala/venv/lib/python3.11/site-packages/airflow/example_dags/example_local_kubernetes_executor.py
[2025-05-06T18:55:28.383-0500] {processor.py:830} INFO - Processing file /Users/chakradharreddyvangala/venv/lib/python3.11/site-packages/airflow/example_dags/example_local_kubernetes_executor.py for tasks to queue
[2025-05-06T18:55:28.384-0500] {logging_mixin.py:188} INFO - [2025-05-06T18:55:28.384-0500] {dagbag.py:545} INFO - Filling up the DagBag from /Users/chakradharreddyvangala/venv/lib/python3.11/site-packages/airflow/example_dags/example_local_kubernetes_executor.py
[2025-05-06T18:55:28.394-0500] {logging_mixin.py:188} INFO - [2025-05-06T18:55:28.394-0500] {example_local_kubernetes_executor.py:40} WARNING - Could not import DAGs in example_local_kubernetes_executor.py
Traceback (most recent call last):
  File "/Users/chakradharreddyvangala/venv/lib/python3.11/site-packages/airflow/example_dags/example_local_kubernetes_executor.py", line 38, in <module>
    from kubernetes.client import models as k8s
ModuleNotFoundError: No module named 'kubernetes'
[2025-05-06T18:55:28.394-0500] {logging_mixin.py:188} INFO - [2025-05-06T18:55:28.394-0500] {example_local_kubernetes_executor.py:41} WARNING - Install Kubernetes dependencies with: pip install apache-airflow[cncf.kubernetes]
[2025-05-06T18:55:28.394-0500] {processor.py:842} WARNING - No viable dags retrieved from /Users/chakradharreddyvangala/venv/lib/python3.11/site-packages/airflow/example_dags/example_local_kubernetes_executor.py
[2025-05-06T18:55:28.414-0500] {processor.py:183} INFO - Processing /Users/chakradharreddyvangala/venv/lib/python3.11/site-packages/airflow/example_dags/example_local_kubernetes_executor.py took 0.033 seconds
[2025-05-06T18:56:52.116-0500] {processor.py:161} INFO - Started process (PID=63666) to work on /Users/chakradharreddyvangala/venv/lib/python3.11/site-packages/airflow/example_dags/example_local_kubernetes_executor.py
[2025-05-06T18:56:52.116-0500] {processor.py:830} INFO - Processing file /Users/chakradharreddyvangala/venv/lib/python3.11/site-packages/airflow/example_dags/example_local_kubernetes_executor.py for tasks to queue
[2025-05-06T18:56:52.117-0500] {logging_mixin.py:188} INFO - [2025-05-06T18:56:52.116-0500] {dagbag.py:545} INFO - Filling up the DagBag from /Users/chakradharreddyvangala/venv/lib/python3.11/site-packages/airflow/example_dags/example_local_kubernetes_executor.py
[2025-05-06T18:56:52.128-0500] {logging_mixin.py:188} INFO - [2025-05-06T18:56:52.127-0500] {example_local_kubernetes_executor.py:40} WARNING - Could not import DAGs in example_local_kubernetes_executor.py
Traceback (most recent call last):
  File "/Users/chakradharreddyvangala/venv/lib/python3.11/site-packages/airflow/example_dags/example_local_kubernetes_executor.py", line 38, in <module>
    from kubernetes.client import models as k8s
ModuleNotFoundError: No module named 'kubernetes'
[2025-05-06T18:56:52.128-0500] {logging_mixin.py:188} INFO - [2025-05-06T18:56:52.128-0500] {example_local_kubernetes_executor.py:41} WARNING - Install Kubernetes dependencies with: pip install apache-airflow[cncf.kubernetes]
[2025-05-06T18:56:52.128-0500] {processor.py:842} WARNING - No viable dags retrieved from /Users/chakradharreddyvangala/venv/lib/python3.11/site-packages/airflow/example_dags/example_local_kubernetes_executor.py
[2025-05-06T18:56:52.150-0500] {processor.py:183} INFO - Processing /Users/chakradharreddyvangala/venv/lib/python3.11/site-packages/airflow/example_dags/example_local_kubernetes_executor.py took 0.037 seconds
[2025-05-06T18:58:16.695-0500] {processor.py:161} INFO - Started process (PID=63742) to work on /Users/chakradharreddyvangala/venv/lib/python3.11/site-packages/airflow/example_dags/example_local_kubernetes_executor.py
[2025-05-06T18:58:16.696-0500] {processor.py:830} INFO - Processing file /Users/chakradharreddyvangala/venv/lib/python3.11/site-packages/airflow/example_dags/example_local_kubernetes_executor.py for tasks to queue
[2025-05-06T18:58:16.696-0500] {logging_mixin.py:188} INFO - [2025-05-06T18:58:16.696-0500] {dagbag.py:545} INFO - Filling up the DagBag from /Users/chakradharreddyvangala/venv/lib/python3.11/site-packages/airflow/example_dags/example_local_kubernetes_executor.py
[2025-05-06T18:58:16.706-0500] {logging_mixin.py:188} INFO - [2025-05-06T18:58:16.706-0500] {example_local_kubernetes_executor.py:40} WARNING - Could not import DAGs in example_local_kubernetes_executor.py
Traceback (most recent call last):
  File "/Users/chakradharreddyvangala/venv/lib/python3.11/site-packages/airflow/example_dags/example_local_kubernetes_executor.py", line 38, in <module>
    from kubernetes.client import models as k8s
ModuleNotFoundError: No module named 'kubernetes'
[2025-05-06T18:58:16.706-0500] {logging_mixin.py:188} INFO - [2025-05-06T18:58:16.706-0500] {example_local_kubernetes_executor.py:41} WARNING - Install Kubernetes dependencies with: pip install apache-airflow[cncf.kubernetes]
[2025-05-06T18:58:16.706-0500] {processor.py:842} WARNING - No viable dags retrieved from /Users/chakradharreddyvangala/venv/lib/python3.11/site-packages/airflow/example_dags/example_local_kubernetes_executor.py
[2025-05-06T18:58:16.726-0500] {processor.py:183} INFO - Processing /Users/chakradharreddyvangala/venv/lib/python3.11/site-packages/airflow/example_dags/example_local_kubernetes_executor.py took 0.032 seconds
[2025-05-06T18:59:03.827-0500] {processor.py:161} INFO - Started process (PID=63827) to work on /Users/chakradharreddyvangala/venv/lib/python3.11/site-packages/airflow/example_dags/example_local_kubernetes_executor.py
[2025-05-06T18:59:03.827-0500] {processor.py:830} INFO - Processing file /Users/chakradharreddyvangala/venv/lib/python3.11/site-packages/airflow/example_dags/example_local_kubernetes_executor.py for tasks to queue
[2025-05-06T18:59:03.827-0500] {logging_mixin.py:188} INFO - [2025-05-06T18:59:03.827-0500] {dagbag.py:545} INFO - Filling up the DagBag from /Users/chakradharreddyvangala/venv/lib/python3.11/site-packages/airflow/example_dags/example_local_kubernetes_executor.py
[2025-05-06T18:59:03.837-0500] {logging_mixin.py:188} INFO - [2025-05-06T18:59:03.837-0500] {example_local_kubernetes_executor.py:40} WARNING - Could not import DAGs in example_local_kubernetes_executor.py
Traceback (most recent call last):
  File "/Users/chakradharreddyvangala/venv/lib/python3.11/site-packages/airflow/example_dags/example_local_kubernetes_executor.py", line 38, in <module>
    from kubernetes.client import models as k8s
ModuleNotFoundError: No module named 'kubernetes'
[2025-05-06T18:59:03.837-0500] {logging_mixin.py:188} INFO - [2025-05-06T18:59:03.837-0500] {example_local_kubernetes_executor.py:41} WARNING - Install Kubernetes dependencies with: pip install apache-airflow[cncf.kubernetes]
[2025-05-06T18:59:03.837-0500] {processor.py:842} WARNING - No viable dags retrieved from /Users/chakradharreddyvangala/venv/lib/python3.11/site-packages/airflow/example_dags/example_local_kubernetes_executor.py
[2025-05-06T18:59:03.857-0500] {processor.py:183} INFO - Processing /Users/chakradharreddyvangala/venv/lib/python3.11/site-packages/airflow/example_dags/example_local_kubernetes_executor.py took 0.031 seconds
