[2025-05-06T18:46:16.742-0500] {processor.py:161} INFO - Started process (PID=62956) to work on /Users/chakradharreddyvangala/venv/lib/python3.11/site-packages/airflow/example_dags/example_time_delta_sensor_async.py
[2025-05-06T18:46:16.742-0500] {processor.py:830} INFO - Processing file /Users/chakradharreddyvangala/venv/lib/python3.11/site-packages/airflow/example_dags/example_time_delta_sensor_async.py for tasks to queue
[2025-05-06T18:46:16.742-0500] {logging_mixin.py:188} INFO - [2025-05-06T18:46:16.742-0500] {dagbag.py:545} INFO - Filling up the DagBag from /Users/chakradharreddyvangala/venv/lib/python3.11/site-packages/airflow/example_dags/example_time_delta_sensor_async.py
[2025-05-06T18:46:16.745-0500] {processor.py:840} INFO - DAG(s) 'example_time_delta_sensor_async' retrieved from /Users/chakradharreddyvangala/venv/lib/python3.11/site-packages/airflow/example_dags/example_time_delta_sensor_async.py
[2025-05-06T18:46:16.794-0500] {logging_mixin.py:188} INFO - [2025-05-06T18:46:16.794-0500] {override.py:1829} INFO - Created Permission View: can delete on DAG:example_time_delta_sensor_async
[2025-05-06T18:46:16.797-0500] {logging_mixin.py:188} INFO - [2025-05-06T18:46:16.796-0500] {override.py:1829} INFO - Created Permission View: can edit on DAG:example_time_delta_sensor_async
[2025-05-06T18:46:16.798-0500] {logging_mixin.py:188} INFO - [2025-05-06T18:46:16.798-0500] {override.py:1829} INFO - Created Permission View: can read on DAG:example_time_delta_sensor_async
[2025-05-06T18:46:16.798-0500] {logging_mixin.py:188} INFO - [2025-05-06T18:46:16.798-0500] {dag.py:3096} INFO - Sync 1 DAGs
[2025-05-06T18:46:16.800-0500] {logging_mixin.py:188} INFO - [2025-05-06T18:46:16.800-0500] {dag.py:3118} INFO - Creating ORM DAG for example_time_delta_sensor_async
[2025-05-06T18:46:16.800-0500] {logging_mixin.py:188} INFO - [2025-05-06T18:46:16.800-0500] {dag.py:3954} INFO - Setting next_dagrun for example_time_delta_sensor_async to None, run_after=None
[2025-05-06T18:46:16.805-0500] {processor.py:183} INFO - Processing /Users/chakradharreddyvangala/venv/lib/python3.11/site-packages/airflow/example_dags/example_time_delta_sensor_async.py took 0.064 seconds
[2025-05-06T18:47:30.512-0500] {processor.py:161} INFO - Started process (PID=63027) to work on /Users/chakradharreddyvangala/venv/lib/python3.11/site-packages/airflow/example_dags/example_time_delta_sensor_async.py
[2025-05-06T18:47:30.512-0500] {processor.py:830} INFO - Processing file /Users/chakradharreddyvangala/venv/lib/python3.11/site-packages/airflow/example_dags/example_time_delta_sensor_async.py for tasks to queue
[2025-05-06T18:47:30.513-0500] {logging_mixin.py:188} INFO - [2025-05-06T18:47:30.512-0500] {dagbag.py:545} INFO - Filling up the DagBag from /Users/chakradharreddyvangala/venv/lib/python3.11/site-packages/airflow/example_dags/example_time_delta_sensor_async.py
[2025-05-06T18:47:30.515-0500] {processor.py:840} INFO - DAG(s) 'example_time_delta_sensor_async' retrieved from /Users/chakradharreddyvangala/venv/lib/python3.11/site-packages/airflow/example_dags/example_time_delta_sensor_async.py
[2025-05-06T18:47:30.542-0500] {logging_mixin.py:188} INFO - [2025-05-06T18:47:30.542-0500] {dag.py:3096} INFO - Sync 1 DAGs
[2025-05-06T18:47:30.544-0500] {logging_mixin.py:188} INFO - [2025-05-06T18:47:30.544-0500] {dag.py:3954} INFO - Setting next_dagrun for example_time_delta_sensor_async to None, run_after=None
[2025-05-06T18:47:30.550-0500] {processor.py:183} INFO - Processing /Users/chakradharreddyvangala/venv/lib/python3.11/site-packages/airflow/example_dags/example_time_delta_sensor_async.py took 0.039 seconds
[2025-05-06T18:48:51.919-0500] {processor.py:161} INFO - Started process (PID=63109) to work on /Users/chakradharreddyvangala/venv/lib/python3.11/site-packages/airflow/example_dags/example_time_delta_sensor_async.py
[2025-05-06T18:48:51.920-0500] {processor.py:830} INFO - Processing file /Users/chakradharreddyvangala/venv/lib/python3.11/site-packages/airflow/example_dags/example_time_delta_sensor_async.py for tasks to queue
[2025-05-06T18:48:51.920-0500] {logging_mixin.py:188} INFO - [2025-05-06T18:48:51.920-0500] {dagbag.py:545} INFO - Filling up the DagBag from /Users/chakradharreddyvangala/venv/lib/python3.11/site-packages/airflow/example_dags/example_time_delta_sensor_async.py
[2025-05-06T18:48:51.923-0500] {processor.py:840} INFO - DAG(s) 'example_time_delta_sensor_async' retrieved from /Users/chakradharreddyvangala/venv/lib/python3.11/site-packages/airflow/example_dags/example_time_delta_sensor_async.py
[2025-05-06T18:48:51.950-0500] {logging_mixin.py:188} INFO - [2025-05-06T18:48:51.950-0500] {dag.py:3096} INFO - Sync 1 DAGs
[2025-05-06T18:48:51.952-0500] {logging_mixin.py:188} INFO - [2025-05-06T18:48:51.952-0500] {dag.py:3954} INFO - Setting next_dagrun for example_time_delta_sensor_async to None, run_after=None
[2025-05-06T18:48:51.958-0500] {processor.py:183} INFO - Processing /Users/chakradharreddyvangala/venv/lib/python3.11/site-packages/airflow/example_dags/example_time_delta_sensor_async.py took 0.040 seconds
[2025-05-06T18:50:23.808-0500] {processor.py:161} INFO - Started process (PID=63228) to work on /Users/chakradharreddyvangala/venv/lib/python3.11/site-packages/airflow/example_dags/example_time_delta_sensor_async.py
[2025-05-06T18:50:23.809-0500] {processor.py:830} INFO - Processing file /Users/chakradharreddyvangala/venv/lib/python3.11/site-packages/airflow/example_dags/example_time_delta_sensor_async.py for tasks to queue
[2025-05-06T18:50:23.809-0500] {logging_mixin.py:188} INFO - [2025-05-06T18:50:23.809-0500] {dagbag.py:545} INFO - Filling up the DagBag from /Users/chakradharreddyvangala/venv/lib/python3.11/site-packages/airflow/example_dags/example_time_delta_sensor_async.py
[2025-05-06T18:50:23.812-0500] {processor.py:840} INFO - DAG(s) 'example_time_delta_sensor_async' retrieved from /Users/chakradharreddyvangala/venv/lib/python3.11/site-packages/airflow/example_dags/example_time_delta_sensor_async.py
[2025-05-06T18:50:23.847-0500] {logging_mixin.py:188} INFO - [2025-05-06T18:50:23.847-0500] {dag.py:3096} INFO - Sync 1 DAGs
[2025-05-06T18:50:23.850-0500] {logging_mixin.py:188} INFO - [2025-05-06T18:50:23.850-0500] {dag.py:3954} INFO - Setting next_dagrun for example_time_delta_sensor_async to None, run_after=None
[2025-05-06T18:50:23.856-0500] {processor.py:183} INFO - Processing /Users/chakradharreddyvangala/venv/lib/python3.11/site-packages/airflow/example_dags/example_time_delta_sensor_async.py took 0.050 seconds
[2025-05-06T18:51:54.129-0500] {processor.py:161} INFO - Started process (PID=63318) to work on /Users/chakradharreddyvangala/venv/lib/python3.11/site-packages/airflow/example_dags/example_time_delta_sensor_async.py
[2025-05-06T18:51:54.130-0500] {processor.py:830} INFO - Processing file /Users/chakradharreddyvangala/venv/lib/python3.11/site-packages/airflow/example_dags/example_time_delta_sensor_async.py for tasks to queue
[2025-05-06T18:51:54.130-0500] {logging_mixin.py:188} INFO - [2025-05-06T18:51:54.130-0500] {dagbag.py:545} INFO - Filling up the DagBag from /Users/chakradharreddyvangala/venv/lib/python3.11/site-packages/airflow/example_dags/example_time_delta_sensor_async.py
[2025-05-06T18:51:54.133-0500] {processor.py:840} INFO - DAG(s) 'example_time_delta_sensor_async' retrieved from /Users/chakradharreddyvangala/venv/lib/python3.11/site-packages/airflow/example_dags/example_time_delta_sensor_async.py
[2025-05-06T18:51:54.166-0500] {logging_mixin.py:188} INFO - [2025-05-06T18:51:54.166-0500] {dag.py:3096} INFO - Sync 1 DAGs
[2025-05-06T18:51:54.168-0500] {logging_mixin.py:188} INFO - [2025-05-06T18:51:54.168-0500] {dag.py:3954} INFO - Setting next_dagrun for example_time_delta_sensor_async to None, run_after=None
[2025-05-06T18:51:54.174-0500] {processor.py:183} INFO - Processing /Users/chakradharreddyvangala/venv/lib/python3.11/site-packages/airflow/example_dags/example_time_delta_sensor_async.py took 0.047 seconds
[2025-05-06T18:53:16.441-0500] {processor.py:161} INFO - Started process (PID=63425) to work on /Users/chakradharreddyvangala/venv/lib/python3.11/site-packages/airflow/example_dags/example_time_delta_sensor_async.py
[2025-05-06T18:53:16.441-0500] {processor.py:830} INFO - Processing file /Users/chakradharreddyvangala/venv/lib/python3.11/site-packages/airflow/example_dags/example_time_delta_sensor_async.py for tasks to queue
[2025-05-06T18:53:16.442-0500] {logging_mixin.py:188} INFO - [2025-05-06T18:53:16.442-0500] {dagbag.py:545} INFO - Filling up the DagBag from /Users/chakradharreddyvangala/venv/lib/python3.11/site-packages/airflow/example_dags/example_time_delta_sensor_async.py
[2025-05-06T18:53:16.445-0500] {processor.py:840} INFO - DAG(s) 'example_time_delta_sensor_async' retrieved from /Users/chakradharreddyvangala/venv/lib/python3.11/site-packages/airflow/example_dags/example_time_delta_sensor_async.py
[2025-05-06T18:53:16.473-0500] {logging_mixin.py:188} INFO - [2025-05-06T18:53:16.473-0500] {dag.py:3096} INFO - Sync 1 DAGs
[2025-05-06T18:53:16.476-0500] {logging_mixin.py:188} INFO - [2025-05-06T18:53:16.475-0500] {dag.py:3954} INFO - Setting next_dagrun for example_time_delta_sensor_async to None, run_after=None
[2025-05-06T18:53:16.481-0500] {processor.py:183} INFO - Processing /Users/chakradharreddyvangala/venv/lib/python3.11/site-packages/airflow/example_dags/example_time_delta_sensor_async.py took 0.047 seconds
[2025-05-06T18:54:44.271-0500] {processor.py:161} INFO - Started process (PID=63522) to work on /Users/chakradharreddyvangala/venv/lib/python3.11/site-packages/airflow/example_dags/example_time_delta_sensor_async.py
[2025-05-06T18:54:44.271-0500] {processor.py:830} INFO - Processing file /Users/chakradharreddyvangala/venv/lib/python3.11/site-packages/airflow/example_dags/example_time_delta_sensor_async.py for tasks to queue
[2025-05-06T18:54:44.272-0500] {logging_mixin.py:188} INFO - [2025-05-06T18:54:44.272-0500] {dagbag.py:545} INFO - Filling up the DagBag from /Users/chakradharreddyvangala/venv/lib/python3.11/site-packages/airflow/example_dags/example_time_delta_sensor_async.py
[2025-05-06T18:54:44.275-0500] {processor.py:840} INFO - DAG(s) 'example_time_delta_sensor_async' retrieved from /Users/chakradharreddyvangala/venv/lib/python3.11/site-packages/airflow/example_dags/example_time_delta_sensor_async.py
[2025-05-06T18:54:44.324-0500] {logging_mixin.py:188} INFO - [2025-05-06T18:54:44.324-0500] {dag.py:3096} INFO - Sync 1 DAGs
[2025-05-06T18:54:44.327-0500] {logging_mixin.py:188} INFO - [2025-05-06T18:54:44.326-0500] {dag.py:3954} INFO - Setting next_dagrun for example_time_delta_sensor_async to None, run_after=None
[2025-05-06T18:54:44.331-0500] {processor.py:183} INFO - Processing /Users/chakradharreddyvangala/venv/lib/python3.11/site-packages/airflow/example_dags/example_time_delta_sensor_async.py took 0.062 seconds
[2025-05-06T18:56:12.326-0500] {processor.py:161} INFO - Started process (PID=63611) to work on /Users/chakradharreddyvangala/venv/lib/python3.11/site-packages/airflow/example_dags/example_time_delta_sensor_async.py
[2025-05-06T18:56:12.326-0500] {processor.py:830} INFO - Processing file /Users/chakradharreddyvangala/venv/lib/python3.11/site-packages/airflow/example_dags/example_time_delta_sensor_async.py for tasks to queue
[2025-05-06T18:56:12.327-0500] {logging_mixin.py:188} INFO - [2025-05-06T18:56:12.327-0500] {dagbag.py:545} INFO - Filling up the DagBag from /Users/chakradharreddyvangala/venv/lib/python3.11/site-packages/airflow/example_dags/example_time_delta_sensor_async.py
[2025-05-06T18:56:12.329-0500] {processor.py:840} INFO - DAG(s) 'example_time_delta_sensor_async' retrieved from /Users/chakradharreddyvangala/venv/lib/python3.11/site-packages/airflow/example_dags/example_time_delta_sensor_async.py
[2025-05-06T18:56:12.357-0500] {logging_mixin.py:188} INFO - [2025-05-06T18:56:12.357-0500] {dag.py:3096} INFO - Sync 1 DAGs
[2025-05-06T18:56:12.359-0500] {logging_mixin.py:188} INFO - [2025-05-06T18:56:12.359-0500] {dag.py:3954} INFO - Setting next_dagrun for example_time_delta_sensor_async to None, run_after=None
[2025-05-06T18:56:12.365-0500] {processor.py:183} INFO - Processing /Users/chakradharreddyvangala/venv/lib/python3.11/site-packages/airflow/example_dags/example_time_delta_sensor_async.py took 0.041 seconds
[2025-05-06T18:57:36.307-0500] {processor.py:161} INFO - Started process (PID=63702) to work on /Users/chakradharreddyvangala/venv/lib/python3.11/site-packages/airflow/example_dags/example_time_delta_sensor_async.py
[2025-05-06T18:57:36.308-0500] {processor.py:830} INFO - Processing file /Users/chakradharreddyvangala/venv/lib/python3.11/site-packages/airflow/example_dags/example_time_delta_sensor_async.py for tasks to queue
[2025-05-06T18:57:36.308-0500] {logging_mixin.py:188} INFO - [2025-05-06T18:57:36.308-0500] {dagbag.py:545} INFO - Filling up the DagBag from /Users/chakradharreddyvangala/venv/lib/python3.11/site-packages/airflow/example_dags/example_time_delta_sensor_async.py
[2025-05-06T18:57:36.312-0500] {processor.py:840} INFO - DAG(s) 'example_time_delta_sensor_async' retrieved from /Users/chakradharreddyvangala/venv/lib/python3.11/site-packages/airflow/example_dags/example_time_delta_sensor_async.py
[2025-05-06T18:57:36.340-0500] {logging_mixin.py:188} INFO - [2025-05-06T18:57:36.340-0500] {dag.py:3096} INFO - Sync 1 DAGs
[2025-05-06T18:57:36.342-0500] {logging_mixin.py:188} INFO - [2025-05-06T18:57:36.342-0500] {dag.py:3954} INFO - Setting next_dagrun for example_time_delta_sensor_async to None, run_after=None
[2025-05-06T18:57:36.348-0500] {processor.py:183} INFO - Processing /Users/chakradharreddyvangala/venv/lib/python3.11/site-packages/airflow/example_dags/example_time_delta_sensor_async.py took 0.042 seconds
[2025-05-06T18:58:35.422-0500] {processor.py:161} INFO - Started process (PID=63774) to work on /Users/chakradharreddyvangala/venv/lib/python3.11/site-packages/airflow/example_dags/example_time_delta_sensor_async.py
[2025-05-06T18:58:35.423-0500] {processor.py:830} INFO - Processing file /Users/chakradharreddyvangala/venv/lib/python3.11/site-packages/airflow/example_dags/example_time_delta_sensor_async.py for tasks to queue
[2025-05-06T18:58:35.423-0500] {logging_mixin.py:188} INFO - [2025-05-06T18:58:35.423-0500] {dagbag.py:545} INFO - Filling up the DagBag from /Users/chakradharreddyvangala/venv/lib/python3.11/site-packages/airflow/example_dags/example_time_delta_sensor_async.py
[2025-05-06T18:58:35.425-0500] {processor.py:840} INFO - DAG(s) 'example_time_delta_sensor_async' retrieved from /Users/chakradharreddyvangala/venv/lib/python3.11/site-packages/airflow/example_dags/example_time_delta_sensor_async.py
[2025-05-06T18:58:35.453-0500] {logging_mixin.py:188} INFO - [2025-05-06T18:58:35.453-0500] {dag.py:3096} INFO - Sync 1 DAGs
[2025-05-06T18:58:35.456-0500] {logging_mixin.py:188} INFO - [2025-05-06T18:58:35.456-0500] {dag.py:3954} INFO - Setting next_dagrun for example_time_delta_sensor_async to None, run_after=None
[2025-05-06T18:58:35.462-0500] {processor.py:183} INFO - Processing /Users/chakradharreddyvangala/venv/lib/python3.11/site-packages/airflow/example_dags/example_time_delta_sensor_async.py took 0.041 seconds
