[2025-05-06T18:46:35.908-0500] {processor.py:161} INFO - Started process (PID=62980) to work on /Users/chakradharreddyvangala/venv/lib/python3.11/site-packages/airflow/example_dags/example_python_decorator.py
[2025-05-06T18:46:35.908-0500] {processor.py:830} INFO - Processing file /Users/chakradharreddyvangala/venv/lib/python3.11/site-packages/airflow/example_dags/example_python_decorator.py for tasks to queue
[2025-05-06T18:46:35.908-0500] {logging_mixin.py:188} INFO - [2025-05-06T18:46:35.908-0500] {dagbag.py:545} INFO - Filling up the DagBag from /Users/chakradharreddyvangala/venv/lib/python3.11/site-packages/airflow/example_dags/example_python_decorator.py
[2025-05-06T18:46:35.919-0500] {logging_mixin.py:188} INFO - [2025-05-06T18:46:35.919-0500] {example_python_decorator.py:80} WARNING - The virtalenv_python example task requires virtualenv, please install it.
[2025-05-06T18:46:35.920-0500] {processor.py:840} INFO - DAG(s) 'example_python_decorator' retrieved from /Users/chakradharreddyvangala/venv/lib/python3.11/site-packages/airflow/example_dags/example_python_decorator.py
[2025-05-06T18:46:35.968-0500] {logging_mixin.py:188} INFO - [2025-05-06T18:46:35.968-0500] {override.py:1829} INFO - Created Permission View: can edit on DAG:example_python_decorator
[2025-05-06T18:46:35.971-0500] {logging_mixin.py:188} INFO - [2025-05-06T18:46:35.971-0500] {override.py:1829} INFO - Created Permission View: can read on DAG:example_python_decorator
[2025-05-06T18:46:35.972-0500] {logging_mixin.py:188} INFO - [2025-05-06T18:46:35.972-0500] {override.py:1829} INFO - Created Permission View: can delete on DAG:example_python_decorator
[2025-05-06T18:46:35.972-0500] {logging_mixin.py:188} INFO - [2025-05-06T18:46:35.972-0500] {dag.py:3096} INFO - Sync 1 DAGs
[2025-05-06T18:46:35.994-0500] {logging_mixin.py:188} INFO - [2025-05-06T18:46:35.994-0500] {dag.py:3118} INFO - Creating ORM DAG for example_python_decorator
[2025-05-06T18:46:35.994-0500] {logging_mixin.py:188} INFO - [2025-05-06T18:46:35.994-0500] {dag.py:3954} INFO - Setting next_dagrun for example_python_decorator to None, run_after=None
[2025-05-06T18:46:35.999-0500] {processor.py:183} INFO - Processing /Users/chakradharreddyvangala/venv/lib/python3.11/site-packages/airflow/example_dags/example_python_decorator.py took 0.092 seconds
[2025-05-06T18:47:48.694-0500] {processor.py:161} INFO - Started process (PID=63047) to work on /Users/chakradharreddyvangala/venv/lib/python3.11/site-packages/airflow/example_dags/example_python_decorator.py
[2025-05-06T18:47:48.695-0500] {processor.py:830} INFO - Processing file /Users/chakradharreddyvangala/venv/lib/python3.11/site-packages/airflow/example_dags/example_python_decorator.py for tasks to queue
[2025-05-06T18:47:48.695-0500] {logging_mixin.py:188} INFO - [2025-05-06T18:47:48.695-0500] {dagbag.py:545} INFO - Filling up the DagBag from /Users/chakradharreddyvangala/venv/lib/python3.11/site-packages/airflow/example_dags/example_python_decorator.py
[2025-05-06T18:47:48.709-0500] {logging_mixin.py:188} INFO - [2025-05-06T18:47:48.708-0500] {example_python_decorator.py:80} WARNING - The virtalenv_python example task requires virtualenv, please install it.
[2025-05-06T18:47:48.709-0500] {processor.py:840} INFO - DAG(s) 'example_python_decorator' retrieved from /Users/chakradharreddyvangala/venv/lib/python3.11/site-packages/airflow/example_dags/example_python_decorator.py
[2025-05-06T18:47:48.733-0500] {logging_mixin.py:188} INFO - [2025-05-06T18:47:48.733-0500] {dag.py:3096} INFO - Sync 1 DAGs
[2025-05-06T18:47:48.736-0500] {logging_mixin.py:188} INFO - [2025-05-06T18:47:48.736-0500] {dag.py:3954} INFO - Setting next_dagrun for example_python_decorator to None, run_after=None
[2025-05-06T18:47:48.740-0500] {processor.py:183} INFO - Processing /Users/chakradharreddyvangala/venv/lib/python3.11/site-packages/airflow/example_dags/example_python_decorator.py took 0.047 seconds
[2025-05-06T18:49:11.298-0500] {processor.py:161} INFO - Started process (PID=63127) to work on /Users/chakradharreddyvangala/venv/lib/python3.11/site-packages/airflow/example_dags/example_python_decorator.py
[2025-05-06T18:49:11.299-0500] {processor.py:830} INFO - Processing file /Users/chakradharreddyvangala/venv/lib/python3.11/site-packages/airflow/example_dags/example_python_decorator.py for tasks to queue
[2025-05-06T18:49:11.299-0500] {logging_mixin.py:188} INFO - [2025-05-06T18:49:11.299-0500] {dagbag.py:545} INFO - Filling up the DagBag from /Users/chakradharreddyvangala/venv/lib/python3.11/site-packages/airflow/example_dags/example_python_decorator.py
[2025-05-06T18:49:11.310-0500] {logging_mixin.py:188} INFO - [2025-05-06T18:49:11.310-0500] {example_python_decorator.py:80} WARNING - The virtalenv_python example task requires virtualenv, please install it.
[2025-05-06T18:49:11.310-0500] {processor.py:840} INFO - DAG(s) 'example_python_decorator' retrieved from /Users/chakradharreddyvangala/venv/lib/python3.11/site-packages/airflow/example_dags/example_python_decorator.py
[2025-05-06T18:49:11.334-0500] {logging_mixin.py:188} INFO - [2025-05-06T18:49:11.334-0500] {dag.py:3096} INFO - Sync 1 DAGs
[2025-05-06T18:49:11.337-0500] {logging_mixin.py:188} INFO - [2025-05-06T18:49:11.337-0500] {dag.py:3954} INFO - Setting next_dagrun for example_python_decorator to None, run_after=None
[2025-05-06T18:49:11.341-0500] {processor.py:183} INFO - Processing /Users/chakradharreddyvangala/venv/lib/python3.11/site-packages/airflow/example_dags/example_python_decorator.py took 0.045 seconds
[2025-05-06T18:50:43.559-0500] {processor.py:161} INFO - Started process (PID=63249) to work on /Users/chakradharreddyvangala/venv/lib/python3.11/site-packages/airflow/example_dags/example_python_decorator.py
[2025-05-06T18:50:43.560-0500] {processor.py:830} INFO - Processing file /Users/chakradharreddyvangala/venv/lib/python3.11/site-packages/airflow/example_dags/example_python_decorator.py for tasks to queue
[2025-05-06T18:50:43.560-0500] {logging_mixin.py:188} INFO - [2025-05-06T18:50:43.560-0500] {dagbag.py:545} INFO - Filling up the DagBag from /Users/chakradharreddyvangala/venv/lib/python3.11/site-packages/airflow/example_dags/example_python_decorator.py
[2025-05-06T18:50:43.575-0500] {logging_mixin.py:188} INFO - [2025-05-06T18:50:43.575-0500] {example_python_decorator.py:80} WARNING - The virtalenv_python example task requires virtualenv, please install it.
[2025-05-06T18:50:43.575-0500] {processor.py:840} INFO - DAG(s) 'example_python_decorator' retrieved from /Users/chakradharreddyvangala/venv/lib/python3.11/site-packages/airflow/example_dags/example_python_decorator.py
[2025-05-06T18:50:43.601-0500] {logging_mixin.py:188} INFO - [2025-05-06T18:50:43.601-0500] {dag.py:3096} INFO - Sync 1 DAGs
[2025-05-06T18:50:43.604-0500] {logging_mixin.py:188} INFO - [2025-05-06T18:50:43.604-0500] {dag.py:3954} INFO - Setting next_dagrun for example_python_decorator to None, run_after=None
[2025-05-06T18:50:43.609-0500] {processor.py:183} INFO - Processing /Users/chakradharreddyvangala/venv/lib/python3.11/site-packages/airflow/example_dags/example_python_decorator.py took 0.053 seconds
[2025-05-06T18:52:11.227-0500] {processor.py:161} INFO - Started process (PID=63333) to work on /Users/chakradharreddyvangala/venv/lib/python3.11/site-packages/airflow/example_dags/example_python_decorator.py
[2025-05-06T18:52:11.228-0500] {processor.py:830} INFO - Processing file /Users/chakradharreddyvangala/venv/lib/python3.11/site-packages/airflow/example_dags/example_python_decorator.py for tasks to queue
[2025-05-06T18:52:11.228-0500] {logging_mixin.py:188} INFO - [2025-05-06T18:52:11.228-0500] {dagbag.py:545} INFO - Filling up the DagBag from /Users/chakradharreddyvangala/venv/lib/python3.11/site-packages/airflow/example_dags/example_python_decorator.py
[2025-05-06T18:52:11.239-0500] {logging_mixin.py:188} INFO - [2025-05-06T18:52:11.239-0500] {example_python_decorator.py:80} WARNING - The virtalenv_python example task requires virtualenv, please install it.
[2025-05-06T18:52:11.239-0500] {processor.py:840} INFO - DAG(s) 'example_python_decorator' retrieved from /Users/chakradharreddyvangala/venv/lib/python3.11/site-packages/airflow/example_dags/example_python_decorator.py
[2025-05-06T18:52:11.265-0500] {logging_mixin.py:188} INFO - [2025-05-06T18:52:11.265-0500] {dag.py:3096} INFO - Sync 1 DAGs
[2025-05-06T18:52:11.267-0500] {logging_mixin.py:188} INFO - [2025-05-06T18:52:11.267-0500] {dag.py:3954} INFO - Setting next_dagrun for example_python_decorator to None, run_after=None
[2025-05-06T18:52:11.272-0500] {processor.py:183} INFO - Processing /Users/chakradharreddyvangala/venv/lib/python3.11/site-packages/airflow/example_dags/example_python_decorator.py took 0.046 seconds
[2025-05-06T18:53:36.017-0500] {processor.py:161} INFO - Started process (PID=63442) to work on /Users/chakradharreddyvangala/venv/lib/python3.11/site-packages/airflow/example_dags/example_python_decorator.py
[2025-05-06T18:53:36.018-0500] {processor.py:830} INFO - Processing file /Users/chakradharreddyvangala/venv/lib/python3.11/site-packages/airflow/example_dags/example_python_decorator.py for tasks to queue
[2025-05-06T18:53:36.018-0500] {logging_mixin.py:188} INFO - [2025-05-06T18:53:36.018-0500] {dagbag.py:545} INFO - Filling up the DagBag from /Users/chakradharreddyvangala/venv/lib/python3.11/site-packages/airflow/example_dags/example_python_decorator.py
[2025-05-06T18:53:36.040-0500] {logging_mixin.py:188} INFO - [2025-05-06T18:53:36.040-0500] {example_python_decorator.py:80} WARNING - The virtalenv_python example task requires virtualenv, please install it.
[2025-05-06T18:53:36.041-0500] {processor.py:840} INFO - DAG(s) 'example_python_decorator' retrieved from /Users/chakradharreddyvangala/venv/lib/python3.11/site-packages/airflow/example_dags/example_python_decorator.py
[2025-05-06T18:53:36.047-0500] {logging_mixin.py:188} INFO - [2025-05-06T18:53:36.047-0500] {dag.py:3096} INFO - Sync 1 DAGs
[2025-05-06T18:53:36.086-0500] {logging_mixin.py:188} INFO - [2025-05-06T18:53:36.086-0500] {dag.py:3954} INFO - Setting next_dagrun for example_python_decorator to None, run_after=None
[2025-05-06T18:53:36.093-0500] {processor.py:183} INFO - Processing /Users/chakradharreddyvangala/venv/lib/python3.11/site-packages/airflow/example_dags/example_python_decorator.py took 0.173 seconds
[2025-05-06T18:55:03.161-0500] {processor.py:161} INFO - Started process (PID=63540) to work on /Users/chakradharreddyvangala/venv/lib/python3.11/site-packages/airflow/example_dags/example_python_decorator.py
[2025-05-06T18:55:03.161-0500] {processor.py:830} INFO - Processing file /Users/chakradharreddyvangala/venv/lib/python3.11/site-packages/airflow/example_dags/example_python_decorator.py for tasks to queue
[2025-05-06T18:55:03.162-0500] {logging_mixin.py:188} INFO - [2025-05-06T18:55:03.162-0500] {dagbag.py:545} INFO - Filling up the DagBag from /Users/chakradharreddyvangala/venv/lib/python3.11/site-packages/airflow/example_dags/example_python_decorator.py
[2025-05-06T18:55:03.172-0500] {logging_mixin.py:188} INFO - [2025-05-06T18:55:03.172-0500] {example_python_decorator.py:80} WARNING - The virtalenv_python example task requires virtualenv, please install it.
[2025-05-06T18:55:03.173-0500] {processor.py:840} INFO - DAG(s) 'example_python_decorator' retrieved from /Users/chakradharreddyvangala/venv/lib/python3.11/site-packages/airflow/example_dags/example_python_decorator.py
[2025-05-06T18:55:03.220-0500] {logging_mixin.py:188} INFO - [2025-05-06T18:55:03.220-0500] {dag.py:3096} INFO - Sync 1 DAGs
[2025-05-06T18:55:03.242-0500] {logging_mixin.py:188} INFO - [2025-05-06T18:55:03.242-0500] {dag.py:3954} INFO - Setting next_dagrun for example_python_decorator to None, run_after=None
[2025-05-06T18:55:03.248-0500] {processor.py:183} INFO - Processing /Users/chakradharreddyvangala/venv/lib/python3.11/site-packages/airflow/example_dags/example_python_decorator.py took 0.089 seconds
[2025-05-06T18:56:30.004-0500] {processor.py:161} INFO - Started process (PID=63630) to work on /Users/chakradharreddyvangala/venv/lib/python3.11/site-packages/airflow/example_dags/example_python_decorator.py
[2025-05-06T18:56:30.005-0500] {processor.py:830} INFO - Processing file /Users/chakradharreddyvangala/venv/lib/python3.11/site-packages/airflow/example_dags/example_python_decorator.py for tasks to queue
[2025-05-06T18:56:30.005-0500] {logging_mixin.py:188} INFO - [2025-05-06T18:56:30.005-0500] {dagbag.py:545} INFO - Filling up the DagBag from /Users/chakradharreddyvangala/venv/lib/python3.11/site-packages/airflow/example_dags/example_python_decorator.py
[2025-05-06T18:56:30.016-0500] {logging_mixin.py:188} INFO - [2025-05-06T18:56:30.016-0500] {example_python_decorator.py:80} WARNING - The virtalenv_python example task requires virtualenv, please install it.
[2025-05-06T18:56:30.017-0500] {processor.py:840} INFO - DAG(s) 'example_python_decorator' retrieved from /Users/chakradharreddyvangala/venv/lib/python3.11/site-packages/airflow/example_dags/example_python_decorator.py
[2025-05-06T18:56:30.042-0500] {logging_mixin.py:188} INFO - [2025-05-06T18:56:30.042-0500] {dag.py:3096} INFO - Sync 1 DAGs
[2025-05-06T18:56:30.045-0500] {logging_mixin.py:188} INFO - [2025-05-06T18:56:30.045-0500] {dag.py:3954} INFO - Setting next_dagrun for example_python_decorator to None, run_after=None
[2025-05-06T18:56:30.050-0500] {processor.py:183} INFO - Processing /Users/chakradharreddyvangala/venv/lib/python3.11/site-packages/airflow/example_dags/example_python_decorator.py took 0.047 seconds
[2025-05-06T18:57:53.950-0500] {processor.py:161} INFO - Started process (PID=63718) to work on /Users/chakradharreddyvangala/venv/lib/python3.11/site-packages/airflow/example_dags/example_python_decorator.py
[2025-05-06T18:57:53.950-0500] {processor.py:830} INFO - Processing file /Users/chakradharreddyvangala/venv/lib/python3.11/site-packages/airflow/example_dags/example_python_decorator.py for tasks to queue
[2025-05-06T18:57:53.951-0500] {logging_mixin.py:188} INFO - [2025-05-06T18:57:53.950-0500] {dagbag.py:545} INFO - Filling up the DagBag from /Users/chakradharreddyvangala/venv/lib/python3.11/site-packages/airflow/example_dags/example_python_decorator.py
[2025-05-06T18:57:53.961-0500] {logging_mixin.py:188} INFO - [2025-05-06T18:57:53.961-0500] {example_python_decorator.py:80} WARNING - The virtalenv_python example task requires virtualenv, please install it.
[2025-05-06T18:57:53.962-0500] {processor.py:840} INFO - DAG(s) 'example_python_decorator' retrieved from /Users/chakradharreddyvangala/venv/lib/python3.11/site-packages/airflow/example_dags/example_python_decorator.py
[2025-05-06T18:57:53.987-0500] {logging_mixin.py:188} INFO - [2025-05-06T18:57:53.987-0500] {dag.py:3096} INFO - Sync 1 DAGs
[2025-05-06T18:57:53.989-0500] {logging_mixin.py:188} INFO - [2025-05-06T18:57:53.989-0500] {dag.py:3954} INFO - Setting next_dagrun for example_python_decorator to None, run_after=None
[2025-05-06T18:57:53.994-0500] {processor.py:183} INFO - Processing /Users/chakradharreddyvangala/venv/lib/python3.11/site-packages/airflow/example_dags/example_python_decorator.py took 0.045 seconds
[2025-05-06T18:58:57.674-0500] {processor.py:161} INFO - Started process (PID=63819) to work on /Users/chakradharreddyvangala/venv/lib/python3.11/site-packages/airflow/example_dags/example_python_decorator.py
[2025-05-06T18:58:57.675-0500] {processor.py:830} INFO - Processing file /Users/chakradharreddyvangala/venv/lib/python3.11/site-packages/airflow/example_dags/example_python_decorator.py for tasks to queue
[2025-05-06T18:58:57.676-0500] {logging_mixin.py:188} INFO - [2025-05-06T18:58:57.675-0500] {dagbag.py:545} INFO - Filling up the DagBag from /Users/chakradharreddyvangala/venv/lib/python3.11/site-packages/airflow/example_dags/example_python_decorator.py
[2025-05-06T18:58:57.688-0500] {logging_mixin.py:188} INFO - [2025-05-06T18:58:57.688-0500] {example_python_decorator.py:80} WARNING - The virtalenv_python example task requires virtualenv, please install it.
[2025-05-06T18:58:57.688-0500] {processor.py:840} INFO - DAG(s) 'example_python_decorator' retrieved from /Users/chakradharreddyvangala/venv/lib/python3.11/site-packages/airflow/example_dags/example_python_decorator.py
[2025-05-06T18:58:57.714-0500] {logging_mixin.py:188} INFO - [2025-05-06T18:58:57.714-0500] {dag.py:3096} INFO - Sync 1 DAGs
[2025-05-06T18:58:57.717-0500] {logging_mixin.py:188} INFO - [2025-05-06T18:58:57.717-0500] {dag.py:3954} INFO - Setting next_dagrun for example_python_decorator to None, run_after=None
[2025-05-06T18:58:57.722-0500] {processor.py:183} INFO - Processing /Users/chakradharreddyvangala/venv/lib/python3.11/site-packages/airflow/example_dags/example_python_decorator.py took 0.050 seconds
