[2025-05-06T18:46:21.452-0500] {processor.py:161} INFO - Started process (PID=62961) to work on /Users/chakradharreddyvangala/venv/lib/python3.11/site-packages/airflow/example_dags/example_subdag_operator.py
[2025-05-06T18:46:21.452-0500] {processor.py:830} INFO - Processing file /Users/chakradharreddyvangala/venv/lib/python3.11/site-packages/airflow/example_dags/example_subdag_operator.py for tasks to queue
[2025-05-06T18:46:21.453-0500] {logging_mixin.py:188} INFO - [2025-05-06T18:46:21.453-0500] {dagbag.py:545} INFO - Filling up the DagBag from /Users/chakradharreddyvangala/venv/lib/python3.11/site-packages/airflow/example_dags/example_subdag_operator.py
[2025-05-06T18:46:21.477-0500] {processor.py:840} INFO - DAG(s) 'example_subdag_operator.section-1', 'example_subdag_operator.section-2', 'example_subdag_operator' retrieved from /Users/chakradharreddyvangala/venv/lib/python3.11/site-packages/airflow/example_dags/example_subdag_operator.py
[2025-05-06T18:46:21.507-0500] {logging_mixin.py:188} INFO - [2025-05-06T18:46:21.507-0500] {override.py:1829} INFO - Created Permission View: can read on DAG:example_subdag_operator
[2025-05-06T18:46:21.509-0500] {logging_mixin.py:188} INFO - [2025-05-06T18:46:21.509-0500] {override.py:1829} INFO - Created Permission View: can edit on DAG:example_subdag_operator
[2025-05-06T18:46:21.510-0500] {logging_mixin.py:188} INFO - [2025-05-06T18:46:21.510-0500] {override.py:1829} INFO - Created Permission View: can delete on DAG:example_subdag_operator
[2025-05-06T18:46:21.510-0500] {logging_mixin.py:188} INFO - [2025-05-06T18:46:21.510-0500] {dag.py:3096} INFO - Sync 3 DAGs
[2025-05-06T18:46:21.513-0500] {logging_mixin.py:188} INFO - [2025-05-06T18:46:21.513-0500] {dag.py:3118} INFO - Creating ORM DAG for example_subdag_operator.section-1
[2025-05-06T18:46:21.513-0500] {logging_mixin.py:188} INFO - [2025-05-06T18:46:21.513-0500] {dag.py:3118} INFO - Creating ORM DAG for example_subdag_operator.section-2
[2025-05-06T18:46:21.513-0500] {logging_mixin.py:188} INFO - [2025-05-06T18:46:21.513-0500] {dag.py:3118} INFO - Creating ORM DAG for example_subdag_operator
[2025-05-06T18:46:21.515-0500] {logging_mixin.py:188} INFO - [2025-05-06T18:46:21.515-0500] {dag.py:3954} INFO - Setting next_dagrun for example_subdag_operator to 2022-01-01 00:00:00+00:00, run_after=2022-01-01 00:00:00+00:00
[2025-05-06T18:46:21.515-0500] {logging_mixin.py:188} INFO - [2025-05-06T18:46:21.515-0500] {dag.py:3954} INFO - Setting next_dagrun for example_subdag_operator.section-1 to None, run_after=None
[2025-05-06T18:46:21.515-0500] {logging_mixin.py:188} INFO - [2025-05-06T18:46:21.515-0500] {dag.py:3954} INFO - Setting next_dagrun for example_subdag_operator.section-2 to None, run_after=None
[2025-05-06T18:46:21.517-0500] {logging_mixin.py:188} INFO - [2025-05-06T18:46:21.517-0500] {dag.py:3096} INFO - Sync 2 DAGs
[2025-05-06T18:46:21.518-0500] {logging_mixin.py:188} INFO - [2025-05-06T18:46:21.518-0500] {dag.py:3954} INFO - Setting next_dagrun for example_subdag_operator.section-1 to None, run_after=None
[2025-05-06T18:46:21.518-0500] {logging_mixin.py:188} INFO - [2025-05-06T18:46:21.518-0500] {dag.py:3954} INFO - Setting next_dagrun for example_subdag_operator.section-2 to None, run_after=None
[2025-05-06T18:46:21.522-0500] {processor.py:183} INFO - Processing /Users/chakradharreddyvangala/venv/lib/python3.11/site-packages/airflow/example_dags/example_subdag_operator.py took 0.071 seconds
[2025-05-06T18:47:35.338-0500] {processor.py:161} INFO - Started process (PID=63030) to work on /Users/chakradharreddyvangala/venv/lib/python3.11/site-packages/airflow/example_dags/example_subdag_operator.py
[2025-05-06T18:47:35.338-0500] {processor.py:830} INFO - Processing file /Users/chakradharreddyvangala/venv/lib/python3.11/site-packages/airflow/example_dags/example_subdag_operator.py for tasks to queue
[2025-05-06T18:47:35.338-0500] {logging_mixin.py:188} INFO - [2025-05-06T18:47:35.338-0500] {dagbag.py:545} INFO - Filling up the DagBag from /Users/chakradharreddyvangala/venv/lib/python3.11/site-packages/airflow/example_dags/example_subdag_operator.py
[2025-05-06T18:47:35.366-0500] {processor.py:840} INFO - DAG(s) 'example_subdag_operator.section-1', 'example_subdag_operator.section-2', 'example_subdag_operator' retrieved from /Users/chakradharreddyvangala/venv/lib/python3.11/site-packages/airflow/example_dags/example_subdag_operator.py
[2025-05-06T18:47:35.376-0500] {logging_mixin.py:188} INFO - [2025-05-06T18:47:35.376-0500] {dag.py:3096} INFO - Sync 3 DAGs
[2025-05-06T18:47:35.381-0500] {logging_mixin.py:188} INFO - [2025-05-06T18:47:35.381-0500] {dag.py:3954} INFO - Setting next_dagrun for example_subdag_operator to 2022-01-01 00:00:00+00:00, run_after=2022-01-01 00:00:00+00:00
[2025-05-06T18:47:35.382-0500] {logging_mixin.py:188} INFO - [2025-05-06T18:47:35.382-0500] {dag.py:3954} INFO - Setting next_dagrun for example_subdag_operator.section-1 to None, run_after=None
[2025-05-06T18:47:35.382-0500] {logging_mixin.py:188} INFO - [2025-05-06T18:47:35.382-0500] {dag.py:3954} INFO - Setting next_dagrun for example_subdag_operator.section-2 to None, run_after=None
[2025-05-06T18:47:35.383-0500] {logging_mixin.py:188} INFO - [2025-05-06T18:47:35.383-0500] {dag.py:3096} INFO - Sync 2 DAGs
[2025-05-06T18:47:35.384-0500] {logging_mixin.py:188} INFO - [2025-05-06T18:47:35.384-0500] {dag.py:3954} INFO - Setting next_dagrun for example_subdag_operator.section-1 to None, run_after=None
[2025-05-06T18:47:35.384-0500] {logging_mixin.py:188} INFO - [2025-05-06T18:47:35.384-0500] {dag.py:3954} INFO - Setting next_dagrun for example_subdag_operator.section-2 to None, run_after=None
[2025-05-06T18:47:35.388-0500] {processor.py:183} INFO - Processing /Users/chakradharreddyvangala/venv/lib/python3.11/site-packages/airflow/example_dags/example_subdag_operator.py took 0.051 seconds
[2025-05-06T18:48:56.727-0500] {processor.py:161} INFO - Started process (PID=63115) to work on /Users/chakradharreddyvangala/venv/lib/python3.11/site-packages/airflow/example_dags/example_subdag_operator.py
[2025-05-06T18:48:56.728-0500] {processor.py:830} INFO - Processing file /Users/chakradharreddyvangala/venv/lib/python3.11/site-packages/airflow/example_dags/example_subdag_operator.py for tasks to queue
[2025-05-06T18:48:56.728-0500] {logging_mixin.py:188} INFO - [2025-05-06T18:48:56.728-0500] {dagbag.py:545} INFO - Filling up the DagBag from /Users/chakradharreddyvangala/venv/lib/python3.11/site-packages/airflow/example_dags/example_subdag_operator.py
[2025-05-06T18:48:56.758-0500] {processor.py:840} INFO - DAG(s) 'example_subdag_operator.section-1', 'example_subdag_operator.section-2', 'example_subdag_operator' retrieved from /Users/chakradharreddyvangala/venv/lib/python3.11/site-packages/airflow/example_dags/example_subdag_operator.py
[2025-05-06T18:48:56.770-0500] {logging_mixin.py:188} INFO - [2025-05-06T18:48:56.769-0500] {dag.py:3096} INFO - Sync 3 DAGs
[2025-05-06T18:48:56.775-0500] {logging_mixin.py:188} INFO - [2025-05-06T18:48:56.775-0500] {dag.py:3954} INFO - Setting next_dagrun for example_subdag_operator to 2022-01-01 00:00:00+00:00, run_after=2022-01-01 00:00:00+00:00
[2025-05-06T18:48:56.776-0500] {logging_mixin.py:188} INFO - [2025-05-06T18:48:56.776-0500] {dag.py:3954} INFO - Setting next_dagrun for example_subdag_operator.section-1 to None, run_after=None
[2025-05-06T18:48:56.776-0500] {logging_mixin.py:188} INFO - [2025-05-06T18:48:56.776-0500] {dag.py:3954} INFO - Setting next_dagrun for example_subdag_operator.section-2 to None, run_after=None
[2025-05-06T18:48:56.778-0500] {logging_mixin.py:188} INFO - [2025-05-06T18:48:56.778-0500] {dag.py:3096} INFO - Sync 2 DAGs
[2025-05-06T18:48:56.779-0500] {logging_mixin.py:188} INFO - [2025-05-06T18:48:56.779-0500] {dag.py:3954} INFO - Setting next_dagrun for example_subdag_operator.section-1 to None, run_after=None
[2025-05-06T18:48:56.779-0500] {logging_mixin.py:188} INFO - [2025-05-06T18:48:56.779-0500] {dag.py:3954} INFO - Setting next_dagrun for example_subdag_operator.section-2 to None, run_after=None
[2025-05-06T18:48:56.783-0500] {processor.py:183} INFO - Processing /Users/chakradharreddyvangala/venv/lib/python3.11/site-packages/airflow/example_dags/example_subdag_operator.py took 0.057 seconds
[2025-05-06T18:50:27.741-0500] {processor.py:161} INFO - Started process (PID=63233) to work on /Users/chakradharreddyvangala/venv/lib/python3.11/site-packages/airflow/example_dags/example_subdag_operator.py
[2025-05-06T18:50:27.741-0500] {processor.py:830} INFO - Processing file /Users/chakradharreddyvangala/venv/lib/python3.11/site-packages/airflow/example_dags/example_subdag_operator.py for tasks to queue
[2025-05-06T18:50:27.741-0500] {logging_mixin.py:188} INFO - [2025-05-06T18:50:27.741-0500] {dagbag.py:545} INFO - Filling up the DagBag from /Users/chakradharreddyvangala/venv/lib/python3.11/site-packages/airflow/example_dags/example_subdag_operator.py
[2025-05-06T18:50:27.767-0500] {processor.py:840} INFO - DAG(s) 'example_subdag_operator.section-1', 'example_subdag_operator.section-2', 'example_subdag_operator' retrieved from /Users/chakradharreddyvangala/venv/lib/python3.11/site-packages/airflow/example_dags/example_subdag_operator.py
[2025-05-06T18:50:27.777-0500] {logging_mixin.py:188} INFO - [2025-05-06T18:50:27.777-0500] {dag.py:3096} INFO - Sync 3 DAGs
[2025-05-06T18:50:27.784-0500] {logging_mixin.py:188} INFO - [2025-05-06T18:50:27.784-0500] {dag.py:3954} INFO - Setting next_dagrun for example_subdag_operator to 2022-01-01 00:00:00+00:00, run_after=2022-01-01 00:00:00+00:00
[2025-05-06T18:50:27.785-0500] {logging_mixin.py:188} INFO - [2025-05-06T18:50:27.785-0500] {dag.py:3954} INFO - Setting next_dagrun for example_subdag_operator.section-1 to None, run_after=None
[2025-05-06T18:50:27.785-0500] {logging_mixin.py:188} INFO - [2025-05-06T18:50:27.785-0500] {dag.py:3954} INFO - Setting next_dagrun for example_subdag_operator.section-2 to None, run_after=None
[2025-05-06T18:50:27.787-0500] {logging_mixin.py:188} INFO - [2025-05-06T18:50:27.787-0500] {dag.py:3096} INFO - Sync 2 DAGs
[2025-05-06T18:50:27.788-0500] {logging_mixin.py:188} INFO - [2025-05-06T18:50:27.788-0500] {dag.py:3954} INFO - Setting next_dagrun for example_subdag_operator.section-1 to None, run_after=None
[2025-05-06T18:50:27.788-0500] {logging_mixin.py:188} INFO - [2025-05-06T18:50:27.788-0500] {dag.py:3954} INFO - Setting next_dagrun for example_subdag_operator.section-2 to None, run_after=None
[2025-05-06T18:50:27.792-0500] {processor.py:183} INFO - Processing /Users/chakradharreddyvangala/venv/lib/python3.11/site-packages/airflow/example_dags/example_subdag_operator.py took 0.052 seconds
[2025-05-06T18:51:57.618-0500] {processor.py:161} INFO - Started process (PID=63322) to work on /Users/chakradharreddyvangala/venv/lib/python3.11/site-packages/airflow/example_dags/example_subdag_operator.py
[2025-05-06T18:51:57.618-0500] {processor.py:830} INFO - Processing file /Users/chakradharreddyvangala/venv/lib/python3.11/site-packages/airflow/example_dags/example_subdag_operator.py for tasks to queue
[2025-05-06T18:51:57.618-0500] {logging_mixin.py:188} INFO - [2025-05-06T18:51:57.618-0500] {dagbag.py:545} INFO - Filling up the DagBag from /Users/chakradharreddyvangala/venv/lib/python3.11/site-packages/airflow/example_dags/example_subdag_operator.py
[2025-05-06T18:51:57.644-0500] {processor.py:840} INFO - DAG(s) 'example_subdag_operator.section-1', 'example_subdag_operator.section-2', 'example_subdag_operator' retrieved from /Users/chakradharreddyvangala/venv/lib/python3.11/site-packages/airflow/example_dags/example_subdag_operator.py
[2025-05-06T18:51:57.654-0500] {logging_mixin.py:188} INFO - [2025-05-06T18:51:57.654-0500] {dag.py:3096} INFO - Sync 3 DAGs
[2025-05-06T18:51:57.659-0500] {logging_mixin.py:188} INFO - [2025-05-06T18:51:57.659-0500] {dag.py:3954} INFO - Setting next_dagrun for example_subdag_operator to 2022-01-01 00:00:00+00:00, run_after=2022-01-01 00:00:00+00:00
[2025-05-06T18:51:57.660-0500] {logging_mixin.py:188} INFO - [2025-05-06T18:51:57.660-0500] {dag.py:3954} INFO - Setting next_dagrun for example_subdag_operator.section-1 to None, run_after=None
[2025-05-06T18:51:57.660-0500] {logging_mixin.py:188} INFO - [2025-05-06T18:51:57.660-0500] {dag.py:3954} INFO - Setting next_dagrun for example_subdag_operator.section-2 to None, run_after=None
[2025-05-06T18:51:57.662-0500] {logging_mixin.py:188} INFO - [2025-05-06T18:51:57.661-0500] {dag.py:3096} INFO - Sync 2 DAGs
[2025-05-06T18:51:57.662-0500] {logging_mixin.py:188} INFO - [2025-05-06T18:51:57.662-0500] {dag.py:3954} INFO - Setting next_dagrun for example_subdag_operator.section-1 to None, run_after=None
[2025-05-06T18:51:57.663-0500] {logging_mixin.py:188} INFO - [2025-05-06T18:51:57.662-0500] {dag.py:3954} INFO - Setting next_dagrun for example_subdag_operator.section-2 to None, run_after=None
[2025-05-06T18:51:57.666-0500] {processor.py:183} INFO - Processing /Users/chakradharreddyvangala/venv/lib/python3.11/site-packages/airflow/example_dags/example_subdag_operator.py took 0.050 seconds
[2025-05-06T18:53:20.566-0500] {processor.py:161} INFO - Started process (PID=63429) to work on /Users/chakradharreddyvangala/venv/lib/python3.11/site-packages/airflow/example_dags/example_subdag_operator.py
[2025-05-06T18:53:20.567-0500] {processor.py:830} INFO - Processing file /Users/chakradharreddyvangala/venv/lib/python3.11/site-packages/airflow/example_dags/example_subdag_operator.py for tasks to queue
[2025-05-06T18:53:20.567-0500] {logging_mixin.py:188} INFO - [2025-05-06T18:53:20.567-0500] {dagbag.py:545} INFO - Filling up the DagBag from /Users/chakradharreddyvangala/venv/lib/python3.11/site-packages/airflow/example_dags/example_subdag_operator.py
[2025-05-06T18:53:20.593-0500] {processor.py:840} INFO - DAG(s) 'example_subdag_operator.section-1', 'example_subdag_operator.section-2', 'example_subdag_operator' retrieved from /Users/chakradharreddyvangala/venv/lib/python3.11/site-packages/airflow/example_dags/example_subdag_operator.py
[2025-05-06T18:53:20.603-0500] {logging_mixin.py:188} INFO - [2025-05-06T18:53:20.603-0500] {dag.py:3096} INFO - Sync 3 DAGs
[2025-05-06T18:53:20.607-0500] {logging_mixin.py:188} INFO - [2025-05-06T18:53:20.607-0500] {dag.py:3954} INFO - Setting next_dagrun for example_subdag_operator to 2022-01-01 00:00:00+00:00, run_after=2022-01-01 00:00:00+00:00
[2025-05-06T18:53:20.608-0500] {logging_mixin.py:188} INFO - [2025-05-06T18:53:20.608-0500] {dag.py:3954} INFO - Setting next_dagrun for example_subdag_operator.section-1 to None, run_after=None
[2025-05-06T18:53:20.608-0500] {logging_mixin.py:188} INFO - [2025-05-06T18:53:20.608-0500] {dag.py:3954} INFO - Setting next_dagrun for example_subdag_operator.section-2 to None, run_after=None
[2025-05-06T18:53:20.610-0500] {logging_mixin.py:188} INFO - [2025-05-06T18:53:20.610-0500] {dag.py:3096} INFO - Sync 2 DAGs
[2025-05-06T18:53:20.611-0500] {logging_mixin.py:188} INFO - [2025-05-06T18:53:20.611-0500] {dag.py:3954} INFO - Setting next_dagrun for example_subdag_operator.section-1 to None, run_after=None
[2025-05-06T18:53:20.611-0500] {logging_mixin.py:188} INFO - [2025-05-06T18:53:20.611-0500] {dag.py:3954} INFO - Setting next_dagrun for example_subdag_operator.section-2 to None, run_after=None
[2025-05-06T18:53:20.614-0500] {processor.py:183} INFO - Processing /Users/chakradharreddyvangala/venv/lib/python3.11/site-packages/airflow/example_dags/example_subdag_operator.py took 0.050 seconds
[2025-05-06T18:54:49.183-0500] {processor.py:161} INFO - Started process (PID=63529) to work on /Users/chakradharreddyvangala/venv/lib/python3.11/site-packages/airflow/example_dags/example_subdag_operator.py
[2025-05-06T18:54:49.184-0500] {processor.py:830} INFO - Processing file /Users/chakradharreddyvangala/venv/lib/python3.11/site-packages/airflow/example_dags/example_subdag_operator.py for tasks to queue
[2025-05-06T18:54:49.184-0500] {logging_mixin.py:188} INFO - [2025-05-06T18:54:49.184-0500] {dagbag.py:545} INFO - Filling up the DagBag from /Users/chakradharreddyvangala/venv/lib/python3.11/site-packages/airflow/example_dags/example_subdag_operator.py
[2025-05-06T18:54:49.210-0500] {processor.py:840} INFO - DAG(s) 'example_subdag_operator.section-1', 'example_subdag_operator.section-2', 'example_subdag_operator' retrieved from /Users/chakradharreddyvangala/venv/lib/python3.11/site-packages/airflow/example_dags/example_subdag_operator.py
[2025-05-06T18:54:49.245-0500] {logging_mixin.py:188} INFO - [2025-05-06T18:54:49.245-0500] {dag.py:3096} INFO - Sync 3 DAGs
[2025-05-06T18:54:49.249-0500] {logging_mixin.py:188} INFO - [2025-05-06T18:54:49.249-0500] {dag.py:3954} INFO - Setting next_dagrun for example_subdag_operator to 2022-01-01 00:00:00+00:00, run_after=2022-01-01 00:00:00+00:00
[2025-05-06T18:54:49.250-0500] {logging_mixin.py:188} INFO - [2025-05-06T18:54:49.250-0500] {dag.py:3954} INFO - Setting next_dagrun for example_subdag_operator.section-1 to None, run_after=None
[2025-05-06T18:54:49.250-0500] {logging_mixin.py:188} INFO - [2025-05-06T18:54:49.250-0500] {dag.py:3954} INFO - Setting next_dagrun for example_subdag_operator.section-2 to None, run_after=None
[2025-05-06T18:54:49.252-0500] {logging_mixin.py:188} INFO - [2025-05-06T18:54:49.252-0500] {dag.py:3096} INFO - Sync 2 DAGs
[2025-05-06T18:54:49.253-0500] {logging_mixin.py:188} INFO - [2025-05-06T18:54:49.253-0500] {dag.py:3954} INFO - Setting next_dagrun for example_subdag_operator.section-1 to None, run_after=None
[2025-05-06T18:54:49.253-0500] {logging_mixin.py:188} INFO - [2025-05-06T18:54:49.253-0500] {dag.py:3954} INFO - Setting next_dagrun for example_subdag_operator.section-2 to None, run_after=None
[2025-05-06T18:54:49.256-0500] {processor.py:183} INFO - Processing /Users/chakradharreddyvangala/venv/lib/python3.11/site-packages/airflow/example_dags/example_subdag_operator.py took 0.075 seconds
[2025-05-06T18:56:15.677-0500] {processor.py:161} INFO - Started process (PID=63615) to work on /Users/chakradharreddyvangala/venv/lib/python3.11/site-packages/airflow/example_dags/example_subdag_operator.py
[2025-05-06T18:56:15.678-0500] {processor.py:830} INFO - Processing file /Users/chakradharreddyvangala/venv/lib/python3.11/site-packages/airflow/example_dags/example_subdag_operator.py for tasks to queue
[2025-05-06T18:56:15.678-0500] {logging_mixin.py:188} INFO - [2025-05-06T18:56:15.678-0500] {dagbag.py:545} INFO - Filling up the DagBag from /Users/chakradharreddyvangala/venv/lib/python3.11/site-packages/airflow/example_dags/example_subdag_operator.py
[2025-05-06T18:56:15.705-0500] {processor.py:840} INFO - DAG(s) 'example_subdag_operator.section-1', 'example_subdag_operator.section-2', 'example_subdag_operator' retrieved from /Users/chakradharreddyvangala/venv/lib/python3.11/site-packages/airflow/example_dags/example_subdag_operator.py
[2025-05-06T18:56:15.716-0500] {logging_mixin.py:188} INFO - [2025-05-06T18:56:15.716-0500] {dag.py:3096} INFO - Sync 3 DAGs
[2025-05-06T18:56:15.721-0500] {logging_mixin.py:188} INFO - [2025-05-06T18:56:15.720-0500] {dag.py:3954} INFO - Setting next_dagrun for example_subdag_operator to 2022-01-01 00:00:00+00:00, run_after=2022-01-01 00:00:00+00:00
[2025-05-06T18:56:15.721-0500] {logging_mixin.py:188} INFO - [2025-05-06T18:56:15.721-0500] {dag.py:3954} INFO - Setting next_dagrun for example_subdag_operator.section-1 to None, run_after=None
[2025-05-06T18:56:15.722-0500] {logging_mixin.py:188} INFO - [2025-05-06T18:56:15.722-0500] {dag.py:3954} INFO - Setting next_dagrun for example_subdag_operator.section-2 to None, run_after=None
[2025-05-06T18:56:15.723-0500] {logging_mixin.py:188} INFO - [2025-05-06T18:56:15.723-0500] {dag.py:3096} INFO - Sync 2 DAGs
[2025-05-06T18:56:15.724-0500] {logging_mixin.py:188} INFO - [2025-05-06T18:56:15.724-0500] {dag.py:3954} INFO - Setting next_dagrun for example_subdag_operator.section-1 to None, run_after=None
[2025-05-06T18:56:15.724-0500] {logging_mixin.py:188} INFO - [2025-05-06T18:56:15.724-0500] {dag.py:3954} INFO - Setting next_dagrun for example_subdag_operator.section-2 to None, run_after=None
[2025-05-06T18:56:15.727-0500] {processor.py:183} INFO - Processing /Users/chakradharreddyvangala/venv/lib/python3.11/site-packages/airflow/example_dags/example_subdag_operator.py took 0.052 seconds
[2025-05-06T18:57:40.618-0500] {processor.py:161} INFO - Started process (PID=63706) to work on /Users/chakradharreddyvangala/venv/lib/python3.11/site-packages/airflow/example_dags/example_subdag_operator.py
[2025-05-06T18:57:40.619-0500] {processor.py:830} INFO - Processing file /Users/chakradharreddyvangala/venv/lib/python3.11/site-packages/airflow/example_dags/example_subdag_operator.py for tasks to queue
[2025-05-06T18:57:40.620-0500] {logging_mixin.py:188} INFO - [2025-05-06T18:57:40.620-0500] {dagbag.py:545} INFO - Filling up the DagBag from /Users/chakradharreddyvangala/venv/lib/python3.11/site-packages/airflow/example_dags/example_subdag_operator.py
[2025-05-06T18:57:40.645-0500] {processor.py:840} INFO - DAG(s) 'example_subdag_operator.section-1', 'example_subdag_operator.section-2', 'example_subdag_operator' retrieved from /Users/chakradharreddyvangala/venv/lib/python3.11/site-packages/airflow/example_dags/example_subdag_operator.py
[2025-05-06T18:57:40.655-0500] {logging_mixin.py:188} INFO - [2025-05-06T18:57:40.655-0500] {dag.py:3096} INFO - Sync 3 DAGs
[2025-05-06T18:57:40.660-0500] {logging_mixin.py:188} INFO - [2025-05-06T18:57:40.660-0500] {dag.py:3954} INFO - Setting next_dagrun for example_subdag_operator to 2022-01-01 00:00:00+00:00, run_after=2022-01-01 00:00:00+00:00
[2025-05-06T18:57:40.661-0500] {logging_mixin.py:188} INFO - [2025-05-06T18:57:40.661-0500] {dag.py:3954} INFO - Setting next_dagrun for example_subdag_operator.section-1 to None, run_after=None
[2025-05-06T18:57:40.661-0500] {logging_mixin.py:188} INFO - [2025-05-06T18:57:40.661-0500] {dag.py:3954} INFO - Setting next_dagrun for example_subdag_operator.section-2 to None, run_after=None
[2025-05-06T18:57:40.663-0500] {logging_mixin.py:188} INFO - [2025-05-06T18:57:40.663-0500] {dag.py:3096} INFO - Sync 2 DAGs
[2025-05-06T18:57:40.664-0500] {logging_mixin.py:188} INFO - [2025-05-06T18:57:40.664-0500] {dag.py:3954} INFO - Setting next_dagrun for example_subdag_operator.section-1 to None, run_after=None
[2025-05-06T18:57:40.664-0500] {logging_mixin.py:188} INFO - [2025-05-06T18:57:40.664-0500] {dag.py:3954} INFO - Setting next_dagrun for example_subdag_operator.section-2 to None, run_after=None
[2025-05-06T18:57:40.667-0500] {processor.py:183} INFO - Processing /Users/chakradharreddyvangala/venv/lib/python3.11/site-packages/airflow/example_dags/example_subdag_operator.py took 0.050 seconds
[2025-05-06T18:58:40.429-0500] {processor.py:161} INFO - Started process (PID=63790) to work on /Users/chakradharreddyvangala/venv/lib/python3.11/site-packages/airflow/example_dags/example_subdag_operator.py
[2025-05-06T18:58:40.429-0500] {processor.py:830} INFO - Processing file /Users/chakradharreddyvangala/venv/lib/python3.11/site-packages/airflow/example_dags/example_subdag_operator.py for tasks to queue
[2025-05-06T18:58:40.430-0500] {logging_mixin.py:188} INFO - [2025-05-06T18:58:40.429-0500] {dagbag.py:545} INFO - Filling up the DagBag from /Users/chakradharreddyvangala/venv/lib/python3.11/site-packages/airflow/example_dags/example_subdag_operator.py
[2025-05-06T18:58:40.459-0500] {processor.py:840} INFO - DAG(s) 'example_subdag_operator.section-1', 'example_subdag_operator.section-2', 'example_subdag_operator' retrieved from /Users/chakradharreddyvangala/venv/lib/python3.11/site-packages/airflow/example_dags/example_subdag_operator.py
[2025-05-06T18:58:40.473-0500] {logging_mixin.py:188} INFO - [2025-05-06T18:58:40.473-0500] {dag.py:3096} INFO - Sync 3 DAGs
[2025-05-06T18:58:40.494-0500] {logging_mixin.py:188} INFO - [2025-05-06T18:58:40.493-0500] {dag.py:3954} INFO - Setting next_dagrun for example_subdag_operator to 2022-01-01 00:00:00+00:00, run_after=2022-01-01 00:00:00+00:00
[2025-05-06T18:58:40.504-0500] {logging_mixin.py:188} INFO - [2025-05-06T18:58:40.503-0500] {dag.py:3954} INFO - Setting next_dagrun for example_subdag_operator.section-1 to None, run_after=None
[2025-05-06T18:58:40.505-0500] {logging_mixin.py:188} INFO - [2025-05-06T18:58:40.505-0500] {dag.py:3954} INFO - Setting next_dagrun for example_subdag_operator.section-2 to None, run_after=None
[2025-05-06T18:58:40.512-0500] {logging_mixin.py:188} INFO - [2025-05-06T18:58:40.512-0500] {dag.py:3096} INFO - Sync 2 DAGs
[2025-05-06T18:58:40.516-0500] {logging_mixin.py:188} INFO - [2025-05-06T18:58:40.516-0500] {dag.py:3954} INFO - Setting next_dagrun for example_subdag_operator.section-1 to None, run_after=None
[2025-05-06T18:58:40.516-0500] {logging_mixin.py:188} INFO - [2025-05-06T18:58:40.516-0500] {dag.py:3954} INFO - Setting next_dagrun for example_subdag_operator.section-2 to None, run_after=None
[2025-05-06T18:58:40.525-0500] {processor.py:183} INFO - Processing /Users/chakradharreddyvangala/venv/lib/python3.11/site-packages/airflow/example_dags/example_subdag_operator.py took 0.098 seconds
