[2025-05-06T18:46:14.382-0500] {processor.py:161} INFO - Started process (PID=62952) to work on /Users/chakradharreddyvangala/venv/lib/python3.11/site-packages/airflow/example_dags/example_trigger_target_dag.py
[2025-05-06T18:46:14.382-0500] {processor.py:830} INFO - Processing file /Users/chakradharreddyvangala/venv/lib/python3.11/site-packages/airflow/example_dags/example_trigger_target_dag.py for tasks to queue
[2025-05-06T18:46:14.382-0500] {logging_mixin.py:188} INFO - [2025-05-06T18:46:14.382-0500] {dagbag.py:545} INFO - Filling up the DagBag from /Users/chakradharreddyvangala/venv/lib/python3.11/site-packages/airflow/example_dags/example_trigger_target_dag.py
[2025-05-06T18:46:14.396-0500] {processor.py:840} INFO - DAG(s) 'example_trigger_target_dag' retrieved from /Users/chakradharreddyvangala/venv/lib/python3.11/site-packages/airflow/example_dags/example_trigger_target_dag.py
[2025-05-06T18:46:14.442-0500] {logging_mixin.py:188} INFO - [2025-05-06T18:46:14.442-0500] {override.py:1829} INFO - Created Permission View: can read on DAG:example_trigger_target_dag
[2025-05-06T18:46:14.445-0500] {logging_mixin.py:188} INFO - [2025-05-06T18:46:14.445-0500] {override.py:1829} INFO - Created Permission View: can delete on DAG:example_trigger_target_dag
[2025-05-06T18:46:14.446-0500] {logging_mixin.py:188} INFO - [2025-05-06T18:46:14.446-0500] {override.py:1829} INFO - Created Permission View: can edit on DAG:example_trigger_target_dag
[2025-05-06T18:46:14.446-0500] {logging_mixin.py:188} INFO - [2025-05-06T18:46:14.446-0500] {dag.py:3096} INFO - Sync 1 DAGs
[2025-05-06T18:46:14.471-0500] {logging_mixin.py:188} INFO - [2025-05-06T18:46:14.470-0500] {dag.py:3118} INFO - Creating ORM DAG for example_trigger_target_dag
[2025-05-06T18:46:14.471-0500] {logging_mixin.py:188} INFO - [2025-05-06T18:46:14.471-0500] {dag.py:3954} INFO - Setting next_dagrun for example_trigger_target_dag to None, run_after=None
[2025-05-06T18:46:14.476-0500] {processor.py:183} INFO - Processing /Users/chakradharreddyvangala/venv/lib/python3.11/site-packages/airflow/example_dags/example_trigger_target_dag.py took 0.097 seconds
[2025-05-06T18:47:28.197-0500] {processor.py:161} INFO - Started process (PID=63024) to work on /Users/chakradharreddyvangala/venv/lib/python3.11/site-packages/airflow/example_dags/example_trigger_target_dag.py
[2025-05-06T18:47:28.198-0500] {processor.py:830} INFO - Processing file /Users/chakradharreddyvangala/venv/lib/python3.11/site-packages/airflow/example_dags/example_trigger_target_dag.py for tasks to queue
[2025-05-06T18:47:28.198-0500] {logging_mixin.py:188} INFO - [2025-05-06T18:47:28.198-0500] {dagbag.py:545} INFO - Filling up the DagBag from /Users/chakradharreddyvangala/venv/lib/python3.11/site-packages/airflow/example_dags/example_trigger_target_dag.py
[2025-05-06T18:47:28.209-0500] {processor.py:840} INFO - DAG(s) 'example_trigger_target_dag' retrieved from /Users/chakradharreddyvangala/venv/lib/python3.11/site-packages/airflow/example_dags/example_trigger_target_dag.py
[2025-05-06T18:47:28.233-0500] {logging_mixin.py:188} INFO - [2025-05-06T18:47:28.233-0500] {dag.py:3096} INFO - Sync 1 DAGs
[2025-05-06T18:47:28.236-0500] {logging_mixin.py:188} INFO - [2025-05-06T18:47:28.235-0500] {dag.py:3954} INFO - Setting next_dagrun for example_trigger_target_dag to None, run_after=None
[2025-05-06T18:47:28.241-0500] {processor.py:183} INFO - Processing /Users/chakradharreddyvangala/venv/lib/python3.11/site-packages/airflow/example_dags/example_trigger_target_dag.py took 0.046 seconds
[2025-05-06T18:48:49.668-0500] {processor.py:161} INFO - Started process (PID=63107) to work on /Users/chakradharreddyvangala/venv/lib/python3.11/site-packages/airflow/example_dags/example_trigger_target_dag.py
[2025-05-06T18:48:49.669-0500] {processor.py:830} INFO - Processing file /Users/chakradharreddyvangala/venv/lib/python3.11/site-packages/airflow/example_dags/example_trigger_target_dag.py for tasks to queue
[2025-05-06T18:48:49.669-0500] {logging_mixin.py:188} INFO - [2025-05-06T18:48:49.669-0500] {dagbag.py:545} INFO - Filling up the DagBag from /Users/chakradharreddyvangala/venv/lib/python3.11/site-packages/airflow/example_dags/example_trigger_target_dag.py
[2025-05-06T18:48:49.680-0500] {processor.py:840} INFO - DAG(s) 'example_trigger_target_dag' retrieved from /Users/chakradharreddyvangala/venv/lib/python3.11/site-packages/airflow/example_dags/example_trigger_target_dag.py
[2025-05-06T18:48:49.705-0500] {logging_mixin.py:188} INFO - [2025-05-06T18:48:49.705-0500] {dag.py:3096} INFO - Sync 1 DAGs
[2025-05-06T18:48:49.707-0500] {logging_mixin.py:188} INFO - [2025-05-06T18:48:49.707-0500] {dag.py:3954} INFO - Setting next_dagrun for example_trigger_target_dag to None, run_after=None
[2025-05-06T18:48:49.712-0500] {processor.py:183} INFO - Processing /Users/chakradharreddyvangala/venv/lib/python3.11/site-packages/airflow/example_dags/example_trigger_target_dag.py took 0.046 seconds
[2025-05-06T18:50:20.291-0500] {processor.py:161} INFO - Started process (PID=63225) to work on /Users/chakradharreddyvangala/venv/lib/python3.11/site-packages/airflow/example_dags/example_trigger_target_dag.py
[2025-05-06T18:50:20.292-0500] {processor.py:830} INFO - Processing file /Users/chakradharreddyvangala/venv/lib/python3.11/site-packages/airflow/example_dags/example_trigger_target_dag.py for tasks to queue
[2025-05-06T18:50:20.292-0500] {logging_mixin.py:188} INFO - [2025-05-06T18:50:20.292-0500] {dagbag.py:545} INFO - Filling up the DagBag from /Users/chakradharreddyvangala/venv/lib/python3.11/site-packages/airflow/example_dags/example_trigger_target_dag.py
[2025-05-06T18:50:20.303-0500] {processor.py:840} INFO - DAG(s) 'example_trigger_target_dag' retrieved from /Users/chakradharreddyvangala/venv/lib/python3.11/site-packages/airflow/example_dags/example_trigger_target_dag.py
[2025-05-06T18:50:20.327-0500] {logging_mixin.py:188} INFO - [2025-05-06T18:50:20.327-0500] {dag.py:3096} INFO - Sync 1 DAGs
[2025-05-06T18:50:20.330-0500] {logging_mixin.py:188} INFO - [2025-05-06T18:50:20.330-0500] {dag.py:3954} INFO - Setting next_dagrun for example_trigger_target_dag to None, run_after=None
[2025-05-06T18:50:20.335-0500] {processor.py:183} INFO - Processing /Users/chakradharreddyvangala/venv/lib/python3.11/site-packages/airflow/example_dags/example_trigger_target_dag.py took 0.046 seconds
[2025-05-06T18:51:50.952-0500] {processor.py:161} INFO - Started process (PID=63315) to work on /Users/chakradharreddyvangala/venv/lib/python3.11/site-packages/airflow/example_dags/example_trigger_target_dag.py
[2025-05-06T18:51:50.952-0500] {processor.py:830} INFO - Processing file /Users/chakradharreddyvangala/venv/lib/python3.11/site-packages/airflow/example_dags/example_trigger_target_dag.py for tasks to queue
[2025-05-06T18:51:50.953-0500] {logging_mixin.py:188} INFO - [2025-05-06T18:51:50.953-0500] {dagbag.py:545} INFO - Filling up the DagBag from /Users/chakradharreddyvangala/venv/lib/python3.11/site-packages/airflow/example_dags/example_trigger_target_dag.py
[2025-05-06T18:51:50.964-0500] {processor.py:840} INFO - DAG(s) 'example_trigger_target_dag' retrieved from /Users/chakradharreddyvangala/venv/lib/python3.11/site-packages/airflow/example_dags/example_trigger_target_dag.py
[2025-05-06T18:51:50.990-0500] {logging_mixin.py:188} INFO - [2025-05-06T18:51:50.990-0500] {dag.py:3096} INFO - Sync 1 DAGs
[2025-05-06T18:51:50.993-0500] {logging_mixin.py:188} INFO - [2025-05-06T18:51:50.993-0500] {dag.py:3954} INFO - Setting next_dagrun for example_trigger_target_dag to None, run_after=None
[2025-05-06T18:51:50.998-0500] {processor.py:183} INFO - Processing /Users/chakradharreddyvangala/venv/lib/python3.11/site-packages/airflow/example_dags/example_trigger_target_dag.py took 0.048 seconds
[2025-05-06T18:53:14.146-0500] {processor.py:161} INFO - Started process (PID=63423) to work on /Users/chakradharreddyvangala/venv/lib/python3.11/site-packages/airflow/example_dags/example_trigger_target_dag.py
[2025-05-06T18:53:14.147-0500] {processor.py:830} INFO - Processing file /Users/chakradharreddyvangala/venv/lib/python3.11/site-packages/airflow/example_dags/example_trigger_target_dag.py for tasks to queue
[2025-05-06T18:53:14.147-0500] {logging_mixin.py:188} INFO - [2025-05-06T18:53:14.147-0500] {dagbag.py:545} INFO - Filling up the DagBag from /Users/chakradharreddyvangala/venv/lib/python3.11/site-packages/airflow/example_dags/example_trigger_target_dag.py
[2025-05-06T18:53:14.159-0500] {processor.py:840} INFO - DAG(s) 'example_trigger_target_dag' retrieved from /Users/chakradharreddyvangala/venv/lib/python3.11/site-packages/airflow/example_dags/example_trigger_target_dag.py
[2025-05-06T18:53:14.184-0500] {logging_mixin.py:188} INFO - [2025-05-06T18:53:14.184-0500] {dag.py:3096} INFO - Sync 1 DAGs
[2025-05-06T18:53:14.186-0500] {logging_mixin.py:188} INFO - [2025-05-06T18:53:14.186-0500] {dag.py:3954} INFO - Setting next_dagrun for example_trigger_target_dag to None, run_after=None
[2025-05-06T18:53:14.192-0500] {processor.py:183} INFO - Processing /Users/chakradharreddyvangala/venv/lib/python3.11/site-packages/airflow/example_dags/example_trigger_target_dag.py took 0.048 seconds
[2025-05-06T18:54:41.281-0500] {processor.py:161} INFO - Started process (PID=63519) to work on /Users/chakradharreddyvangala/venv/lib/python3.11/site-packages/airflow/example_dags/example_trigger_target_dag.py
[2025-05-06T18:54:41.281-0500] {processor.py:830} INFO - Processing file /Users/chakradharreddyvangala/venv/lib/python3.11/site-packages/airflow/example_dags/example_trigger_target_dag.py for tasks to queue
[2025-05-06T18:54:41.282-0500] {logging_mixin.py:188} INFO - [2025-05-06T18:54:41.281-0500] {dagbag.py:545} INFO - Filling up the DagBag from /Users/chakradharreddyvangala/venv/lib/python3.11/site-packages/airflow/example_dags/example_trigger_target_dag.py
[2025-05-06T18:54:41.293-0500] {processor.py:840} INFO - DAG(s) 'example_trigger_target_dag' retrieved from /Users/chakradharreddyvangala/venv/lib/python3.11/site-packages/airflow/example_dags/example_trigger_target_dag.py
[2025-05-06T18:54:41.339-0500] {logging_mixin.py:188} INFO - [2025-05-06T18:54:41.339-0500] {dag.py:3096} INFO - Sync 1 DAGs
[2025-05-06T18:54:41.362-0500] {logging_mixin.py:188} INFO - [2025-05-06T18:54:41.362-0500] {dag.py:3954} INFO - Setting next_dagrun for example_trigger_target_dag to None, run_after=None
[2025-05-06T18:54:41.368-0500] {processor.py:183} INFO - Processing /Users/chakradharreddyvangala/venv/lib/python3.11/site-packages/airflow/example_dags/example_trigger_target_dag.py took 0.088 seconds
[2025-05-06T18:56:09.190-0500] {processor.py:161} INFO - Started process (PID=63606) to work on /Users/chakradharreddyvangala/venv/lib/python3.11/site-packages/airflow/example_dags/example_trigger_target_dag.py
[2025-05-06T18:56:09.191-0500] {processor.py:830} INFO - Processing file /Users/chakradharreddyvangala/venv/lib/python3.11/site-packages/airflow/example_dags/example_trigger_target_dag.py for tasks to queue
[2025-05-06T18:56:09.191-0500] {logging_mixin.py:188} INFO - [2025-05-06T18:56:09.191-0500] {dagbag.py:545} INFO - Filling up the DagBag from /Users/chakradharreddyvangala/venv/lib/python3.11/site-packages/airflow/example_dags/example_trigger_target_dag.py
[2025-05-06T18:56:09.202-0500] {processor.py:840} INFO - DAG(s) 'example_trigger_target_dag' retrieved from /Users/chakradharreddyvangala/venv/lib/python3.11/site-packages/airflow/example_dags/example_trigger_target_dag.py
[2025-05-06T18:56:09.226-0500] {logging_mixin.py:188} INFO - [2025-05-06T18:56:09.226-0500] {dag.py:3096} INFO - Sync 1 DAGs
[2025-05-06T18:56:09.229-0500] {logging_mixin.py:188} INFO - [2025-05-06T18:56:09.229-0500] {dag.py:3954} INFO - Setting next_dagrun for example_trigger_target_dag to None, run_after=None
[2025-05-06T18:56:09.234-0500] {processor.py:183} INFO - Processing /Users/chakradharreddyvangala/venv/lib/python3.11/site-packages/airflow/example_dags/example_trigger_target_dag.py took 0.045 seconds
[2025-05-06T18:57:33.483-0500] {processor.py:161} INFO - Started process (PID=63700) to work on /Users/chakradharreddyvangala/venv/lib/python3.11/site-packages/airflow/example_dags/example_trigger_target_dag.py
[2025-05-06T18:57:33.484-0500] {processor.py:830} INFO - Processing file /Users/chakradharreddyvangala/venv/lib/python3.11/site-packages/airflow/example_dags/example_trigger_target_dag.py for tasks to queue
[2025-05-06T18:57:33.484-0500] {logging_mixin.py:188} INFO - [2025-05-06T18:57:33.484-0500] {dagbag.py:545} INFO - Filling up the DagBag from /Users/chakradharreddyvangala/venv/lib/python3.11/site-packages/airflow/example_dags/example_trigger_target_dag.py
[2025-05-06T18:57:33.496-0500] {processor.py:840} INFO - DAG(s) 'example_trigger_target_dag' retrieved from /Users/chakradharreddyvangala/venv/lib/python3.11/site-packages/airflow/example_dags/example_trigger_target_dag.py
[2025-05-06T18:57:33.521-0500] {logging_mixin.py:188} INFO - [2025-05-06T18:57:33.521-0500] {dag.py:3096} INFO - Sync 1 DAGs
[2025-05-06T18:57:33.524-0500] {logging_mixin.py:188} INFO - [2025-05-06T18:57:33.524-0500] {dag.py:3954} INFO - Setting next_dagrun for example_trigger_target_dag to None, run_after=None
[2025-05-06T18:57:33.529-0500] {processor.py:183} INFO - Processing /Users/chakradharreddyvangala/venv/lib/python3.11/site-packages/airflow/example_dags/example_trigger_target_dag.py took 0.048 seconds
[2025-05-06T18:58:33.017-0500] {processor.py:161} INFO - Started process (PID=63767) to work on /Users/chakradharreddyvangala/venv/lib/python3.11/site-packages/airflow/example_dags/example_trigger_target_dag.py
[2025-05-06T18:58:33.019-0500] {processor.py:830} INFO - Processing file /Users/chakradharreddyvangala/venv/lib/python3.11/site-packages/airflow/example_dags/example_trigger_target_dag.py for tasks to queue
[2025-05-06T18:58:33.020-0500] {logging_mixin.py:188} INFO - [2025-05-06T18:58:33.020-0500] {dagbag.py:545} INFO - Filling up the DagBag from /Users/chakradharreddyvangala/venv/lib/python3.11/site-packages/airflow/example_dags/example_trigger_target_dag.py
[2025-05-06T18:58:33.032-0500] {processor.py:840} INFO - DAG(s) 'example_trigger_target_dag' retrieved from /Users/chakradharreddyvangala/venv/lib/python3.11/site-packages/airflow/example_dags/example_trigger_target_dag.py
[2025-05-06T18:58:33.061-0500] {logging_mixin.py:188} INFO - [2025-05-06T18:58:33.060-0500] {dag.py:3096} INFO - Sync 1 DAGs
[2025-05-06T18:58:33.064-0500] {logging_mixin.py:188} INFO - [2025-05-06T18:58:33.063-0500] {dag.py:3954} INFO - Setting next_dagrun for example_trigger_target_dag to None, run_after=None
[2025-05-06T18:58:33.069-0500] {processor.py:183} INFO - Processing /Users/chakradharreddyvangala/venv/lib/python3.11/site-packages/airflow/example_dags/example_trigger_target_dag.py took 0.052 seconds
[2025-05-06T18:59:00.071-0500] {processor.py:161} INFO - Started process (PID=63824) to work on /Users/chakradharreddyvangala/venv/lib/python3.11/site-packages/airflow/example_dags/example_trigger_target_dag.py
[2025-05-06T18:59:00.071-0500] {processor.py:830} INFO - Processing file /Users/chakradharreddyvangala/venv/lib/python3.11/site-packages/airflow/example_dags/example_trigger_target_dag.py for tasks to queue
[2025-05-06T18:59:00.071-0500] {logging_mixin.py:188} INFO - [2025-05-06T18:59:00.071-0500] {dagbag.py:545} INFO - Filling up the DagBag from /Users/chakradharreddyvangala/venv/lib/python3.11/site-packages/airflow/example_dags/example_trigger_target_dag.py
[2025-05-06T18:59:00.082-0500] {processor.py:840} INFO - DAG(s) 'example_trigger_target_dag' retrieved from /Users/chakradharreddyvangala/venv/lib/python3.11/site-packages/airflow/example_dags/example_trigger_target_dag.py
[2025-05-06T18:59:00.108-0500] {logging_mixin.py:188} INFO - [2025-05-06T18:59:00.107-0500] {dag.py:3096} INFO - Sync 1 DAGs
[2025-05-06T18:59:00.110-0500] {logging_mixin.py:188} INFO - [2025-05-06T18:59:00.110-0500] {dag.py:3954} INFO - Setting next_dagrun for example_trigger_target_dag to None, run_after=None
[2025-05-06T18:59:00.115-0500] {processor.py:183} INFO - Processing /Users/chakradharreddyvangala/venv/lib/python3.11/site-packages/airflow/example_dags/example_trigger_target_dag.py took 0.046 seconds
