[2025-05-06T18:46:16.015-0500] {processor.py:161} INFO - Started process (PID=62954) to work on /Users/chakradharreddyvangala/venv/lib/python3.11/site-packages/airflow/example_dags/example_trigger_controller_dag.py
[2025-05-06T18:46:16.015-0500] {processor.py:830} INFO - Processing file /Users/chakradharreddyvangala/venv/lib/python3.11/site-packages/airflow/example_dags/example_trigger_controller_dag.py for tasks to queue
[2025-05-06T18:46:16.015-0500] {logging_mixin.py:188} INFO - [2025-05-06T18:46:16.015-0500] {dagbag.py:545} INFO - Filling up the DagBag from /Users/chakradharreddyvangala/venv/lib/python3.11/site-packages/airflow/example_dags/example_trigger_controller_dag.py
[2025-05-06T18:46:16.019-0500] {processor.py:840} INFO - DAG(s) 'example_trigger_controller_dag' retrieved from /Users/chakradharreddyvangala/venv/lib/python3.11/site-packages/airflow/example_dags/example_trigger_controller_dag.py
[2025-05-06T18:46:16.065-0500] {logging_mixin.py:188} INFO - [2025-05-06T18:46:16.065-0500] {override.py:1829} INFO - Created Permission View: can read on DAG:example_trigger_controller_dag
[2025-05-06T18:46:16.067-0500] {logging_mixin.py:188} INFO - [2025-05-06T18:46:16.067-0500] {override.py:1829} INFO - Created Permission View: can edit on DAG:example_trigger_controller_dag
[2025-05-06T18:46:16.069-0500] {logging_mixin.py:188} INFO - [2025-05-06T18:46:16.068-0500] {override.py:1829} INFO - Created Permission View: can delete on DAG:example_trigger_controller_dag
[2025-05-06T18:46:16.069-0500] {logging_mixin.py:188} INFO - [2025-05-06T18:46:16.069-0500] {dag.py:3096} INFO - Sync 1 DAGs
[2025-05-06T18:46:16.071-0500] {logging_mixin.py:188} INFO - [2025-05-06T18:46:16.071-0500] {dag.py:3118} INFO - Creating ORM DAG for example_trigger_controller_dag
[2025-05-06T18:46:16.073-0500] {logging_mixin.py:188} INFO - [2025-05-06T18:46:16.073-0500] {dag.py:3954} INFO - Setting next_dagrun for example_trigger_controller_dag to 2021-01-01 00:00:00+00:00, run_after=2021-01-01 00:00:00+00:00
[2025-05-06T18:46:16.077-0500] {processor.py:183} INFO - Processing /Users/chakradharreddyvangala/venv/lib/python3.11/site-packages/airflow/example_dags/example_trigger_controller_dag.py took 0.063 seconds
[2025-05-06T18:47:29.412-0500] {processor.py:161} INFO - Started process (PID=63025) to work on /Users/chakradharreddyvangala/venv/lib/python3.11/site-packages/airflow/example_dags/example_trigger_controller_dag.py
[2025-05-06T18:47:29.413-0500] {processor.py:830} INFO - Processing file /Users/chakradharreddyvangala/venv/lib/python3.11/site-packages/airflow/example_dags/example_trigger_controller_dag.py for tasks to queue
[2025-05-06T18:47:29.413-0500] {logging_mixin.py:188} INFO - [2025-05-06T18:47:29.413-0500] {dagbag.py:545} INFO - Filling up the DagBag from /Users/chakradharreddyvangala/venv/lib/python3.11/site-packages/airflow/example_dags/example_trigger_controller_dag.py
[2025-05-06T18:47:29.416-0500] {processor.py:840} INFO - DAG(s) 'example_trigger_controller_dag' retrieved from /Users/chakradharreddyvangala/venv/lib/python3.11/site-packages/airflow/example_dags/example_trigger_controller_dag.py
[2025-05-06T18:47:29.440-0500] {logging_mixin.py:188} INFO - [2025-05-06T18:47:29.440-0500] {dag.py:3096} INFO - Sync 1 DAGs
[2025-05-06T18:47:29.444-0500] {logging_mixin.py:188} INFO - [2025-05-06T18:47:29.444-0500] {dag.py:3954} INFO - Setting next_dagrun for example_trigger_controller_dag to 2021-01-01 00:00:00+00:00, run_after=2021-01-01 00:00:00+00:00
[2025-05-06T18:47:29.449-0500] {processor.py:183} INFO - Processing /Users/chakradharreddyvangala/venv/lib/python3.11/site-packages/airflow/example_dags/example_trigger_controller_dag.py took 0.037 seconds
[2025-05-06T18:48:51.262-0500] {processor.py:161} INFO - Started process (PID=63108) to work on /Users/chakradharreddyvangala/venv/lib/python3.11/site-packages/airflow/example_dags/example_trigger_controller_dag.py
[2025-05-06T18:48:51.266-0500] {processor.py:830} INFO - Processing file /Users/chakradharreddyvangala/venv/lib/python3.11/site-packages/airflow/example_dags/example_trigger_controller_dag.py for tasks to queue
[2025-05-06T18:48:51.266-0500] {logging_mixin.py:188} INFO - [2025-05-06T18:48:51.266-0500] {dagbag.py:545} INFO - Filling up the DagBag from /Users/chakradharreddyvangala/venv/lib/python3.11/site-packages/airflow/example_dags/example_trigger_controller_dag.py
[2025-05-06T18:48:51.270-0500] {processor.py:840} INFO - DAG(s) 'example_trigger_controller_dag' retrieved from /Users/chakradharreddyvangala/venv/lib/python3.11/site-packages/airflow/example_dags/example_trigger_controller_dag.py
[2025-05-06T18:48:51.294-0500] {logging_mixin.py:188} INFO - [2025-05-06T18:48:51.294-0500] {dag.py:3096} INFO - Sync 1 DAGs
[2025-05-06T18:48:51.298-0500] {logging_mixin.py:188} INFO - [2025-05-06T18:48:51.298-0500] {dag.py:3954} INFO - Setting next_dagrun for example_trigger_controller_dag to 2021-01-01 00:00:00+00:00, run_after=2021-01-01 00:00:00+00:00
[2025-05-06T18:48:51.303-0500] {processor.py:183} INFO - Processing /Users/chakradharreddyvangala/venv/lib/python3.11/site-packages/airflow/example_dags/example_trigger_controller_dag.py took 0.042 seconds
[2025-05-06T18:50:22.138-0500] {processor.py:161} INFO - Started process (PID=63226) to work on /Users/chakradharreddyvangala/venv/lib/python3.11/site-packages/airflow/example_dags/example_trigger_controller_dag.py
[2025-05-06T18:50:22.138-0500] {processor.py:830} INFO - Processing file /Users/chakradharreddyvangala/venv/lib/python3.11/site-packages/airflow/example_dags/example_trigger_controller_dag.py for tasks to queue
[2025-05-06T18:50:22.138-0500] {logging_mixin.py:188} INFO - [2025-05-06T18:50:22.138-0500] {dagbag.py:545} INFO - Filling up the DagBag from /Users/chakradharreddyvangala/venv/lib/python3.11/site-packages/airflow/example_dags/example_trigger_controller_dag.py
[2025-05-06T18:50:22.142-0500] {processor.py:840} INFO - DAG(s) 'example_trigger_controller_dag' retrieved from /Users/chakradharreddyvangala/venv/lib/python3.11/site-packages/airflow/example_dags/example_trigger_controller_dag.py
[2025-05-06T18:50:22.165-0500] {logging_mixin.py:188} INFO - [2025-05-06T18:50:22.165-0500] {dag.py:3096} INFO - Sync 1 DAGs
[2025-05-06T18:50:22.170-0500] {logging_mixin.py:188} INFO - [2025-05-06T18:50:22.170-0500] {dag.py:3954} INFO - Setting next_dagrun for example_trigger_controller_dag to 2021-01-01 00:00:00+00:00, run_after=2021-01-01 00:00:00+00:00
[2025-05-06T18:50:22.178-0500] {processor.py:183} INFO - Processing /Users/chakradharreddyvangala/venv/lib/python3.11/site-packages/airflow/example_dags/example_trigger_controller_dag.py took 0.042 seconds
[2025-05-06T18:51:52.531-0500] {processor.py:161} INFO - Started process (PID=63316) to work on /Users/chakradharreddyvangala/venv/lib/python3.11/site-packages/airflow/example_dags/example_trigger_controller_dag.py
[2025-05-06T18:51:52.531-0500] {processor.py:830} INFO - Processing file /Users/chakradharreddyvangala/venv/lib/python3.11/site-packages/airflow/example_dags/example_trigger_controller_dag.py for tasks to queue
[2025-05-06T18:51:52.531-0500] {logging_mixin.py:188} INFO - [2025-05-06T18:51:52.531-0500] {dagbag.py:545} INFO - Filling up the DagBag from /Users/chakradharreddyvangala/venv/lib/python3.11/site-packages/airflow/example_dags/example_trigger_controller_dag.py
[2025-05-06T18:51:52.535-0500] {processor.py:840} INFO - DAG(s) 'example_trigger_controller_dag' retrieved from /Users/chakradharreddyvangala/venv/lib/python3.11/site-packages/airflow/example_dags/example_trigger_controller_dag.py
[2025-05-06T18:51:52.558-0500] {logging_mixin.py:188} INFO - [2025-05-06T18:51:52.557-0500] {dag.py:3096} INFO - Sync 1 DAGs
[2025-05-06T18:51:52.562-0500] {logging_mixin.py:188} INFO - [2025-05-06T18:51:52.562-0500] {dag.py:3954} INFO - Setting next_dagrun for example_trigger_controller_dag to 2021-01-01 00:00:00+00:00, run_after=2021-01-01 00:00:00+00:00
[2025-05-06T18:51:52.567-0500] {processor.py:183} INFO - Processing /Users/chakradharreddyvangala/venv/lib/python3.11/site-packages/airflow/example_dags/example_trigger_controller_dag.py took 0.037 seconds
[2025-05-06T18:53:14.849-0500] {processor.py:161} INFO - Started process (PID=63424) to work on /Users/chakradharreddyvangala/venv/lib/python3.11/site-packages/airflow/example_dags/example_trigger_controller_dag.py
[2025-05-06T18:53:14.850-0500] {processor.py:830} INFO - Processing file /Users/chakradharreddyvangala/venv/lib/python3.11/site-packages/airflow/example_dags/example_trigger_controller_dag.py for tasks to queue
[2025-05-06T18:53:14.850-0500] {logging_mixin.py:188} INFO - [2025-05-06T18:53:14.850-0500] {dagbag.py:545} INFO - Filling up the DagBag from /Users/chakradharreddyvangala/venv/lib/python3.11/site-packages/airflow/example_dags/example_trigger_controller_dag.py
[2025-05-06T18:53:14.854-0500] {processor.py:840} INFO - DAG(s) 'example_trigger_controller_dag' retrieved from /Users/chakradharreddyvangala/venv/lib/python3.11/site-packages/airflow/example_dags/example_trigger_controller_dag.py
[2025-05-06T18:53:14.877-0500] {logging_mixin.py:188} INFO - [2025-05-06T18:53:14.877-0500] {dag.py:3096} INFO - Sync 1 DAGs
[2025-05-06T18:53:14.881-0500] {logging_mixin.py:188} INFO - [2025-05-06T18:53:14.881-0500] {dag.py:3954} INFO - Setting next_dagrun for example_trigger_controller_dag to 2021-01-01 00:00:00+00:00, run_after=2021-01-01 00:00:00+00:00
[2025-05-06T18:53:14.887-0500] {processor.py:183} INFO - Processing /Users/chakradharreddyvangala/venv/lib/python3.11/site-packages/airflow/example_dags/example_trigger_controller_dag.py took 0.039 seconds
[2025-05-06T18:54:42.918-0500] {processor.py:161} INFO - Started process (PID=63521) to work on /Users/chakradharreddyvangala/venv/lib/python3.11/site-packages/airflow/example_dags/example_trigger_controller_dag.py
[2025-05-06T18:54:42.919-0500] {processor.py:830} INFO - Processing file /Users/chakradharreddyvangala/venv/lib/python3.11/site-packages/airflow/example_dags/example_trigger_controller_dag.py for tasks to queue
[2025-05-06T18:54:42.919-0500] {logging_mixin.py:188} INFO - [2025-05-06T18:54:42.919-0500] {dagbag.py:545} INFO - Filling up the DagBag from /Users/chakradharreddyvangala/venv/lib/python3.11/site-packages/airflow/example_dags/example_trigger_controller_dag.py
[2025-05-06T18:54:42.922-0500] {processor.py:840} INFO - DAG(s) 'example_trigger_controller_dag' retrieved from /Users/chakradharreddyvangala/venv/lib/python3.11/site-packages/airflow/example_dags/example_trigger_controller_dag.py
[2025-05-06T18:54:42.970-0500] {logging_mixin.py:188} INFO - [2025-05-06T18:54:42.969-0500] {dag.py:3096} INFO - Sync 1 DAGs
[2025-05-06T18:54:42.973-0500] {logging_mixin.py:188} INFO - [2025-05-06T18:54:42.973-0500] {dag.py:3954} INFO - Setting next_dagrun for example_trigger_controller_dag to 2021-01-01 00:00:00+00:00, run_after=2021-01-01 00:00:00+00:00
[2025-05-06T18:54:42.978-0500] {processor.py:183} INFO - Processing /Users/chakradharreddyvangala/venv/lib/python3.11/site-packages/airflow/example_dags/example_trigger_controller_dag.py took 0.061 seconds
[2025-05-06T18:56:10.756-0500] {processor.py:161} INFO - Started process (PID=63609) to work on /Users/chakradharreddyvangala/venv/lib/python3.11/site-packages/airflow/example_dags/example_trigger_controller_dag.py
[2025-05-06T18:56:10.758-0500] {processor.py:830} INFO - Processing file /Users/chakradharreddyvangala/venv/lib/python3.11/site-packages/airflow/example_dags/example_trigger_controller_dag.py for tasks to queue
[2025-05-06T18:56:10.758-0500] {logging_mixin.py:188} INFO - [2025-05-06T18:56:10.758-0500] {dagbag.py:545} INFO - Filling up the DagBag from /Users/chakradharreddyvangala/venv/lib/python3.11/site-packages/airflow/example_dags/example_trigger_controller_dag.py
[2025-05-06T18:56:10.762-0500] {processor.py:840} INFO - DAG(s) 'example_trigger_controller_dag' retrieved from /Users/chakradharreddyvangala/venv/lib/python3.11/site-packages/airflow/example_dags/example_trigger_controller_dag.py
[2025-05-06T18:56:10.785-0500] {logging_mixin.py:188} INFO - [2025-05-06T18:56:10.785-0500] {dag.py:3096} INFO - Sync 1 DAGs
[2025-05-06T18:56:10.790-0500] {logging_mixin.py:188} INFO - [2025-05-06T18:56:10.790-0500] {dag.py:3954} INFO - Setting next_dagrun for example_trigger_controller_dag to 2021-01-01 00:00:00+00:00, run_after=2021-01-01 00:00:00+00:00
[2025-05-06T18:56:10.795-0500] {processor.py:183} INFO - Processing /Users/chakradharreddyvangala/venv/lib/python3.11/site-packages/airflow/example_dags/example_trigger_controller_dag.py took 0.040 seconds
[2025-05-06T18:57:35.090-0500] {processor.py:161} INFO - Started process (PID=63701) to work on /Users/chakradharreddyvangala/venv/lib/python3.11/site-packages/airflow/example_dags/example_trigger_controller_dag.py
[2025-05-06T18:57:35.090-0500] {processor.py:830} INFO - Processing file /Users/chakradharreddyvangala/venv/lib/python3.11/site-packages/airflow/example_dags/example_trigger_controller_dag.py for tasks to queue
[2025-05-06T18:57:35.091-0500] {logging_mixin.py:188} INFO - [2025-05-06T18:57:35.091-0500] {dagbag.py:545} INFO - Filling up the DagBag from /Users/chakradharreddyvangala/venv/lib/python3.11/site-packages/airflow/example_dags/example_trigger_controller_dag.py
[2025-05-06T18:57:35.094-0500] {processor.py:840} INFO - DAG(s) 'example_trigger_controller_dag' retrieved from /Users/chakradharreddyvangala/venv/lib/python3.11/site-packages/airflow/example_dags/example_trigger_controller_dag.py
[2025-05-06T18:57:35.118-0500] {logging_mixin.py:188} INFO - [2025-05-06T18:57:35.117-0500] {dag.py:3096} INFO - Sync 1 DAGs
[2025-05-06T18:57:35.122-0500] {logging_mixin.py:188} INFO - [2025-05-06T18:57:35.122-0500] {dag.py:3954} INFO - Setting next_dagrun for example_trigger_controller_dag to 2021-01-01 00:00:00+00:00, run_after=2021-01-01 00:00:00+00:00
[2025-05-06T18:57:35.128-0500] {processor.py:183} INFO - Processing /Users/chakradharreddyvangala/venv/lib/python3.11/site-packages/airflow/example_dags/example_trigger_controller_dag.py took 0.039 seconds
[2025-05-06T18:58:34.708-0500] {processor.py:161} INFO - Started process (PID=63770) to work on /Users/chakradharreddyvangala/venv/lib/python3.11/site-packages/airflow/example_dags/example_trigger_controller_dag.py
[2025-05-06T18:58:34.708-0500] {processor.py:830} INFO - Processing file /Users/chakradharreddyvangala/venv/lib/python3.11/site-packages/airflow/example_dags/example_trigger_controller_dag.py for tasks to queue
[2025-05-06T18:58:34.709-0500] {logging_mixin.py:188} INFO - [2025-05-06T18:58:34.709-0500] {dagbag.py:545} INFO - Filling up the DagBag from /Users/chakradharreddyvangala/venv/lib/python3.11/site-packages/airflow/example_dags/example_trigger_controller_dag.py
[2025-05-06T18:58:34.713-0500] {processor.py:840} INFO - DAG(s) 'example_trigger_controller_dag' retrieved from /Users/chakradharreddyvangala/venv/lib/python3.11/site-packages/airflow/example_dags/example_trigger_controller_dag.py
[2025-05-06T18:58:34.745-0500] {logging_mixin.py:188} INFO - [2025-05-06T18:58:34.745-0500] {dag.py:3096} INFO - Sync 1 DAGs
[2025-05-06T18:58:34.750-0500] {logging_mixin.py:188} INFO - [2025-05-06T18:58:34.750-0500] {dag.py:3954} INFO - Setting next_dagrun for example_trigger_controller_dag to 2021-01-01 00:00:00+00:00, run_after=2021-01-01 00:00:00+00:00
[2025-05-06T18:58:34.757-0500] {processor.py:183} INFO - Processing /Users/chakradharreddyvangala/venv/lib/python3.11/site-packages/airflow/example_dags/example_trigger_controller_dag.py took 0.050 seconds
