[2025-05-06T18:47:01.602-0500] {processor.py:161} INFO - Started process (PID=63001) to work on /Users/chakradharreddyvangala/venv/lib/python3.11/site-packages/airflow/example_dags/example_branch_operator.py
[2025-05-06T18:47:01.602-0500] {processor.py:830} INFO - Processing file /Users/chakradharreddyvangala/venv/lib/python3.11/site-packages/airflow/example_dags/example_branch_operator.py for tasks to queue
[2025-05-06T18:47:01.603-0500] {logging_mixin.py:188} INFO - [2025-05-06T18:47:01.603-0500] {dagbag.py:545} INFO - Filling up the DagBag from /Users/chakradharreddyvangala/venv/lib/python3.11/site-packages/airflow/example_dags/example_branch_operator.py
[2025-05-06T18:47:01.609-0500] {processor.py:842} WARNING - No viable dags retrieved from /Users/chakradharreddyvangala/venv/lib/python3.11/site-packages/airflow/example_dags/example_branch_operator.py
[2025-05-06T18:47:01.628-0500] {processor.py:183} INFO - Processing /Users/chakradharreddyvangala/venv/lib/python3.11/site-packages/airflow/example_dags/example_branch_operator.py took 0.029 seconds
[2025-05-06T18:48:24.163-0500] {processor.py:161} INFO - Started process (PID=63084) to work on /Users/chakradharreddyvangala/venv/lib/python3.11/site-packages/airflow/example_dags/example_branch_operator.py
[2025-05-06T18:48:24.164-0500] {processor.py:830} INFO - Processing file /Users/chakradharreddyvangala/venv/lib/python3.11/site-packages/airflow/example_dags/example_branch_operator.py for tasks to queue
[2025-05-06T18:48:24.164-0500] {logging_mixin.py:188} INFO - [2025-05-06T18:48:24.164-0500] {dagbag.py:545} INFO - Filling up the DagBag from /Users/chakradharreddyvangala/venv/lib/python3.11/site-packages/airflow/example_dags/example_branch_operator.py
[2025-05-06T18:48:24.170-0500] {processor.py:842} WARNING - No viable dags retrieved from /Users/chakradharreddyvangala/venv/lib/python3.11/site-packages/airflow/example_dags/example_branch_operator.py
[2025-05-06T18:48:24.189-0500] {processor.py:183} INFO - Processing /Users/chakradharreddyvangala/venv/lib/python3.11/site-packages/airflow/example_dags/example_branch_operator.py took 0.028 seconds
[2025-05-06T18:49:52.415-0500] {processor.py:161} INFO - Started process (PID=63184) to work on /Users/chakradharreddyvangala/venv/lib/python3.11/site-packages/airflow/example_dags/example_branch_operator.py
[2025-05-06T18:49:52.416-0500] {processor.py:830} INFO - Processing file /Users/chakradharreddyvangala/venv/lib/python3.11/site-packages/airflow/example_dags/example_branch_operator.py for tasks to queue
[2025-05-06T18:49:52.416-0500] {logging_mixin.py:188} INFO - [2025-05-06T18:49:52.416-0500] {dagbag.py:545} INFO - Filling up the DagBag from /Users/chakradharreddyvangala/venv/lib/python3.11/site-packages/airflow/example_dags/example_branch_operator.py
[2025-05-06T18:49:52.423-0500] {processor.py:842} WARNING - No viable dags retrieved from /Users/chakradharreddyvangala/venv/lib/python3.11/site-packages/airflow/example_dags/example_branch_operator.py
[2025-05-06T18:49:52.443-0500] {processor.py:183} INFO - Processing /Users/chakradharreddyvangala/venv/lib/python3.11/site-packages/airflow/example_dags/example_branch_operator.py took 0.031 seconds
[2025-05-06T18:51:27.715-0500] {processor.py:161} INFO - Started process (PID=63291) to work on /Users/chakradharreddyvangala/venv/lib/python3.11/site-packages/airflow/example_dags/example_branch_operator.py
[2025-05-06T18:51:27.715-0500] {processor.py:830} INFO - Processing file /Users/chakradharreddyvangala/venv/lib/python3.11/site-packages/airflow/example_dags/example_branch_operator.py for tasks to queue
[2025-05-06T18:51:27.716-0500] {logging_mixin.py:188} INFO - [2025-05-06T18:51:27.716-0500] {dagbag.py:545} INFO - Filling up the DagBag from /Users/chakradharreddyvangala/venv/lib/python3.11/site-packages/airflow/example_dags/example_branch_operator.py
[2025-05-06T18:51:27.725-0500] {processor.py:842} WARNING - No viable dags retrieved from /Users/chakradharreddyvangala/venv/lib/python3.11/site-packages/airflow/example_dags/example_branch_operator.py
[2025-05-06T18:51:27.747-0500] {processor.py:183} INFO - Processing /Users/chakradharreddyvangala/venv/lib/python3.11/site-packages/airflow/example_dags/example_branch_operator.py took 0.034 seconds
[2025-05-06T18:52:51.416-0500] {processor.py:161} INFO - Started process (PID=63404) to work on /Users/chakradharreddyvangala/venv/lib/python3.11/site-packages/airflow/example_dags/example_branch_operator.py
[2025-05-06T18:52:51.416-0500] {processor.py:830} INFO - Processing file /Users/chakradharreddyvangala/venv/lib/python3.11/site-packages/airflow/example_dags/example_branch_operator.py for tasks to queue
[2025-05-06T18:52:51.417-0500] {logging_mixin.py:188} INFO - [2025-05-06T18:52:51.417-0500] {dagbag.py:545} INFO - Filling up the DagBag from /Users/chakradharreddyvangala/venv/lib/python3.11/site-packages/airflow/example_dags/example_branch_operator.py
[2025-05-06T18:52:51.423-0500] {processor.py:842} WARNING - No viable dags retrieved from /Users/chakradharreddyvangala/venv/lib/python3.11/site-packages/airflow/example_dags/example_branch_operator.py
[2025-05-06T18:52:51.443-0500] {processor.py:183} INFO - Processing /Users/chakradharreddyvangala/venv/lib/python3.11/site-packages/airflow/example_dags/example_branch_operator.py took 0.028 seconds
[2025-05-06T18:54:19.591-0500] {processor.py:161} INFO - Started process (PID=63501) to work on /Users/chakradharreddyvangala/venv/lib/python3.11/site-packages/airflow/example_dags/example_branch_operator.py
[2025-05-06T18:54:19.592-0500] {processor.py:830} INFO - Processing file /Users/chakradharreddyvangala/venv/lib/python3.11/site-packages/airflow/example_dags/example_branch_operator.py for tasks to queue
[2025-05-06T18:54:19.592-0500] {logging_mixin.py:188} INFO - [2025-05-06T18:54:19.592-0500] {dagbag.py:545} INFO - Filling up the DagBag from /Users/chakradharreddyvangala/venv/lib/python3.11/site-packages/airflow/example_dags/example_branch_operator.py
[2025-05-06T18:54:19.599-0500] {processor.py:842} WARNING - No viable dags retrieved from /Users/chakradharreddyvangala/venv/lib/python3.11/site-packages/airflow/example_dags/example_branch_operator.py
[2025-05-06T18:54:19.619-0500] {processor.py:183} INFO - Processing /Users/chakradharreddyvangala/venv/lib/python3.11/site-packages/airflow/example_dags/example_branch_operator.py took 0.031 seconds
[2025-05-06T18:55:45.560-0500] {processor.py:161} INFO - Started process (PID=63578) to work on /Users/chakradharreddyvangala/venv/lib/python3.11/site-packages/airflow/example_dags/example_branch_operator.py
[2025-05-06T18:55:45.562-0500] {processor.py:830} INFO - Processing file /Users/chakradharreddyvangala/venv/lib/python3.11/site-packages/airflow/example_dags/example_branch_operator.py for tasks to queue
[2025-05-06T18:55:45.562-0500] {logging_mixin.py:188} INFO - [2025-05-06T18:55:45.562-0500] {dagbag.py:545} INFO - Filling up the DagBag from /Users/chakradharreddyvangala/venv/lib/python3.11/site-packages/airflow/example_dags/example_branch_operator.py
[2025-05-06T18:55:45.568-0500] {processor.py:842} WARNING - No viable dags retrieved from /Users/chakradharreddyvangala/venv/lib/python3.11/site-packages/airflow/example_dags/example_branch_operator.py
[2025-05-06T18:55:45.589-0500] {processor.py:183} INFO - Processing /Users/chakradharreddyvangala/venv/lib/python3.11/site-packages/airflow/example_dags/example_branch_operator.py took 0.030 seconds
[2025-05-06T18:57:10.583-0500] {processor.py:161} INFO - Started process (PID=63681) to work on /Users/chakradharreddyvangala/venv/lib/python3.11/site-packages/airflow/example_dags/example_branch_operator.py
[2025-05-06T18:57:10.584-0500] {processor.py:830} INFO - Processing file /Users/chakradharreddyvangala/venv/lib/python3.11/site-packages/airflow/example_dags/example_branch_operator.py for tasks to queue
[2025-05-06T18:57:10.584-0500] {logging_mixin.py:188} INFO - [2025-05-06T18:57:10.584-0500] {dagbag.py:545} INFO - Filling up the DagBag from /Users/chakradharreddyvangala/venv/lib/python3.11/site-packages/airflow/example_dags/example_branch_operator.py
[2025-05-06T18:57:10.592-0500] {processor.py:842} WARNING - No viable dags retrieved from /Users/chakradharreddyvangala/venv/lib/python3.11/site-packages/airflow/example_dags/example_branch_operator.py
[2025-05-06T18:57:10.612-0500] {processor.py:183} INFO - Processing /Users/chakradharreddyvangala/venv/lib/python3.11/site-packages/airflow/example_dags/example_branch_operator.py took 0.031 seconds
[2025-05-06T18:58:34.987-0500] {processor.py:161} INFO - Started process (PID=63771) to work on /Users/chakradharreddyvangala/venv/lib/python3.11/site-packages/airflow/example_dags/example_branch_operator.py
[2025-05-06T18:58:34.987-0500] {processor.py:830} INFO - Processing file /Users/chakradharreddyvangala/venv/lib/python3.11/site-packages/airflow/example_dags/example_branch_operator.py for tasks to queue
[2025-05-06T18:58:34.987-0500] {logging_mixin.py:188} INFO - [2025-05-06T18:58:34.987-0500] {dagbag.py:545} INFO - Filling up the DagBag from /Users/chakradharreddyvangala/venv/lib/python3.11/site-packages/airflow/example_dags/example_branch_operator.py
[2025-05-06T18:58:34.999-0500] {processor.py:842} WARNING - No viable dags retrieved from /Users/chakradharreddyvangala/venv/lib/python3.11/site-packages/airflow/example_dags/example_branch_operator.py
[2025-05-06T18:58:35.022-0500] {processor.py:183} INFO - Processing /Users/chakradharreddyvangala/venv/lib/python3.11/site-packages/airflow/example_dags/example_branch_operator.py took 0.037 seconds
