[2025-05-06T18:46:12.694-0500] {processor.py:161} INFO - Started process (PID=62951) to work on /Users/chakradharreddyvangala/venv/lib/python3.11/site-packages/airflow/example_dags/example_xcom.py
[2025-05-06T18:46:12.694-0500] {processor.py:830} INFO - Processing file /Users/chakradharreddyvangala/venv/lib/python3.11/site-packages/airflow/example_dags/example_xcom.py for tasks to queue
[2025-05-06T18:46:12.695-0500] {logging_mixin.py:188} INFO - [2025-05-06T18:46:12.695-0500] {dagbag.py:545} INFO - Filling up the DagBag from /Users/chakradharreddyvangala/venv/lib/python3.11/site-packages/airflow/example_dags/example_xcom.py
[2025-05-06T18:46:12.706-0500] {processor.py:840} INFO - DAG(s) 'example_xcom' retrieved from /Users/chakradharreddyvangala/venv/lib/python3.11/site-packages/airflow/example_dags/example_xcom.py
[2025-05-06T18:46:12.752-0500] {logging_mixin.py:188} INFO - [2025-05-06T18:46:12.752-0500] {override.py:1829} INFO - Created Permission View: can delete on DAG:example_xcom
[2025-05-06T18:46:12.754-0500] {logging_mixin.py:188} INFO - [2025-05-06T18:46:12.754-0500] {override.py:1829} INFO - Created Permission View: can edit on DAG:example_xcom
[2025-05-06T18:46:12.755-0500] {logging_mixin.py:188} INFO - [2025-05-06T18:46:12.755-0500] {override.py:1829} INFO - Created Permission View: can read on DAG:example_xcom
[2025-05-06T18:46:12.755-0500] {logging_mixin.py:188} INFO - [2025-05-06T18:46:12.755-0500] {dag.py:3096} INFO - Sync 1 DAGs
[2025-05-06T18:46:12.778-0500] {logging_mixin.py:188} INFO - [2025-05-06T18:46:12.778-0500] {dag.py:3118} INFO - Creating ORM DAG for example_xcom
[2025-05-06T18:46:12.780-0500] {logging_mixin.py:188} INFO - [2025-05-06T18:46:12.780-0500] {dag.py:3954} INFO - Setting next_dagrun for example_xcom to 2021-01-01 00:00:00+00:00, run_after=2021-01-01 00:00:00+00:00
[2025-05-06T18:46:12.785-0500] {processor.py:183} INFO - Processing /Users/chakradharreddyvangala/venv/lib/python3.11/site-packages/airflow/example_dags/example_xcom.py took 0.092 seconds
[2025-05-06T18:47:26.528-0500] {processor.py:161} INFO - Started process (PID=63022) to work on /Users/chakradharreddyvangala/venv/lib/python3.11/site-packages/airflow/example_dags/example_xcom.py
[2025-05-06T18:47:26.528-0500] {processor.py:830} INFO - Processing file /Users/chakradharreddyvangala/venv/lib/python3.11/site-packages/airflow/example_dags/example_xcom.py for tasks to queue
[2025-05-06T18:47:26.528-0500] {logging_mixin.py:188} INFO - [2025-05-06T18:47:26.528-0500] {dagbag.py:545} INFO - Filling up the DagBag from /Users/chakradharreddyvangala/venv/lib/python3.11/site-packages/airflow/example_dags/example_xcom.py
[2025-05-06T18:47:26.540-0500] {processor.py:840} INFO - DAG(s) 'example_xcom' retrieved from /Users/chakradharreddyvangala/venv/lib/python3.11/site-packages/airflow/example_dags/example_xcom.py
[2025-05-06T18:47:26.565-0500] {logging_mixin.py:188} INFO - [2025-05-06T18:47:26.565-0500] {dag.py:3096} INFO - Sync 1 DAGs
[2025-05-06T18:47:26.570-0500] {logging_mixin.py:188} INFO - [2025-05-06T18:47:26.570-0500] {dag.py:3954} INFO - Setting next_dagrun for example_xcom to 2021-01-01 00:00:00+00:00, run_after=2021-01-01 00:00:00+00:00
[2025-05-06T18:47:26.575-0500] {processor.py:183} INFO - Processing /Users/chakradharreddyvangala/venv/lib/python3.11/site-packages/airflow/example_dags/example_xcom.py took 0.049 seconds
[2025-05-06T18:48:47.932-0500] {processor.py:161} INFO - Started process (PID=63105) to work on /Users/chakradharreddyvangala/venv/lib/python3.11/site-packages/airflow/example_dags/example_xcom.py
[2025-05-06T18:48:47.932-0500] {processor.py:830} INFO - Processing file /Users/chakradharreddyvangala/venv/lib/python3.11/site-packages/airflow/example_dags/example_xcom.py for tasks to queue
[2025-05-06T18:48:47.933-0500] {logging_mixin.py:188} INFO - [2025-05-06T18:48:47.933-0500] {dagbag.py:545} INFO - Filling up the DagBag from /Users/chakradharreddyvangala/venv/lib/python3.11/site-packages/airflow/example_dags/example_xcom.py
[2025-05-06T18:48:47.950-0500] {processor.py:840} INFO - DAG(s) 'example_xcom' retrieved from /Users/chakradharreddyvangala/venv/lib/python3.11/site-packages/airflow/example_dags/example_xcom.py
[2025-05-06T18:48:47.976-0500] {logging_mixin.py:188} INFO - [2025-05-06T18:48:47.976-0500] {dag.py:3096} INFO - Sync 1 DAGs
[2025-05-06T18:48:47.981-0500] {logging_mixin.py:188} INFO - [2025-05-06T18:48:47.981-0500] {dag.py:3954} INFO - Setting next_dagrun for example_xcom to 2021-01-01 00:00:00+00:00, run_after=2021-01-01 00:00:00+00:00
[2025-05-06T18:48:47.986-0500] {processor.py:183} INFO - Processing /Users/chakradharreddyvangala/venv/lib/python3.11/site-packages/airflow/example_dags/example_xcom.py took 0.060 seconds
[2025-05-06T18:50:18.629-0500] {processor.py:161} INFO - Started process (PID=63224) to work on /Users/chakradharreddyvangala/venv/lib/python3.11/site-packages/airflow/example_dags/example_xcom.py
[2025-05-06T18:50:18.629-0500] {processor.py:830} INFO - Processing file /Users/chakradharreddyvangala/venv/lib/python3.11/site-packages/airflow/example_dags/example_xcom.py for tasks to queue
[2025-05-06T18:50:18.630-0500] {logging_mixin.py:188} INFO - [2025-05-06T18:50:18.630-0500] {dagbag.py:545} INFO - Filling up the DagBag from /Users/chakradharreddyvangala/venv/lib/python3.11/site-packages/airflow/example_dags/example_xcom.py
[2025-05-06T18:50:18.648-0500] {processor.py:840} INFO - DAG(s) 'example_xcom' retrieved from /Users/chakradharreddyvangala/venv/lib/python3.11/site-packages/airflow/example_dags/example_xcom.py
[2025-05-06T18:50:18.676-0500] {logging_mixin.py:188} INFO - [2025-05-06T18:50:18.675-0500] {dag.py:3096} INFO - Sync 1 DAGs
[2025-05-06T18:50:18.681-0500] {logging_mixin.py:188} INFO - [2025-05-06T18:50:18.681-0500] {dag.py:3954} INFO - Setting next_dagrun for example_xcom to 2021-01-01 00:00:00+00:00, run_after=2021-01-01 00:00:00+00:00
[2025-05-06T18:50:18.689-0500] {processor.py:183} INFO - Processing /Users/chakradharreddyvangala/venv/lib/python3.11/site-packages/airflow/example_dags/example_xcom.py took 0.062 seconds
[2025-05-06T18:51:06.155-0500] {processor.py:161} INFO - Started process (PID=63274) to work on /Users/chakradharreddyvangala/venv/lib/python3.11/site-packages/airflow/example_dags/example_xcom.py
[2025-05-06T18:51:06.155-0500] {processor.py:830} INFO - Processing file /Users/chakradharreddyvangala/venv/lib/python3.11/site-packages/airflow/example_dags/example_xcom.py for tasks to queue
[2025-05-06T18:51:06.156-0500] {logging_mixin.py:188} INFO - [2025-05-06T18:51:06.156-0500] {dagbag.py:545} INFO - Filling up the DagBag from /Users/chakradharreddyvangala/venv/lib/python3.11/site-packages/airflow/example_dags/example_xcom.py
[2025-05-06T18:51:06.174-0500] {processor.py:840} INFO - DAG(s) 'example_xcom' retrieved from /Users/chakradharreddyvangala/venv/lib/python3.11/site-packages/airflow/example_dags/example_xcom.py
[2025-05-06T18:51:06.203-0500] {logging_mixin.py:188} INFO - [2025-05-06T18:51:06.203-0500] {dag.py:3096} INFO - Sync 1 DAGs
[2025-05-06T18:51:06.208-0500] {logging_mixin.py:188} INFO - [2025-05-06T18:51:06.208-0500] {dag.py:3954} INFO - Setting next_dagrun for example_xcom to 2021-01-01 00:00:00+00:00, run_after=2021-01-01 00:00:00+00:00
[2025-05-06T18:51:06.216-0500] {processor.py:183} INFO - Processing /Users/chakradharreddyvangala/venv/lib/python3.11/site-packages/airflow/example_dags/example_xcom.py took 0.064 seconds
[2025-05-06T18:52:31.417-0500] {processor.py:161} INFO - Started process (PID=63367) to work on /Users/chakradharreddyvangala/venv/lib/python3.11/site-packages/airflow/example_dags/example_xcom.py
[2025-05-06T18:52:31.418-0500] {processor.py:830} INFO - Processing file /Users/chakradharreddyvangala/venv/lib/python3.11/site-packages/airflow/example_dags/example_xcom.py for tasks to queue
[2025-05-06T18:52:31.418-0500] {logging_mixin.py:188} INFO - [2025-05-06T18:52:31.418-0500] {dagbag.py:545} INFO - Filling up the DagBag from /Users/chakradharreddyvangala/venv/lib/python3.11/site-packages/airflow/example_dags/example_xcom.py
[2025-05-06T18:52:31.430-0500] {processor.py:840} INFO - DAG(s) 'example_xcom' retrieved from /Users/chakradharreddyvangala/venv/lib/python3.11/site-packages/airflow/example_dags/example_xcom.py
[2025-05-06T18:52:31.455-0500] {logging_mixin.py:188} INFO - [2025-05-06T18:52:31.455-0500] {dag.py:3096} INFO - Sync 1 DAGs
[2025-05-06T18:52:31.460-0500] {logging_mixin.py:188} INFO - [2025-05-06T18:52:31.459-0500] {dag.py:3954} INFO - Setting next_dagrun for example_xcom to 2021-01-01 00:00:00+00:00, run_after=2021-01-01 00:00:00+00:00
[2025-05-06T18:52:31.464-0500] {processor.py:183} INFO - Processing /Users/chakradharreddyvangala/venv/lib/python3.11/site-packages/airflow/example_dags/example_xcom.py took 0.048 seconds
[2025-05-06T18:53:58.265-0500] {processor.py:161} INFO - Started process (PID=63484) to work on /Users/chakradharreddyvangala/venv/lib/python3.11/site-packages/airflow/example_dags/example_xcom.py
[2025-05-06T18:53:58.266-0500] {processor.py:830} INFO - Processing file /Users/chakradharreddyvangala/venv/lib/python3.11/site-packages/airflow/example_dags/example_xcom.py for tasks to queue
[2025-05-06T18:53:58.266-0500] {logging_mixin.py:188} INFO - [2025-05-06T18:53:58.266-0500] {dagbag.py:545} INFO - Filling up the DagBag from /Users/chakradharreddyvangala/venv/lib/python3.11/site-packages/airflow/example_dags/example_xcom.py
[2025-05-06T18:53:58.278-0500] {processor.py:840} INFO - DAG(s) 'example_xcom' retrieved from /Users/chakradharreddyvangala/venv/lib/python3.11/site-packages/airflow/example_dags/example_xcom.py
[2025-05-06T18:53:58.353-0500] {logging_mixin.py:188} INFO - [2025-05-06T18:53:58.353-0500] {dag.py:3096} INFO - Sync 1 DAGs
[2025-05-06T18:53:58.379-0500] {logging_mixin.py:188} INFO - [2025-05-06T18:53:58.379-0500] {dag.py:3954} INFO - Setting next_dagrun for example_xcom to 2021-01-01 00:00:00+00:00, run_after=2021-01-01 00:00:00+00:00
[2025-05-06T18:53:58.387-0500] {processor.py:183} INFO - Processing /Users/chakradharreddyvangala/venv/lib/python3.11/site-packages/airflow/example_dags/example_xcom.py took 0.123 seconds
[2025-05-06T18:55:26.798-0500] {processor.py:161} INFO - Started process (PID=63561) to work on /Users/chakradharreddyvangala/venv/lib/python3.11/site-packages/airflow/example_dags/example_xcom.py
[2025-05-06T18:55:26.798-0500] {processor.py:830} INFO - Processing file /Users/chakradharreddyvangala/venv/lib/python3.11/site-packages/airflow/example_dags/example_xcom.py for tasks to queue
[2025-05-06T18:55:26.798-0500] {logging_mixin.py:188} INFO - [2025-05-06T18:55:26.798-0500] {dagbag.py:545} INFO - Filling up the DagBag from /Users/chakradharreddyvangala/venv/lib/python3.11/site-packages/airflow/example_dags/example_xcom.py
[2025-05-06T18:55:26.809-0500] {processor.py:840} INFO - DAG(s) 'example_xcom' retrieved from /Users/chakradharreddyvangala/venv/lib/python3.11/site-packages/airflow/example_dags/example_xcom.py
[2025-05-06T18:55:26.833-0500] {logging_mixin.py:188} INFO - [2025-05-06T18:55:26.833-0500] {dag.py:3096} INFO - Sync 1 DAGs
[2025-05-06T18:55:26.837-0500] {logging_mixin.py:188} INFO - [2025-05-06T18:55:26.837-0500] {dag.py:3954} INFO - Setting next_dagrun for example_xcom to 2021-01-01 00:00:00+00:00, run_after=2021-01-01 00:00:00+00:00
[2025-05-06T18:55:26.842-0500] {processor.py:183} INFO - Processing /Users/chakradharreddyvangala/venv/lib/python3.11/site-packages/airflow/example_dags/example_xcom.py took 0.046 seconds
[2025-05-06T18:56:51.435-0500] {processor.py:161} INFO - Started process (PID=63664) to work on /Users/chakradharreddyvangala/venv/lib/python3.11/site-packages/airflow/example_dags/example_xcom.py
[2025-05-06T18:56:51.435-0500] {processor.py:830} INFO - Processing file /Users/chakradharreddyvangala/venv/lib/python3.11/site-packages/airflow/example_dags/example_xcom.py for tasks to queue
[2025-05-06T18:56:51.436-0500] {logging_mixin.py:188} INFO - [2025-05-06T18:56:51.436-0500] {dagbag.py:545} INFO - Filling up the DagBag from /Users/chakradharreddyvangala/venv/lib/python3.11/site-packages/airflow/example_dags/example_xcom.py
[2025-05-06T18:56:51.449-0500] {processor.py:840} INFO - DAG(s) 'example_xcom' retrieved from /Users/chakradharreddyvangala/venv/lib/python3.11/site-packages/airflow/example_dags/example_xcom.py
[2025-05-06T18:56:51.477-0500] {logging_mixin.py:188} INFO - [2025-05-06T18:56:51.476-0500] {dag.py:3096} INFO - Sync 1 DAGs
[2025-05-06T18:56:51.481-0500] {logging_mixin.py:188} INFO - [2025-05-06T18:56:51.481-0500] {dag.py:3954} INFO - Setting next_dagrun for example_xcom to 2021-01-01 00:00:00+00:00, run_after=2021-01-01 00:00:00+00:00
[2025-05-06T18:56:51.486-0500] {processor.py:183} INFO - Processing /Users/chakradharreddyvangala/venv/lib/python3.11/site-packages/airflow/example_dags/example_xcom.py took 0.053 seconds
[2025-05-06T18:58:15.062-0500] {processor.py:161} INFO - Started process (PID=63737) to work on /Users/chakradharreddyvangala/venv/lib/python3.11/site-packages/airflow/example_dags/example_xcom.py
[2025-05-06T18:58:15.063-0500] {processor.py:830} INFO - Processing file /Users/chakradharreddyvangala/venv/lib/python3.11/site-packages/airflow/example_dags/example_xcom.py for tasks to queue
[2025-05-06T18:58:15.063-0500] {logging_mixin.py:188} INFO - [2025-05-06T18:58:15.063-0500] {dagbag.py:545} INFO - Filling up the DagBag from /Users/chakradharreddyvangala/venv/lib/python3.11/site-packages/airflow/example_dags/example_xcom.py
[2025-05-06T18:58:15.081-0500] {processor.py:840} INFO - DAG(s) 'example_xcom' retrieved from /Users/chakradharreddyvangala/venv/lib/python3.11/site-packages/airflow/example_dags/example_xcom.py
[2025-05-06T18:58:15.110-0500] {logging_mixin.py:188} INFO - [2025-05-06T18:58:15.109-0500] {dag.py:3096} INFO - Sync 1 DAGs
[2025-05-06T18:58:15.115-0500] {logging_mixin.py:188} INFO - [2025-05-06T18:58:15.114-0500] {dag.py:3954} INFO - Setting next_dagrun for example_xcom to 2021-01-01 00:00:00+00:00, run_after=2021-01-01 00:00:00+00:00
[2025-05-06T18:58:15.120-0500] {processor.py:183} INFO - Processing /Users/chakradharreddyvangala/venv/lib/python3.11/site-packages/airflow/example_dags/example_xcom.py took 0.066 seconds
[2025-05-06T18:58:31.381-0500] {processor.py:161} INFO - Started process (PID=63765) to work on /Users/chakradharreddyvangala/venv/lib/python3.11/site-packages/airflow/example_dags/example_xcom.py
[2025-05-06T18:58:31.382-0500] {processor.py:830} INFO - Processing file /Users/chakradharreddyvangala/venv/lib/python3.11/site-packages/airflow/example_dags/example_xcom.py for tasks to queue
[2025-05-06T18:58:31.382-0500] {logging_mixin.py:188} INFO - [2025-05-06T18:58:31.382-0500] {dagbag.py:545} INFO - Filling up the DagBag from /Users/chakradharreddyvangala/venv/lib/python3.11/site-packages/airflow/example_dags/example_xcom.py
[2025-05-06T18:58:31.394-0500] {processor.py:840} INFO - DAG(s) 'example_xcom' retrieved from /Users/chakradharreddyvangala/venv/lib/python3.11/site-packages/airflow/example_dags/example_xcom.py
[2025-05-06T18:58:31.421-0500] {logging_mixin.py:188} INFO - [2025-05-06T18:58:31.421-0500] {dag.py:3096} INFO - Sync 1 DAGs
[2025-05-06T18:58:31.425-0500] {logging_mixin.py:188} INFO - [2025-05-06T18:58:31.425-0500] {dag.py:3954} INFO - Setting next_dagrun for example_xcom to 2021-01-01 00:00:00+00:00, run_after=2021-01-01 00:00:00+00:00
[2025-05-06T18:58:31.431-0500] {processor.py:183} INFO - Processing /Users/chakradharreddyvangala/venv/lib/python3.11/site-packages/airflow/example_dags/example_xcom.py took 0.051 seconds
