[2025-05-06T18:47:00.053-0500] {processor.py:161} INFO - Started process (PID=62999) to work on /Users/chakradharreddyvangala/venv/lib/python3.11/site-packages/airflow/example_dags/example_branch_operator_decorator.py
[2025-05-06T18:47:00.053-0500] {processor.py:830} INFO - Processing file /Users/chakradharreddyvangala/venv/lib/python3.11/site-packages/airflow/example_dags/example_branch_operator_decorator.py for tasks to queue
[2025-05-06T18:47:00.053-0500] {logging_mixin.py:188} INFO - [2025-05-06T18:47:00.053-0500] {dagbag.py:545} INFO - Filling up the DagBag from /Users/chakradharreddyvangala/venv/lib/python3.11/site-packages/airflow/example_dags/example_branch_operator_decorator.py
[2025-05-06T18:47:00.060-0500] {processor.py:842} WARNING - No viable dags retrieved from /Users/chakradharreddyvangala/venv/lib/python3.11/site-packages/airflow/example_dags/example_branch_operator_decorator.py
[2025-05-06T18:47:00.081-0500] {processor.py:183} INFO - Processing /Users/chakradharreddyvangala/venv/lib/python3.11/site-packages/airflow/example_dags/example_branch_operator_decorator.py took 0.031 seconds
[2025-05-06T18:48:22.627-0500] {processor.py:161} INFO - Started process (PID=63083) to work on /Users/chakradharreddyvangala/venv/lib/python3.11/site-packages/airflow/example_dags/example_branch_operator_decorator.py
[2025-05-06T18:48:22.628-0500] {processor.py:830} INFO - Processing file /Users/chakradharreddyvangala/venv/lib/python3.11/site-packages/airflow/example_dags/example_branch_operator_decorator.py for tasks to queue
[2025-05-06T18:48:22.629-0500] {logging_mixin.py:188} INFO - [2025-05-06T18:48:22.629-0500] {dagbag.py:545} INFO - Filling up the DagBag from /Users/chakradharreddyvangala/venv/lib/python3.11/site-packages/airflow/example_dags/example_branch_operator_decorator.py
[2025-05-06T18:48:22.635-0500] {processor.py:842} WARNING - No viable dags retrieved from /Users/chakradharreddyvangala/venv/lib/python3.11/site-packages/airflow/example_dags/example_branch_operator_decorator.py
[2025-05-06T18:48:22.655-0500] {processor.py:183} INFO - Processing /Users/chakradharreddyvangala/venv/lib/python3.11/site-packages/airflow/example_dags/example_branch_operator_decorator.py took 0.028 seconds
[2025-05-06T18:49:50.826-0500] {processor.py:161} INFO - Started process (PID=63183) to work on /Users/chakradharreddyvangala/venv/lib/python3.11/site-packages/airflow/example_dags/example_branch_operator_decorator.py
[2025-05-06T18:49:50.827-0500] {processor.py:830} INFO - Processing file /Users/chakradharreddyvangala/venv/lib/python3.11/site-packages/airflow/example_dags/example_branch_operator_decorator.py for tasks to queue
[2025-05-06T18:49:50.827-0500] {logging_mixin.py:188} INFO - [2025-05-06T18:49:50.827-0500] {dagbag.py:545} INFO - Filling up the DagBag from /Users/chakradharreddyvangala/venv/lib/python3.11/site-packages/airflow/example_dags/example_branch_operator_decorator.py
[2025-05-06T18:49:50.834-0500] {processor.py:842} WARNING - No viable dags retrieved from /Users/chakradharreddyvangala/venv/lib/python3.11/site-packages/airflow/example_dags/example_branch_operator_decorator.py
[2025-05-06T18:49:50.855-0500] {processor.py:183} INFO - Processing /Users/chakradharreddyvangala/venv/lib/python3.11/site-packages/airflow/example_dags/example_branch_operator_decorator.py took 0.034 seconds
[2025-05-06T18:51:26.138-0500] {processor.py:161} INFO - Started process (PID=63289) to work on /Users/chakradharreddyvangala/venv/lib/python3.11/site-packages/airflow/example_dags/example_branch_operator_decorator.py
[2025-05-06T18:51:26.138-0500] {processor.py:830} INFO - Processing file /Users/chakradharreddyvangala/venv/lib/python3.11/site-packages/airflow/example_dags/example_branch_operator_decorator.py for tasks to queue
[2025-05-06T18:51:26.139-0500] {logging_mixin.py:188} INFO - [2025-05-06T18:51:26.138-0500] {dagbag.py:545} INFO - Filling up the DagBag from /Users/chakradharreddyvangala/venv/lib/python3.11/site-packages/airflow/example_dags/example_branch_operator_decorator.py
[2025-05-06T18:51:26.145-0500] {processor.py:842} WARNING - No viable dags retrieved from /Users/chakradharreddyvangala/venv/lib/python3.11/site-packages/airflow/example_dags/example_branch_operator_decorator.py
[2025-05-06T18:51:26.166-0500] {processor.py:183} INFO - Processing /Users/chakradharreddyvangala/venv/lib/python3.11/site-packages/airflow/example_dags/example_branch_operator_decorator.py took 0.031 seconds
[2025-05-06T18:52:49.842-0500] {processor.py:161} INFO - Started process (PID=63403) to work on /Users/chakradharreddyvangala/venv/lib/python3.11/site-packages/airflow/example_dags/example_branch_operator_decorator.py
[2025-05-06T18:52:49.842-0500] {processor.py:830} INFO - Processing file /Users/chakradharreddyvangala/venv/lib/python3.11/site-packages/airflow/example_dags/example_branch_operator_decorator.py for tasks to queue
[2025-05-06T18:52:49.842-0500] {logging_mixin.py:188} INFO - [2025-05-06T18:52:49.842-0500] {dagbag.py:545} INFO - Filling up the DagBag from /Users/chakradharreddyvangala/venv/lib/python3.11/site-packages/airflow/example_dags/example_branch_operator_decorator.py
[2025-05-06T18:52:49.849-0500] {processor.py:842} WARNING - No viable dags retrieved from /Users/chakradharreddyvangala/venv/lib/python3.11/site-packages/airflow/example_dags/example_branch_operator_decorator.py
[2025-05-06T18:52:49.869-0500] {processor.py:183} INFO - Processing /Users/chakradharreddyvangala/venv/lib/python3.11/site-packages/airflow/example_dags/example_branch_operator_decorator.py took 0.030 seconds
[2025-05-06T18:54:18.003-0500] {processor.py:161} INFO - Started process (PID=63499) to work on /Users/chakradharreddyvangala/venv/lib/python3.11/site-packages/airflow/example_dags/example_branch_operator_decorator.py
[2025-05-06T18:54:18.003-0500] {processor.py:830} INFO - Processing file /Users/chakradharreddyvangala/venv/lib/python3.11/site-packages/airflow/example_dags/example_branch_operator_decorator.py for tasks to queue
[2025-05-06T18:54:18.003-0500] {logging_mixin.py:188} INFO - [2025-05-06T18:54:18.003-0500] {dagbag.py:545} INFO - Filling up the DagBag from /Users/chakradharreddyvangala/venv/lib/python3.11/site-packages/airflow/example_dags/example_branch_operator_decorator.py
[2025-05-06T18:54:18.010-0500] {processor.py:842} WARNING - No viable dags retrieved from /Users/chakradharreddyvangala/venv/lib/python3.11/site-packages/airflow/example_dags/example_branch_operator_decorator.py
[2025-05-06T18:54:18.030-0500] {processor.py:183} INFO - Processing /Users/chakradharreddyvangala/venv/lib/python3.11/site-packages/airflow/example_dags/example_branch_operator_decorator.py took 0.029 seconds
[2025-05-06T18:55:43.991-0500] {processor.py:161} INFO - Started process (PID=63577) to work on /Users/chakradharreddyvangala/venv/lib/python3.11/site-packages/airflow/example_dags/example_branch_operator_decorator.py
[2025-05-06T18:55:43.992-0500] {processor.py:830} INFO - Processing file /Users/chakradharreddyvangala/venv/lib/python3.11/site-packages/airflow/example_dags/example_branch_operator_decorator.py for tasks to queue
[2025-05-06T18:55:43.992-0500] {logging_mixin.py:188} INFO - [2025-05-06T18:55:43.992-0500] {dagbag.py:545} INFO - Filling up the DagBag from /Users/chakradharreddyvangala/venv/lib/python3.11/site-packages/airflow/example_dags/example_branch_operator_decorator.py
[2025-05-06T18:55:43.999-0500] {processor.py:842} WARNING - No viable dags retrieved from /Users/chakradharreddyvangala/venv/lib/python3.11/site-packages/airflow/example_dags/example_branch_operator_decorator.py
[2025-05-06T18:55:44.020-0500] {processor.py:183} INFO - Processing /Users/chakradharreddyvangala/venv/lib/python3.11/site-packages/airflow/example_dags/example_branch_operator_decorator.py took 0.030 seconds
[2025-05-06T18:57:09.020-0500] {processor.py:161} INFO - Started process (PID=63679) to work on /Users/chakradharreddyvangala/venv/lib/python3.11/site-packages/airflow/example_dags/example_branch_operator_decorator.py
[2025-05-06T18:57:09.021-0500] {processor.py:830} INFO - Processing file /Users/chakradharreddyvangala/venv/lib/python3.11/site-packages/airflow/example_dags/example_branch_operator_decorator.py for tasks to queue
[2025-05-06T18:57:09.021-0500] {logging_mixin.py:188} INFO - [2025-05-06T18:57:09.021-0500] {dagbag.py:545} INFO - Filling up the DagBag from /Users/chakradharreddyvangala/venv/lib/python3.11/site-packages/airflow/example_dags/example_branch_operator_decorator.py
[2025-05-06T18:57:09.028-0500] {processor.py:842} WARNING - No viable dags retrieved from /Users/chakradharreddyvangala/venv/lib/python3.11/site-packages/airflow/example_dags/example_branch_operator_decorator.py
[2025-05-06T18:57:09.048-0500] {processor.py:183} INFO - Processing /Users/chakradharreddyvangala/venv/lib/python3.11/site-packages/airflow/example_dags/example_branch_operator_decorator.py took 0.029 seconds
[2025-05-06T18:58:33.307-0500] {processor.py:161} INFO - Started process (PID=63768) to work on /Users/chakradharreddyvangala/venv/lib/python3.11/site-packages/airflow/example_dags/example_branch_operator_decorator.py
[2025-05-06T18:58:33.308-0500] {processor.py:830} INFO - Processing file /Users/chakradharreddyvangala/venv/lib/python3.11/site-packages/airflow/example_dags/example_branch_operator_decorator.py for tasks to queue
[2025-05-06T18:58:33.308-0500] {logging_mixin.py:188} INFO - [2025-05-06T18:58:33.308-0500] {dagbag.py:545} INFO - Filling up the DagBag from /Users/chakradharreddyvangala/venv/lib/python3.11/site-packages/airflow/example_dags/example_branch_operator_decorator.py
[2025-05-06T18:58:33.315-0500] {processor.py:842} WARNING - No viable dags retrieved from /Users/chakradharreddyvangala/venv/lib/python3.11/site-packages/airflow/example_dags/example_branch_operator_decorator.py
[2025-05-06T18:58:33.336-0500] {processor.py:183} INFO - Processing /Users/chakradharreddyvangala/venv/lib/python3.11/site-packages/airflow/example_dags/example_branch_operator_decorator.py took 0.031 seconds
