[2025-05-06T18:46:28.896-0500] {processor.py:161} INFO - Started process (PID=62971) to work on /Users/chakradharreddyvangala/venv/lib/python3.11/site-packages/airflow/example_dags/example_setup_teardown_taskflow.py
[2025-05-06T18:46:28.896-0500] {processor.py:830} INFO - Processing file /Users/chakradharreddyvangala/venv/lib/python3.11/site-packages/airflow/example_dags/example_setup_teardown_taskflow.py for tasks to queue
[2025-05-06T18:46:28.896-0500] {logging_mixin.py:188} INFO - [2025-05-06T18:46:28.896-0500] {dagbag.py:545} INFO - Filling up the DagBag from /Users/chakradharreddyvangala/venv/lib/python3.11/site-packages/airflow/example_dags/example_setup_teardown_taskflow.py
[2025-05-06T18:46:28.924-0500] {processor.py:840} INFO - DAG(s) 'example_setup_teardown_taskflow' retrieved from /Users/chakradharreddyvangala/venv/lib/python3.11/site-packages/airflow/example_dags/example_setup_teardown_taskflow.py
[2025-05-06T18:46:28.981-0500] {logging_mixin.py:188} INFO - [2025-05-06T18:46:28.980-0500] {override.py:1829} INFO - Created Permission View: can edit on DAG:example_setup_teardown_taskflow
[2025-05-06T18:46:28.983-0500] {logging_mixin.py:188} INFO - [2025-05-06T18:46:28.983-0500] {override.py:1829} INFO - Created Permission View: can read on DAG:example_setup_teardown_taskflow
[2025-05-06T18:46:28.984-0500] {logging_mixin.py:188} INFO - [2025-05-06T18:46:28.984-0500] {override.py:1829} INFO - Created Permission View: can delete on DAG:example_setup_teardown_taskflow
[2025-05-06T18:46:28.984-0500] {logging_mixin.py:188} INFO - [2025-05-06T18:46:28.984-0500] {dag.py:3096} INFO - Sync 1 DAGs
[2025-05-06T18:46:29.008-0500] {logging_mixin.py:188} INFO - [2025-05-06T18:46:29.007-0500] {dag.py:3118} INFO - Creating ORM DAG for example_setup_teardown_taskflow
[2025-05-06T18:46:29.010-0500] {logging_mixin.py:188} INFO - [2025-05-06T18:46:29.010-0500] {dag.py:3954} INFO - Setting next_dagrun for example_setup_teardown_taskflow to 2025-05-05 00:00:00+00:00, run_after=2025-05-06 00:00:00+00:00
[2025-05-06T18:46:29.014-0500] {processor.py:183} INFO - Processing /Users/chakradharreddyvangala/venv/lib/python3.11/site-packages/airflow/example_dags/example_setup_teardown_taskflow.py took 0.120 seconds
[2025-05-06T18:47:41.592-0500] {processor.py:161} INFO - Started process (PID=63035) to work on /Users/chakradharreddyvangala/venv/lib/python3.11/site-packages/airflow/example_dags/example_setup_teardown_taskflow.py
[2025-05-06T18:47:41.593-0500] {processor.py:830} INFO - Processing file /Users/chakradharreddyvangala/venv/lib/python3.11/site-packages/airflow/example_dags/example_setup_teardown_taskflow.py for tasks to queue
[2025-05-06T18:47:41.593-0500] {logging_mixin.py:188} INFO - [2025-05-06T18:47:41.593-0500] {dagbag.py:545} INFO - Filling up the DagBag from /Users/chakradharreddyvangala/venv/lib/python3.11/site-packages/airflow/example_dags/example_setup_teardown_taskflow.py
[2025-05-06T18:47:41.605-0500] {processor.py:840} INFO - DAG(s) 'example_setup_teardown_taskflow' retrieved from /Users/chakradharreddyvangala/venv/lib/python3.11/site-packages/airflow/example_dags/example_setup_teardown_taskflow.py
[2025-05-06T18:47:41.634-0500] {logging_mixin.py:188} INFO - [2025-05-06T18:47:41.633-0500] {dag.py:3096} INFO - Sync 1 DAGs
[2025-05-06T18:47:41.638-0500] {logging_mixin.py:188} INFO - [2025-05-06T18:47:41.638-0500] {dag.py:3954} INFO - Setting next_dagrun for example_setup_teardown_taskflow to 2025-05-05 00:00:00+00:00, run_after=2025-05-06 00:00:00+00:00
[2025-05-06T18:47:41.643-0500] {processor.py:183} INFO - Processing /Users/chakradharreddyvangala/venv/lib/python3.11/site-packages/airflow/example_dags/example_setup_teardown_taskflow.py took 0.053 seconds
[2025-05-06T18:49:03.973-0500] {processor.py:161} INFO - Started process (PID=63122) to work on /Users/chakradharreddyvangala/venv/lib/python3.11/site-packages/airflow/example_dags/example_setup_teardown_taskflow.py
[2025-05-06T18:49:03.973-0500] {processor.py:830} INFO - Processing file /Users/chakradharreddyvangala/venv/lib/python3.11/site-packages/airflow/example_dags/example_setup_teardown_taskflow.py for tasks to queue
[2025-05-06T18:49:03.974-0500] {logging_mixin.py:188} INFO - [2025-05-06T18:49:03.973-0500] {dagbag.py:545} INFO - Filling up the DagBag from /Users/chakradharreddyvangala/venv/lib/python3.11/site-packages/airflow/example_dags/example_setup_teardown_taskflow.py
[2025-05-06T18:49:03.985-0500] {processor.py:840} INFO - DAG(s) 'example_setup_teardown_taskflow' retrieved from /Users/chakradharreddyvangala/venv/lib/python3.11/site-packages/airflow/example_dags/example_setup_teardown_taskflow.py
[2025-05-06T18:49:04.009-0500] {logging_mixin.py:188} INFO - [2025-05-06T18:49:04.009-0500] {dag.py:3096} INFO - Sync 1 DAGs
[2025-05-06T18:49:04.014-0500] {logging_mixin.py:188} INFO - [2025-05-06T18:49:04.014-0500] {dag.py:3954} INFO - Setting next_dagrun for example_setup_teardown_taskflow to 2025-05-05 00:00:00+00:00, run_after=2025-05-06 00:00:00+00:00
[2025-05-06T18:49:04.018-0500] {processor.py:183} INFO - Processing /Users/chakradharreddyvangala/venv/lib/python3.11/site-packages/airflow/example_dags/example_setup_teardown_taskflow.py took 0.046 seconds
[2025-05-06T18:50:35.881-0500] {processor.py:161} INFO - Started process (PID=63242) to work on /Users/chakradharreddyvangala/venv/lib/python3.11/site-packages/airflow/example_dags/example_setup_teardown_taskflow.py
[2025-05-06T18:50:35.882-0500] {processor.py:830} INFO - Processing file /Users/chakradharreddyvangala/venv/lib/python3.11/site-packages/airflow/example_dags/example_setup_teardown_taskflow.py for tasks to queue
[2025-05-06T18:50:35.883-0500] {logging_mixin.py:188} INFO - [2025-05-06T18:50:35.882-0500] {dagbag.py:545} INFO - Filling up the DagBag from /Users/chakradharreddyvangala/venv/lib/python3.11/site-packages/airflow/example_dags/example_setup_teardown_taskflow.py
[2025-05-06T18:50:35.902-0500] {processor.py:840} INFO - DAG(s) 'example_setup_teardown_taskflow' retrieved from /Users/chakradharreddyvangala/venv/lib/python3.11/site-packages/airflow/example_dags/example_setup_teardown_taskflow.py
[2025-05-06T18:50:35.927-0500] {logging_mixin.py:188} INFO - [2025-05-06T18:50:35.927-0500] {dag.py:3096} INFO - Sync 1 DAGs
[2025-05-06T18:50:35.931-0500] {logging_mixin.py:188} INFO - [2025-05-06T18:50:35.931-0500] {dag.py:3954} INFO - Setting next_dagrun for example_setup_teardown_taskflow to 2025-05-05 00:00:00+00:00, run_after=2025-05-06 00:00:00+00:00
[2025-05-06T18:50:35.936-0500] {processor.py:183} INFO - Processing /Users/chakradharreddyvangala/venv/lib/python3.11/site-packages/airflow/example_dags/example_setup_teardown_taskflow.py took 0.056 seconds
[2025-05-06T18:52:03.870-0500] {processor.py:161} INFO - Started process (PID=63327) to work on /Users/chakradharreddyvangala/venv/lib/python3.11/site-packages/airflow/example_dags/example_setup_teardown_taskflow.py
[2025-05-06T18:52:03.871-0500] {processor.py:830} INFO - Processing file /Users/chakradharreddyvangala/venv/lib/python3.11/site-packages/airflow/example_dags/example_setup_teardown_taskflow.py for tasks to queue
[2025-05-06T18:52:03.872-0500] {logging_mixin.py:188} INFO - [2025-05-06T18:52:03.871-0500] {dagbag.py:545} INFO - Filling up the DagBag from /Users/chakradharreddyvangala/venv/lib/python3.11/site-packages/airflow/example_dags/example_setup_teardown_taskflow.py
[2025-05-06T18:52:03.883-0500] {processor.py:840} INFO - DAG(s) 'example_setup_teardown_taskflow' retrieved from /Users/chakradharreddyvangala/venv/lib/python3.11/site-packages/airflow/example_dags/example_setup_teardown_taskflow.py
[2025-05-06T18:52:03.908-0500] {logging_mixin.py:188} INFO - [2025-05-06T18:52:03.908-0500] {dag.py:3096} INFO - Sync 1 DAGs
[2025-05-06T18:52:03.912-0500] {logging_mixin.py:188} INFO - [2025-05-06T18:52:03.912-0500] {dag.py:3954} INFO - Setting next_dagrun for example_setup_teardown_taskflow to 2025-05-05 00:00:00+00:00, run_after=2025-05-06 00:00:00+00:00
[2025-05-06T18:52:03.917-0500] {processor.py:183} INFO - Processing /Users/chakradharreddyvangala/venv/lib/python3.11/site-packages/airflow/example_dags/example_setup_teardown_taskflow.py took 0.048 seconds
[2025-05-06T18:53:27.793-0500] {processor.py:161} INFO - Started process (PID=63437) to work on /Users/chakradharreddyvangala/venv/lib/python3.11/site-packages/airflow/example_dags/example_setup_teardown_taskflow.py
[2025-05-06T18:53:27.794-0500] {processor.py:830} INFO - Processing file /Users/chakradharreddyvangala/venv/lib/python3.11/site-packages/airflow/example_dags/example_setup_teardown_taskflow.py for tasks to queue
[2025-05-06T18:53:27.795-0500] {logging_mixin.py:188} INFO - [2025-05-06T18:53:27.794-0500] {dagbag.py:545} INFO - Filling up the DagBag from /Users/chakradharreddyvangala/venv/lib/python3.11/site-packages/airflow/example_dags/example_setup_teardown_taskflow.py
[2025-05-06T18:53:27.808-0500] {processor.py:840} INFO - DAG(s) 'example_setup_teardown_taskflow' retrieved from /Users/chakradharreddyvangala/venv/lib/python3.11/site-packages/airflow/example_dags/example_setup_teardown_taskflow.py
[2025-05-06T18:53:27.848-0500] {logging_mixin.py:188} INFO - [2025-05-06T18:53:27.848-0500] {dag.py:3096} INFO - Sync 1 DAGs
[2025-05-06T18:53:27.859-0500] {logging_mixin.py:188} INFO - [2025-05-06T18:53:27.859-0500] {dag.py:3954} INFO - Setting next_dagrun for example_setup_teardown_taskflow to 2025-05-05 00:00:00+00:00, run_after=2025-05-06 00:00:00+00:00
[2025-05-06T18:53:28.336-0500] {processor.py:183} INFO - Processing /Users/chakradharreddyvangala/venv/lib/python3.11/site-packages/airflow/example_dags/example_setup_teardown_taskflow.py took 0.545 seconds
[2025-05-06T18:54:56.875-0500] {processor.py:161} INFO - Started process (PID=63534) to work on /Users/chakradharreddyvangala/venv/lib/python3.11/site-packages/airflow/example_dags/example_setup_teardown_taskflow.py
[2025-05-06T18:54:56.879-0500] {processor.py:830} INFO - Processing file /Users/chakradharreddyvangala/venv/lib/python3.11/site-packages/airflow/example_dags/example_setup_teardown_taskflow.py for tasks to queue
[2025-05-06T18:54:56.879-0500] {logging_mixin.py:188} INFO - [2025-05-06T18:54:56.879-0500] {dagbag.py:545} INFO - Filling up the DagBag from /Users/chakradharreddyvangala/venv/lib/python3.11/site-packages/airflow/example_dags/example_setup_teardown_taskflow.py
[2025-05-06T18:54:56.892-0500] {processor.py:840} INFO - DAG(s) 'example_setup_teardown_taskflow' retrieved from /Users/chakradharreddyvangala/venv/lib/python3.11/site-packages/airflow/example_dags/example_setup_teardown_taskflow.py
[2025-05-06T18:54:56.942-0500] {logging_mixin.py:188} INFO - [2025-05-06T18:54:56.942-0500] {dag.py:3096} INFO - Sync 1 DAGs
[2025-05-06T18:54:56.968-0500] {logging_mixin.py:188} INFO - [2025-05-06T18:54:56.968-0500] {dag.py:3954} INFO - Setting next_dagrun for example_setup_teardown_taskflow to 2025-05-05 00:00:00+00:00, run_after=2025-05-06 00:00:00+00:00
[2025-05-06T18:54:56.973-0500] {processor.py:183} INFO - Processing /Users/chakradharreddyvangala/venv/lib/python3.11/site-packages/airflow/example_dags/example_setup_teardown_taskflow.py took 0.101 seconds
[2025-05-06T18:56:23.660-0500] {processor.py:161} INFO - Started process (PID=63622) to work on /Users/chakradharreddyvangala/venv/lib/python3.11/site-packages/airflow/example_dags/example_setup_teardown_taskflow.py
[2025-05-06T18:56:23.661-0500] {processor.py:830} INFO - Processing file /Users/chakradharreddyvangala/venv/lib/python3.11/site-packages/airflow/example_dags/example_setup_teardown_taskflow.py for tasks to queue
[2025-05-06T18:56:23.662-0500] {logging_mixin.py:188} INFO - [2025-05-06T18:56:23.662-0500] {dagbag.py:545} INFO - Filling up the DagBag from /Users/chakradharreddyvangala/venv/lib/python3.11/site-packages/airflow/example_dags/example_setup_teardown_taskflow.py
[2025-05-06T18:56:23.673-0500] {processor.py:840} INFO - DAG(s) 'example_setup_teardown_taskflow' retrieved from /Users/chakradharreddyvangala/venv/lib/python3.11/site-packages/airflow/example_dags/example_setup_teardown_taskflow.py
[2025-05-06T18:56:23.698-0500] {logging_mixin.py:188} INFO - [2025-05-06T18:56:23.698-0500] {dag.py:3096} INFO - Sync 1 DAGs
[2025-05-06T18:56:23.702-0500] {logging_mixin.py:188} INFO - [2025-05-06T18:56:23.702-0500] {dag.py:3954} INFO - Setting next_dagrun for example_setup_teardown_taskflow to 2025-05-05 00:00:00+00:00, run_after=2025-05-06 00:00:00+00:00
[2025-05-06T18:56:23.707-0500] {processor.py:183} INFO - Processing /Users/chakradharreddyvangala/venv/lib/python3.11/site-packages/airflow/example_dags/example_setup_teardown_taskflow.py took 0.048 seconds
[2025-05-06T18:57:46.841-0500] {processor.py:161} INFO - Started process (PID=63712) to work on /Users/chakradharreddyvangala/venv/lib/python3.11/site-packages/airflow/example_dags/example_setup_teardown_taskflow.py
[2025-05-06T18:57:46.841-0500] {processor.py:830} INFO - Processing file /Users/chakradharreddyvangala/venv/lib/python3.11/site-packages/airflow/example_dags/example_setup_teardown_taskflow.py for tasks to queue
[2025-05-06T18:57:46.841-0500] {logging_mixin.py:188} INFO - [2025-05-06T18:57:46.841-0500] {dagbag.py:545} INFO - Filling up the DagBag from /Users/chakradharreddyvangala/venv/lib/python3.11/site-packages/airflow/example_dags/example_setup_teardown_taskflow.py
[2025-05-06T18:57:46.853-0500] {processor.py:840} INFO - DAG(s) 'example_setup_teardown_taskflow' retrieved from /Users/chakradharreddyvangala/venv/lib/python3.11/site-packages/airflow/example_dags/example_setup_teardown_taskflow.py
[2025-05-06T18:57:46.880-0500] {logging_mixin.py:188} INFO - [2025-05-06T18:57:46.880-0500] {dag.py:3096} INFO - Sync 1 DAGs
[2025-05-06T18:57:46.884-0500] {logging_mixin.py:188} INFO - [2025-05-06T18:57:46.884-0500] {dag.py:3954} INFO - Setting next_dagrun for example_setup_teardown_taskflow to 2025-05-05 00:00:00+00:00, run_after=2025-05-06 00:00:00+00:00
[2025-05-06T18:57:46.889-0500] {processor.py:183} INFO - Processing /Users/chakradharreddyvangala/venv/lib/python3.11/site-packages/airflow/example_dags/example_setup_teardown_taskflow.py took 0.050 seconds
[2025-05-06T18:58:49.405-0500] {processor.py:161} INFO - Started process (PID=63805) to work on /Users/chakradharreddyvangala/venv/lib/python3.11/site-packages/airflow/example_dags/example_setup_teardown_taskflow.py
[2025-05-06T18:58:49.411-0500] {processor.py:830} INFO - Processing file /Users/chakradharreddyvangala/venv/lib/python3.11/site-packages/airflow/example_dags/example_setup_teardown_taskflow.py for tasks to queue
[2025-05-06T18:58:49.411-0500] {logging_mixin.py:188} INFO - [2025-05-06T18:58:49.411-0500] {dagbag.py:545} INFO - Filling up the DagBag from /Users/chakradharreddyvangala/venv/lib/python3.11/site-packages/airflow/example_dags/example_setup_teardown_taskflow.py
[2025-05-06T18:58:49.429-0500] {processor.py:840} INFO - DAG(s) 'example_setup_teardown_taskflow' retrieved from /Users/chakradharreddyvangala/venv/lib/python3.11/site-packages/airflow/example_dags/example_setup_teardown_taskflow.py
[2025-05-06T18:58:49.457-0500] {logging_mixin.py:188} INFO - [2025-05-06T18:58:49.457-0500] {dag.py:3096} INFO - Sync 1 DAGs
[2025-05-06T18:58:49.462-0500] {logging_mixin.py:188} INFO - [2025-05-06T18:58:49.462-0500] {dag.py:3954} INFO - Setting next_dagrun for example_setup_teardown_taskflow to 2025-05-05 00:00:00+00:00, run_after=2025-05-06 00:00:00+00:00
[2025-05-06T18:58:49.467-0500] {processor.py:183} INFO - Processing /Users/chakradharreddyvangala/venv/lib/python3.11/site-packages/airflow/example_dags/example_setup_teardown_taskflow.py took 0.064 seconds
