[2025-05-06T18:46:48.138-0500] {processor.py:161} INFO - Started process (PID=62990) to work on /Users/chakradharreddyvangala/venv/lib/python3.11/site-packages/airflow/example_dags/example_external_task_marker_dag.py
[2025-05-06T18:46:48.139-0500] {processor.py:830} INFO - Processing file /Users/chakradharreddyvangala/venv/lib/python3.11/site-packages/airflow/example_dags/example_external_task_marker_dag.py for tasks to queue
[2025-05-06T18:46:48.139-0500] {logging_mixin.py:188} INFO - [2025-05-06T18:46:48.139-0500] {dagbag.py:545} INFO - Filling up the DagBag from /Users/chakradharreddyvangala/venv/lib/python3.11/site-packages/airflow/example_dags/example_external_task_marker_dag.py
[2025-05-06T18:46:48.144-0500] {processor.py:840} INFO - DAG(s) 'example_external_task_marker_parent', 'example_external_task_marker_child' retrieved from /Users/chakradharreddyvangala/venv/lib/python3.11/site-packages/airflow/example_dags/example_external_task_marker_dag.py
[2025-05-06T18:46:48.193-0500] {logging_mixin.py:188} INFO - [2025-05-06T18:46:48.193-0500] {override.py:1829} INFO - Created Permission View: can edit on DAG:example_external_task_marker_parent
[2025-05-06T18:46:48.195-0500] {logging_mixin.py:188} INFO - [2025-05-06T18:46:48.195-0500] {override.py:1829} INFO - Created Permission View: can read on DAG:example_external_task_marker_parent
[2025-05-06T18:46:48.196-0500] {logging_mixin.py:188} INFO - [2025-05-06T18:46:48.196-0500] {override.py:1829} INFO - Created Permission View: can delete on DAG:example_external_task_marker_parent
[2025-05-06T18:46:48.203-0500] {logging_mixin.py:188} INFO - [2025-05-06T18:46:48.203-0500] {override.py:1829} INFO - Created Permission View: can edit on DAG:example_external_task_marker_child
[2025-05-06T18:46:48.204-0500] {logging_mixin.py:188} INFO - [2025-05-06T18:46:48.204-0500] {override.py:1829} INFO - Created Permission View: can read on DAG:example_external_task_marker_child
[2025-05-06T18:46:48.205-0500] {logging_mixin.py:188} INFO - [2025-05-06T18:46:48.205-0500] {override.py:1829} INFO - Created Permission View: can delete on DAG:example_external_task_marker_child
[2025-05-06T18:46:48.205-0500] {logging_mixin.py:188} INFO - [2025-05-06T18:46:48.205-0500] {dag.py:3096} INFO - Sync 2 DAGs
[2025-05-06T18:46:48.208-0500] {logging_mixin.py:188} INFO - [2025-05-06T18:46:48.208-0500] {dag.py:3118} INFO - Creating ORM DAG for example_external_task_marker_child
[2025-05-06T18:46:48.208-0500] {logging_mixin.py:188} INFO - [2025-05-06T18:46:48.208-0500] {dag.py:3118} INFO - Creating ORM DAG for example_external_task_marker_parent
[2025-05-06T18:46:48.208-0500] {logging_mixin.py:188} INFO - [2025-05-06T18:46:48.208-0500] {dag.py:3954} INFO - Setting next_dagrun for example_external_task_marker_child to None, run_after=None
[2025-05-06T18:46:48.208-0500] {logging_mixin.py:188} INFO - [2025-05-06T18:46:48.208-0500] {dag.py:3954} INFO - Setting next_dagrun for example_external_task_marker_parent to None, run_after=None
[2025-05-06T18:46:48.213-0500] {processor.py:183} INFO - Processing /Users/chakradharreddyvangala/venv/lib/python3.11/site-packages/airflow/example_dags/example_external_task_marker_dag.py took 0.076 seconds
[2025-05-06T18:48:12.097-0500] {processor.py:161} INFO - Started process (PID=63070) to work on /Users/chakradharreddyvangala/venv/lib/python3.11/site-packages/airflow/example_dags/example_external_task_marker_dag.py
[2025-05-06T18:48:12.098-0500] {processor.py:830} INFO - Processing file /Users/chakradharreddyvangala/venv/lib/python3.11/site-packages/airflow/example_dags/example_external_task_marker_dag.py for tasks to queue
[2025-05-06T18:48:12.098-0500] {logging_mixin.py:188} INFO - [2025-05-06T18:48:12.098-0500] {dagbag.py:545} INFO - Filling up the DagBag from /Users/chakradharreddyvangala/venv/lib/python3.11/site-packages/airflow/example_dags/example_external_task_marker_dag.py
[2025-05-06T18:48:12.102-0500] {processor.py:840} INFO - DAG(s) 'example_external_task_marker_parent', 'example_external_task_marker_child' retrieved from /Users/chakradharreddyvangala/venv/lib/python3.11/site-packages/airflow/example_dags/example_external_task_marker_dag.py
[2025-05-06T18:48:12.130-0500] {logging_mixin.py:188} INFO - [2025-05-06T18:48:12.130-0500] {dag.py:3096} INFO - Sync 2 DAGs
[2025-05-06T18:48:12.132-0500] {logging_mixin.py:188} INFO - [2025-05-06T18:48:12.132-0500] {dag.py:3954} INFO - Setting next_dagrun for example_external_task_marker_child to None, run_after=None
[2025-05-06T18:48:12.134-0500] {logging_mixin.py:188} INFO - [2025-05-06T18:48:12.134-0500] {dag.py:3954} INFO - Setting next_dagrun for example_external_task_marker_parent to None, run_after=None
[2025-05-06T18:48:12.138-0500] {processor.py:183} INFO - Processing /Users/chakradharreddyvangala/venv/lib/python3.11/site-packages/airflow/example_dags/example_external_task_marker_dag.py took 0.044 seconds
[2025-05-06T18:49:35.754-0500] {processor.py:161} INFO - Started process (PID=63168) to work on /Users/chakradharreddyvangala/venv/lib/python3.11/site-packages/airflow/example_dags/example_external_task_marker_dag.py
[2025-05-06T18:49:35.755-0500] {processor.py:830} INFO - Processing file /Users/chakradharreddyvangala/venv/lib/python3.11/site-packages/airflow/example_dags/example_external_task_marker_dag.py for tasks to queue
[2025-05-06T18:49:35.755-0500] {logging_mixin.py:188} INFO - [2025-05-06T18:49:35.755-0500] {dagbag.py:545} INFO - Filling up the DagBag from /Users/chakradharreddyvangala/venv/lib/python3.11/site-packages/airflow/example_dags/example_external_task_marker_dag.py
[2025-05-06T18:49:35.763-0500] {processor.py:840} INFO - DAG(s) 'example_external_task_marker_parent', 'example_external_task_marker_child' retrieved from /Users/chakradharreddyvangala/venv/lib/python3.11/site-packages/airflow/example_dags/example_external_task_marker_dag.py
[2025-05-06T18:49:35.790-0500] {logging_mixin.py:188} INFO - [2025-05-06T18:49:35.790-0500] {dag.py:3096} INFO - Sync 2 DAGs
[2025-05-06T18:49:35.792-0500] {logging_mixin.py:188} INFO - [2025-05-06T18:49:35.792-0500] {dag.py:3954} INFO - Setting next_dagrun for example_external_task_marker_child to None, run_after=None
[2025-05-06T18:49:35.794-0500] {logging_mixin.py:188} INFO - [2025-05-06T18:49:35.794-0500] {dag.py:3954} INFO - Setting next_dagrun for example_external_task_marker_parent to None, run_after=None
[2025-05-06T18:49:35.798-0500] {processor.py:183} INFO - Processing /Users/chakradharreddyvangala/venv/lib/python3.11/site-packages/airflow/example_dags/example_external_task_marker_dag.py took 0.046 seconds
[2025-05-06T18:51:13.687-0500] {processor.py:161} INFO - Started process (PID=63280) to work on /Users/chakradharreddyvangala/venv/lib/python3.11/site-packages/airflow/example_dags/example_external_task_marker_dag.py
[2025-05-06T18:51:13.687-0500] {processor.py:830} INFO - Processing file /Users/chakradharreddyvangala/venv/lib/python3.11/site-packages/airflow/example_dags/example_external_task_marker_dag.py for tasks to queue
[2025-05-06T18:51:13.687-0500] {logging_mixin.py:188} INFO - [2025-05-06T18:51:13.687-0500] {dagbag.py:545} INFO - Filling up the DagBag from /Users/chakradharreddyvangala/venv/lib/python3.11/site-packages/airflow/example_dags/example_external_task_marker_dag.py
[2025-05-06T18:51:13.692-0500] {processor.py:840} INFO - DAG(s) 'example_external_task_marker_child', 'example_external_task_marker_parent' retrieved from /Users/chakradharreddyvangala/venv/lib/python3.11/site-packages/airflow/example_dags/example_external_task_marker_dag.py
[2025-05-06T18:51:13.724-0500] {logging_mixin.py:188} INFO - [2025-05-06T18:51:13.724-0500] {dag.py:3096} INFO - Sync 2 DAGs
[2025-05-06T18:51:13.728-0500] {logging_mixin.py:188} INFO - [2025-05-06T18:51:13.728-0500] {dag.py:3954} INFO - Setting next_dagrun for example_external_task_marker_child to None, run_after=None
[2025-05-06T18:51:13.729-0500] {logging_mixin.py:188} INFO - [2025-05-06T18:51:13.729-0500] {dag.py:3954} INFO - Setting next_dagrun for example_external_task_marker_parent to None, run_after=None
[2025-05-06T18:51:13.734-0500] {processor.py:183} INFO - Processing /Users/chakradharreddyvangala/venv/lib/python3.11/site-packages/airflow/example_dags/example_external_task_marker_dag.py took 0.052 seconds
[2025-05-06T18:52:38.553-0500] {processor.py:161} INFO - Started process (PID=63375) to work on /Users/chakradharreddyvangala/venv/lib/python3.11/site-packages/airflow/example_dags/example_external_task_marker_dag.py
[2025-05-06T18:52:38.553-0500] {processor.py:830} INFO - Processing file /Users/chakradharreddyvangala/venv/lib/python3.11/site-packages/airflow/example_dags/example_external_task_marker_dag.py for tasks to queue
[2025-05-06T18:52:38.553-0500] {logging_mixin.py:188} INFO - [2025-05-06T18:52:38.553-0500] {dagbag.py:545} INFO - Filling up the DagBag from /Users/chakradharreddyvangala/venv/lib/python3.11/site-packages/airflow/example_dags/example_external_task_marker_dag.py
[2025-05-06T18:52:38.557-0500] {processor.py:840} INFO - DAG(s) 'example_external_task_marker_child', 'example_external_task_marker_parent' retrieved from /Users/chakradharreddyvangala/venv/lib/python3.11/site-packages/airflow/example_dags/example_external_task_marker_dag.py
[2025-05-06T18:52:38.585-0500] {logging_mixin.py:188} INFO - [2025-05-06T18:52:38.584-0500] {dag.py:3096} INFO - Sync 2 DAGs
[2025-05-06T18:52:38.587-0500] {logging_mixin.py:188} INFO - [2025-05-06T18:52:38.587-0500] {dag.py:3954} INFO - Setting next_dagrun for example_external_task_marker_child to None, run_after=None
[2025-05-06T18:52:38.588-0500] {logging_mixin.py:188} INFO - [2025-05-06T18:52:38.588-0500] {dag.py:3954} INFO - Setting next_dagrun for example_external_task_marker_parent to None, run_after=None
[2025-05-06T18:52:38.593-0500] {processor.py:183} INFO - Processing /Users/chakradharreddyvangala/venv/lib/python3.11/site-packages/airflow/example_dags/example_external_task_marker_dag.py took 0.041 seconds
[2025-05-06T18:54:05.149-0500] {processor.py:161} INFO - Started process (PID=63489) to work on /Users/chakradharreddyvangala/venv/lib/python3.11/site-packages/airflow/example_dags/example_external_task_marker_dag.py
[2025-05-06T18:54:05.150-0500] {processor.py:830} INFO - Processing file /Users/chakradharreddyvangala/venv/lib/python3.11/site-packages/airflow/example_dags/example_external_task_marker_dag.py for tasks to queue
[2025-05-06T18:54:05.150-0500] {logging_mixin.py:188} INFO - [2025-05-06T18:54:05.150-0500] {dagbag.py:545} INFO - Filling up the DagBag from /Users/chakradharreddyvangala/venv/lib/python3.11/site-packages/airflow/example_dags/example_external_task_marker_dag.py
[2025-05-06T18:54:05.156-0500] {processor.py:840} INFO - DAG(s) 'example_external_task_marker_child', 'example_external_task_marker_parent' retrieved from /Users/chakradharreddyvangala/venv/lib/python3.11/site-packages/airflow/example_dags/example_external_task_marker_dag.py
[2025-05-06T18:54:05.216-0500] {logging_mixin.py:188} INFO - [2025-05-06T18:54:05.216-0500] {dag.py:3096} INFO - Sync 2 DAGs
[2025-05-06T18:54:05.219-0500] {logging_mixin.py:188} INFO - [2025-05-06T18:54:05.219-0500] {dag.py:3954} INFO - Setting next_dagrun for example_external_task_marker_child to None, run_after=None
[2025-05-06T18:54:05.220-0500] {logging_mixin.py:188} INFO - [2025-05-06T18:54:05.219-0500] {dag.py:3954} INFO - Setting next_dagrun for example_external_task_marker_parent to None, run_after=None
[2025-05-06T18:54:05.225-0500] {processor.py:183} INFO - Processing /Users/chakradharreddyvangala/venv/lib/python3.11/site-packages/airflow/example_dags/example_external_task_marker_dag.py took 0.077 seconds
[2025-05-06T18:55:32.753-0500] {processor.py:161} INFO - Started process (PID=63567) to work on /Users/chakradharreddyvangala/venv/lib/python3.11/site-packages/airflow/example_dags/example_external_task_marker_dag.py
[2025-05-06T18:55:32.754-0500] {processor.py:830} INFO - Processing file /Users/chakradharreddyvangala/venv/lib/python3.11/site-packages/airflow/example_dags/example_external_task_marker_dag.py for tasks to queue
[2025-05-06T18:55:32.754-0500] {logging_mixin.py:188} INFO - [2025-05-06T18:55:32.754-0500] {dagbag.py:545} INFO - Filling up the DagBag from /Users/chakradharreddyvangala/venv/lib/python3.11/site-packages/airflow/example_dags/example_external_task_marker_dag.py
[2025-05-06T18:55:32.758-0500] {processor.py:840} INFO - DAG(s) 'example_external_task_marker_parent', 'example_external_task_marker_child' retrieved from /Users/chakradharreddyvangala/venv/lib/python3.11/site-packages/airflow/example_dags/example_external_task_marker_dag.py
[2025-05-06T18:55:32.787-0500] {logging_mixin.py:188} INFO - [2025-05-06T18:55:32.787-0500] {dag.py:3096} INFO - Sync 2 DAGs
[2025-05-06T18:55:32.790-0500] {logging_mixin.py:188} INFO - [2025-05-06T18:55:32.790-0500] {dag.py:3954} INFO - Setting next_dagrun for example_external_task_marker_child to None, run_after=None
[2025-05-06T18:55:32.791-0500] {logging_mixin.py:188} INFO - [2025-05-06T18:55:32.791-0500] {dag.py:3954} INFO - Setting next_dagrun for example_external_task_marker_parent to None, run_after=None
[2025-05-06T18:55:32.796-0500] {processor.py:183} INFO - Processing /Users/chakradharreddyvangala/venv/lib/python3.11/site-packages/airflow/example_dags/example_external_task_marker_dag.py took 0.044 seconds
[2025-05-06T18:56:57.654-0500] {processor.py:161} INFO - Started process (PID=63671) to work on /Users/chakradharreddyvangala/venv/lib/python3.11/site-packages/airflow/example_dags/example_external_task_marker_dag.py
[2025-05-06T18:56:57.655-0500] {processor.py:830} INFO - Processing file /Users/chakradharreddyvangala/venv/lib/python3.11/site-packages/airflow/example_dags/example_external_task_marker_dag.py for tasks to queue
[2025-05-06T18:56:57.655-0500] {logging_mixin.py:188} INFO - [2025-05-06T18:56:57.655-0500] {dagbag.py:545} INFO - Filling up the DagBag from /Users/chakradharreddyvangala/venv/lib/python3.11/site-packages/airflow/example_dags/example_external_task_marker_dag.py
[2025-05-06T18:56:57.659-0500] {processor.py:840} INFO - DAG(s) 'example_external_task_marker_child', 'example_external_task_marker_parent' retrieved from /Users/chakradharreddyvangala/venv/lib/python3.11/site-packages/airflow/example_dags/example_external_task_marker_dag.py
[2025-05-06T18:56:57.686-0500] {logging_mixin.py:188} INFO - [2025-05-06T18:56:57.686-0500] {dag.py:3096} INFO - Sync 2 DAGs
[2025-05-06T18:56:57.689-0500] {logging_mixin.py:188} INFO - [2025-05-06T18:56:57.689-0500] {dag.py:3954} INFO - Setting next_dagrun for example_external_task_marker_child to None, run_after=None
[2025-05-06T18:56:57.690-0500] {logging_mixin.py:188} INFO - [2025-05-06T18:56:57.690-0500] {dag.py:3954} INFO - Setting next_dagrun for example_external_task_marker_parent to None, run_after=None
[2025-05-06T18:56:57.694-0500] {processor.py:183} INFO - Processing /Users/chakradharreddyvangala/venv/lib/python3.11/site-packages/airflow/example_dags/example_external_task_marker_dag.py took 0.041 seconds
[2025-05-06T18:58:22.161-0500] {processor.py:161} INFO - Started process (PID=63751) to work on /Users/chakradharreddyvangala/venv/lib/python3.11/site-packages/airflow/example_dags/example_external_task_marker_dag.py
[2025-05-06T18:58:22.161-0500] {processor.py:830} INFO - Processing file /Users/chakradharreddyvangala/venv/lib/python3.11/site-packages/airflow/example_dags/example_external_task_marker_dag.py for tasks to queue
[2025-05-06T18:58:22.162-0500] {logging_mixin.py:188} INFO - [2025-05-06T18:58:22.161-0500] {dagbag.py:545} INFO - Filling up the DagBag from /Users/chakradharreddyvangala/venv/lib/python3.11/site-packages/airflow/example_dags/example_external_task_marker_dag.py
[2025-05-06T18:58:22.167-0500] {processor.py:840} INFO - DAG(s) 'example_external_task_marker_child', 'example_external_task_marker_parent' retrieved from /Users/chakradharreddyvangala/venv/lib/python3.11/site-packages/airflow/example_dags/example_external_task_marker_dag.py
[2025-05-06T18:58:22.194-0500] {logging_mixin.py:188} INFO - [2025-05-06T18:58:22.194-0500] {dag.py:3096} INFO - Sync 2 DAGs
[2025-05-06T18:58:22.197-0500] {logging_mixin.py:188} INFO - [2025-05-06T18:58:22.197-0500] {dag.py:3954} INFO - Setting next_dagrun for example_external_task_marker_child to None, run_after=None
[2025-05-06T18:58:22.198-0500] {logging_mixin.py:188} INFO - [2025-05-06T18:58:22.198-0500] {dag.py:3954} INFO - Setting next_dagrun for example_external_task_marker_parent to None, run_after=None
[2025-05-06T18:58:22.202-0500] {processor.py:183} INFO - Processing /Users/chakradharreddyvangala/venv/lib/python3.11/site-packages/airflow/example_dags/example_external_task_marker_dag.py took 0.043 seconds
[2025-05-06T18:59:09.433-0500] {processor.py:161} INFO - Started process (PID=63832) to work on /Users/chakradharreddyvangala/venv/lib/python3.11/site-packages/airflow/example_dags/example_external_task_marker_dag.py
[2025-05-06T18:59:09.434-0500] {processor.py:830} INFO - Processing file /Users/chakradharreddyvangala/venv/lib/python3.11/site-packages/airflow/example_dags/example_external_task_marker_dag.py for tasks to queue
[2025-05-06T18:59:09.434-0500] {logging_mixin.py:188} INFO - [2025-05-06T18:59:09.434-0500] {dagbag.py:545} INFO - Filling up the DagBag from /Users/chakradharreddyvangala/venv/lib/python3.11/site-packages/airflow/example_dags/example_external_task_marker_dag.py
[2025-05-06T18:59:09.439-0500] {processor.py:840} INFO - DAG(s) 'example_external_task_marker_parent', 'example_external_task_marker_child' retrieved from /Users/chakradharreddyvangala/venv/lib/python3.11/site-packages/airflow/example_dags/example_external_task_marker_dag.py
[2025-05-06T18:59:09.468-0500] {logging_mixin.py:188} INFO - [2025-05-06T18:59:09.468-0500] {dag.py:3096} INFO - Sync 2 DAGs
[2025-05-06T18:59:09.470-0500] {logging_mixin.py:188} INFO - [2025-05-06T18:59:09.470-0500] {dag.py:3954} INFO - Setting next_dagrun for example_external_task_marker_child to None, run_after=None
[2025-05-06T18:59:09.472-0500] {logging_mixin.py:188} INFO - [2025-05-06T18:59:09.472-0500] {dag.py:3954} INFO - Setting next_dagrun for example_external_task_marker_parent to None, run_after=None
[2025-05-06T18:59:09.476-0500] {processor.py:183} INFO - Processing /Users/chakradharreddyvangala/venv/lib/python3.11/site-packages/airflow/example_dags/example_external_task_marker_dag.py took 0.044 seconds
