[2025-05-06T18:46:47.099-0500] {processor.py:161} INFO - Started process (PID=62989) to work on /Users/chakradharreddyvangala/venv/lib/python3.11/site-packages/airflow/example_dags/example_kubernetes_executor.py
[2025-05-06T18:46:47.100-0500] {processor.py:830} INFO - Processing file /Users/chakradharreddyvangala/venv/lib/python3.11/site-packages/airflow/example_dags/example_kubernetes_executor.py for tasks to queue
[2025-05-06T18:46:47.100-0500] {logging_mixin.py:188} INFO - [2025-05-06T18:46:47.100-0500] {dagbag.py:545} INFO - Filling up the DagBag from /Users/chakradharreddyvangala/venv/lib/python3.11/site-packages/airflow/example_dags/example_kubernetes_executor.py
[2025-05-06T18:46:47.110-0500] {logging_mixin.py:188} INFO - [2025-05-06T18:46:47.110-0500] {example_kubernetes_executor.py:39} WARNING - The example_kubernetes_executor example DAG requires the kubernetes provider. Please install it with: pip install apache-airflow[cncf.kubernetes]
[2025-05-06T18:46:47.110-0500] {processor.py:842} WARNING - No viable dags retrieved from /Users/chakradharreddyvangala/venv/lib/python3.11/site-packages/airflow/example_dags/example_kubernetes_executor.py
[2025-05-06T18:46:47.128-0500] {processor.py:183} INFO - Processing /Users/chakradharreddyvangala/venv/lib/python3.11/site-packages/airflow/example_dags/example_kubernetes_executor.py took 0.030 seconds
[2025-05-06T18:48:10.521-0500] {processor.py:161} INFO - Started process (PID=63068) to work on /Users/chakradharreddyvangala/venv/lib/python3.11/site-packages/airflow/example_dags/example_kubernetes_executor.py
[2025-05-06T18:48:10.521-0500] {processor.py:830} INFO - Processing file /Users/chakradharreddyvangala/venv/lib/python3.11/site-packages/airflow/example_dags/example_kubernetes_executor.py for tasks to queue
[2025-05-06T18:48:10.521-0500] {logging_mixin.py:188} INFO - [2025-05-06T18:48:10.521-0500] {dagbag.py:545} INFO - Filling up the DagBag from /Users/chakradharreddyvangala/venv/lib/python3.11/site-packages/airflow/example_dags/example_kubernetes_executor.py
[2025-05-06T18:48:10.531-0500] {logging_mixin.py:188} INFO - [2025-05-06T18:48:10.531-0500] {example_kubernetes_executor.py:39} WARNING - The example_kubernetes_executor example DAG requires the kubernetes provider. Please install it with: pip install apache-airflow[cncf.kubernetes]
[2025-05-06T18:48:10.531-0500] {processor.py:842} WARNING - No viable dags retrieved from /Users/chakradharreddyvangala/venv/lib/python3.11/site-packages/airflow/example_dags/example_kubernetes_executor.py
[2025-05-06T18:48:10.552-0500] {processor.py:183} INFO - Processing /Users/chakradharreddyvangala/venv/lib/python3.11/site-packages/airflow/example_dags/example_kubernetes_executor.py took 0.033 seconds
[2025-05-06T18:49:34.098-0500] {processor.py:161} INFO - Started process (PID=63149) to work on /Users/chakradharreddyvangala/venv/lib/python3.11/site-packages/airflow/example_dags/example_kubernetes_executor.py
[2025-05-06T18:49:34.099-0500] {processor.py:830} INFO - Processing file /Users/chakradharreddyvangala/venv/lib/python3.11/site-packages/airflow/example_dags/example_kubernetes_executor.py for tasks to queue
[2025-05-06T18:49:34.100-0500] {logging_mixin.py:188} INFO - [2025-05-06T18:49:34.099-0500] {dagbag.py:545} INFO - Filling up the DagBag from /Users/chakradharreddyvangala/venv/lib/python3.11/site-packages/airflow/example_dags/example_kubernetes_executor.py
[2025-05-06T18:49:34.109-0500] {logging_mixin.py:188} INFO - [2025-05-06T18:49:34.109-0500] {example_kubernetes_executor.py:39} WARNING - The example_kubernetes_executor example DAG requires the kubernetes provider. Please install it with: pip install apache-airflow[cncf.kubernetes]
[2025-05-06T18:49:34.110-0500] {processor.py:842} WARNING - No viable dags retrieved from /Users/chakradharreddyvangala/venv/lib/python3.11/site-packages/airflow/example_dags/example_kubernetes_executor.py
[2025-05-06T18:49:34.129-0500] {processor.py:183} INFO - Processing /Users/chakradharreddyvangala/venv/lib/python3.11/site-packages/airflow/example_dags/example_kubernetes_executor.py took 0.032 seconds
[2025-05-06T18:51:11.891-0500] {processor.py:161} INFO - Started process (PID=63278) to work on /Users/chakradharreddyvangala/venv/lib/python3.11/site-packages/airflow/example_dags/example_kubernetes_executor.py
[2025-05-06T18:51:11.892-0500] {processor.py:830} INFO - Processing file /Users/chakradharreddyvangala/venv/lib/python3.11/site-packages/airflow/example_dags/example_kubernetes_executor.py for tasks to queue
[2025-05-06T18:51:11.892-0500] {logging_mixin.py:188} INFO - [2025-05-06T18:51:11.892-0500] {dagbag.py:545} INFO - Filling up the DagBag from /Users/chakradharreddyvangala/venv/lib/python3.11/site-packages/airflow/example_dags/example_kubernetes_executor.py
[2025-05-06T18:51:11.905-0500] {logging_mixin.py:188} INFO - [2025-05-06T18:51:11.905-0500] {example_kubernetes_executor.py:39} WARNING - The example_kubernetes_executor example DAG requires the kubernetes provider. Please install it with: pip install apache-airflow[cncf.kubernetes]
[2025-05-06T18:51:11.905-0500] {processor.py:842} WARNING - No viable dags retrieved from /Users/chakradharreddyvangala/venv/lib/python3.11/site-packages/airflow/example_dags/example_kubernetes_executor.py
[2025-05-06T18:51:11.934-0500] {processor.py:183} INFO - Processing /Users/chakradharreddyvangala/venv/lib/python3.11/site-packages/airflow/example_dags/example_kubernetes_executor.py took 0.047 seconds
[2025-05-06T18:52:37.009-0500] {processor.py:161} INFO - Started process (PID=63373) to work on /Users/chakradharreddyvangala/venv/lib/python3.11/site-packages/airflow/example_dags/example_kubernetes_executor.py
[2025-05-06T18:52:37.010-0500] {processor.py:830} INFO - Processing file /Users/chakradharreddyvangala/venv/lib/python3.11/site-packages/airflow/example_dags/example_kubernetes_executor.py for tasks to queue
[2025-05-06T18:52:37.010-0500] {logging_mixin.py:188} INFO - [2025-05-06T18:52:37.010-0500] {dagbag.py:545} INFO - Filling up the DagBag from /Users/chakradharreddyvangala/venv/lib/python3.11/site-packages/airflow/example_dags/example_kubernetes_executor.py
[2025-05-06T18:52:37.020-0500] {logging_mixin.py:188} INFO - [2025-05-06T18:52:37.020-0500] {example_kubernetes_executor.py:39} WARNING - The example_kubernetes_executor example DAG requires the kubernetes provider. Please install it with: pip install apache-airflow[cncf.kubernetes]
[2025-05-06T18:52:37.020-0500] {processor.py:842} WARNING - No viable dags retrieved from /Users/chakradharreddyvangala/venv/lib/python3.11/site-packages/airflow/example_dags/example_kubernetes_executor.py
[2025-05-06T18:52:37.040-0500] {processor.py:183} INFO - Processing /Users/chakradharreddyvangala/venv/lib/python3.11/site-packages/airflow/example_dags/example_kubernetes_executor.py took 0.031 seconds
[2025-05-06T18:54:04.328-0500] {processor.py:161} INFO - Started process (PID=63488) to work on /Users/chakradharreddyvangala/venv/lib/python3.11/site-packages/airflow/example_dags/example_kubernetes_executor.py
[2025-05-06T18:54:04.329-0500] {processor.py:830} INFO - Processing file /Users/chakradharreddyvangala/venv/lib/python3.11/site-packages/airflow/example_dags/example_kubernetes_executor.py for tasks to queue
[2025-05-06T18:54:04.329-0500] {logging_mixin.py:188} INFO - [2025-05-06T18:54:04.329-0500] {dagbag.py:545} INFO - Filling up the DagBag from /Users/chakradharreddyvangala/venv/lib/python3.11/site-packages/airflow/example_dags/example_kubernetes_executor.py
[2025-05-06T18:54:04.339-0500] {logging_mixin.py:188} INFO - [2025-05-06T18:54:04.339-0500] {example_kubernetes_executor.py:39} WARNING - The example_kubernetes_executor example DAG requires the kubernetes provider. Please install it with: pip install apache-airflow[cncf.kubernetes]
[2025-05-06T18:54:04.339-0500] {processor.py:842} WARNING - No viable dags retrieved from /Users/chakradharreddyvangala/venv/lib/python3.11/site-packages/airflow/example_dags/example_kubernetes_executor.py
[2025-05-06T18:54:04.360-0500] {processor.py:183} INFO - Processing /Users/chakradharreddyvangala/venv/lib/python3.11/site-packages/airflow/example_dags/example_kubernetes_executor.py took 0.033 seconds
[2025-05-06T18:55:31.823-0500] {processor.py:161} INFO - Started process (PID=63566) to work on /Users/chakradharreddyvangala/venv/lib/python3.11/site-packages/airflow/example_dags/example_kubernetes_executor.py
[2025-05-06T18:55:31.823-0500] {processor.py:830} INFO - Processing file /Users/chakradharreddyvangala/venv/lib/python3.11/site-packages/airflow/example_dags/example_kubernetes_executor.py for tasks to queue
[2025-05-06T18:55:31.823-0500] {logging_mixin.py:188} INFO - [2025-05-06T18:55:31.823-0500] {dagbag.py:545} INFO - Filling up the DagBag from /Users/chakradharreddyvangala/venv/lib/python3.11/site-packages/airflow/example_dags/example_kubernetes_executor.py
[2025-05-06T18:55:31.835-0500] {logging_mixin.py:188} INFO - [2025-05-06T18:55:31.834-0500] {example_kubernetes_executor.py:39} WARNING - The example_kubernetes_executor example DAG requires the kubernetes provider. Please install it with: pip install apache-airflow[cncf.kubernetes]
[2025-05-06T18:55:31.835-0500] {processor.py:842} WARNING - No viable dags retrieved from /Users/chakradharreddyvangala/venv/lib/python3.11/site-packages/airflow/example_dags/example_kubernetes_executor.py
[2025-05-06T18:55:31.855-0500] {processor.py:183} INFO - Processing /Users/chakradharreddyvangala/venv/lib/python3.11/site-packages/airflow/example_dags/example_kubernetes_executor.py took 0.034 seconds
[2025-05-06T18:56:57.014-0500] {processor.py:161} INFO - Started process (PID=63669) to work on /Users/chakradharreddyvangala/venv/lib/python3.11/site-packages/airflow/example_dags/example_kubernetes_executor.py
[2025-05-06T18:56:57.014-0500] {processor.py:830} INFO - Processing file /Users/chakradharreddyvangala/venv/lib/python3.11/site-packages/airflow/example_dags/example_kubernetes_executor.py for tasks to queue
[2025-05-06T18:56:57.015-0500] {logging_mixin.py:188} INFO - [2025-05-06T18:56:57.015-0500] {dagbag.py:545} INFO - Filling up the DagBag from /Users/chakradharreddyvangala/venv/lib/python3.11/site-packages/airflow/example_dags/example_kubernetes_executor.py
[2025-05-06T18:56:57.027-0500] {logging_mixin.py:188} INFO - [2025-05-06T18:56:57.027-0500] {example_kubernetes_executor.py:39} WARNING - The example_kubernetes_executor example DAG requires the kubernetes provider. Please install it with: pip install apache-airflow[cncf.kubernetes]
[2025-05-06T18:56:57.027-0500] {processor.py:842} WARNING - No viable dags retrieved from /Users/chakradharreddyvangala/venv/lib/python3.11/site-packages/airflow/example_dags/example_kubernetes_executor.py
[2025-05-06T18:56:57.047-0500] {processor.py:183} INFO - Processing /Users/chakradharreddyvangala/venv/lib/python3.11/site-packages/airflow/example_dags/example_kubernetes_executor.py took 0.036 seconds
[2025-05-06T18:58:20.660-0500] {processor.py:161} INFO - Started process (PID=63749) to work on /Users/chakradharreddyvangala/venv/lib/python3.11/site-packages/airflow/example_dags/example_kubernetes_executor.py
[2025-05-06T18:58:20.661-0500] {processor.py:830} INFO - Processing file /Users/chakradharreddyvangala/venv/lib/python3.11/site-packages/airflow/example_dags/example_kubernetes_executor.py for tasks to queue
[2025-05-06T18:58:20.662-0500] {logging_mixin.py:188} INFO - [2025-05-06T18:58:20.662-0500] {dagbag.py:545} INFO - Filling up the DagBag from /Users/chakradharreddyvangala/venv/lib/python3.11/site-packages/airflow/example_dags/example_kubernetes_executor.py
[2025-05-06T18:58:20.672-0500] {logging_mixin.py:188} INFO - [2025-05-06T18:58:20.672-0500] {example_kubernetes_executor.py:39} WARNING - The example_kubernetes_executor example DAG requires the kubernetes provider. Please install it with: pip install apache-airflow[cncf.kubernetes]
[2025-05-06T18:58:20.672-0500] {processor.py:842} WARNING - No viable dags retrieved from /Users/chakradharreddyvangala/venv/lib/python3.11/site-packages/airflow/example_dags/example_kubernetes_executor.py
[2025-05-06T18:58:20.692-0500] {processor.py:183} INFO - Processing /Users/chakradharreddyvangala/venv/lib/python3.11/site-packages/airflow/example_dags/example_kubernetes_executor.py took 0.033 seconds
[2025-05-06T18:59:08.198-0500] {processor.py:161} INFO - Started process (PID=63830) to work on /Users/chakradharreddyvangala/venv/lib/python3.11/site-packages/airflow/example_dags/example_kubernetes_executor.py
[2025-05-06T18:59:08.199-0500] {processor.py:830} INFO - Processing file /Users/chakradharreddyvangala/venv/lib/python3.11/site-packages/airflow/example_dags/example_kubernetes_executor.py for tasks to queue
[2025-05-06T18:59:08.199-0500] {logging_mixin.py:188} INFO - [2025-05-06T18:59:08.199-0500] {dagbag.py:545} INFO - Filling up the DagBag from /Users/chakradharreddyvangala/venv/lib/python3.11/site-packages/airflow/example_dags/example_kubernetes_executor.py
[2025-05-06T18:59:08.210-0500] {logging_mixin.py:188} INFO - [2025-05-06T18:59:08.209-0500] {example_kubernetes_executor.py:39} WARNING - The example_kubernetes_executor example DAG requires the kubernetes provider. Please install it with: pip install apache-airflow[cncf.kubernetes]
[2025-05-06T18:59:08.210-0500] {processor.py:842} WARNING - No viable dags retrieved from /Users/chakradharreddyvangala/venv/lib/python3.11/site-packages/airflow/example_dags/example_kubernetes_executor.py
[2025-05-06T18:59:08.230-0500] {processor.py:183} INFO - Processing /Users/chakradharreddyvangala/venv/lib/python3.11/site-packages/airflow/example_dags/example_kubernetes_executor.py took 0.033 seconds
