[2025-05-06T18:46:30.125-0500] {processor.py:161} INFO - Started process (PID=62972) to work on /Users/chakradharreddyvangala/venv/lib/python3.11/site-packages/airflow/example_dags/example_setup_teardown.py
[2025-05-06T18:46:30.148-0500] {processor.py:830} INFO - Processing file /Users/chakradharreddyvangala/venv/lib/python3.11/site-packages/airflow/example_dags/example_setup_teardown.py for tasks to queue
[2025-05-06T18:46:30.150-0500] {logging_mixin.py:188} INFO - [2025-05-06T18:46:30.149-0500] {dagbag.py:545} INFO - Filling up the DagBag from /Users/chakradharreddyvangala/venv/lib/python3.11/site-packages/airflow/example_dags/example_setup_teardown.py
[2025-05-06T18:46:30.167-0500] {processor.py:840} INFO - DAG(s) 'example_setup_teardown' retrieved from /Users/chakradharreddyvangala/venv/lib/python3.11/site-packages/airflow/example_dags/example_setup_teardown.py
[2025-05-06T18:46:30.333-0500] {logging_mixin.py:188} INFO - [2025-05-06T18:46:30.333-0500] {override.py:1829} INFO - Created Permission View: can read on DAG:example_setup_teardown
[2025-05-06T18:46:30.336-0500] {logging_mixin.py:188} INFO - [2025-05-06T18:46:30.336-0500] {override.py:1829} INFO - Created Permission View: can delete on DAG:example_setup_teardown
[2025-05-06T18:46:30.337-0500] {logging_mixin.py:188} INFO - [2025-05-06T18:46:30.337-0500] {override.py:1829} INFO - Created Permission View: can edit on DAG:example_setup_teardown
[2025-05-06T18:46:30.337-0500] {logging_mixin.py:188} INFO - [2025-05-06T18:46:30.337-0500] {dag.py:3096} INFO - Sync 1 DAGs
[2025-05-06T18:46:30.340-0500] {logging_mixin.py:188} INFO - [2025-05-06T18:46:30.340-0500] {dag.py:3118} INFO - Creating ORM DAG for example_setup_teardown
[2025-05-06T18:46:30.342-0500] {logging_mixin.py:188} INFO - [2025-05-06T18:46:30.342-0500] {dag.py:3954} INFO - Setting next_dagrun for example_setup_teardown to 2025-05-05 00:00:00+00:00, run_after=2025-05-06 00:00:00+00:00
[2025-05-06T18:46:30.347-0500] {processor.py:183} INFO - Processing /Users/chakradharreddyvangala/venv/lib/python3.11/site-packages/airflow/example_dags/example_setup_teardown.py took 0.229 seconds
[2025-05-06T18:47:43.209-0500] {processor.py:161} INFO - Started process (PID=63037) to work on /Users/chakradharreddyvangala/venv/lib/python3.11/site-packages/airflow/example_dags/example_setup_teardown.py
[2025-05-06T18:47:43.210-0500] {processor.py:830} INFO - Processing file /Users/chakradharreddyvangala/venv/lib/python3.11/site-packages/airflow/example_dags/example_setup_teardown.py for tasks to queue
[2025-05-06T18:47:43.210-0500] {logging_mixin.py:188} INFO - [2025-05-06T18:47:43.210-0500] {dagbag.py:545} INFO - Filling up the DagBag from /Users/chakradharreddyvangala/venv/lib/python3.11/site-packages/airflow/example_dags/example_setup_teardown.py
[2025-05-06T18:47:43.213-0500] {processor.py:840} INFO - DAG(s) 'example_setup_teardown' retrieved from /Users/chakradharreddyvangala/venv/lib/python3.11/site-packages/airflow/example_dags/example_setup_teardown.py
[2025-05-06T18:47:43.239-0500] {logging_mixin.py:188} INFO - [2025-05-06T18:47:43.239-0500] {dag.py:3096} INFO - Sync 1 DAGs
[2025-05-06T18:47:43.244-0500] {logging_mixin.py:188} INFO - [2025-05-06T18:47:43.244-0500] {dag.py:3954} INFO - Setting next_dagrun for example_setup_teardown to 2025-05-05 00:00:00+00:00, run_after=2025-05-06 00:00:00+00:00
[2025-05-06T18:47:43.249-0500] {processor.py:183} INFO - Processing /Users/chakradharreddyvangala/venv/lib/python3.11/site-packages/airflow/example_dags/example_setup_teardown.py took 0.043 seconds
[2025-05-06T18:49:04.740-0500] {processor.py:161} INFO - Started process (PID=63123) to work on /Users/chakradharreddyvangala/venv/lib/python3.11/site-packages/airflow/example_dags/example_setup_teardown.py
[2025-05-06T18:49:04.741-0500] {processor.py:830} INFO - Processing file /Users/chakradharreddyvangala/venv/lib/python3.11/site-packages/airflow/example_dags/example_setup_teardown.py for tasks to queue
[2025-05-06T18:49:04.741-0500] {logging_mixin.py:188} INFO - [2025-05-06T18:49:04.741-0500] {dagbag.py:545} INFO - Filling up the DagBag from /Users/chakradharreddyvangala/venv/lib/python3.11/site-packages/airflow/example_dags/example_setup_teardown.py
[2025-05-06T18:49:04.744-0500] {processor.py:840} INFO - DAG(s) 'example_setup_teardown' retrieved from /Users/chakradharreddyvangala/venv/lib/python3.11/site-packages/airflow/example_dags/example_setup_teardown.py
[2025-05-06T18:49:04.769-0500] {logging_mixin.py:188} INFO - [2025-05-06T18:49:04.768-0500] {dag.py:3096} INFO - Sync 1 DAGs
[2025-05-06T18:49:04.773-0500] {logging_mixin.py:188} INFO - [2025-05-06T18:49:04.773-0500] {dag.py:3954} INFO - Setting next_dagrun for example_setup_teardown to 2025-05-05 00:00:00+00:00, run_after=2025-05-06 00:00:00+00:00
[2025-05-06T18:49:04.778-0500] {processor.py:183} INFO - Processing /Users/chakradharreddyvangala/venv/lib/python3.11/site-packages/airflow/example_dags/example_setup_teardown.py took 0.038 seconds
[2025-05-06T18:50:37.608-0500] {processor.py:161} INFO - Started process (PID=63243) to work on /Users/chakradharreddyvangala/venv/lib/python3.11/site-packages/airflow/example_dags/example_setup_teardown.py
[2025-05-06T18:50:37.610-0500] {processor.py:830} INFO - Processing file /Users/chakradharreddyvangala/venv/lib/python3.11/site-packages/airflow/example_dags/example_setup_teardown.py for tasks to queue
[2025-05-06T18:50:37.610-0500] {logging_mixin.py:188} INFO - [2025-05-06T18:50:37.610-0500] {dagbag.py:545} INFO - Filling up the DagBag from /Users/chakradharreddyvangala/venv/lib/python3.11/site-packages/airflow/example_dags/example_setup_teardown.py
[2025-05-06T18:50:37.615-0500] {processor.py:840} INFO - DAG(s) 'example_setup_teardown' retrieved from /Users/chakradharreddyvangala/venv/lib/python3.11/site-packages/airflow/example_dags/example_setup_teardown.py
[2025-05-06T18:50:37.648-0500] {logging_mixin.py:188} INFO - [2025-05-06T18:50:37.648-0500] {dag.py:3096} INFO - Sync 1 DAGs
[2025-05-06T18:50:37.653-0500] {logging_mixin.py:188} INFO - [2025-05-06T18:50:37.653-0500] {dag.py:3954} INFO - Setting next_dagrun for example_setup_teardown to 2025-05-05 00:00:00+00:00, run_after=2025-05-06 00:00:00+00:00
[2025-05-06T18:50:37.658-0500] {processor.py:183} INFO - Processing /Users/chakradharreddyvangala/venv/lib/python3.11/site-packages/airflow/example_dags/example_setup_teardown.py took 0.051 seconds
[2025-05-06T18:52:05.485-0500] {processor.py:161} INFO - Started process (PID=63329) to work on /Users/chakradharreddyvangala/venv/lib/python3.11/site-packages/airflow/example_dags/example_setup_teardown.py
[2025-05-06T18:52:05.486-0500] {processor.py:830} INFO - Processing file /Users/chakradharreddyvangala/venv/lib/python3.11/site-packages/airflow/example_dags/example_setup_teardown.py for tasks to queue
[2025-05-06T18:52:05.486-0500] {logging_mixin.py:188} INFO - [2025-05-06T18:52:05.486-0500] {dagbag.py:545} INFO - Filling up the DagBag from /Users/chakradharreddyvangala/venv/lib/python3.11/site-packages/airflow/example_dags/example_setup_teardown.py
[2025-05-06T18:52:05.488-0500] {processor.py:840} INFO - DAG(s) 'example_setup_teardown' retrieved from /Users/chakradharreddyvangala/venv/lib/python3.11/site-packages/airflow/example_dags/example_setup_teardown.py
[2025-05-06T18:52:05.514-0500] {logging_mixin.py:188} INFO - [2025-05-06T18:52:05.514-0500] {dag.py:3096} INFO - Sync 1 DAGs
[2025-05-06T18:52:05.518-0500] {logging_mixin.py:188} INFO - [2025-05-06T18:52:05.518-0500] {dag.py:3954} INFO - Setting next_dagrun for example_setup_teardown to 2025-05-05 00:00:00+00:00, run_after=2025-05-06 00:00:00+00:00
[2025-05-06T18:52:05.523-0500] {processor.py:183} INFO - Processing /Users/chakradharreddyvangala/venv/lib/python3.11/site-packages/airflow/example_dags/example_setup_teardown.py took 0.039 seconds
[2025-05-06T18:53:29.887-0500] {processor.py:161} INFO - Started process (PID=63438) to work on /Users/chakradharreddyvangala/venv/lib/python3.11/site-packages/airflow/example_dags/example_setup_teardown.py
[2025-05-06T18:53:29.887-0500] {processor.py:830} INFO - Processing file /Users/chakradharreddyvangala/venv/lib/python3.11/site-packages/airflow/example_dags/example_setup_teardown.py for tasks to queue
[2025-05-06T18:53:29.888-0500] {logging_mixin.py:188} INFO - [2025-05-06T18:53:29.887-0500] {dagbag.py:545} INFO - Filling up the DagBag from /Users/chakradharreddyvangala/venv/lib/python3.11/site-packages/airflow/example_dags/example_setup_teardown.py
[2025-05-06T18:53:29.891-0500] {processor.py:840} INFO - DAG(s) 'example_setup_teardown' retrieved from /Users/chakradharreddyvangala/venv/lib/python3.11/site-packages/airflow/example_dags/example_setup_teardown.py
[2025-05-06T18:53:29.894-0500] {logging_mixin.py:188} INFO - [2025-05-06T18:53:29.894-0500] {dag.py:3096} INFO - Sync 1 DAGs
[2025-05-06T18:53:29.917-0500] {logging_mixin.py:188} INFO - [2025-05-06T18:53:29.917-0500] {dag.py:3954} INFO - Setting next_dagrun for example_setup_teardown to 2025-05-05 00:00:00+00:00, run_after=2025-05-06 00:00:00+00:00
[2025-05-06T18:53:29.922-0500] {processor.py:183} INFO - Processing /Users/chakradharreddyvangala/venv/lib/python3.11/site-packages/airflow/example_dags/example_setup_teardown.py took 0.036 seconds
[2025-05-06T18:54:58.538-0500] {processor.py:161} INFO - Started process (PID=63536) to work on /Users/chakradharreddyvangala/venv/lib/python3.11/site-packages/airflow/example_dags/example_setup_teardown.py
[2025-05-06T18:54:58.540-0500] {processor.py:830} INFO - Processing file /Users/chakradharreddyvangala/venv/lib/python3.11/site-packages/airflow/example_dags/example_setup_teardown.py for tasks to queue
[2025-05-06T18:54:58.540-0500] {logging_mixin.py:188} INFO - [2025-05-06T18:54:58.540-0500] {dagbag.py:545} INFO - Filling up the DagBag from /Users/chakradharreddyvangala/venv/lib/python3.11/site-packages/airflow/example_dags/example_setup_teardown.py
[2025-05-06T18:54:58.543-0500] {processor.py:840} INFO - DAG(s) 'example_setup_teardown' retrieved from /Users/chakradharreddyvangala/venv/lib/python3.11/site-packages/airflow/example_dags/example_setup_teardown.py
[2025-05-06T18:54:58.595-0500] {logging_mixin.py:188} INFO - [2025-05-06T18:54:58.595-0500] {dag.py:3096} INFO - Sync 1 DAGs
[2025-05-06T18:54:58.600-0500] {logging_mixin.py:188} INFO - [2025-05-06T18:54:58.600-0500] {dag.py:3954} INFO - Setting next_dagrun for example_setup_teardown to 2025-05-05 00:00:00+00:00, run_after=2025-05-06 00:00:00+00:00
[2025-05-06T18:54:58.605-0500] {processor.py:183} INFO - Processing /Users/chakradharreddyvangala/venv/lib/python3.11/site-packages/airflow/example_dags/example_setup_teardown.py took 0.068 seconds
[2025-05-06T18:56:24.426-0500] {processor.py:161} INFO - Started process (PID=63623) to work on /Users/chakradharreddyvangala/venv/lib/python3.11/site-packages/airflow/example_dags/example_setup_teardown.py
[2025-05-06T18:56:24.427-0500] {processor.py:830} INFO - Processing file /Users/chakradharreddyvangala/venv/lib/python3.11/site-packages/airflow/example_dags/example_setup_teardown.py for tasks to queue
[2025-05-06T18:56:24.427-0500] {logging_mixin.py:188} INFO - [2025-05-06T18:56:24.427-0500] {dagbag.py:545} INFO - Filling up the DagBag from /Users/chakradharreddyvangala/venv/lib/python3.11/site-packages/airflow/example_dags/example_setup_teardown.py
[2025-05-06T18:56:24.429-0500] {processor.py:840} INFO - DAG(s) 'example_setup_teardown' retrieved from /Users/chakradharreddyvangala/venv/lib/python3.11/site-packages/airflow/example_dags/example_setup_teardown.py
[2025-05-06T18:56:24.455-0500] {logging_mixin.py:188} INFO - [2025-05-06T18:56:24.454-0500] {dag.py:3096} INFO - Sync 1 DAGs
[2025-05-06T18:56:24.459-0500] {logging_mixin.py:188} INFO - [2025-05-06T18:56:24.459-0500] {dag.py:3954} INFO - Setting next_dagrun for example_setup_teardown to 2025-05-05 00:00:00+00:00, run_after=2025-05-06 00:00:00+00:00
[2025-05-06T18:56:24.464-0500] {processor.py:183} INFO - Processing /Users/chakradharreddyvangala/venv/lib/python3.11/site-packages/airflow/example_dags/example_setup_teardown.py took 0.039 seconds
[2025-05-06T18:57:48.442-0500] {processor.py:161} INFO - Started process (PID=63713) to work on /Users/chakradharreddyvangala/venv/lib/python3.11/site-packages/airflow/example_dags/example_setup_teardown.py
[2025-05-06T18:57:48.443-0500] {processor.py:830} INFO - Processing file /Users/chakradharreddyvangala/venv/lib/python3.11/site-packages/airflow/example_dags/example_setup_teardown.py for tasks to queue
[2025-05-06T18:57:48.443-0500] {logging_mixin.py:188} INFO - [2025-05-06T18:57:48.443-0500] {dagbag.py:545} INFO - Filling up the DagBag from /Users/chakradharreddyvangala/venv/lib/python3.11/site-packages/airflow/example_dags/example_setup_teardown.py
[2025-05-06T18:57:48.446-0500] {processor.py:840} INFO - DAG(s) 'example_setup_teardown' retrieved from /Users/chakradharreddyvangala/venv/lib/python3.11/site-packages/airflow/example_dags/example_setup_teardown.py
[2025-05-06T18:57:48.472-0500] {logging_mixin.py:188} INFO - [2025-05-06T18:57:48.472-0500] {dag.py:3096} INFO - Sync 1 DAGs
[2025-05-06T18:57:48.476-0500] {logging_mixin.py:188} INFO - [2025-05-06T18:57:48.476-0500] {dag.py:3954} INFO - Setting next_dagrun for example_setup_teardown to 2025-05-05 00:00:00+00:00, run_after=2025-05-06 00:00:00+00:00
[2025-05-06T18:57:48.481-0500] {processor.py:183} INFO - Processing /Users/chakradharreddyvangala/venv/lib/python3.11/site-packages/airflow/example_dags/example_setup_teardown.py took 0.040 seconds
[2025-05-06T18:58:51.123-0500] {processor.py:161} INFO - Started process (PID=63809) to work on /Users/chakradharreddyvangala/venv/lib/python3.11/site-packages/airflow/example_dags/example_setup_teardown.py
[2025-05-06T18:58:51.124-0500] {processor.py:830} INFO - Processing file /Users/chakradharreddyvangala/venv/lib/python3.11/site-packages/airflow/example_dags/example_setup_teardown.py for tasks to queue
[2025-05-06T18:58:51.124-0500] {logging_mixin.py:188} INFO - [2025-05-06T18:58:51.124-0500] {dagbag.py:545} INFO - Filling up the DagBag from /Users/chakradharreddyvangala/venv/lib/python3.11/site-packages/airflow/example_dags/example_setup_teardown.py
[2025-05-06T18:58:51.127-0500] {processor.py:840} INFO - DAG(s) 'example_setup_teardown' retrieved from /Users/chakradharreddyvangala/venv/lib/python3.11/site-packages/airflow/example_dags/example_setup_teardown.py
[2025-05-06T18:58:51.156-0500] {logging_mixin.py:188} INFO - [2025-05-06T18:58:51.156-0500] {dag.py:3096} INFO - Sync 1 DAGs
[2025-05-06T18:58:51.162-0500] {logging_mixin.py:188} INFO - [2025-05-06T18:58:51.162-0500] {dag.py:3954} INFO - Setting next_dagrun for example_setup_teardown to 2025-05-05 00:00:00+00:00, run_after=2025-05-06 00:00:00+00:00
[2025-05-06T18:58:51.167-0500] {processor.py:183} INFO - Processing /Users/chakradharreddyvangala/venv/lib/python3.11/site-packages/airflow/example_dags/example_setup_teardown.py took 0.045 seconds
