[2025-05-06T18:46:51.329-0500] {processor.py:161} INFO - Started process (PID=62992) to work on /Users/chakradharreddyvangala/venv/lib/python3.11/site-packages/airflow/example_dags/example_dynamic_task_mapping.py
[2025-05-06T18:46:51.329-0500] {processor.py:830} INFO - Processing file /Users/chakradharreddyvangala/venv/lib/python3.11/site-packages/airflow/example_dags/example_dynamic_task_mapping.py for tasks to queue
[2025-05-06T18:46:51.329-0500] {logging_mixin.py:188} INFO - [2025-05-06T18:46:51.329-0500] {dagbag.py:545} INFO - Filling up the DagBag from /Users/chakradharreddyvangala/venv/lib/python3.11/site-packages/airflow/example_dags/example_dynamic_task_mapping.py
[2025-05-06T18:46:51.340-0500] {processor.py:840} INFO - DAG(s) 'example_dynamic_task_mapping' retrieved from /Users/chakradharreddyvangala/venv/lib/python3.11/site-packages/airflow/example_dags/example_dynamic_task_mapping.py
[2025-05-06T18:46:51.409-0500] {logging_mixin.py:188} INFO - [2025-05-06T18:46:51.409-0500] {override.py:1829} INFO - Created Permission View: can delete on DAG:example_dynamic_task_mapping
[2025-05-06T18:46:51.412-0500] {logging_mixin.py:188} INFO - [2025-05-06T18:46:51.412-0500] {override.py:1829} INFO - Created Permission View: can edit on DAG:example_dynamic_task_mapping
[2025-05-06T18:46:51.413-0500] {logging_mixin.py:188} INFO - [2025-05-06T18:46:51.413-0500] {override.py:1829} INFO - Created Permission View: can read on DAG:example_dynamic_task_mapping
[2025-05-06T18:46:51.413-0500] {logging_mixin.py:188} INFO - [2025-05-06T18:46:51.413-0500] {dag.py:3096} INFO - Sync 1 DAGs
[2025-05-06T18:46:51.436-0500] {logging_mixin.py:188} INFO - [2025-05-06T18:46:51.436-0500] {dag.py:3118} INFO - Creating ORM DAG for example_dynamic_task_mapping
[2025-05-06T18:46:51.438-0500] {logging_mixin.py:188} INFO - [2025-05-06T18:46:51.438-0500] {dag.py:3954} INFO - Setting next_dagrun for example_dynamic_task_mapping to 2022-03-04 00:00:00+00:00, run_after=2022-03-05 00:00:00+00:00
[2025-05-06T18:46:51.443-0500] {processor.py:183} INFO - Processing /Users/chakradharreddyvangala/venv/lib/python3.11/site-packages/airflow/example_dags/example_dynamic_task_mapping.py took 0.116 seconds
[2025-05-06T18:48:14.511-0500] {processor.py:161} INFO - Started process (PID=63075) to work on /Users/chakradharreddyvangala/venv/lib/python3.11/site-packages/airflow/example_dags/example_dynamic_task_mapping.py
[2025-05-06T18:48:14.511-0500] {processor.py:830} INFO - Processing file /Users/chakradharreddyvangala/venv/lib/python3.11/site-packages/airflow/example_dags/example_dynamic_task_mapping.py for tasks to queue
[2025-05-06T18:48:14.511-0500] {logging_mixin.py:188} INFO - [2025-05-06T18:48:14.511-0500] {dagbag.py:545} INFO - Filling up the DagBag from /Users/chakradharreddyvangala/venv/lib/python3.11/site-packages/airflow/example_dags/example_dynamic_task_mapping.py
[2025-05-06T18:48:14.522-0500] {processor.py:840} INFO - DAG(s) 'example_dynamic_task_mapping' retrieved from /Users/chakradharreddyvangala/venv/lib/python3.11/site-packages/airflow/example_dags/example_dynamic_task_mapping.py
[2025-05-06T18:48:14.546-0500] {logging_mixin.py:188} INFO - [2025-05-06T18:48:14.546-0500] {dag.py:3096} INFO - Sync 1 DAGs
[2025-05-06T18:48:14.550-0500] {logging_mixin.py:188} INFO - [2025-05-06T18:48:14.550-0500] {dag.py:3954} INFO - Setting next_dagrun for example_dynamic_task_mapping to 2022-03-04 00:00:00+00:00, run_after=2022-03-05 00:00:00+00:00
[2025-05-06T18:48:14.554-0500] {processor.py:183} INFO - Processing /Users/chakradharreddyvangala/venv/lib/python3.11/site-packages/airflow/example_dags/example_dynamic_task_mapping.py took 0.045 seconds
[2025-05-06T18:49:39.829-0500] {processor.py:161} INFO - Started process (PID=63170) to work on /Users/chakradharreddyvangala/venv/lib/python3.11/site-packages/airflow/example_dags/example_dynamic_task_mapping.py
[2025-05-06T18:49:39.829-0500] {processor.py:830} INFO - Processing file /Users/chakradharreddyvangala/venv/lib/python3.11/site-packages/airflow/example_dags/example_dynamic_task_mapping.py for tasks to queue
[2025-05-06T18:49:39.830-0500] {logging_mixin.py:188} INFO - [2025-05-06T18:49:39.829-0500] {dagbag.py:545} INFO - Filling up the DagBag from /Users/chakradharreddyvangala/venv/lib/python3.11/site-packages/airflow/example_dags/example_dynamic_task_mapping.py
[2025-05-06T18:49:39.843-0500] {processor.py:840} INFO - DAG(s) 'example_dynamic_task_mapping' retrieved from /Users/chakradharreddyvangala/venv/lib/python3.11/site-packages/airflow/example_dags/example_dynamic_task_mapping.py
[2025-05-06T18:49:39.870-0500] {logging_mixin.py:188} INFO - [2025-05-06T18:49:39.870-0500] {dag.py:3096} INFO - Sync 1 DAGs
[2025-05-06T18:49:39.875-0500] {logging_mixin.py:188} INFO - [2025-05-06T18:49:39.874-0500] {dag.py:3954} INFO - Setting next_dagrun for example_dynamic_task_mapping to 2022-03-04 00:00:00+00:00, run_after=2022-03-05 00:00:00+00:00
[2025-05-06T18:49:39.880-0500] {processor.py:183} INFO - Processing /Users/chakradharreddyvangala/venv/lib/python3.11/site-packages/airflow/example_dags/example_dynamic_task_mapping.py took 0.054 seconds
[2025-05-06T18:51:17.189-0500] {processor.py:161} INFO - Started process (PID=63282) to work on /Users/chakradharreddyvangala/venv/lib/python3.11/site-packages/airflow/example_dags/example_dynamic_task_mapping.py
[2025-05-06T18:51:17.190-0500] {processor.py:830} INFO - Processing file /Users/chakradharreddyvangala/venv/lib/python3.11/site-packages/airflow/example_dags/example_dynamic_task_mapping.py for tasks to queue
[2025-05-06T18:51:17.190-0500] {logging_mixin.py:188} INFO - [2025-05-06T18:51:17.190-0500] {dagbag.py:545} INFO - Filling up the DagBag from /Users/chakradharreddyvangala/venv/lib/python3.11/site-packages/airflow/example_dags/example_dynamic_task_mapping.py
[2025-05-06T18:51:17.203-0500] {processor.py:840} INFO - DAG(s) 'example_dynamic_task_mapping' retrieved from /Users/chakradharreddyvangala/venv/lib/python3.11/site-packages/airflow/example_dags/example_dynamic_task_mapping.py
[2025-05-06T18:51:17.235-0500] {logging_mixin.py:188} INFO - [2025-05-06T18:51:17.234-0500] {dag.py:3096} INFO - Sync 1 DAGs
[2025-05-06T18:51:17.239-0500] {logging_mixin.py:188} INFO - [2025-05-06T18:51:17.239-0500] {dag.py:3954} INFO - Setting next_dagrun for example_dynamic_task_mapping to 2022-03-04 00:00:00+00:00, run_after=2022-03-05 00:00:00+00:00
[2025-05-06T18:51:17.245-0500] {processor.py:183} INFO - Processing /Users/chakradharreddyvangala/venv/lib/python3.11/site-packages/airflow/example_dags/example_dynamic_task_mapping.py took 0.057 seconds
[2025-05-06T18:52:40.926-0500] {processor.py:161} INFO - Started process (PID=63377) to work on /Users/chakradharreddyvangala/venv/lib/python3.11/site-packages/airflow/example_dags/example_dynamic_task_mapping.py
[2025-05-06T18:52:40.927-0500] {processor.py:830} INFO - Processing file /Users/chakradharreddyvangala/venv/lib/python3.11/site-packages/airflow/example_dags/example_dynamic_task_mapping.py for tasks to queue
[2025-05-06T18:52:40.927-0500] {logging_mixin.py:188} INFO - [2025-05-06T18:52:40.927-0500] {dagbag.py:545} INFO - Filling up the DagBag from /Users/chakradharreddyvangala/venv/lib/python3.11/site-packages/airflow/example_dags/example_dynamic_task_mapping.py
[2025-05-06T18:52:40.965-0500] {processor.py:840} INFO - DAG(s) 'example_dynamic_task_mapping' retrieved from /Users/chakradharreddyvangala/venv/lib/python3.11/site-packages/airflow/example_dags/example_dynamic_task_mapping.py
[2025-05-06T18:52:40.993-0500] {logging_mixin.py:188} INFO - [2025-05-06T18:52:40.993-0500] {dag.py:3096} INFO - Sync 1 DAGs
[2025-05-06T18:52:40.998-0500] {logging_mixin.py:188} INFO - [2025-05-06T18:52:40.998-0500] {dag.py:3954} INFO - Setting next_dagrun for example_dynamic_task_mapping to 2022-03-04 00:00:00+00:00, run_after=2022-03-05 00:00:00+00:00
[2025-05-06T18:52:41.003-0500] {processor.py:183} INFO - Processing /Users/chakradharreddyvangala/venv/lib/python3.11/site-packages/airflow/example_dags/example_dynamic_task_mapping.py took 0.078 seconds
[2025-05-06T18:54:07.732-0500] {processor.py:161} INFO - Started process (PID=63492) to work on /Users/chakradharreddyvangala/venv/lib/python3.11/site-packages/airflow/example_dags/example_dynamic_task_mapping.py
[2025-05-06T18:54:07.733-0500] {processor.py:830} INFO - Processing file /Users/chakradharreddyvangala/venv/lib/python3.11/site-packages/airflow/example_dags/example_dynamic_task_mapping.py for tasks to queue
[2025-05-06T18:54:07.733-0500] {logging_mixin.py:188} INFO - [2025-05-06T18:54:07.733-0500] {dagbag.py:545} INFO - Filling up the DagBag from /Users/chakradharreddyvangala/venv/lib/python3.11/site-packages/airflow/example_dags/example_dynamic_task_mapping.py
[2025-05-06T18:54:07.744-0500] {processor.py:840} INFO - DAG(s) 'example_dynamic_task_mapping' retrieved from /Users/chakradharreddyvangala/venv/lib/python3.11/site-packages/airflow/example_dags/example_dynamic_task_mapping.py
[2025-05-06T18:54:07.791-0500] {logging_mixin.py:188} INFO - [2025-05-06T18:54:07.791-0500] {dag.py:3096} INFO - Sync 1 DAGs
[2025-05-06T18:54:07.815-0500] {logging_mixin.py:188} INFO - [2025-05-06T18:54:07.815-0500] {dag.py:3954} INFO - Setting next_dagrun for example_dynamic_task_mapping to 2022-03-04 00:00:00+00:00, run_after=2022-03-05 00:00:00+00:00
[2025-05-06T18:54:07.820-0500] {processor.py:183} INFO - Processing /Users/chakradharreddyvangala/venv/lib/python3.11/site-packages/airflow/example_dags/example_dynamic_task_mapping.py took 0.090 seconds
[2025-05-06T18:55:35.984-0500] {processor.py:161} INFO - Started process (PID=63569) to work on /Users/chakradharreddyvangala/venv/lib/python3.11/site-packages/airflow/example_dags/example_dynamic_task_mapping.py
[2025-05-06T18:55:35.985-0500] {processor.py:830} INFO - Processing file /Users/chakradharreddyvangala/venv/lib/python3.11/site-packages/airflow/example_dags/example_dynamic_task_mapping.py for tasks to queue
[2025-05-06T18:55:35.985-0500] {logging_mixin.py:188} INFO - [2025-05-06T18:55:35.985-0500] {dagbag.py:545} INFO - Filling up the DagBag from /Users/chakradharreddyvangala/venv/lib/python3.11/site-packages/airflow/example_dags/example_dynamic_task_mapping.py
[2025-05-06T18:55:35.998-0500] {processor.py:840} INFO - DAG(s) 'example_dynamic_task_mapping' retrieved from /Users/chakradharreddyvangala/venv/lib/python3.11/site-packages/airflow/example_dags/example_dynamic_task_mapping.py
[2025-05-06T18:55:36.028-0500] {logging_mixin.py:188} INFO - [2025-05-06T18:55:36.028-0500] {dag.py:3096} INFO - Sync 1 DAGs
[2025-05-06T18:55:36.033-0500] {logging_mixin.py:188} INFO - [2025-05-06T18:55:36.032-0500] {dag.py:3954} INFO - Setting next_dagrun for example_dynamic_task_mapping to 2022-03-04 00:00:00+00:00, run_after=2022-03-05 00:00:00+00:00
[2025-05-06T18:55:36.038-0500] {processor.py:183} INFO - Processing /Users/chakradharreddyvangala/venv/lib/python3.11/site-packages/airflow/example_dags/example_dynamic_task_mapping.py took 0.059 seconds
[2025-05-06T18:57:00.878-0500] {processor.py:161} INFO - Started process (PID=63673) to work on /Users/chakradharreddyvangala/venv/lib/python3.11/site-packages/airflow/example_dags/example_dynamic_task_mapping.py
[2025-05-06T18:57:00.879-0500] {processor.py:830} INFO - Processing file /Users/chakradharreddyvangala/venv/lib/python3.11/site-packages/airflow/example_dags/example_dynamic_task_mapping.py for tasks to queue
[2025-05-06T18:57:00.880-0500] {logging_mixin.py:188} INFO - [2025-05-06T18:57:00.880-0500] {dagbag.py:545} INFO - Filling up the DagBag from /Users/chakradharreddyvangala/venv/lib/python3.11/site-packages/airflow/example_dags/example_dynamic_task_mapping.py
[2025-05-06T18:57:00.893-0500] {processor.py:840} INFO - DAG(s) 'example_dynamic_task_mapping' retrieved from /Users/chakradharreddyvangala/venv/lib/python3.11/site-packages/airflow/example_dags/example_dynamic_task_mapping.py
[2025-05-06T18:57:00.917-0500] {logging_mixin.py:188} INFO - [2025-05-06T18:57:00.917-0500] {dag.py:3096} INFO - Sync 1 DAGs
[2025-05-06T18:57:00.922-0500] {logging_mixin.py:188} INFO - [2025-05-06T18:57:00.922-0500] {dag.py:3954} INFO - Setting next_dagrun for example_dynamic_task_mapping to 2022-03-04 00:00:00+00:00, run_after=2022-03-05 00:00:00+00:00
[2025-05-06T18:57:00.926-0500] {processor.py:183} INFO - Processing /Users/chakradharreddyvangala/venv/lib/python3.11/site-packages/airflow/example_dags/example_dynamic_task_mapping.py took 0.049 seconds
[2025-05-06T18:58:24.587-0500] {processor.py:161} INFO - Started process (PID=63754) to work on /Users/chakradharreddyvangala/venv/lib/python3.11/site-packages/airflow/example_dags/example_dynamic_task_mapping.py
[2025-05-06T18:58:24.587-0500] {processor.py:830} INFO - Processing file /Users/chakradharreddyvangala/venv/lib/python3.11/site-packages/airflow/example_dags/example_dynamic_task_mapping.py for tasks to queue
[2025-05-06T18:58:24.588-0500] {logging_mixin.py:188} INFO - [2025-05-06T18:58:24.587-0500] {dagbag.py:545} INFO - Filling up the DagBag from /Users/chakradharreddyvangala/venv/lib/python3.11/site-packages/airflow/example_dags/example_dynamic_task_mapping.py
[2025-05-06T18:58:24.599-0500] {processor.py:840} INFO - DAG(s) 'example_dynamic_task_mapping' retrieved from /Users/chakradharreddyvangala/venv/lib/python3.11/site-packages/airflow/example_dags/example_dynamic_task_mapping.py
[2025-05-06T18:58:24.625-0500] {logging_mixin.py:188} INFO - [2025-05-06T18:58:24.625-0500] {dag.py:3096} INFO - Sync 1 DAGs
[2025-05-06T18:58:24.630-0500] {logging_mixin.py:188} INFO - [2025-05-06T18:58:24.630-0500] {dag.py:3954} INFO - Setting next_dagrun for example_dynamic_task_mapping to 2022-03-04 00:00:00+00:00, run_after=2022-03-05 00:00:00+00:00
[2025-05-06T18:58:24.635-0500] {processor.py:183} INFO - Processing /Users/chakradharreddyvangala/venv/lib/python3.11/site-packages/airflow/example_dags/example_dynamic_task_mapping.py took 0.049 seconds
[2025-05-06T18:59:12.606-0500] {processor.py:161} INFO - Started process (PID=63835) to work on /Users/chakradharreddyvangala/venv/lib/python3.11/site-packages/airflow/example_dags/example_dynamic_task_mapping.py
[2025-05-06T18:59:12.607-0500] {processor.py:830} INFO - Processing file /Users/chakradharreddyvangala/venv/lib/python3.11/site-packages/airflow/example_dags/example_dynamic_task_mapping.py for tasks to queue
[2025-05-06T18:59:12.607-0500] {logging_mixin.py:188} INFO - [2025-05-06T18:59:12.607-0500] {dagbag.py:545} INFO - Filling up the DagBag from /Users/chakradharreddyvangala/venv/lib/python3.11/site-packages/airflow/example_dags/example_dynamic_task_mapping.py
[2025-05-06T18:59:12.618-0500] {processor.py:840} INFO - DAG(s) 'example_dynamic_task_mapping' retrieved from /Users/chakradharreddyvangala/venv/lib/python3.11/site-packages/airflow/example_dags/example_dynamic_task_mapping.py
[2025-05-06T18:59:12.643-0500] {logging_mixin.py:188} INFO - [2025-05-06T18:59:12.643-0500] {dag.py:3096} INFO - Sync 1 DAGs
[2025-05-06T18:59:12.647-0500] {logging_mixin.py:188} INFO - [2025-05-06T18:59:12.647-0500] {dag.py:3954} INFO - Setting next_dagrun for example_dynamic_task_mapping to 2022-03-04 00:00:00+00:00, run_after=2022-03-05 00:00:00+00:00
[2025-05-06T18:59:12.652-0500] {processor.py:183} INFO - Processing /Users/chakradharreddyvangala/venv/lib/python3.11/site-packages/airflow/example_dags/example_dynamic_task_mapping.py took 0.047 seconds
