[2025-05-06T18:46:26.146-0500] {processor.py:161} INFO - Started process (PID=62964) to work on /Users/chakradharreddyvangala/venv/lib/python3.11/site-packages/airflow/example_dags/example_short_circuit_operator.py
[2025-05-06T18:46:26.147-0500] {processor.py:830} INFO - Processing file /Users/chakradharreddyvangala/venv/lib/python3.11/site-packages/airflow/example_dags/example_short_circuit_operator.py for tasks to queue
[2025-05-06T18:46:26.147-0500] {logging_mixin.py:188} INFO - [2025-05-06T18:46:26.147-0500] {dagbag.py:545} INFO - Filling up the DagBag from /Users/chakradharreddyvangala/venv/lib/python3.11/site-packages/airflow/example_dags/example_short_circuit_operator.py
[2025-05-06T18:46:26.158-0500] {processor.py:840} INFO - DAG(s) 'example_short_circuit_operator' retrieved from /Users/chakradharreddyvangala/venv/lib/python3.11/site-packages/airflow/example_dags/example_short_circuit_operator.py
[2025-05-06T18:46:26.216-0500] {logging_mixin.py:188} INFO - [2025-05-06T18:46:26.216-0500] {override.py:1829} INFO - Created Permission View: can read on DAG:example_short_circuit_operator
[2025-05-06T18:46:26.218-0500] {logging_mixin.py:188} INFO - [2025-05-06T18:46:26.218-0500] {override.py:1829} INFO - Created Permission View: can delete on DAG:example_short_circuit_operator
[2025-05-06T18:46:26.220-0500] {logging_mixin.py:188} INFO - [2025-05-06T18:46:26.220-0500] {override.py:1829} INFO - Created Permission View: can edit on DAG:example_short_circuit_operator
[2025-05-06T18:46:26.220-0500] {logging_mixin.py:188} INFO - [2025-05-06T18:46:26.220-0500] {dag.py:3096} INFO - Sync 1 DAGs
[2025-05-06T18:46:26.223-0500] {logging_mixin.py:188} INFO - [2025-05-06T18:46:26.222-0500] {dag.py:3118} INFO - Creating ORM DAG for example_short_circuit_operator
[2025-05-06T18:46:26.225-0500] {logging_mixin.py:188} INFO - [2025-05-06T18:46:26.225-0500] {dag.py:3954} INFO - Setting next_dagrun for example_short_circuit_operator to 2025-05-05 00:00:00+00:00, run_after=2025-05-06 00:00:00+00:00
[2025-05-06T18:46:26.258-0500] {processor.py:183} INFO - Processing /Users/chakradharreddyvangala/venv/lib/python3.11/site-packages/airflow/example_dags/example_short_circuit_operator.py took 0.113 seconds
[2025-05-06T18:47:39.155-0500] {processor.py:161} INFO - Started process (PID=63033) to work on /Users/chakradharreddyvangala/venv/lib/python3.11/site-packages/airflow/example_dags/example_short_circuit_operator.py
[2025-05-06T18:47:39.156-0500] {processor.py:830} INFO - Processing file /Users/chakradharreddyvangala/venv/lib/python3.11/site-packages/airflow/example_dags/example_short_circuit_operator.py for tasks to queue
[2025-05-06T18:47:39.156-0500] {logging_mixin.py:188} INFO - [2025-05-06T18:47:39.156-0500] {dagbag.py:545} INFO - Filling up the DagBag from /Users/chakradharreddyvangala/venv/lib/python3.11/site-packages/airflow/example_dags/example_short_circuit_operator.py
[2025-05-06T18:47:39.165-0500] {processor.py:840} INFO - DAG(s) 'example_short_circuit_operator' retrieved from /Users/chakradharreddyvangala/venv/lib/python3.11/site-packages/airflow/example_dags/example_short_circuit_operator.py
[2025-05-06T18:47:39.191-0500] {logging_mixin.py:188} INFO - [2025-05-06T18:47:39.191-0500] {dag.py:3096} INFO - Sync 1 DAGs
[2025-05-06T18:47:39.196-0500] {logging_mixin.py:188} INFO - [2025-05-06T18:47:39.195-0500] {dag.py:3954} INFO - Setting next_dagrun for example_short_circuit_operator to 2025-05-05 00:00:00+00:00, run_after=2025-05-06 00:00:00+00:00
[2025-05-06T18:47:39.200-0500] {processor.py:183} INFO - Processing /Users/chakradharreddyvangala/venv/lib/python3.11/site-packages/airflow/example_dags/example_short_circuit_operator.py took 0.046 seconds
[2025-05-06T18:49:00.768-0500] {processor.py:161} INFO - Started process (PID=63120) to work on /Users/chakradharreddyvangala/venv/lib/python3.11/site-packages/airflow/example_dags/example_short_circuit_operator.py
[2025-05-06T18:49:00.769-0500] {processor.py:830} INFO - Processing file /Users/chakradharreddyvangala/venv/lib/python3.11/site-packages/airflow/example_dags/example_short_circuit_operator.py for tasks to queue
[2025-05-06T18:49:00.769-0500] {logging_mixin.py:188} INFO - [2025-05-06T18:49:00.769-0500] {dagbag.py:545} INFO - Filling up the DagBag from /Users/chakradharreddyvangala/venv/lib/python3.11/site-packages/airflow/example_dags/example_short_circuit_operator.py
[2025-05-06T18:49:00.777-0500] {processor.py:840} INFO - DAG(s) 'example_short_circuit_operator' retrieved from /Users/chakradharreddyvangala/venv/lib/python3.11/site-packages/airflow/example_dags/example_short_circuit_operator.py
[2025-05-06T18:49:00.803-0500] {logging_mixin.py:188} INFO - [2025-05-06T18:49:00.803-0500] {dag.py:3096} INFO - Sync 1 DAGs
[2025-05-06T18:49:00.807-0500] {logging_mixin.py:188} INFO - [2025-05-06T18:49:00.807-0500] {dag.py:3954} INFO - Setting next_dagrun for example_short_circuit_operator to 2025-05-05 00:00:00+00:00, run_after=2025-05-06 00:00:00+00:00
[2025-05-06T18:49:00.812-0500] {processor.py:183} INFO - Processing /Users/chakradharreddyvangala/venv/lib/python3.11/site-packages/airflow/example_dags/example_short_circuit_operator.py took 0.046 seconds
[2025-05-06T18:50:32.821-0500] {processor.py:161} INFO - Started process (PID=63236) to work on /Users/chakradharreddyvangala/venv/lib/python3.11/site-packages/airflow/example_dags/example_short_circuit_operator.py
[2025-05-06T18:50:32.822-0500] {processor.py:830} INFO - Processing file /Users/chakradharreddyvangala/venv/lib/python3.11/site-packages/airflow/example_dags/example_short_circuit_operator.py for tasks to queue
[2025-05-06T18:50:32.822-0500] {logging_mixin.py:188} INFO - [2025-05-06T18:50:32.822-0500] {dagbag.py:545} INFO - Filling up the DagBag from /Users/chakradharreddyvangala/venv/lib/python3.11/site-packages/airflow/example_dags/example_short_circuit_operator.py
[2025-05-06T18:50:32.833-0500] {processor.py:840} INFO - DAG(s) 'example_short_circuit_operator' retrieved from /Users/chakradharreddyvangala/venv/lib/python3.11/site-packages/airflow/example_dags/example_short_circuit_operator.py
[2025-05-06T18:50:32.864-0500] {logging_mixin.py:188} INFO - [2025-05-06T18:50:32.863-0500] {dag.py:3096} INFO - Sync 1 DAGs
[2025-05-06T18:50:32.869-0500] {logging_mixin.py:188} INFO - [2025-05-06T18:50:32.869-0500] {dag.py:3954} INFO - Setting next_dagrun for example_short_circuit_operator to 2025-05-05 00:00:00+00:00, run_after=2025-05-06 00:00:00+00:00
[2025-05-06T18:50:32.876-0500] {processor.py:183} INFO - Processing /Users/chakradharreddyvangala/venv/lib/python3.11/site-packages/airflow/example_dags/example_short_circuit_operator.py took 0.055 seconds
[2025-05-06T18:52:01.465-0500] {processor.py:161} INFO - Started process (PID=63325) to work on /Users/chakradharreddyvangala/venv/lib/python3.11/site-packages/airflow/example_dags/example_short_circuit_operator.py
[2025-05-06T18:52:01.466-0500] {processor.py:830} INFO - Processing file /Users/chakradharreddyvangala/venv/lib/python3.11/site-packages/airflow/example_dags/example_short_circuit_operator.py for tasks to queue
[2025-05-06T18:52:01.466-0500] {logging_mixin.py:188} INFO - [2025-05-06T18:52:01.466-0500] {dagbag.py:545} INFO - Filling up the DagBag from /Users/chakradharreddyvangala/venv/lib/python3.11/site-packages/airflow/example_dags/example_short_circuit_operator.py
[2025-05-06T18:52:01.474-0500] {processor.py:840} INFO - DAG(s) 'example_short_circuit_operator' retrieved from /Users/chakradharreddyvangala/venv/lib/python3.11/site-packages/airflow/example_dags/example_short_circuit_operator.py
[2025-05-06T18:52:01.500-0500] {logging_mixin.py:188} INFO - [2025-05-06T18:52:01.500-0500] {dag.py:3096} INFO - Sync 1 DAGs
[2025-05-06T18:52:01.504-0500] {logging_mixin.py:188} INFO - [2025-05-06T18:52:01.504-0500] {dag.py:3954} INFO - Setting next_dagrun for example_short_circuit_operator to 2025-05-05 00:00:00+00:00, run_after=2025-05-06 00:00:00+00:00
[2025-05-06T18:52:01.509-0500] {processor.py:183} INFO - Processing /Users/chakradharreddyvangala/venv/lib/python3.11/site-packages/airflow/example_dags/example_short_circuit_operator.py took 0.045 seconds
[2025-05-06T18:53:25.280-0500] {processor.py:161} INFO - Started process (PID=63433) to work on /Users/chakradharreddyvangala/venv/lib/python3.11/site-packages/airflow/example_dags/example_short_circuit_operator.py
[2025-05-06T18:53:25.280-0500] {processor.py:830} INFO - Processing file /Users/chakradharreddyvangala/venv/lib/python3.11/site-packages/airflow/example_dags/example_short_circuit_operator.py for tasks to queue
[2025-05-06T18:53:25.280-0500] {logging_mixin.py:188} INFO - [2025-05-06T18:53:25.280-0500] {dagbag.py:545} INFO - Filling up the DagBag from /Users/chakradharreddyvangala/venv/lib/python3.11/site-packages/airflow/example_dags/example_short_circuit_operator.py
[2025-05-06T18:53:25.289-0500] {processor.py:840} INFO - DAG(s) 'example_short_circuit_operator' retrieved from /Users/chakradharreddyvangala/venv/lib/python3.11/site-packages/airflow/example_dags/example_short_circuit_operator.py
[2025-05-06T18:53:25.314-0500] {logging_mixin.py:188} INFO - [2025-05-06T18:53:25.314-0500] {dag.py:3096} INFO - Sync 1 DAGs
[2025-05-06T18:53:25.318-0500] {logging_mixin.py:188} INFO - [2025-05-06T18:53:25.318-0500] {dag.py:3954} INFO - Setting next_dagrun for example_short_circuit_operator to 2025-05-05 00:00:00+00:00, run_after=2025-05-06 00:00:00+00:00
[2025-05-06T18:53:25.323-0500] {processor.py:183} INFO - Processing /Users/chakradharreddyvangala/venv/lib/python3.11/site-packages/airflow/example_dags/example_short_circuit_operator.py took 0.046 seconds
[2025-05-06T18:54:53.274-0500] {processor.py:161} INFO - Started process (PID=63532) to work on /Users/chakradharreddyvangala/venv/lib/python3.11/site-packages/airflow/example_dags/example_short_circuit_operator.py
[2025-05-06T18:54:53.274-0500] {processor.py:830} INFO - Processing file /Users/chakradharreddyvangala/venv/lib/python3.11/site-packages/airflow/example_dags/example_short_circuit_operator.py for tasks to queue
[2025-05-06T18:54:53.275-0500] {logging_mixin.py:188} INFO - [2025-05-06T18:54:53.275-0500] {dagbag.py:545} INFO - Filling up the DagBag from /Users/chakradharreddyvangala/venv/lib/python3.11/site-packages/airflow/example_dags/example_short_circuit_operator.py
[2025-05-06T18:54:53.283-0500] {processor.py:840} INFO - DAG(s) 'example_short_circuit_operator' retrieved from /Users/chakradharreddyvangala/venv/lib/python3.11/site-packages/airflow/example_dags/example_short_circuit_operator.py
[2025-05-06T18:54:53.331-0500] {logging_mixin.py:188} INFO - [2025-05-06T18:54:53.331-0500] {dag.py:3096} INFO - Sync 1 DAGs
[2025-05-06T18:54:53.338-0500] {logging_mixin.py:188} INFO - [2025-05-06T18:54:53.338-0500] {dag.py:3954} INFO - Setting next_dagrun for example_short_circuit_operator to 2025-05-05 00:00:00+00:00, run_after=2025-05-06 00:00:00+00:00
[2025-05-06T18:54:53.373-0500] {processor.py:183} INFO - Processing /Users/chakradharreddyvangala/venv/lib/python3.11/site-packages/airflow/example_dags/example_short_circuit_operator.py took 0.101 seconds
[2025-05-06T18:56:20.512-0500] {processor.py:161} INFO - Started process (PID=63620) to work on /Users/chakradharreddyvangala/venv/lib/python3.11/site-packages/airflow/example_dags/example_short_circuit_operator.py
[2025-05-06T18:56:20.513-0500] {processor.py:830} INFO - Processing file /Users/chakradharreddyvangala/venv/lib/python3.11/site-packages/airflow/example_dags/example_short_circuit_operator.py for tasks to queue
[2025-05-06T18:56:20.513-0500] {logging_mixin.py:188} INFO - [2025-05-06T18:56:20.513-0500] {dagbag.py:545} INFO - Filling up the DagBag from /Users/chakradharreddyvangala/venv/lib/python3.11/site-packages/airflow/example_dags/example_short_circuit_operator.py
[2025-05-06T18:56:20.521-0500] {processor.py:840} INFO - DAG(s) 'example_short_circuit_operator' retrieved from /Users/chakradharreddyvangala/venv/lib/python3.11/site-packages/airflow/example_dags/example_short_circuit_operator.py
[2025-05-06T18:56:20.546-0500] {logging_mixin.py:188} INFO - [2025-05-06T18:56:20.546-0500] {dag.py:3096} INFO - Sync 1 DAGs
[2025-05-06T18:56:20.550-0500] {logging_mixin.py:188} INFO - [2025-05-06T18:56:20.550-0500] {dag.py:3954} INFO - Setting next_dagrun for example_short_circuit_operator to 2025-05-05 00:00:00+00:00, run_after=2025-05-06 00:00:00+00:00
[2025-05-06T18:56:20.557-0500] {processor.py:183} INFO - Processing /Users/chakradharreddyvangala/venv/lib/python3.11/site-packages/airflow/example_dags/example_short_circuit_operator.py took 0.047 seconds
[2025-05-06T18:57:44.601-0500] {processor.py:161} INFO - Started process (PID=63710) to work on /Users/chakradharreddyvangala/venv/lib/python3.11/site-packages/airflow/example_dags/example_short_circuit_operator.py
[2025-05-06T18:57:44.601-0500] {processor.py:830} INFO - Processing file /Users/chakradharreddyvangala/venv/lib/python3.11/site-packages/airflow/example_dags/example_short_circuit_operator.py for tasks to queue
[2025-05-06T18:57:44.602-0500] {logging_mixin.py:188} INFO - [2025-05-06T18:57:44.602-0500] {dagbag.py:545} INFO - Filling up the DagBag from /Users/chakradharreddyvangala/venv/lib/python3.11/site-packages/airflow/example_dags/example_short_circuit_operator.py
[2025-05-06T18:57:44.610-0500] {processor.py:840} INFO - DAG(s) 'example_short_circuit_operator' retrieved from /Users/chakradharreddyvangala/venv/lib/python3.11/site-packages/airflow/example_dags/example_short_circuit_operator.py
[2025-05-06T18:57:44.635-0500] {logging_mixin.py:188} INFO - [2025-05-06T18:57:44.635-0500] {dag.py:3096} INFO - Sync 1 DAGs
[2025-05-06T18:57:44.639-0500] {logging_mixin.py:188} INFO - [2025-05-06T18:57:44.639-0500] {dag.py:3954} INFO - Setting next_dagrun for example_short_circuit_operator to 2025-05-05 00:00:00+00:00, run_after=2025-05-06 00:00:00+00:00
[2025-05-06T18:57:44.644-0500] {processor.py:183} INFO - Processing /Users/chakradharreddyvangala/venv/lib/python3.11/site-packages/airflow/example_dags/example_short_circuit_operator.py took 0.045 seconds
[2025-05-06T18:58:45.868-0500] {processor.py:161} INFO - Started process (PID=63799) to work on /Users/chakradharreddyvangala/venv/lib/python3.11/site-packages/airflow/example_dags/example_short_circuit_operator.py
[2025-05-06T18:58:45.869-0500] {processor.py:830} INFO - Processing file /Users/chakradharreddyvangala/venv/lib/python3.11/site-packages/airflow/example_dags/example_short_circuit_operator.py for tasks to queue
[2025-05-06T18:58:45.869-0500] {logging_mixin.py:188} INFO - [2025-05-06T18:58:45.869-0500] {dagbag.py:545} INFO - Filling up the DagBag from /Users/chakradharreddyvangala/venv/lib/python3.11/site-packages/airflow/example_dags/example_short_circuit_operator.py
[2025-05-06T18:58:45.878-0500] {processor.py:840} INFO - DAG(s) 'example_short_circuit_operator' retrieved from /Users/chakradharreddyvangala/venv/lib/python3.11/site-packages/airflow/example_dags/example_short_circuit_operator.py
[2025-05-06T18:58:45.932-0500] {logging_mixin.py:188} INFO - [2025-05-06T18:58:45.931-0500] {dag.py:3096} INFO - Sync 1 DAGs
[2025-05-06T18:58:45.944-0500] {logging_mixin.py:188} INFO - [2025-05-06T18:58:45.944-0500] {dag.py:3954} INFO - Setting next_dagrun for example_short_circuit_operator to 2025-05-05 00:00:00+00:00, run_after=2025-05-06 00:00:00+00:00
[2025-05-06T18:58:45.959-0500] {processor.py:183} INFO - Processing /Users/chakradharreddyvangala/venv/lib/python3.11/site-packages/airflow/example_dags/example_short_circuit_operator.py took 0.090 seconds
