[2025-05-06T18:47:04.745-0500] {processor.py:161} INFO - Started process (PID=63004) to work on /Users/chakradharreddyvangala/venv/lib/python3.11/site-packages/airflow/example_dags/example_branch_day_of_week_operator.py
[2025-05-06T18:47:04.745-0500] {processor.py:830} INFO - Processing file /Users/chakradharreddyvangala/venv/lib/python3.11/site-packages/airflow/example_dags/example_branch_day_of_week_operator.py for tasks to queue
[2025-05-06T18:47:04.745-0500] {logging_mixin.py:188} INFO - [2025-05-06T18:47:04.745-0500] {dagbag.py:545} INFO - Filling up the DagBag from /Users/chakradharreddyvangala/venv/lib/python3.11/site-packages/airflow/example_dags/example_branch_day_of_week_operator.py
[2025-05-06T18:47:04.749-0500] {processor.py:840} INFO - DAG(s) 'example_weekday_branch_operator' retrieved from /Users/chakradharreddyvangala/venv/lib/python3.11/site-packages/airflow/example_dags/example_branch_day_of_week_operator.py
[2025-05-06T18:47:04.795-0500] {logging_mixin.py:188} INFO - [2025-05-06T18:47:04.794-0500] {override.py:1829} INFO - Created Permission View: can read on DAG:example_weekday_branch_operator
[2025-05-06T18:47:04.797-0500] {logging_mixin.py:188} INFO - [2025-05-06T18:47:04.797-0500] {override.py:1829} INFO - Created Permission View: can delete on DAG:example_weekday_branch_operator
[2025-05-06T18:47:04.798-0500] {logging_mixin.py:188} INFO - [2025-05-06T18:47:04.798-0500] {override.py:1829} INFO - Created Permission View: can edit on DAG:example_weekday_branch_operator
[2025-05-06T18:47:04.798-0500] {logging_mixin.py:188} INFO - [2025-05-06T18:47:04.798-0500] {dag.py:3096} INFO - Sync 1 DAGs
[2025-05-06T18:47:04.800-0500] {logging_mixin.py:188} INFO - [2025-05-06T18:47:04.800-0500] {dag.py:3118} INFO - Creating ORM DAG for example_weekday_branch_operator
[2025-05-06T18:47:04.803-0500] {logging_mixin.py:188} INFO - [2025-05-06T18:47:04.803-0500] {dag.py:3954} INFO - Setting next_dagrun for example_weekday_branch_operator to 2025-05-05 00:00:00+00:00, run_after=2025-05-06 00:00:00+00:00
[2025-05-06T18:47:04.807-0500] {processor.py:183} INFO - Processing /Users/chakradharreddyvangala/venv/lib/python3.11/site-packages/airflow/example_dags/example_branch_day_of_week_operator.py took 0.064 seconds
[2025-05-06T18:48:27.248-0500] {processor.py:161} INFO - Started process (PID=63088) to work on /Users/chakradharreddyvangala/venv/lib/python3.11/site-packages/airflow/example_dags/example_branch_day_of_week_operator.py
[2025-05-06T18:48:27.248-0500] {processor.py:830} INFO - Processing file /Users/chakradharreddyvangala/venv/lib/python3.11/site-packages/airflow/example_dags/example_branch_day_of_week_operator.py for tasks to queue
[2025-05-06T18:48:27.248-0500] {logging_mixin.py:188} INFO - [2025-05-06T18:48:27.248-0500] {dagbag.py:545} INFO - Filling up the DagBag from /Users/chakradharreddyvangala/venv/lib/python3.11/site-packages/airflow/example_dags/example_branch_day_of_week_operator.py
[2025-05-06T18:48:27.252-0500] {processor.py:840} INFO - DAG(s) 'example_weekday_branch_operator' retrieved from /Users/chakradharreddyvangala/venv/lib/python3.11/site-packages/airflow/example_dags/example_branch_day_of_week_operator.py
[2025-05-06T18:48:27.276-0500] {logging_mixin.py:188} INFO - [2025-05-06T18:48:27.276-0500] {dag.py:3096} INFO - Sync 1 DAGs
[2025-05-06T18:48:27.281-0500] {logging_mixin.py:188} INFO - [2025-05-06T18:48:27.281-0500] {dag.py:3954} INFO - Setting next_dagrun for example_weekday_branch_operator to 2025-05-05 00:00:00+00:00, run_after=2025-05-06 00:00:00+00:00
[2025-05-06T18:48:27.286-0500] {processor.py:183} INFO - Processing /Users/chakradharreddyvangala/venv/lib/python3.11/site-packages/airflow/example_dags/example_branch_day_of_week_operator.py took 0.041 seconds
[2025-05-06T18:49:54.841-0500] {processor.py:161} INFO - Started process (PID=63187) to work on /Users/chakradharreddyvangala/venv/lib/python3.11/site-packages/airflow/example_dags/example_branch_day_of_week_operator.py
[2025-05-06T18:49:54.841-0500] {processor.py:830} INFO - Processing file /Users/chakradharreddyvangala/venv/lib/python3.11/site-packages/airflow/example_dags/example_branch_day_of_week_operator.py for tasks to queue
[2025-05-06T18:49:54.841-0500] {logging_mixin.py:188} INFO - [2025-05-06T18:49:54.841-0500] {dagbag.py:545} INFO - Filling up the DagBag from /Users/chakradharreddyvangala/venv/lib/python3.11/site-packages/airflow/example_dags/example_branch_day_of_week_operator.py
[2025-05-06T18:49:54.845-0500] {processor.py:840} INFO - DAG(s) 'example_weekday_branch_operator' retrieved from /Users/chakradharreddyvangala/venv/lib/python3.11/site-packages/airflow/example_dags/example_branch_day_of_week_operator.py
[2025-05-06T18:49:54.875-0500] {logging_mixin.py:188} INFO - [2025-05-06T18:49:54.875-0500] {dag.py:3096} INFO - Sync 1 DAGs
[2025-05-06T18:49:54.880-0500] {logging_mixin.py:188} INFO - [2025-05-06T18:49:54.880-0500] {dag.py:3954} INFO - Setting next_dagrun for example_weekday_branch_operator to 2025-05-05 00:00:00+00:00, run_after=2025-05-06 00:00:00+00:00
[2025-05-06T18:49:54.886-0500] {processor.py:183} INFO - Processing /Users/chakradharreddyvangala/venv/lib/python3.11/site-packages/airflow/example_dags/example_branch_day_of_week_operator.py took 0.047 seconds
[2025-05-06T18:51:30.182-0500] {processor.py:161} INFO - Started process (PID=63293) to work on /Users/chakradharreddyvangala/venv/lib/python3.11/site-packages/airflow/example_dags/example_branch_day_of_week_operator.py
[2025-05-06T18:51:30.182-0500] {processor.py:830} INFO - Processing file /Users/chakradharreddyvangala/venv/lib/python3.11/site-packages/airflow/example_dags/example_branch_day_of_week_operator.py for tasks to queue
[2025-05-06T18:51:30.182-0500] {logging_mixin.py:188} INFO - [2025-05-06T18:51:30.182-0500] {dagbag.py:545} INFO - Filling up the DagBag from /Users/chakradharreddyvangala/venv/lib/python3.11/site-packages/airflow/example_dags/example_branch_day_of_week_operator.py
[2025-05-06T18:51:30.186-0500] {processor.py:840} INFO - DAG(s) 'example_weekday_branch_operator' retrieved from /Users/chakradharreddyvangala/venv/lib/python3.11/site-packages/airflow/example_dags/example_branch_day_of_week_operator.py
[2025-05-06T18:51:30.214-0500] {logging_mixin.py:188} INFO - [2025-05-06T18:51:30.214-0500] {dag.py:3096} INFO - Sync 1 DAGs
[2025-05-06T18:51:30.219-0500] {logging_mixin.py:188} INFO - [2025-05-06T18:51:30.219-0500] {dag.py:3954} INFO - Setting next_dagrun for example_weekday_branch_operator to 2025-05-05 00:00:00+00:00, run_after=2025-05-06 00:00:00+00:00
[2025-05-06T18:51:30.225-0500] {processor.py:183} INFO - Processing /Users/chakradharreddyvangala/venv/lib/python3.11/site-packages/airflow/example_dags/example_branch_day_of_week_operator.py took 0.044 seconds
[2025-05-06T18:52:53.927-0500] {processor.py:161} INFO - Started process (PID=63406) to work on /Users/chakradharreddyvangala/venv/lib/python3.11/site-packages/airflow/example_dags/example_branch_day_of_week_operator.py
[2025-05-06T18:52:53.928-0500] {processor.py:830} INFO - Processing file /Users/chakradharreddyvangala/venv/lib/python3.11/site-packages/airflow/example_dags/example_branch_day_of_week_operator.py for tasks to queue
[2025-05-06T18:52:53.928-0500] {logging_mixin.py:188} INFO - [2025-05-06T18:52:53.928-0500] {dagbag.py:545} INFO - Filling up the DagBag from /Users/chakradharreddyvangala/venv/lib/python3.11/site-packages/airflow/example_dags/example_branch_day_of_week_operator.py
[2025-05-06T18:52:53.932-0500] {processor.py:840} INFO - DAG(s) 'example_weekday_branch_operator' retrieved from /Users/chakradharreddyvangala/venv/lib/python3.11/site-packages/airflow/example_dags/example_branch_day_of_week_operator.py
[2025-05-06T18:52:53.959-0500] {logging_mixin.py:188} INFO - [2025-05-06T18:52:53.958-0500] {dag.py:3096} INFO - Sync 1 DAGs
[2025-05-06T18:52:53.964-0500] {logging_mixin.py:188} INFO - [2025-05-06T18:52:53.964-0500] {dag.py:3954} INFO - Setting next_dagrun for example_weekday_branch_operator to 2025-05-05 00:00:00+00:00, run_after=2025-05-06 00:00:00+00:00
[2025-05-06T18:52:53.969-0500] {processor.py:183} INFO - Processing /Users/chakradharreddyvangala/venv/lib/python3.11/site-packages/airflow/example_dags/example_branch_day_of_week_operator.py took 0.044 seconds
[2025-05-06T18:54:21.971-0500] {processor.py:161} INFO - Started process (PID=63503) to work on /Users/chakradharreddyvangala/venv/lib/python3.11/site-packages/airflow/example_dags/example_branch_day_of_week_operator.py
[2025-05-06T18:54:21.971-0500] {processor.py:830} INFO - Processing file /Users/chakradharreddyvangala/venv/lib/python3.11/site-packages/airflow/example_dags/example_branch_day_of_week_operator.py for tasks to queue
[2025-05-06T18:54:21.972-0500] {logging_mixin.py:188} INFO - [2025-05-06T18:54:21.971-0500] {dagbag.py:545} INFO - Filling up the DagBag from /Users/chakradharreddyvangala/venv/lib/python3.11/site-packages/airflow/example_dags/example_branch_day_of_week_operator.py
[2025-05-06T18:54:21.975-0500] {processor.py:840} INFO - DAG(s) 'example_weekday_branch_operator' retrieved from /Users/chakradharreddyvangala/venv/lib/python3.11/site-packages/airflow/example_dags/example_branch_day_of_week_operator.py
[2025-05-06T18:54:22.023-0500] {logging_mixin.py:188} INFO - [2025-05-06T18:54:22.023-0500] {dag.py:3096} INFO - Sync 1 DAGs
[2025-05-06T18:54:22.027-0500] {logging_mixin.py:188} INFO - [2025-05-06T18:54:22.027-0500] {dag.py:3954} INFO - Setting next_dagrun for example_weekday_branch_operator to 2025-05-05 00:00:00+00:00, run_after=2025-05-06 00:00:00+00:00
[2025-05-06T18:54:22.032-0500] {processor.py:183} INFO - Processing /Users/chakradharreddyvangala/venv/lib/python3.11/site-packages/airflow/example_dags/example_branch_day_of_week_operator.py took 0.063 seconds
[2025-05-06T18:55:48.338-0500] {processor.py:161} INFO - Started process (PID=63580) to work on /Users/chakradharreddyvangala/venv/lib/python3.11/site-packages/airflow/example_dags/example_branch_day_of_week_operator.py
[2025-05-06T18:55:48.339-0500] {processor.py:830} INFO - Processing file /Users/chakradharreddyvangala/venv/lib/python3.11/site-packages/airflow/example_dags/example_branch_day_of_week_operator.py for tasks to queue
[2025-05-06T18:55:48.339-0500] {logging_mixin.py:188} INFO - [2025-05-06T18:55:48.339-0500] {dagbag.py:545} INFO - Filling up the DagBag from /Users/chakradharreddyvangala/venv/lib/python3.11/site-packages/airflow/example_dags/example_branch_day_of_week_operator.py
[2025-05-06T18:55:48.342-0500] {processor.py:840} INFO - DAG(s) 'example_weekday_branch_operator' retrieved from /Users/chakradharreddyvangala/venv/lib/python3.11/site-packages/airflow/example_dags/example_branch_day_of_week_operator.py
[2025-05-06T18:55:48.368-0500] {logging_mixin.py:188} INFO - [2025-05-06T18:55:48.368-0500] {dag.py:3096} INFO - Sync 1 DAGs
[2025-05-06T18:55:48.373-0500] {logging_mixin.py:188} INFO - [2025-05-06T18:55:48.373-0500] {dag.py:3954} INFO - Setting next_dagrun for example_weekday_branch_operator to 2025-05-05 00:00:00+00:00, run_after=2025-05-06 00:00:00+00:00
[2025-05-06T18:55:48.378-0500] {processor.py:183} INFO - Processing /Users/chakradharreddyvangala/venv/lib/python3.11/site-packages/airflow/example_dags/example_branch_day_of_week_operator.py took 0.041 seconds
[2025-05-06T18:57:13.798-0500] {processor.py:161} INFO - Started process (PID=63684) to work on /Users/chakradharreddyvangala/venv/lib/python3.11/site-packages/airflow/example_dags/example_branch_day_of_week_operator.py
[2025-05-06T18:57:13.799-0500] {processor.py:830} INFO - Processing file /Users/chakradharreddyvangala/venv/lib/python3.11/site-packages/airflow/example_dags/example_branch_day_of_week_operator.py for tasks to queue
[2025-05-06T18:57:13.799-0500] {logging_mixin.py:188} INFO - [2025-05-06T18:57:13.799-0500] {dagbag.py:545} INFO - Filling up the DagBag from /Users/chakradharreddyvangala/venv/lib/python3.11/site-packages/airflow/example_dags/example_branch_day_of_week_operator.py
[2025-05-06T18:57:13.803-0500] {processor.py:840} INFO - DAG(s) 'example_weekday_branch_operator' retrieved from /Users/chakradharreddyvangala/venv/lib/python3.11/site-packages/airflow/example_dags/example_branch_day_of_week_operator.py
[2025-05-06T18:57:13.829-0500] {logging_mixin.py:188} INFO - [2025-05-06T18:57:13.829-0500] {dag.py:3096} INFO - Sync 1 DAGs
[2025-05-06T18:57:13.834-0500] {logging_mixin.py:188} INFO - [2025-05-06T18:57:13.834-0500] {dag.py:3954} INFO - Setting next_dagrun for example_weekday_branch_operator to 2025-05-05 00:00:00+00:00, run_after=2025-05-06 00:00:00+00:00
[2025-05-06T18:57:13.839-0500] {processor.py:183} INFO - Processing /Users/chakradharreddyvangala/venv/lib/python3.11/site-packages/airflow/example_dags/example_branch_day_of_week_operator.py took 0.042 seconds
[2025-05-06T18:58:37.339-0500] {processor.py:161} INFO - Started process (PID=63778) to work on /Users/chakradharreddyvangala/venv/lib/python3.11/site-packages/airflow/example_dags/example_branch_day_of_week_operator.py
[2025-05-06T18:58:37.340-0500] {processor.py:830} INFO - Processing file /Users/chakradharreddyvangala/venv/lib/python3.11/site-packages/airflow/example_dags/example_branch_day_of_week_operator.py for tasks to queue
[2025-05-06T18:58:37.340-0500] {logging_mixin.py:188} INFO - [2025-05-06T18:58:37.340-0500] {dagbag.py:545} INFO - Filling up the DagBag from /Users/chakradharreddyvangala/venv/lib/python3.11/site-packages/airflow/example_dags/example_branch_day_of_week_operator.py
[2025-05-06T18:58:37.344-0500] {processor.py:840} INFO - DAG(s) 'example_weekday_branch_operator' retrieved from /Users/chakradharreddyvangala/venv/lib/python3.11/site-packages/airflow/example_dags/example_branch_day_of_week_operator.py
[2025-05-06T18:58:37.371-0500] {logging_mixin.py:188} INFO - [2025-05-06T18:58:37.370-0500] {dag.py:3096} INFO - Sync 1 DAGs
[2025-05-06T18:58:37.376-0500] {logging_mixin.py:188} INFO - [2025-05-06T18:58:37.376-0500] {dag.py:3954} INFO - Setting next_dagrun for example_weekday_branch_operator to 2025-05-05 00:00:00+00:00, run_after=2025-05-06 00:00:00+00:00
[2025-05-06T18:58:37.381-0500] {processor.py:183} INFO - Processing /Users/chakradharreddyvangala/venv/lib/python3.11/site-packages/airflow/example_dags/example_branch_day_of_week_operator.py took 0.043 seconds
