[2025-05-06T18:46:27.237-0500] {processor.py:161} INFO - Started process (PID=62970) to work on /Users/chakradharreddyvangala/venv/lib/python3.11/site-packages/airflow/example_dags/example_short_circuit_decorator.py
[2025-05-06T18:46:27.238-0500] {processor.py:830} INFO - Processing file /Users/chakradharreddyvangala/venv/lib/python3.11/site-packages/airflow/example_dags/example_short_circuit_decorator.py for tasks to queue
[2025-05-06T18:46:27.238-0500] {logging_mixin.py:188} INFO - [2025-05-06T18:46:27.238-0500] {dagbag.py:545} INFO - Filling up the DagBag from /Users/chakradharreddyvangala/venv/lib/python3.11/site-packages/airflow/example_dags/example_short_circuit_decorator.py
[2025-05-06T18:46:27.249-0500] {processor.py:840} INFO - DAG(s) 'example_short_circuit_decorator' retrieved from /Users/chakradharreddyvangala/venv/lib/python3.11/site-packages/airflow/example_dags/example_short_circuit_decorator.py
[2025-05-06T18:46:27.297-0500] {logging_mixin.py:188} INFO - [2025-05-06T18:46:27.297-0500] {override.py:1829} INFO - Created Permission View: can edit on DAG:example_short_circuit_decorator
[2025-05-06T18:46:27.299-0500] {logging_mixin.py:188} INFO - [2025-05-06T18:46:27.299-0500] {override.py:1829} INFO - Created Permission View: can read on DAG:example_short_circuit_decorator
[2025-05-06T18:46:27.301-0500] {logging_mixin.py:188} INFO - [2025-05-06T18:46:27.301-0500] {override.py:1829} INFO - Created Permission View: can delete on DAG:example_short_circuit_decorator
[2025-05-06T18:46:27.301-0500] {logging_mixin.py:188} INFO - [2025-05-06T18:46:27.301-0500] {dag.py:3096} INFO - Sync 1 DAGs
[2025-05-06T18:46:27.324-0500] {logging_mixin.py:188} INFO - [2025-05-06T18:46:27.324-0500] {dag.py:3118} INFO - Creating ORM DAG for example_short_circuit_decorator
[2025-05-06T18:46:27.326-0500] {logging_mixin.py:188} INFO - [2025-05-06T18:46:27.326-0500] {dag.py:3954} INFO - Setting next_dagrun for example_short_circuit_decorator to 2025-05-05 00:00:00+00:00, run_after=2025-05-06 00:00:00+00:00
[2025-05-06T18:46:27.331-0500] {processor.py:183} INFO - Processing /Users/chakradharreddyvangala/venv/lib/python3.11/site-packages/airflow/example_dags/example_short_circuit_decorator.py took 0.095 seconds
[2025-05-06T18:47:39.949-0500] {processor.py:161} INFO - Started process (PID=63034) to work on /Users/chakradharreddyvangala/venv/lib/python3.11/site-packages/airflow/example_dags/example_short_circuit_decorator.py
[2025-05-06T18:47:39.950-0500] {processor.py:830} INFO - Processing file /Users/chakradharreddyvangala/venv/lib/python3.11/site-packages/airflow/example_dags/example_short_circuit_decorator.py for tasks to queue
[2025-05-06T18:47:39.950-0500] {logging_mixin.py:188} INFO - [2025-05-06T18:47:39.950-0500] {dagbag.py:545} INFO - Filling up the DagBag from /Users/chakradharreddyvangala/venv/lib/python3.11/site-packages/airflow/example_dags/example_short_circuit_decorator.py
[2025-05-06T18:47:39.960-0500] {processor.py:840} INFO - DAG(s) 'example_short_circuit_decorator' retrieved from /Users/chakradharreddyvangala/venv/lib/python3.11/site-packages/airflow/example_dags/example_short_circuit_decorator.py
[2025-05-06T18:47:39.985-0500] {logging_mixin.py:188} INFO - [2025-05-06T18:47:39.985-0500] {dag.py:3096} INFO - Sync 1 DAGs
[2025-05-06T18:47:39.989-0500] {logging_mixin.py:188} INFO - [2025-05-06T18:47:39.989-0500] {dag.py:3954} INFO - Setting next_dagrun for example_short_circuit_decorator to 2025-05-05 00:00:00+00:00, run_after=2025-05-06 00:00:00+00:00
[2025-05-06T18:47:39.994-0500] {processor.py:183} INFO - Processing /Users/chakradharreddyvangala/venv/lib/python3.11/site-packages/airflow/example_dags/example_short_circuit_decorator.py took 0.046 seconds
[2025-05-06T18:49:02.406-0500] {processor.py:161} INFO - Started process (PID=63121) to work on /Users/chakradharreddyvangala/venv/lib/python3.11/site-packages/airflow/example_dags/example_short_circuit_decorator.py
[2025-05-06T18:49:02.406-0500] {processor.py:830} INFO - Processing file /Users/chakradharreddyvangala/venv/lib/python3.11/site-packages/airflow/example_dags/example_short_circuit_decorator.py for tasks to queue
[2025-05-06T18:49:02.406-0500] {logging_mixin.py:188} INFO - [2025-05-06T18:49:02.406-0500] {dagbag.py:545} INFO - Filling up the DagBag from /Users/chakradharreddyvangala/venv/lib/python3.11/site-packages/airflow/example_dags/example_short_circuit_decorator.py
[2025-05-06T18:49:02.419-0500] {processor.py:840} INFO - DAG(s) 'example_short_circuit_decorator' retrieved from /Users/chakradharreddyvangala/venv/lib/python3.11/site-packages/airflow/example_dags/example_short_circuit_decorator.py
[2025-05-06T18:49:02.444-0500] {logging_mixin.py:188} INFO - [2025-05-06T18:49:02.444-0500] {dag.py:3096} INFO - Sync 1 DAGs
[2025-05-06T18:49:02.449-0500] {logging_mixin.py:188} INFO - [2025-05-06T18:49:02.449-0500] {dag.py:3954} INFO - Setting next_dagrun for example_short_circuit_decorator to 2025-05-05 00:00:00+00:00, run_after=2025-05-06 00:00:00+00:00
[2025-05-06T18:49:02.454-0500] {processor.py:183} INFO - Processing /Users/chakradharreddyvangala/venv/lib/python3.11/site-packages/airflow/example_dags/example_short_circuit_decorator.py took 0.054 seconds
[2025-05-06T18:50:34.698-0500] {processor.py:161} INFO - Started process (PID=63241) to work on /Users/chakradharreddyvangala/venv/lib/python3.11/site-packages/airflow/example_dags/example_short_circuit_decorator.py
[2025-05-06T18:50:34.699-0500] {processor.py:830} INFO - Processing file /Users/chakradharreddyvangala/venv/lib/python3.11/site-packages/airflow/example_dags/example_short_circuit_decorator.py for tasks to queue
[2025-05-06T18:50:34.699-0500] {logging_mixin.py:188} INFO - [2025-05-06T18:50:34.699-0500] {dagbag.py:545} INFO - Filling up the DagBag from /Users/chakradharreddyvangala/venv/lib/python3.11/site-packages/airflow/example_dags/example_short_circuit_decorator.py
[2025-05-06T18:50:34.712-0500] {processor.py:840} INFO - DAG(s) 'example_short_circuit_decorator' retrieved from /Users/chakradharreddyvangala/venv/lib/python3.11/site-packages/airflow/example_dags/example_short_circuit_decorator.py
[2025-05-06T18:50:34.740-0500] {logging_mixin.py:188} INFO - [2025-05-06T18:50:34.740-0500] {dag.py:3096} INFO - Sync 1 DAGs
[2025-05-06T18:50:34.745-0500] {logging_mixin.py:188} INFO - [2025-05-06T18:50:34.745-0500] {dag.py:3954} INFO - Setting next_dagrun for example_short_circuit_decorator to 2025-05-05 00:00:00+00:00, run_after=2025-05-06 00:00:00+00:00
[2025-05-06T18:50:34.751-0500] {processor.py:183} INFO - Processing /Users/chakradharreddyvangala/venv/lib/python3.11/site-packages/airflow/example_dags/example_short_circuit_decorator.py took 0.056 seconds
[2025-05-06T18:52:02.319-0500] {processor.py:161} INFO - Started process (PID=63326) to work on /Users/chakradharreddyvangala/venv/lib/python3.11/site-packages/airflow/example_dags/example_short_circuit_decorator.py
[2025-05-06T18:52:02.320-0500] {processor.py:830} INFO - Processing file /Users/chakradharreddyvangala/venv/lib/python3.11/site-packages/airflow/example_dags/example_short_circuit_decorator.py for tasks to queue
[2025-05-06T18:52:02.320-0500] {logging_mixin.py:188} INFO - [2025-05-06T18:52:02.320-0500] {dagbag.py:545} INFO - Filling up the DagBag from /Users/chakradharreddyvangala/venv/lib/python3.11/site-packages/airflow/example_dags/example_short_circuit_decorator.py
[2025-05-06T18:52:02.332-0500] {processor.py:840} INFO - DAG(s) 'example_short_circuit_decorator' retrieved from /Users/chakradharreddyvangala/venv/lib/python3.11/site-packages/airflow/example_dags/example_short_circuit_decorator.py
[2025-05-06T18:52:02.358-0500] {logging_mixin.py:188} INFO - [2025-05-06T18:52:02.358-0500] {dag.py:3096} INFO - Sync 1 DAGs
[2025-05-06T18:52:02.362-0500] {logging_mixin.py:188} INFO - [2025-05-06T18:52:02.362-0500] {dag.py:3954} INFO - Setting next_dagrun for example_short_circuit_decorator to 2025-05-05 00:00:00+00:00, run_after=2025-05-06 00:00:00+00:00
[2025-05-06T18:52:02.368-0500] {processor.py:183} INFO - Processing /Users/chakradharreddyvangala/venv/lib/python3.11/site-packages/airflow/example_dags/example_short_circuit_decorator.py took 0.049 seconds
[2025-05-06T18:53:26.136-0500] {processor.py:161} INFO - Started process (PID=63434) to work on /Users/chakradharreddyvangala/venv/lib/python3.11/site-packages/airflow/example_dags/example_short_circuit_decorator.py
[2025-05-06T18:53:26.136-0500] {processor.py:830} INFO - Processing file /Users/chakradharreddyvangala/venv/lib/python3.11/site-packages/airflow/example_dags/example_short_circuit_decorator.py for tasks to queue
[2025-05-06T18:53:26.136-0500] {logging_mixin.py:188} INFO - [2025-05-06T18:53:26.136-0500] {dagbag.py:545} INFO - Filling up the DagBag from /Users/chakradharreddyvangala/venv/lib/python3.11/site-packages/airflow/example_dags/example_short_circuit_decorator.py
[2025-05-06T18:53:26.147-0500] {processor.py:840} INFO - DAG(s) 'example_short_circuit_decorator' retrieved from /Users/chakradharreddyvangala/venv/lib/python3.11/site-packages/airflow/example_dags/example_short_circuit_decorator.py
[2025-05-06T18:53:26.172-0500] {logging_mixin.py:188} INFO - [2025-05-06T18:53:26.172-0500] {dag.py:3096} INFO - Sync 1 DAGs
[2025-05-06T18:53:26.177-0500] {logging_mixin.py:188} INFO - [2025-05-06T18:53:26.176-0500] {dag.py:3954} INFO - Setting next_dagrun for example_short_circuit_decorator to 2025-05-05 00:00:00+00:00, run_after=2025-05-06 00:00:00+00:00
[2025-05-06T18:53:26.183-0500] {processor.py:183} INFO - Processing /Users/chakradharreddyvangala/venv/lib/python3.11/site-packages/airflow/example_dags/example_short_circuit_decorator.py took 0.049 seconds
[2025-05-06T18:54:54.979-0500] {processor.py:161} INFO - Started process (PID=63533) to work on /Users/chakradharreddyvangala/venv/lib/python3.11/site-packages/airflow/example_dags/example_short_circuit_decorator.py
[2025-05-06T18:54:54.980-0500] {processor.py:830} INFO - Processing file /Users/chakradharreddyvangala/venv/lib/python3.11/site-packages/airflow/example_dags/example_short_circuit_decorator.py for tasks to queue
[2025-05-06T18:54:54.980-0500] {logging_mixin.py:188} INFO - [2025-05-06T18:54:54.980-0500] {dagbag.py:545} INFO - Filling up the DagBag from /Users/chakradharreddyvangala/venv/lib/python3.11/site-packages/airflow/example_dags/example_short_circuit_decorator.py
[2025-05-06T18:54:54.994-0500] {processor.py:840} INFO - DAG(s) 'example_short_circuit_decorator' retrieved from /Users/chakradharreddyvangala/venv/lib/python3.11/site-packages/airflow/example_dags/example_short_circuit_decorator.py
[2025-05-06T18:54:55.069-0500] {logging_mixin.py:188} INFO - [2025-05-06T18:54:55.069-0500] {dag.py:3096} INFO - Sync 1 DAGs
[2025-05-06T18:54:55.146-0500] {logging_mixin.py:188} INFO - [2025-05-06T18:54:55.146-0500] {dag.py:3954} INFO - Setting next_dagrun for example_short_circuit_decorator to 2025-05-05 00:00:00+00:00, run_after=2025-05-06 00:00:00+00:00
[2025-05-06T18:54:55.168-0500] {processor.py:183} INFO - Processing /Users/chakradharreddyvangala/venv/lib/python3.11/site-packages/airflow/example_dags/example_short_circuit_decorator.py took 0.191 seconds
[2025-05-06T18:56:22.086-0500] {processor.py:161} INFO - Started process (PID=63621) to work on /Users/chakradharreddyvangala/venv/lib/python3.11/site-packages/airflow/example_dags/example_short_circuit_decorator.py
[2025-05-06T18:56:22.087-0500] {processor.py:830} INFO - Processing file /Users/chakradharreddyvangala/venv/lib/python3.11/site-packages/airflow/example_dags/example_short_circuit_decorator.py for tasks to queue
[2025-05-06T18:56:22.087-0500] {logging_mixin.py:188} INFO - [2025-05-06T18:56:22.087-0500] {dagbag.py:545} INFO - Filling up the DagBag from /Users/chakradharreddyvangala/venv/lib/python3.11/site-packages/airflow/example_dags/example_short_circuit_decorator.py
[2025-05-06T18:56:22.098-0500] {processor.py:840} INFO - DAG(s) 'example_short_circuit_decorator' retrieved from /Users/chakradharreddyvangala/venv/lib/python3.11/site-packages/airflow/example_dags/example_short_circuit_decorator.py
[2025-05-06T18:56:22.123-0500] {logging_mixin.py:188} INFO - [2025-05-06T18:56:22.123-0500] {dag.py:3096} INFO - Sync 1 DAGs
[2025-05-06T18:56:22.127-0500] {logging_mixin.py:188} INFO - [2025-05-06T18:56:22.127-0500] {dag.py:3954} INFO - Setting next_dagrun for example_short_circuit_decorator to 2025-05-05 00:00:00+00:00, run_after=2025-05-06 00:00:00+00:00
[2025-05-06T18:56:22.132-0500] {processor.py:183} INFO - Processing /Users/chakradharreddyvangala/venv/lib/python3.11/site-packages/airflow/example_dags/example_short_circuit_decorator.py took 0.047 seconds
[2025-05-06T18:57:46.205-0500] {processor.py:161} INFO - Started process (PID=63711) to work on /Users/chakradharreddyvangala/venv/lib/python3.11/site-packages/airflow/example_dags/example_short_circuit_decorator.py
[2025-05-06T18:57:46.206-0500] {processor.py:830} INFO - Processing file /Users/chakradharreddyvangala/venv/lib/python3.11/site-packages/airflow/example_dags/example_short_circuit_decorator.py for tasks to queue
[2025-05-06T18:57:46.207-0500] {logging_mixin.py:188} INFO - [2025-05-06T18:57:46.207-0500] {dagbag.py:545} INFO - Filling up the DagBag from /Users/chakradharreddyvangala/venv/lib/python3.11/site-packages/airflow/example_dags/example_short_circuit_decorator.py
[2025-05-06T18:57:46.218-0500] {processor.py:840} INFO - DAG(s) 'example_short_circuit_decorator' retrieved from /Users/chakradharreddyvangala/venv/lib/python3.11/site-packages/airflow/example_dags/example_short_circuit_decorator.py
[2025-05-06T18:57:46.245-0500] {logging_mixin.py:188} INFO - [2025-05-06T18:57:46.245-0500] {dag.py:3096} INFO - Sync 1 DAGs
[2025-05-06T18:57:46.250-0500] {logging_mixin.py:188} INFO - [2025-05-06T18:57:46.250-0500] {dag.py:3954} INFO - Setting next_dagrun for example_short_circuit_decorator to 2025-05-05 00:00:00+00:00, run_after=2025-05-06 00:00:00+00:00
[2025-05-06T18:57:46.256-0500] {processor.py:183} INFO - Processing /Users/chakradharreddyvangala/venv/lib/python3.11/site-packages/airflow/example_dags/example_short_circuit_decorator.py took 0.052 seconds
[2025-05-06T18:58:47.644-0500] {processor.py:161} INFO - Started process (PID=63803) to work on /Users/chakradharreddyvangala/venv/lib/python3.11/site-packages/airflow/example_dags/example_short_circuit_decorator.py
[2025-05-06T18:58:47.645-0500] {processor.py:830} INFO - Processing file /Users/chakradharreddyvangala/venv/lib/python3.11/site-packages/airflow/example_dags/example_short_circuit_decorator.py for tasks to queue
[2025-05-06T18:58:47.645-0500] {logging_mixin.py:188} INFO - [2025-05-06T18:58:47.645-0500] {dagbag.py:545} INFO - Filling up the DagBag from /Users/chakradharreddyvangala/venv/lib/python3.11/site-packages/airflow/example_dags/example_short_circuit_decorator.py
[2025-05-06T18:58:47.660-0500] {processor.py:840} INFO - DAG(s) 'example_short_circuit_decorator' retrieved from /Users/chakradharreddyvangala/venv/lib/python3.11/site-packages/airflow/example_dags/example_short_circuit_decorator.py
[2025-05-06T18:58:47.688-0500] {logging_mixin.py:188} INFO - [2025-05-06T18:58:47.687-0500] {dag.py:3096} INFO - Sync 1 DAGs
[2025-05-06T18:58:47.692-0500] {logging_mixin.py:188} INFO - [2025-05-06T18:58:47.692-0500] {dag.py:3954} INFO - Setting next_dagrun for example_short_circuit_decorator to 2025-05-05 00:00:00+00:00, run_after=2025-05-06 00:00:00+00:00
[2025-05-06T18:58:47.698-0500] {processor.py:183} INFO - Processing /Users/chakradharreddyvangala/venv/lib/python3.11/site-packages/airflow/example_dags/example_short_circuit_decorator.py took 0.057 seconds
