[2025-05-06T18:46:40.774-0500] {processor.py:161} INFO - Started process (PID=62983) to work on /Users/chakradharreddyvangala/venv/lib/python3.11/site-packages/airflow/example_dags/example_params_trigger_ui.py
[2025-05-06T18:46:40.775-0500] {processor.py:830} INFO - Processing file /Users/chakradharreddyvangala/venv/lib/python3.11/site-packages/airflow/example_dags/example_params_trigger_ui.py for tasks to queue
[2025-05-06T18:46:40.775-0500] {logging_mixin.py:188} INFO - [2025-05-06T18:46:40.775-0500] {dagbag.py:545} INFO - Filling up the DagBag from /Users/chakradharreddyvangala/venv/lib/python3.11/site-packages/airflow/example_dags/example_params_trigger_ui.py
[2025-05-06T18:46:40.787-0500] {processor.py:840} INFO - DAG(s) 'example_params_trigger_ui' retrieved from /Users/chakradharreddyvangala/venv/lib/python3.11/site-packages/airflow/example_dags/example_params_trigger_ui.py
[2025-05-06T18:46:40.838-0500] {logging_mixin.py:188} INFO - [2025-05-06T18:46:40.838-0500] {override.py:1829} INFO - Created Permission View: can read on DAG:example_params_trigger_ui
[2025-05-06T18:46:40.840-0500] {logging_mixin.py:188} INFO - [2025-05-06T18:46:40.840-0500] {override.py:1829} INFO - Created Permission View: can delete on DAG:example_params_trigger_ui
[2025-05-06T18:46:40.842-0500] {logging_mixin.py:188} INFO - [2025-05-06T18:46:40.842-0500] {override.py:1829} INFO - Created Permission View: can edit on DAG:example_params_trigger_ui
[2025-05-06T18:46:40.842-0500] {logging_mixin.py:188} INFO - [2025-05-06T18:46:40.842-0500] {dag.py:3096} INFO - Sync 1 DAGs
[2025-05-06T18:46:40.864-0500] {logging_mixin.py:188} INFO - [2025-05-06T18:46:40.864-0500] {dag.py:3118} INFO - Creating ORM DAG for example_params_trigger_ui
[2025-05-06T18:46:40.865-0500] {logging_mixin.py:188} INFO - [2025-05-06T18:46:40.864-0500] {dag.py:3954} INFO - Setting next_dagrun for example_params_trigger_ui to None, run_after=None
[2025-05-06T18:46:40.869-0500] {processor.py:183} INFO - Processing /Users/chakradharreddyvangala/venv/lib/python3.11/site-packages/airflow/example_dags/example_params_trigger_ui.py took 0.096 seconds
[2025-05-06T18:48:03.439-0500] {processor.py:161} INFO - Started process (PID=63063) to work on /Users/chakradharreddyvangala/venv/lib/python3.11/site-packages/airflow/example_dags/example_params_trigger_ui.py
[2025-05-06T18:48:03.439-0500] {processor.py:830} INFO - Processing file /Users/chakradharreddyvangala/venv/lib/python3.11/site-packages/airflow/example_dags/example_params_trigger_ui.py for tasks to queue
[2025-05-06T18:48:03.440-0500] {logging_mixin.py:188} INFO - [2025-05-06T18:48:03.439-0500] {dagbag.py:545} INFO - Filling up the DagBag from /Users/chakradharreddyvangala/venv/lib/python3.11/site-packages/airflow/example_dags/example_params_trigger_ui.py
[2025-05-06T18:48:03.451-0500] {processor.py:840} INFO - DAG(s) 'example_params_trigger_ui' retrieved from /Users/chakradharreddyvangala/venv/lib/python3.11/site-packages/airflow/example_dags/example_params_trigger_ui.py
[2025-05-06T18:48:03.481-0500] {logging_mixin.py:188} INFO - [2025-05-06T18:48:03.481-0500] {dag.py:3096} INFO - Sync 1 DAGs
[2025-05-06T18:48:03.483-0500] {logging_mixin.py:188} INFO - [2025-05-06T18:48:03.483-0500] {dag.py:3954} INFO - Setting next_dagrun for example_params_trigger_ui to None, run_after=None
[2025-05-06T18:48:03.488-0500] {processor.py:183} INFO - Processing /Users/chakradharreddyvangala/venv/lib/python3.11/site-packages/airflow/example_dags/example_params_trigger_ui.py took 0.050 seconds
[2025-05-06T18:49:28.252-0500] {processor.py:161} INFO - Started process (PID=63143) to work on /Users/chakradharreddyvangala/venv/lib/python3.11/site-packages/airflow/example_dags/example_params_trigger_ui.py
[2025-05-06T18:49:28.253-0500] {processor.py:830} INFO - Processing file /Users/chakradharreddyvangala/venv/lib/python3.11/site-packages/airflow/example_dags/example_params_trigger_ui.py for tasks to queue
[2025-05-06T18:49:28.253-0500] {logging_mixin.py:188} INFO - [2025-05-06T18:49:28.253-0500] {dagbag.py:545} INFO - Filling up the DagBag from /Users/chakradharreddyvangala/venv/lib/python3.11/site-packages/airflow/example_dags/example_params_trigger_ui.py
[2025-05-06T18:49:28.265-0500] {processor.py:840} INFO - DAG(s) 'example_params_trigger_ui' retrieved from /Users/chakradharreddyvangala/venv/lib/python3.11/site-packages/airflow/example_dags/example_params_trigger_ui.py
[2025-05-06T18:49:28.295-0500] {logging_mixin.py:188} INFO - [2025-05-06T18:49:28.295-0500] {dag.py:3096} INFO - Sync 1 DAGs
[2025-05-06T18:49:28.297-0500] {logging_mixin.py:188} INFO - [2025-05-06T18:49:28.297-0500] {dag.py:3954} INFO - Setting next_dagrun for example_params_trigger_ui to None, run_after=None
[2025-05-06T18:49:28.302-0500] {processor.py:183} INFO - Processing /Users/chakradharreddyvangala/venv/lib/python3.11/site-packages/airflow/example_dags/example_params_trigger_ui.py took 0.051 seconds
[2025-05-06T18:50:47.896-0500] {processor.py:161} INFO - Started process (PID=63253) to work on /Users/chakradharreddyvangala/venv/lib/python3.11/site-packages/airflow/example_dags/example_params_trigger_ui.py
[2025-05-06T18:50:47.896-0500] {processor.py:830} INFO - Processing file /Users/chakradharreddyvangala/venv/lib/python3.11/site-packages/airflow/example_dags/example_params_trigger_ui.py for tasks to queue
[2025-05-06T18:50:47.897-0500] {logging_mixin.py:188} INFO - [2025-05-06T18:50:47.897-0500] {dagbag.py:545} INFO - Filling up the DagBag from /Users/chakradharreddyvangala/venv/lib/python3.11/site-packages/airflow/example_dags/example_params_trigger_ui.py
[2025-05-06T18:50:47.910-0500] {processor.py:840} INFO - DAG(s) 'example_params_trigger_ui' retrieved from /Users/chakradharreddyvangala/venv/lib/python3.11/site-packages/airflow/example_dags/example_params_trigger_ui.py
[2025-05-06T18:50:47.943-0500] {logging_mixin.py:188} INFO - [2025-05-06T18:50:47.943-0500] {dag.py:3096} INFO - Sync 1 DAGs
[2025-05-06T18:50:47.946-0500] {logging_mixin.py:188} INFO - [2025-05-06T18:50:47.946-0500] {dag.py:3954} INFO - Setting next_dagrun for example_params_trigger_ui to None, run_after=None
[2025-05-06T18:50:47.951-0500] {processor.py:183} INFO - Processing /Users/chakradharreddyvangala/venv/lib/python3.11/site-packages/airflow/example_dags/example_params_trigger_ui.py took 0.064 seconds
[2025-05-06T18:52:15.397-0500] {processor.py:161} INFO - Started process (PID=63337) to work on /Users/chakradharreddyvangala/venv/lib/python3.11/site-packages/airflow/example_dags/example_params_trigger_ui.py
[2025-05-06T18:52:15.398-0500] {processor.py:830} INFO - Processing file /Users/chakradharreddyvangala/venv/lib/python3.11/site-packages/airflow/example_dags/example_params_trigger_ui.py for tasks to queue
[2025-05-06T18:52:15.398-0500] {logging_mixin.py:188} INFO - [2025-05-06T18:52:15.398-0500] {dagbag.py:545} INFO - Filling up the DagBag from /Users/chakradharreddyvangala/venv/lib/python3.11/site-packages/airflow/example_dags/example_params_trigger_ui.py
[2025-05-06T18:52:15.425-0500] {processor.py:840} INFO - DAG(s) 'example_params_trigger_ui' retrieved from /Users/chakradharreddyvangala/venv/lib/python3.11/site-packages/airflow/example_dags/example_params_trigger_ui.py
[2025-05-06T18:52:15.473-0500] {logging_mixin.py:188} INFO - [2025-05-06T18:52:15.473-0500] {dag.py:3096} INFO - Sync 1 DAGs
[2025-05-06T18:52:15.476-0500] {logging_mixin.py:188} INFO - [2025-05-06T18:52:15.476-0500] {dag.py:3954} INFO - Setting next_dagrun for example_params_trigger_ui to None, run_after=None
[2025-05-06T18:52:15.482-0500] {processor.py:183} INFO - Processing /Users/chakradharreddyvangala/venv/lib/python3.11/site-packages/airflow/example_dags/example_params_trigger_ui.py took 0.086 seconds
[2025-05-06T18:53:40.102-0500] {processor.py:161} INFO - Started process (PID=63446) to work on /Users/chakradharreddyvangala/venv/lib/python3.11/site-packages/airflow/example_dags/example_params_trigger_ui.py
[2025-05-06T18:53:40.103-0500] {processor.py:830} INFO - Processing file /Users/chakradharreddyvangala/venv/lib/python3.11/site-packages/airflow/example_dags/example_params_trigger_ui.py for tasks to queue
[2025-05-06T18:53:40.103-0500] {logging_mixin.py:188} INFO - [2025-05-06T18:53:40.103-0500] {dagbag.py:545} INFO - Filling up the DagBag from /Users/chakradharreddyvangala/venv/lib/python3.11/site-packages/airflow/example_dags/example_params_trigger_ui.py
[2025-05-06T18:53:40.115-0500] {processor.py:840} INFO - DAG(s) 'example_params_trigger_ui' retrieved from /Users/chakradharreddyvangala/venv/lib/python3.11/site-packages/airflow/example_dags/example_params_trigger_ui.py
[2025-05-06T18:53:40.117-0500] {logging_mixin.py:188} INFO - [2025-05-06T18:53:40.117-0500] {dag.py:3096} INFO - Sync 1 DAGs
[2025-05-06T18:53:40.138-0500] {logging_mixin.py:188} INFO - [2025-05-06T18:53:40.138-0500] {dag.py:3954} INFO - Setting next_dagrun for example_params_trigger_ui to None, run_after=None
[2025-05-06T18:53:40.143-0500] {processor.py:183} INFO - Processing /Users/chakradharreddyvangala/venv/lib/python3.11/site-packages/airflow/example_dags/example_params_trigger_ui.py took 0.043 seconds
[2025-05-06T18:55:08.116-0500] {processor.py:161} INFO - Started process (PID=63543) to work on /Users/chakradharreddyvangala/venv/lib/python3.11/site-packages/airflow/example_dags/example_params_trigger_ui.py
[2025-05-06T18:55:08.116-0500] {processor.py:830} INFO - Processing file /Users/chakradharreddyvangala/venv/lib/python3.11/site-packages/airflow/example_dags/example_params_trigger_ui.py for tasks to queue
[2025-05-06T18:55:08.117-0500] {logging_mixin.py:188} INFO - [2025-05-06T18:55:08.116-0500] {dagbag.py:545} INFO - Filling up the DagBag from /Users/chakradharreddyvangala/venv/lib/python3.11/site-packages/airflow/example_dags/example_params_trigger_ui.py
[2025-05-06T18:55:08.129-0500] {processor.py:840} INFO - DAG(s) 'example_params_trigger_ui' retrieved from /Users/chakradharreddyvangala/venv/lib/python3.11/site-packages/airflow/example_dags/example_params_trigger_ui.py
[2025-05-06T18:55:08.181-0500] {logging_mixin.py:188} INFO - [2025-05-06T18:55:08.181-0500] {dag.py:3096} INFO - Sync 1 DAGs
[2025-05-06T18:55:08.205-0500] {logging_mixin.py:188} INFO - [2025-05-06T18:55:08.204-0500] {dag.py:3954} INFO - Setting next_dagrun for example_params_trigger_ui to None, run_after=None
[2025-05-06T18:55:08.210-0500] {processor.py:183} INFO - Processing /Users/chakradharreddyvangala/venv/lib/python3.11/site-packages/airflow/example_dags/example_params_trigger_ui.py took 0.096 seconds
[2025-05-06T18:56:34.456-0500] {processor.py:161} INFO - Started process (PID=63634) to work on /Users/chakradharreddyvangala/venv/lib/python3.11/site-packages/airflow/example_dags/example_params_trigger_ui.py
[2025-05-06T18:56:34.457-0500] {processor.py:830} INFO - Processing file /Users/chakradharreddyvangala/venv/lib/python3.11/site-packages/airflow/example_dags/example_params_trigger_ui.py for tasks to queue
[2025-05-06T18:56:34.457-0500] {logging_mixin.py:188} INFO - [2025-05-06T18:56:34.457-0500] {dagbag.py:545} INFO - Filling up the DagBag from /Users/chakradharreddyvangala/venv/lib/python3.11/site-packages/airflow/example_dags/example_params_trigger_ui.py
[2025-05-06T18:56:34.470-0500] {processor.py:840} INFO - DAG(s) 'example_params_trigger_ui' retrieved from /Users/chakradharreddyvangala/venv/lib/python3.11/site-packages/airflow/example_dags/example_params_trigger_ui.py
[2025-05-06T18:56:34.500-0500] {logging_mixin.py:188} INFO - [2025-05-06T18:56:34.500-0500] {dag.py:3096} INFO - Sync 1 DAGs
[2025-05-06T18:56:34.502-0500] {logging_mixin.py:188} INFO - [2025-05-06T18:56:34.502-0500] {dag.py:3954} INFO - Setting next_dagrun for example_params_trigger_ui to None, run_after=None
[2025-05-06T18:56:34.507-0500] {processor.py:183} INFO - Processing /Users/chakradharreddyvangala/venv/lib/python3.11/site-packages/airflow/example_dags/example_params_trigger_ui.py took 0.053 seconds
[2025-05-06T18:57:58.585-0500] {processor.py:161} INFO - Started process (PID=63723) to work on /Users/chakradharreddyvangala/venv/lib/python3.11/site-packages/airflow/example_dags/example_params_trigger_ui.py
[2025-05-06T18:57:58.585-0500] {processor.py:830} INFO - Processing file /Users/chakradharreddyvangala/venv/lib/python3.11/site-packages/airflow/example_dags/example_params_trigger_ui.py for tasks to queue
[2025-05-06T18:57:58.586-0500] {logging_mixin.py:188} INFO - [2025-05-06T18:57:58.586-0500] {dagbag.py:545} INFO - Filling up the DagBag from /Users/chakradharreddyvangala/venv/lib/python3.11/site-packages/airflow/example_dags/example_params_trigger_ui.py
[2025-05-06T18:57:58.598-0500] {processor.py:840} INFO - DAG(s) 'example_params_trigger_ui' retrieved from /Users/chakradharreddyvangala/venv/lib/python3.11/site-packages/airflow/example_dags/example_params_trigger_ui.py
[2025-05-06T18:57:58.628-0500] {logging_mixin.py:188} INFO - [2025-05-06T18:57:58.628-0500] {dag.py:3096} INFO - Sync 1 DAGs
[2025-05-06T18:57:58.631-0500] {logging_mixin.py:188} INFO - [2025-05-06T18:57:58.631-0500] {dag.py:3954} INFO - Setting next_dagrun for example_params_trigger_ui to None, run_after=None
[2025-05-06T18:57:58.636-0500] {processor.py:183} INFO - Processing /Users/chakradharreddyvangala/venv/lib/python3.11/site-packages/airflow/example_dags/example_params_trigger_ui.py took 0.052 seconds
[2025-05-06T18:59:01.490-0500] {processor.py:161} INFO - Started process (PID=63825) to work on /Users/chakradharreddyvangala/venv/lib/python3.11/site-packages/airflow/example_dags/example_params_trigger_ui.py
[2025-05-06T18:59:01.491-0500] {processor.py:830} INFO - Processing file /Users/chakradharreddyvangala/venv/lib/python3.11/site-packages/airflow/example_dags/example_params_trigger_ui.py for tasks to queue
[2025-05-06T18:59:01.491-0500] {logging_mixin.py:188} INFO - [2025-05-06T18:59:01.491-0500] {dagbag.py:545} INFO - Filling up the DagBag from /Users/chakradharreddyvangala/venv/lib/python3.11/site-packages/airflow/example_dags/example_params_trigger_ui.py
[2025-05-06T18:59:01.503-0500] {processor.py:840} INFO - DAG(s) 'example_params_trigger_ui' retrieved from /Users/chakradharreddyvangala/venv/lib/python3.11/site-packages/airflow/example_dags/example_params_trigger_ui.py
[2025-05-06T18:59:01.533-0500] {logging_mixin.py:188} INFO - [2025-05-06T18:59:01.533-0500] {dag.py:3096} INFO - Sync 1 DAGs
[2025-05-06T18:59:01.536-0500] {logging_mixin.py:188} INFO - [2025-05-06T18:59:01.536-0500] {dag.py:3954} INFO - Setting next_dagrun for example_params_trigger_ui to None, run_after=None
[2025-05-06T18:59:01.541-0500] {processor.py:183} INFO - Processing /Users/chakradharreddyvangala/venv/lib/python3.11/site-packages/airflow/example_dags/example_params_trigger_ui.py took 0.052 seconds
